[15-Oct-2025 08:33:46 Europe/Berlin] === PURCHASE MODULE DEBUG START ===
[15-Oct-2025 08:33:46 Europe/Berlin] Company ID: 1
[15-Oct-2025 08:33:46 Europe/Berlin] Mode: ALL
[15-Oct-2025 08:33:46 Europe/Berlin] Session CompID: 1
[15-Oct-2025 08:33:46 Europe/Berlin] Session User ID: 1
[15-Oct-2025 08:33:46 Europe/Berlin] Database connection successful
[15-Oct-2025 08:33:46 Europe/Berlin] Initial filters - Company: 1, Mode: ALL
[15-Oct-2025 08:33:46 Europe/Berlin] Final Query: SELECT p.*, s.DETAILS as supplier_name 
                  FROM tblpurchases p 
                  LEFT JOIN tblsupplier s ON p.SUBCODE = s.CODE
                  WHERE p.CompID = ? AND p.PUR_FLAG IN ('F', 'T', 'P', 'C')
                  ORDER BY CAST(SUBSTRING(p.VOC_NO, 4) AS UNSIGNED) DESC, p.VOC_NO DESC
[15-Oct-2025 08:33:46 Europe/Berlin] Parameters: Array
(
    [0] => 1
)

[15-Oct-2025 08:33:46 Europe/Berlin] Parameter Types: i
[15-Oct-2025 08:33:46 Europe/Berlin] Found 9 purchase records
[15-Oct-2025 08:33:46 Europe/Berlin] Sample purchase data:
[15-Oct-2025 08:33:46 Europe/Berlin] Purchase 1: Array
(
    [ID] => 10
    [DATE] => 2025-07-01
    [SUBCODE] => RAJ
    [VOC_NO] => 9
    [INV_NO] => 
    [INV_DATE] => 0000-00-00
    [TAMT] => 6000.00
    [TPNO] => 1197
    [TP_DATE] => 0000-00-00
    [SCHDIS] => 0.00
    [CASHDIS] => 0.00
    [OCTROI] => 0.00
    [FREIGHT] => 0.00
    [STAX_PER] => 0.00
    [STAX_AMT] => 0.00
    [TCS_PER] => 0.00
    [TCS_AMT] => 0.00
    [MISC_CHARG] => 0.00
    [PUR_FLAG] => T
    [CompID] => 1
    [CreatedAt] => 2025-10-15 09:17:38
    [UpdatedAt] => 2025-10-15 09:17:38
    [AUTO_TPNO] => CL2296-300625/1197
    [supplier_name] => RAJ MARKETING & CO.
)

[15-Oct-2025 08:33:46 Europe/Berlin] Purchase 2: Array
(
    [ID] => 9
    [DATE] => 2025-07-01
    [SUBCODE] => 
    [VOC_NO] => 8
    [INV_NO] => 
    [INV_DATE] => 0000-00-00
    [TAMT] => 6000.00
    [TPNO] => 1197
    [TP_DATE] => 0000-00-00
    [SCHDIS] => 0.00
    [CASHDIS] => 0.00
    [OCTROI] => 0.00
    [FREIGHT] => 0.00
    [STAX_PER] => 0.00
    [STAX_AMT] => 0.00
    [TCS_PER] => 0.00
    [TCS_AMT] => 0.00
    [MISC_CHARG] => 0.00
    [PUR_FLAG] => F
    [CompID] => 1
    [CreatedAt] => 2025-10-14 22:53:00
    [UpdatedAt] => 2025-10-14 22:53:00
    [AUTO_TPNO] => CL2296-300625/1197
    [supplier_name] => 
)

[15-Oct-2025 08:33:46 Europe/Berlin] Purchase 3: Array
(
    [ID] => 8
    [DATE] => 2025-08-31
    [SUBCODE] => HARE
    [VOC_NO] => 7
    [INV_NO] => 
    [INV_DATE] => 0000-00-00
    [TAMT] => 16600.00
    [TPNO] => 16062
    [TP_DATE] => 0000-00-00
    [SCHDIS] => 0.00
    [CASHDIS] => 0.00
    [OCTROI] => 0.00
    [FREIGHT] => 0.00
    [STAX_PER] => 0.00
    [STAX_AMT] => 0.00
    [TCS_PER] => 0.00
    [TCS_AMT] => 0.00
    [MISC_CHARG] => 0.00
    [PUR_FLAG] => F
    [CompID] => 1
    [CreatedAt] => 2025-10-14 22:52:22
    [UpdatedAt] => 2025-10-14 22:52:22
    [AUTO_TPNO] => FL170-310825/16062
    [supplier_name] => HARESH TRADERS
)

[15-Oct-2025 08:33:46 Europe/Berlin] === PURCHASE MODULE DEBUG END ===
[15-Oct-2025 08:33:46 Europe/Berlin] PHP Deprecated:  htmlspecialchars(): Passing null to parameter #1 ($string) of type string is deprecated in C:\xampp\htdocs\Winesoft\public\purchase_module.php on line 365
[15-Oct-2025 08:33:46 Europe/Berlin] PHP Deprecated:  htmlspecialchars(): Passing null to parameter #1 ($string) of type string is deprecated in C:\xampp\htdocs\Winesoft\public\purchase_module.php on line 365
[15-Oct-2025 08:33:46 Europe/Berlin] PHP Deprecated:  htmlspecialchars(): Passing null to parameter #1 ($string) of type string is deprecated in C:\xampp\htdocs\Winesoft\public\purchase_module.php on line 365
[15-Oct-2025 08:45:44 Europe/Berlin] === PURCHASE MODULE DEBUG START ===
[15-Oct-2025 08:45:44 Europe/Berlin] Company ID: 1
[15-Oct-2025 08:45:44 Europe/Berlin] Mode: ALL
[15-Oct-2025 08:45:44 Europe/Berlin] Session CompID: 1
[15-Oct-2025 08:45:44 Europe/Berlin] Session User ID: 1
[15-Oct-2025 08:45:44 Europe/Berlin] Database connection successful
[15-Oct-2025 08:45:44 Europe/Berlin] Initial filters - Company: 1, Mode: ALL
[15-Oct-2025 08:45:44 Europe/Berlin] Final Query: SELECT p.*, s.DETAILS as supplier_name 
                  FROM tblpurchases p 
                  LEFT JOIN tblsupplier s ON p.SUBCODE = s.CODE
                  WHERE p.CompID = ? AND p.PUR_FLAG IN ('F', 'T', 'P', 'C')
                  ORDER BY CAST(SUBSTRING(p.VOC_NO, 4) AS UNSIGNED) DESC, p.VOC_NO DESC
[15-Oct-2025 08:45:44 Europe/Berlin] Parameters: Array
(
    [0] => 1
)

[15-Oct-2025 08:45:44 Europe/Berlin] Parameter Types: i
[15-Oct-2025 08:45:44 Europe/Berlin] Found 9 purchase records
[15-Oct-2025 08:45:44 Europe/Berlin] Sample purchase data:
[15-Oct-2025 08:45:44 Europe/Berlin] Purchase 1: Array
(
    [ID] => 10
    [DATE] => 2025-07-01
    [SUBCODE] => RAJ
    [VOC_NO] => 9
    [INV_NO] => 
    [INV_DATE] => 0000-00-00
    [TAMT] => 6000.00
    [TPNO] => 1197
    [TP_DATE] => 0000-00-00
    [SCHDIS] => 0.00
    [CASHDIS] => 0.00
    [OCTROI] => 0.00
    [FREIGHT] => 0.00
    [STAX_PER] => 0.00
    [STAX_AMT] => 0.00
    [TCS_PER] => 0.00
    [TCS_AMT] => 0.00
    [MISC_CHARG] => 0.00
    [PUR_FLAG] => T
    [CompID] => 1
    [CreatedAt] => 2025-10-15 09:17:38
    [UpdatedAt] => 2025-10-15 09:17:38
    [AUTO_TPNO] => CL2296-300625/1197
    [supplier_name] => RAJ MARKETING & CO.
)

[15-Oct-2025 08:45:44 Europe/Berlin] Purchase 2: Array
(
    [ID] => 9
    [DATE] => 2025-07-01
    [SUBCODE] => 
    [VOC_NO] => 8
    [INV_NO] => 
    [INV_DATE] => 0000-00-00
    [TAMT] => 6000.00
    [TPNO] => 1197
    [TP_DATE] => 0000-00-00
    [SCHDIS] => 0.00
    [CASHDIS] => 0.00
    [OCTROI] => 0.00
    [FREIGHT] => 0.00
    [STAX_PER] => 0.00
    [STAX_AMT] => 0.00
    [TCS_PER] => 0.00
    [TCS_AMT] => 0.00
    [MISC_CHARG] => 0.00
    [PUR_FLAG] => F
    [CompID] => 1
    [CreatedAt] => 2025-10-14 22:53:00
    [UpdatedAt] => 2025-10-14 22:53:00
    [AUTO_TPNO] => CL2296-300625/1197
    [supplier_name] => 
)

[15-Oct-2025 08:45:44 Europe/Berlin] Purchase 3: Array
(
    [ID] => 8
    [DATE] => 2025-08-31
    [SUBCODE] => HARE
    [VOC_NO] => 7
    [INV_NO] => 
    [INV_DATE] => 0000-00-00
    [TAMT] => 16600.00
    [TPNO] => 16062
    [TP_DATE] => 0000-00-00
    [SCHDIS] => 0.00
    [CASHDIS] => 0.00
    [OCTROI] => 0.00
    [FREIGHT] => 0.00
    [STAX_PER] => 0.00
    [STAX_AMT] => 0.00
    [TCS_PER] => 0.00
    [TCS_AMT] => 0.00
    [MISC_CHARG] => 0.00
    [PUR_FLAG] => F
    [CompID] => 1
    [CreatedAt] => 2025-10-14 22:52:22
    [UpdatedAt] => 2025-10-14 22:52:22
    [AUTO_TPNO] => FL170-310825/16062
    [supplier_name] => HARESH TRADERS
)

[15-Oct-2025 08:45:44 Europe/Berlin] === PURCHASE MODULE DEBUG END ===
[15-Oct-2025 08:45:44 Europe/Berlin] PHP Deprecated:  htmlspecialchars(): Passing null to parameter #1 ($string) of type string is deprecated in C:\xampp\htdocs\Winesoft\public\purchase_module.php on line 365
[15-Oct-2025 08:45:44 Europe/Berlin] PHP Deprecated:  htmlspecialchars(): Passing null to parameter #1 ($string) of type string is deprecated in C:\xampp\htdocs\Winesoft\public\purchase_module.php on line 365
[15-Oct-2025 08:45:44 Europe/Berlin] PHP Deprecated:  htmlspecialchars(): Passing null to parameter #1 ($string) of type string is deprecated in C:\xampp\htdocs\Winesoft\public\purchase_module.php on line 365
[15-Oct-2025 08:46:00 Europe/Berlin] === PURCHASE MODULE DEBUG START ===
[15-Oct-2025 08:46:00 Europe/Berlin] Company ID: 1
[15-Oct-2025 08:46:00 Europe/Berlin] Mode: ALL
[15-Oct-2025 08:46:00 Europe/Berlin] Session CompID: 1
[15-Oct-2025 08:46:00 Europe/Berlin] Session User ID: 1
[15-Oct-2025 08:46:00 Europe/Berlin] Database connection successful
[15-Oct-2025 08:46:00 Europe/Berlin] Initial filters - Company: 1, Mode: ALL
[15-Oct-2025 08:46:00 Europe/Berlin] From Date filter: 2025-07-01
[15-Oct-2025 08:46:00 Europe/Berlin] To Date filter: 2025-10-15
[15-Oct-2025 08:46:00 Europe/Berlin] Final Query: SELECT p.*, s.DETAILS as supplier_name 
                  FROM tblpurchases p 
                  LEFT JOIN tblsupplier s ON p.SUBCODE = s.CODE
                  WHERE p.CompID = ? AND p.PUR_FLAG IN ('F', 'T', 'P', 'C') AND p.DATE >= ? AND p.DATE <= ?
                  ORDER BY CAST(SUBSTRING(p.VOC_NO, 4) AS UNSIGNED) DESC, p.VOC_NO DESC
[15-Oct-2025 08:46:00 Europe/Berlin] Parameters: Array
(
    [0] => 1
    [1] => 2025-07-01
    [2] => 2025-10-15
)

[15-Oct-2025 08:46:00 Europe/Berlin] Parameter Types: iss
[15-Oct-2025 08:46:00 Europe/Berlin] Found 9 purchase records
[15-Oct-2025 08:46:00 Europe/Berlin] Sample purchase data:
[15-Oct-2025 08:46:00 Europe/Berlin] Purchase 1: Array
(
    [ID] => 10
    [DATE] => 2025-07-01
    [SUBCODE] => RAJ
    [VOC_NO] => 9
    [INV_NO] => 
    [INV_DATE] => 0000-00-00
    [TAMT] => 6000.00
    [TPNO] => 1197
    [TP_DATE] => 0000-00-00
    [SCHDIS] => 0.00
    [CASHDIS] => 0.00
    [OCTROI] => 0.00
    [FREIGHT] => 0.00
    [STAX_PER] => 0.00
    [STAX_AMT] => 0.00
    [TCS_PER] => 0.00
    [TCS_AMT] => 0.00
    [MISC_CHARG] => 0.00
    [PUR_FLAG] => T
    [CompID] => 1
    [CreatedAt] => 2025-10-15 09:17:38
    [UpdatedAt] => 2025-10-15 09:17:38
    [AUTO_TPNO] => CL2296-300625/1197
    [supplier_name] => RAJ MARKETING & CO.
)

[15-Oct-2025 08:46:00 Europe/Berlin] Purchase 2: Array
(
    [ID] => 9
    [DATE] => 2025-07-01
    [SUBCODE] => 
    [VOC_NO] => 8
    [INV_NO] => 
    [INV_DATE] => 0000-00-00
    [TAMT] => 6000.00
    [TPNO] => 1197
    [TP_DATE] => 0000-00-00
    [SCHDIS] => 0.00
    [CASHDIS] => 0.00
    [OCTROI] => 0.00
    [FREIGHT] => 0.00
    [STAX_PER] => 0.00
    [STAX_AMT] => 0.00
    [TCS_PER] => 0.00
    [TCS_AMT] => 0.00
    [MISC_CHARG] => 0.00
    [PUR_FLAG] => F
    [CompID] => 1
    [CreatedAt] => 2025-10-14 22:53:00
    [UpdatedAt] => 2025-10-14 22:53:00
    [AUTO_TPNO] => CL2296-300625/1197
    [supplier_name] => 
)

[15-Oct-2025 08:46:00 Europe/Berlin] Purchase 3: Array
(
    [ID] => 8
    [DATE] => 2025-08-31
    [SUBCODE] => HARE
    [VOC_NO] => 7
    [INV_NO] => 
    [INV_DATE] => 0000-00-00
    [TAMT] => 16600.00
    [TPNO] => 16062
    [TP_DATE] => 0000-00-00
    [SCHDIS] => 0.00
    [CASHDIS] => 0.00
    [OCTROI] => 0.00
    [FREIGHT] => 0.00
    [STAX_PER] => 0.00
    [STAX_AMT] => 0.00
    [TCS_PER] => 0.00
    [TCS_AMT] => 0.00
    [MISC_CHARG] => 0.00
    [PUR_FLAG] => F
    [CompID] => 1
    [CreatedAt] => 2025-10-14 22:52:22
    [UpdatedAt] => 2025-10-14 22:52:22
    [AUTO_TPNO] => FL170-310825/16062
    [supplier_name] => HARESH TRADERS
)

[15-Oct-2025 08:46:00 Europe/Berlin] === PURCHASE MODULE DEBUG END ===
[15-Oct-2025 08:46:00 Europe/Berlin] PHP Deprecated:  htmlspecialchars(): Passing null to parameter #1 ($string) of type string is deprecated in C:\xampp\htdocs\Winesoft\public\purchase_module.php on line 365
[15-Oct-2025 08:46:00 Europe/Berlin] PHP Deprecated:  htmlspecialchars(): Passing null to parameter #1 ($string) of type string is deprecated in C:\xampp\htdocs\Winesoft\public\purchase_module.php on line 365
[15-Oct-2025 08:46:00 Europe/Berlin] PHP Deprecated:  htmlspecialchars(): Passing null to parameter #1 ($string) of type string is deprecated in C:\xampp\htdocs\Winesoft\public\purchase_module.php on line 365
[15-Oct-2025 09:24:09 Europe/Berlin] === PURCHASE MODULE DEBUG START ===
[15-Oct-2025 09:24:09 Europe/Berlin] Company ID: 1
[15-Oct-2025 09:24:09 Europe/Berlin] Mode: ALL
[15-Oct-2025 09:24:09 Europe/Berlin] Session CompID: 1
[15-Oct-2025 09:24:09 Europe/Berlin] Session User ID: 1
[15-Oct-2025 09:24:09 Europe/Berlin] Database connection successful
[15-Oct-2025 09:24:09 Europe/Berlin] Initial filters - Company: 1, Mode: ALL
[15-Oct-2025 09:24:09 Europe/Berlin] Final Query: SELECT p.*, s.DETAILS as supplier_name 
                  FROM tblpurchases p 
                  LEFT JOIN tblsupplier s ON p.SUBCODE = s.CODE
                  WHERE p.CompID = ? AND p.PUR_FLAG IN ('F', 'T', 'P', 'C')
                  ORDER BY CAST(SUBSTRING(p.VOC_NO, 4) AS UNSIGNED) DESC, p.VOC_NO DESC
[15-Oct-2025 09:24:09 Europe/Berlin] Parameters: Array
(
    [0] => 1
)

[15-Oct-2025 09:24:09 Europe/Berlin] Parameter Types: i
[15-Oct-2025 09:24:09 Europe/Berlin] Found 9 purchase records
[15-Oct-2025 09:24:09 Europe/Berlin] Sample purchase data:
[15-Oct-2025 09:24:09 Europe/Berlin] Purchase 1: Array
(
    [ID] => 10
    [DATE] => 2025-07-01
    [SUBCODE] => RAJ
    [VOC_NO] => 9
    [INV_NO] => 
    [INV_DATE] => 0000-00-00
    [TAMT] => 6000.00
    [TPNO] => 1197
    [TP_DATE] => 0000-00-00
    [SCHDIS] => 0.00
    [CASHDIS] => 0.00
    [OCTROI] => 0.00
    [FREIGHT] => 0.00
    [STAX_PER] => 0.00
    [STAX_AMT] => 0.00
    [TCS_PER] => 0.00
    [TCS_AMT] => 0.00
    [MISC_CHARG] => 0.00
    [PUR_FLAG] => T
    [CompID] => 1
    [CreatedAt] => 2025-10-15 09:17:38
    [UpdatedAt] => 2025-10-15 09:17:38
    [AUTO_TPNO] => CL2296-300625/1197
    [supplier_name] => RAJ MARKETING & CO.
)

[15-Oct-2025 09:24:09 Europe/Berlin] Purchase 2: Array
(
    [ID] => 9
    [DATE] => 2025-07-01
    [SUBCODE] => 
    [VOC_NO] => 8
    [INV_NO] => 
    [INV_DATE] => 0000-00-00
    [TAMT] => 6000.00
    [TPNO] => 1197
    [TP_DATE] => 0000-00-00
    [SCHDIS] => 0.00
    [CASHDIS] => 0.00
    [OCTROI] => 0.00
    [FREIGHT] => 0.00
    [STAX_PER] => 0.00
    [STAX_AMT] => 0.00
    [TCS_PER] => 0.00
    [TCS_AMT] => 0.00
    [MISC_CHARG] => 0.00
    [PUR_FLAG] => F
    [CompID] => 1
    [CreatedAt] => 2025-10-14 22:53:00
    [UpdatedAt] => 2025-10-14 22:53:00
    [AUTO_TPNO] => CL2296-300625/1197
    [supplier_name] => 
)

[15-Oct-2025 09:24:09 Europe/Berlin] Purchase 3: Array
(
    [ID] => 8
    [DATE] => 2025-08-31
    [SUBCODE] => HARE
    [VOC_NO] => 7
    [INV_NO] => 
    [INV_DATE] => 0000-00-00
    [TAMT] => 16600.00
    [TPNO] => 16062
    [TP_DATE] => 0000-00-00
    [SCHDIS] => 0.00
    [CASHDIS] => 0.00
    [OCTROI] => 0.00
    [FREIGHT] => 0.00
    [STAX_PER] => 0.00
    [STAX_AMT] => 0.00
    [TCS_PER] => 0.00
    [TCS_AMT] => 0.00
    [MISC_CHARG] => 0.00
    [PUR_FLAG] => F
    [CompID] => 1
    [CreatedAt] => 2025-10-14 22:52:22
    [UpdatedAt] => 2025-10-14 22:52:22
    [AUTO_TPNO] => FL170-310825/16062
    [supplier_name] => HARESH TRADERS
)

[15-Oct-2025 09:24:09 Europe/Berlin] === PURCHASE MODULE DEBUG END ===
[15-Oct-2025 09:24:09 Europe/Berlin] PHP Deprecated:  htmlspecialchars(): Passing null to parameter #1 ($string) of type string is deprecated in C:\xampp\htdocs\Winesoft\public\purchase_module.php on line 365
[15-Oct-2025 09:24:09 Europe/Berlin] PHP Deprecated:  htmlspecialchars(): Passing null to parameter #1 ($string) of type string is deprecated in C:\xampp\htdocs\Winesoft\public\purchase_module.php on line 365
[15-Oct-2025 09:24:09 Europe/Berlin] PHP Deprecated:  htmlspecialchars(): Passing null to parameter #1 ($string) of type string is deprecated in C:\xampp\htdocs\Winesoft\public\purchase_module.php on line 365
[15-Oct-2025 09:24:51 Europe/Berlin] === PURCHASE MODULE DEBUG START ===
[15-Oct-2025 09:24:51 Europe/Berlin] Company ID: 1
[15-Oct-2025 09:24:51 Europe/Berlin] Mode: ALL
[15-Oct-2025 09:24:51 Europe/Berlin] Session CompID: 1
[15-Oct-2025 09:24:51 Europe/Berlin] Session User ID: 1
[15-Oct-2025 09:24:51 Europe/Berlin] Database connection successful
[15-Oct-2025 09:24:51 Europe/Berlin] Initial filters - Company: 1, Mode: ALL
[15-Oct-2025 09:24:51 Europe/Berlin] Final Query: SELECT p.*, s.DETAILS as supplier_name 
                  FROM tblpurchases p 
                  LEFT JOIN tblsupplier s ON p.SUBCODE = s.CODE
                  WHERE p.CompID = ? AND p.PUR_FLAG IN ('F', 'T', 'P', 'C')
                  ORDER BY CAST(SUBSTRING(p.VOC_NO, 4) AS UNSIGNED) DESC, p.VOC_NO DESC
[15-Oct-2025 09:24:51 Europe/Berlin] Parameters: Array
(
    [0] => 1
)

[15-Oct-2025 09:24:51 Europe/Berlin] Parameter Types: i
[15-Oct-2025 09:24:51 Europe/Berlin] Found 9 purchase records
[15-Oct-2025 09:24:51 Europe/Berlin] Sample purchase data:
[15-Oct-2025 09:24:51 Europe/Berlin] Purchase 1: Array
(
    [ID] => 10
    [DATE] => 2025-07-01
    [SUBCODE] => RAJ
    [VOC_NO] => 9
    [INV_NO] => 
    [INV_DATE] => 0000-00-00
    [TAMT] => 6000.00
    [TPNO] => 1197
    [TP_DATE] => 0000-00-00
    [SCHDIS] => 0.00
    [CASHDIS] => 0.00
    [OCTROI] => 0.00
    [FREIGHT] => 0.00
    [STAX_PER] => 0.00
    [STAX_AMT] => 0.00
    [TCS_PER] => 0.00
    [TCS_AMT] => 0.00
    [MISC_CHARG] => 0.00
    [PUR_FLAG] => T
    [CompID] => 1
    [CreatedAt] => 2025-10-15 09:17:38
    [UpdatedAt] => 2025-10-15 09:17:38
    [AUTO_TPNO] => CL2296-300625/1197
    [supplier_name] => RAJ MARKETING & CO.
)

[15-Oct-2025 09:24:51 Europe/Berlin] Purchase 2: Array
(
    [ID] => 9
    [DATE] => 2025-07-01
    [SUBCODE] => 
    [VOC_NO] => 8
    [INV_NO] => 
    [INV_DATE] => 0000-00-00
    [TAMT] => 6000.00
    [TPNO] => 1197
    [TP_DATE] => 0000-00-00
    [SCHDIS] => 0.00
    [CASHDIS] => 0.00
    [OCTROI] => 0.00
    [FREIGHT] => 0.00
    [STAX_PER] => 0.00
    [STAX_AMT] => 0.00
    [TCS_PER] => 0.00
    [TCS_AMT] => 0.00
    [MISC_CHARG] => 0.00
    [PUR_FLAG] => F
    [CompID] => 1
    [CreatedAt] => 2025-10-14 22:53:00
    [UpdatedAt] => 2025-10-14 22:53:00
    [AUTO_TPNO] => CL2296-300625/1197
    [supplier_name] => 
)

[15-Oct-2025 09:24:51 Europe/Berlin] Purchase 3: Array
(
    [ID] => 8
    [DATE] => 2025-08-31
    [SUBCODE] => HARE
    [VOC_NO] => 7
    [INV_NO] => 
    [INV_DATE] => 0000-00-00
    [TAMT] => 16600.00
    [TPNO] => 16062
    [TP_DATE] => 0000-00-00
    [SCHDIS] => 0.00
    [CASHDIS] => 0.00
    [OCTROI] => 0.00
    [FREIGHT] => 0.00
    [STAX_PER] => 0.00
    [STAX_AMT] => 0.00
    [TCS_PER] => 0.00
    [TCS_AMT] => 0.00
    [MISC_CHARG] => 0.00
    [PUR_FLAG] => F
    [CompID] => 1
    [CreatedAt] => 2025-10-14 22:52:22
    [UpdatedAt] => 2025-10-14 22:52:22
    [AUTO_TPNO] => FL170-310825/16062
    [supplier_name] => HARESH TRADERS
)

[15-Oct-2025 09:24:51 Europe/Berlin] === PURCHASE MODULE DEBUG END ===
[15-Oct-2025 09:24:51 Europe/Berlin] PHP Deprecated:  htmlspecialchars(): Passing null to parameter #1 ($string) of type string is deprecated in C:\xampp\htdocs\Winesoft\public\purchase_module.php on line 365
[15-Oct-2025 09:24:51 Europe/Berlin] PHP Deprecated:  htmlspecialchars(): Passing null to parameter #1 ($string) of type string is deprecated in C:\xampp\htdocs\Winesoft\public\purchase_module.php on line 365
[15-Oct-2025 09:24:51 Europe/Berlin] PHP Deprecated:  htmlspecialchars(): Passing null to parameter #1 ($string) of type string is deprecated in C:\xampp\htdocs\Winesoft\public\purchase_module.php on line 365
