[2026-01-05 14:43:56] [INFO] === PAGE ACCESS ===
[2026-01-05 14:43:56] [INFO] Request method: GET
[2026-01-05 14:43:56] [INFO] Search term: ''
[2026-01-05 14:43:56] [INFO] Session user_id: 1
[2026-01-05 14:43:56] [INFO] Session CompID: 1
[2026-01-05 14:43:56] [INFO] Database connection established: {
    "CompID": 1,
    "FIN_YEAR_ID": "1"
}
[2026-01-05 14:43:56] [INFO] License information: {
    "license_type": "FL-II",
    "available_classes_count": 11,
    "allowed_classes": [
        "W",
        "V",
        "G",
        "F",
        "D",
        "K",
        "R",
        "L",
        "M",
        "I",
        "Q"
    ]
}
[2026-01-05 14:43:56] [INFO] Page parameters: {
    "mode": "F",
    "sequence_type": "user_defined",
    "search": "",
    "start_date": "2025-11-01",
    "end_date": "2025-11-01",
    "comp_id": 1
}
[2026-01-05 14:43:56] [DEBUG] Using archived month table: {
    "date": "2025-11-01",
    "current_month": "2026-01",
    "date_month": "2025-11",
    "month_suffix": "11_25",
    "table": "tbldailystock_1_11_25"
}
[2026-01-05 14:43:56] [INFO] Stock table information: {
    "end_day": "01",
    "end_day_column": "DAY_01_CLOSING",
    "daily_stock_table": "tbldailystock_1_11_25"
}
[2026-01-05 14:43:56] [INFO] Table existence check: {
    "table": "tbldailystock_1_11_25",
    "exists": true
}
[2026-01-05 14:43:56] [DEBUG] Pagination settings: {
    "items_per_page": 50,
    "current_page": 1,
    "offset": 0
}
[2026-01-05 14:43:56] [DEBUG] Executing count query: {
    "query": "SELECT COUNT(DISTINCT im.CODE) as total \n                    FROM tblitemmaster im \n                    LEFT JOIN tbldailystock_1_11_25 dst ON im.CODE = dst.ITEM_CODE \n                    WHERE im.LIQ_FLAG = ? \n                    AND im.CLASS IN (?,?,?,?,?,?,?,?,?,?,?)\n                    AND dst.STK_MONTH = ?\n                    AND dst.DAY_01_CLOSING > 0",
    "params": [
        "F",
        "W",
        "V",
        "G",
        "F",
        "D",
        "K",
        "R",
        "L",
        "M",
        "I",
        "Q",
        "2025-11"
    ]
}
[2026-01-05 14:43:56] [INFO] Count query result: {
    "total_items": 108
}
[2026-01-05 14:43:56] [DEBUG] Executing main query: {
    "query": "SELECT im.CODE, im.DETAILS, im.DETAILS2, im.RPRICE, im.CLASS, \n                     COALESCE(dst.DAY_01_CLOSING, 0) as CURRENT_STOCK\n              FROM tblitemmaster im\n              LEFT JOIN tbldailystock_1_11_25 dst ON im.CODE = dst.ITEM_CODE \n              WHERE im.LIQ_FLAG = ? \n              AND im.CLASS IN (?,?,?,?,?,?,?,?,?,?,?)\n              AND dst.STK_MONTH = ?\n              AND dst.DAY_01_CLOSING > 0 ORDER BY im.DETAILS ASC LIMIT ? OFFSET ?",
    "params": [
        "F",
        "W",
        "V",
        "G",
        "F",
        "D",
        "K",
        "R",
        "L",
        "M",
        "I",
        "Q",
        "2025-11",
        50,
        0
    ],
    "types": "sssssssssssssii"
}
[2026-01-05 14:43:56] [INFO] Main query result: {
    "items_count": 50
}
[2026-01-05 14:43:56] [INFO] Pagination totals: {
    "total_items": 108,
    "total_pages": 3,
    "current_page": 1
}
[2026-01-05 14:43:56] [INFO] Date range information: {
    "start_date": "2025-11-01",
    "end_date": "2025-11-01",
    "all_dates_count": 1,
    "date_array": [
        "2025-11-01"
    ]
}
[2026-01-05 14:43:56] [INFO] Starting date availability calculation for items: {
    "items_count": 50
}
[2026-01-05 14:43:56] [DEBUG] Calculating date availability for item: SCMPL0010696
[2026-01-05 14:43:56] [DEBUG] getItemDateAvailability START: {
    "item_code": "SCMPL0010696",
    "start_date": "2025-11-01",
    "end_date": "2025-11-01",
    "comp_id": 1
}
[2026-01-05 14:43:56] [DEBUG] getItemLatestSaleDate START: {
    "item_code": "SCMPL0010696",
    "comp_id": 1
}
[2026-01-05 14:43:56] [DEBUG] No previous sales found for item: SCMPL0010696
[2026-01-05 14:43:56] [DEBUG] getDryDaysForDateRange START: {
    "start_date": "2025-11-01",
    "end_date": "2025-11-01"
}
[2026-01-05 14:43:56] [ERROR] Error getting dry days: {
    "error": "Unknown column 'DRY_DATE' in 'field list'",
    "trace": "#0 C:\\xampp\\htdocs\\Winesoft\\public\\sale_for_date_range.php(437): mysqli->prepare('SELECT DRY_DATE...')\n#1 C:\\xampp\\htdocs\\Winesoft\\public\\sale_for_date_range.php(481): getDryDaysForDateRange(Object(mysqli), '2025-11-01', '2025-11-01')\n#2 C:\\xampp\\htdocs\\Winesoft\\public\\sale_for_date_range.php(1758): getItemDateAvailability(Object(mysqli), 'SCMPL0010696', '2025-11-01', '2025-11-01', 1)\n#3 {main}"
}
[2026-01-05 14:43:56] [DEBUG] Processing date availability: {
    "total_dates": 1,
    "latest_sale_date": null,
    "dry_days_count": 0
}
[2026-01-05 14:43:56] [DEBUG] Date availability result: {
    "item_code": "SCMPL0010696",
    "result": {
        "available_dates": {
            "2025-11-01": true
        },
        "blocked_dates": [],
        "latest_sale_date": null,
        "total_dates": 1,
        "available_count": 1,
        "blocked_count": 0
    }
}
[2026-01-05 14:43:56] [DEBUG] Calculating date availability for item: SCMPL0010694
[2026-01-05 14:43:56] [DEBUG] getItemDateAvailability START: {
    "item_code": "SCMPL0010694",
    "start_date": "2025-11-01",
    "end_date": "2025-11-01",
    "comp_id": 1
}
[2026-01-05 14:43:56] [DEBUG] getItemLatestSaleDate START: {
    "item_code": "SCMPL0010694",
    "comp_id": 1
}
[2026-01-05 14:43:56] [DEBUG] No previous sales found for item: SCMPL0010694
[2026-01-05 14:43:56] [DEBUG] getDryDaysForDateRange START: {
    "start_date": "2025-11-01",
    "end_date": "2025-11-01"
}
[2026-01-05 14:43:56] [ERROR] Error getting dry days: {
    "error": "Unknown column 'DRY_DATE' in 'field list'",
    "trace": "#0 C:\\xampp\\htdocs\\Winesoft\\public\\sale_for_date_range.php(437): mysqli->prepare('SELECT DRY_DATE...')\n#1 C:\\xampp\\htdocs\\Winesoft\\public\\sale_for_date_range.php(481): getDryDaysForDateRange(Object(mysqli), '2025-11-01', '2025-11-01')\n#2 C:\\xampp\\htdocs\\Winesoft\\public\\sale_for_date_range.php(1758): getItemDateAvailability(Object(mysqli), 'SCMPL0010694', '2025-11-01', '2025-11-01', 1)\n#3 {main}"
}
[2026-01-05 14:43:56] [DEBUG] Processing date availability: {
    "total_dates": 1,
    "latest_sale_date": null,
    "dry_days_count": 0
}
[2026-01-05 14:43:56] [DEBUG] Date availability result: {
    "item_code": "SCMPL0010694",
    "result": {
        "available_dates": {
            "2025-11-01": true
        },
        "blocked_dates": [],
        "latest_sale_date": null,
        "total_dates": 1,
        "available_count": 1,
        "blocked_count": 0
    }
}
[2026-01-05 14:43:56] [DEBUG] Calculating date availability for item: SCMPL0009668
[2026-01-05 14:43:56] [DEBUG] getItemDateAvailability START: {
    "item_code": "SCMPL0009668",
    "start_date": "2025-11-01",
    "end_date": "2025-11-01",
    "comp_id": 1
}
[2026-01-05 14:43:56] [DEBUG] getItemLatestSaleDate START: {
    "item_code": "SCMPL0009668",
    "comp_id": 1
}
[2026-01-05 14:43:56] [DEBUG] No previous sales found for item: SCMPL0009668
[2026-01-05 14:43:56] [DEBUG] getDryDaysForDateRange START: {
    "start_date": "2025-11-01",
    "end_date": "2025-11-01"
}
[2026-01-05 14:43:56] [ERROR] Error getting dry days: {
    "error": "Unknown column 'DRY_DATE' in 'field list'",
    "trace": "#0 C:\\xampp\\htdocs\\Winesoft\\public\\sale_for_date_range.php(437): mysqli->prepare('SELECT DRY_DATE...')\n#1 C:\\xampp\\htdocs\\Winesoft\\public\\sale_for_date_range.php(481): getDryDaysForDateRange(Object(mysqli), '2025-11-01', '2025-11-01')\n#2 C:\\xampp\\htdocs\\Winesoft\\public\\sale_for_date_range.php(1758): getItemDateAvailability(Object(mysqli), 'SCMPL0009668', '2025-11-01', '2025-11-01', 1)\n#3 {main}"
}
[2026-01-05 14:43:56] [DEBUG] Processing date availability: {
    "total_dates": 1,
    "latest_sale_date": null,
    "dry_days_count": 0
}
[2026-01-05 14:43:56] [DEBUG] Date availability result: {
    "item_code": "SCMPL0009668",
    "result": {
        "available_dates": {
            "2025-11-01": true
        },
        "blocked_dates": [],
        "latest_sale_date": null,
        "total_dates": 1,
        "available_count": 1,
        "blocked_count": 0
    }
}
[2026-01-05 14:43:56] [DEBUG] Calculating date availability for item: SCMPL0031945
[2026-01-05 14:43:56] [DEBUG] getItemDateAvailability START: {
    "item_code": "SCMPL0031945",
    "start_date": "2025-11-01",
    "end_date": "2025-11-01",
    "comp_id": 1
}
[2026-01-05 14:43:56] [DEBUG] getItemLatestSaleDate START: {
    "item_code": "SCMPL0031945",
    "comp_id": 1
}
[2026-01-05 14:43:56] [DEBUG] No previous sales found for item: SCMPL0031945
[2026-01-05 14:43:56] [DEBUG] getDryDaysForDateRange START: {
    "start_date": "2025-11-01",
    "end_date": "2025-11-01"
}
[2026-01-05 14:43:56] [ERROR] Error getting dry days: {
    "error": "Unknown column 'DRY_DATE' in 'field list'",
    "trace": "#0 C:\\xampp\\htdocs\\Winesoft\\public\\sale_for_date_range.php(437): mysqli->prepare('SELECT DRY_DATE...')\n#1 C:\\xampp\\htdocs\\Winesoft\\public\\sale_for_date_range.php(481): getDryDaysForDateRange(Object(mysqli), '2025-11-01', '2025-11-01')\n#2 C:\\xampp\\htdocs\\Winesoft\\public\\sale_for_date_range.php(1758): getItemDateAvailability(Object(mysqli), 'SCMPL0031945', '2025-11-01', '2025-11-01', 1)\n#3 {main}"
}
[2026-01-05 14:43:56] [DEBUG] Processing date availability: {
    "total_dates": 1,
    "latest_sale_date": null,
    "dry_days_count": 0
}
[2026-01-05 14:43:56] [DEBUG] Date availability result: {
    "item_code": "SCMPL0031945",
    "result": {
        "available_dates": {
            "2025-11-01": true
        },
        "blocked_dates": [],
        "latest_sale_date": null,
        "total_dates": 1,
        "available_count": 1,
        "blocked_count": 0
    }
}
[2026-01-05 14:43:56] [DEBUG] Calculating date availability for item: SCMPL0017866
[2026-01-05 14:43:56] [DEBUG] getItemDateAvailability START: {
    "item_code": "SCMPL0017866",
    "start_date": "2025-11-01",
    "end_date": "2025-11-01",
    "comp_id": 1
}
[2026-01-05 14:43:56] [DEBUG] getItemLatestSaleDate START: {
    "item_code": "SCMPL0017866",
    "comp_id": 1
}
[2026-01-05 14:43:56] [DEBUG] No previous sales found for item: SCMPL0017866
[2026-01-05 14:43:56] [DEBUG] getDryDaysForDateRange START: {
    "start_date": "2025-11-01",
    "end_date": "2025-11-01"
}
[2026-01-05 14:43:56] [ERROR] Error getting dry days: {
    "error": "Unknown column 'DRY_DATE' in 'field list'",
    "trace": "#0 C:\\xampp\\htdocs\\Winesoft\\public\\sale_for_date_range.php(437): mysqli->prepare('SELECT DRY_DATE...')\n#1 C:\\xampp\\htdocs\\Winesoft\\public\\sale_for_date_range.php(481): getDryDaysForDateRange(Object(mysqli), '2025-11-01', '2025-11-01')\n#2 C:\\xampp\\htdocs\\Winesoft\\public\\sale_for_date_range.php(1758): getItemDateAvailability(Object(mysqli), 'SCMPL0017866', '2025-11-01', '2025-11-01', 1)\n#3 {main}"
}
[2026-01-05 14:43:56] [DEBUG] Processing date availability: {
    "total_dates": 1,
    "latest_sale_date": null,
    "dry_days_count": 0
}
[2026-01-05 14:43:56] [DEBUG] Date availability result: {
    "item_code": "SCMPL0017866",
    "result": {
        "available_dates": {
            "2025-11-01": true
        },
        "blocked_dates": [],
        "latest_sale_date": null,
        "total_dates": 1,
        "available_count": 1,
        "blocked_count": 0
    }
}
[2026-01-05 14:43:56] [DEBUG] Calculating date availability for item: SCMPL0009678
[2026-01-05 14:43:56] [DEBUG] getItemDateAvailability START: {
    "item_code": "SCMPL0009678",
    "start_date": "2025-11-01",
    "end_date": "2025-11-01",
    "comp_id": 1
}
[2026-01-05 14:43:56] [DEBUG] getItemLatestSaleDate START: {
    "item_code": "SCMPL0009678",
    "comp_id": 1
}
[2026-01-05 14:43:56] [DEBUG] No previous sales found for item: SCMPL0009678
[2026-01-05 14:43:56] [DEBUG] getDryDaysForDateRange START: {
    "start_date": "2025-11-01",
    "end_date": "2025-11-01"
}
[2026-01-05 14:43:56] [ERROR] Error getting dry days: {
    "error": "Unknown column 'DRY_DATE' in 'field list'",
    "trace": "#0 C:\\xampp\\htdocs\\Winesoft\\public\\sale_for_date_range.php(437): mysqli->prepare('SELECT DRY_DATE...')\n#1 C:\\xampp\\htdocs\\Winesoft\\public\\sale_for_date_range.php(481): getDryDaysForDateRange(Object(mysqli), '2025-11-01', '2025-11-01')\n#2 C:\\xampp\\htdocs\\Winesoft\\public\\sale_for_date_range.php(1758): getItemDateAvailability(Object(mysqli), 'SCMPL0009678', '2025-11-01', '2025-11-01', 1)\n#3 {main}"
}
[2026-01-05 14:43:56] [DEBUG] Processing date availability: {
    "total_dates": 1,
    "latest_sale_date": null,
    "dry_days_count": 0
}
[2026-01-05 14:43:56] [DEBUG] Date availability result: {
    "item_code": "SCMPL0009678",
    "result": {
        "available_dates": {
            "2025-11-01": true
        },
        "blocked_dates": [],
        "latest_sale_date": null,
        "total_dates": 1,
        "available_count": 1,
        "blocked_count": 0
    }
}
[2026-01-05 14:43:56] [DEBUG] Calculating date availability for item: SCMKS0018283
[2026-01-05 14:43:56] [DEBUG] getItemDateAvailability START: {
    "item_code": "SCMKS0018283",
    "start_date": "2025-11-01",
    "end_date": "2025-11-01",
    "comp_id": 1
}
[2026-01-05 14:43:56] [DEBUG] getItemLatestSaleDate START: {
    "item_code": "SCMKS0018283",
    "comp_id": 1
}
[2026-01-05 14:43:56] [DEBUG] No previous sales found for item: SCMKS0018283
[2026-01-05 14:43:56] [DEBUG] getDryDaysForDateRange START: {
    "start_date": "2025-11-01",
    "end_date": "2025-11-01"
}
[2026-01-05 14:43:56] [ERROR] Error getting dry days: {
    "error": "Unknown column 'DRY_DATE' in 'field list'",
    "trace": "#0 C:\\xampp\\htdocs\\Winesoft\\public\\sale_for_date_range.php(437): mysqli->prepare('SELECT DRY_DATE...')\n#1 C:\\xampp\\htdocs\\Winesoft\\public\\sale_for_date_range.php(481): getDryDaysForDateRange(Object(mysqli), '2025-11-01', '2025-11-01')\n#2 C:\\xampp\\htdocs\\Winesoft\\public\\sale_for_date_range.php(1758): getItemDateAvailability(Object(mysqli), 'SCMKS0018283', '2025-11-01', '2025-11-01', 1)\n#3 {main}"
}
[2026-01-05 14:43:56] [DEBUG] Processing date availability: {
    "total_dates": 1,
    "latest_sale_date": null,
    "dry_days_count": 0
}
[2026-01-05 14:43:56] [DEBUG] Date availability result: {
    "item_code": "SCMKS0018283",
    "result": {
        "available_dates": {
            "2025-11-01": true
        },
        "blocked_dates": [],
        "latest_sale_date": null,
        "total_dates": 1,
        "available_count": 1,
        "blocked_count": 0
    }
}
[2026-01-05 14:43:56] [DEBUG] Calculating date availability for item: SCMIT0020167
[2026-01-05 14:43:56] [DEBUG] getItemDateAvailability START: {
    "item_code": "SCMIT0020167",
    "start_date": "2025-11-01",
    "end_date": "2025-11-01",
    "comp_id": 1
}
[2026-01-05 14:43:56] [DEBUG] getItemLatestSaleDate START: {
    "item_code": "SCMIT0020167",
    "comp_id": 1
}
[2026-01-05 14:43:56] [DEBUG] No previous sales found for item: SCMIT0020167
[2026-01-05 14:43:56] [DEBUG] getDryDaysForDateRange START: {
    "start_date": "2025-11-01",
    "end_date": "2025-11-01"
}
[2026-01-05 14:43:56] [ERROR] Error getting dry days: {
    "error": "Unknown column 'DRY_DATE' in 'field list'",
    "trace": "#0 C:\\xampp\\htdocs\\Winesoft\\public\\sale_for_date_range.php(437): mysqli->prepare('SELECT DRY_DATE...')\n#1 C:\\xampp\\htdocs\\Winesoft\\public\\sale_for_date_range.php(481): getDryDaysForDateRange(Object(mysqli), '2025-11-01', '2025-11-01')\n#2 C:\\xampp\\htdocs\\Winesoft\\public\\sale_for_date_range.php(1758): getItemDateAvailability(Object(mysqli), 'SCMIT0020167', '2025-11-01', '2025-11-01', 1)\n#3 {main}"
}
[2026-01-05 14:43:56] [DEBUG] Processing date availability: {
    "total_dates": 1,
    "latest_sale_date": null,
    "dry_days_count": 0
}
[2026-01-05 14:43:56] [DEBUG] Date availability result: {
    "item_code": "SCMIT0020167",
    "result": {
        "available_dates": {
            "2025-11-01": true
        },
        "blocked_dates": [],
        "latest_sale_date": null,
        "total_dates": 1,
        "available_count": 1,
        "blocked_count": 0
    }
}
[2026-01-05 14:43:56] [DEBUG] Calculating date availability for item: SCMPL0010621
[2026-01-05 14:43:56] [DEBUG] getItemDateAvailability START: {
    "item_code": "SCMPL0010621",
    "start_date": "2025-11-01",
    "end_date": "2025-11-01",
    "comp_id": 1
}
[2026-01-05 14:43:56] [DEBUG] getItemLatestSaleDate START: {
    "item_code": "SCMPL0010621",
    "comp_id": 1
}
[2026-01-05 14:43:56] [DEBUG] No previous sales found for item: SCMPL0010621
[2026-01-05 14:43:56] [DEBUG] getDryDaysForDateRange START: {
    "start_date": "2025-11-01",
    "end_date": "2025-11-01"
}
[2026-01-05 14:43:56] [ERROR] Error getting dry days: {
    "error": "Unknown column 'DRY_DATE' in 'field list'",
    "trace": "#0 C:\\xampp\\htdocs\\Winesoft\\public\\sale_for_date_range.php(437): mysqli->prepare('SELECT DRY_DATE...')\n#1 C:\\xampp\\htdocs\\Winesoft\\public\\sale_for_date_range.php(481): getDryDaysForDateRange(Object(mysqli), '2025-11-01', '2025-11-01')\n#2 C:\\xampp\\htdocs\\Winesoft\\public\\sale_for_date_range.php(1758): getItemDateAvailability(Object(mysqli), 'SCMPL0010621', '2025-11-01', '2025-11-01', 1)\n#3 {main}"
}
[2026-01-05 14:43:56] [DEBUG] Processing date availability: {
    "total_dates": 1,
    "latest_sale_date": null,
    "dry_days_count": 0
}
[2026-01-05 14:43:56] [DEBUG] Date availability result: {
    "item_code": "SCMPL0010621",
    "result": {
        "available_dates": {
            "2025-11-01": true
        },
        "blocked_dates": [],
        "latest_sale_date": null,
        "total_dates": 1,
        "available_count": 1,
        "blocked_count": 0
    }
}
[2026-01-05 14:43:56] [DEBUG] Calculating date availability for item: SCMPL0010619
[2026-01-05 14:43:56] [DEBUG] getItemDateAvailability START: {
    "item_code": "SCMPL0010619",
    "start_date": "2025-11-01",
    "end_date": "2025-11-01",
    "comp_id": 1
}
[2026-01-05 14:43:56] [DEBUG] getItemLatestSaleDate START: {
    "item_code": "SCMPL0010619",
    "comp_id": 1
}
[2026-01-05 14:43:56] [DEBUG] No previous sales found for item: SCMPL0010619
[2026-01-05 14:43:56] [DEBUG] getDryDaysForDateRange START: {
    "start_date": "2025-11-01",
    "end_date": "2025-11-01"
}
[2026-01-05 14:43:56] [ERROR] Error getting dry days: {
    "error": "Unknown column 'DRY_DATE' in 'field list'",
    "trace": "#0 C:\\xampp\\htdocs\\Winesoft\\public\\sale_for_date_range.php(437): mysqli->prepare('SELECT DRY_DATE...')\n#1 C:\\xampp\\htdocs\\Winesoft\\public\\sale_for_date_range.php(481): getDryDaysForDateRange(Object(mysqli), '2025-11-01', '2025-11-01')\n#2 C:\\xampp\\htdocs\\Winesoft\\public\\sale_for_date_range.php(1758): getItemDateAvailability(Object(mysqli), 'SCMPL0010619', '2025-11-01', '2025-11-01', 1)\n#3 {main}"
}
[2026-01-05 14:43:56] [DEBUG] Processing date availability: {
    "total_dates": 1,
    "latest_sale_date": null,
    "dry_days_count": 0
}
[2026-01-05 14:43:56] [DEBUG] Date availability result: {
    "item_code": "SCMPL0010619",
    "result": {
        "available_dates": {
            "2025-11-01": true
        },
        "blocked_dates": [],
        "latest_sale_date": null,
        "total_dates": 1,
        "available_count": 1,
        "blocked_count": 0
    }
}
[2026-01-05 14:43:56] [DEBUG] Calculating date availability for item: SCMPL0009700
[2026-01-05 14:43:56] [DEBUG] getItemDateAvailability START: {
    "item_code": "SCMPL0009700",
    "start_date": "2025-11-01",
    "end_date": "2025-11-01",
    "comp_id": 1
}
[2026-01-05 14:43:56] [DEBUG] getItemLatestSaleDate START: {
    "item_code": "SCMPL0009700",
    "comp_id": 1
}
[2026-01-05 14:43:56] [DEBUG] No previous sales found for item: SCMPL0009700
[2026-01-05 14:43:56] [DEBUG] getDryDaysForDateRange START: {
    "start_date": "2025-11-01",
    "end_date": "2025-11-01"
}
[2026-01-05 14:43:56] [ERROR] Error getting dry days: {
    "error": "Unknown column 'DRY_DATE' in 'field list'",
    "trace": "#0 C:\\xampp\\htdocs\\Winesoft\\public\\sale_for_date_range.php(437): mysqli->prepare('SELECT DRY_DATE...')\n#1 C:\\xampp\\htdocs\\Winesoft\\public\\sale_for_date_range.php(481): getDryDaysForDateRange(Object(mysqli), '2025-11-01', '2025-11-01')\n#2 C:\\xampp\\htdocs\\Winesoft\\public\\sale_for_date_range.php(1758): getItemDateAvailability(Object(mysqli), 'SCMPL0009700', '2025-11-01', '2025-11-01', 1)\n#3 {main}"
}
[2026-01-05 14:43:56] [DEBUG] Processing date availability: {
    "total_dates": 1,
    "latest_sale_date": null,
    "dry_days_count": 0
}
[2026-01-05 14:43:56] [DEBUG] Date availability result: {
    "item_code": "SCMPL0009700",
    "result": {
        "available_dates": {
            "2025-11-01": true
        },
        "blocked_dates": [],
        "latest_sale_date": null,
        "total_dates": 1,
        "available_count": 1,
        "blocked_count": 0
    }
}
[2026-01-05 14:43:56] [DEBUG] Calculating date availability for item: SCMPL0009698
[2026-01-05 14:43:56] [DEBUG] getItemDateAvailability START: {
    "item_code": "SCMPL0009698",
    "start_date": "2025-11-01",
    "end_date": "2025-11-01",
    "comp_id": 1
}
[2026-01-05 14:43:56] [DEBUG] getItemLatestSaleDate START: {
    "item_code": "SCMPL0009698",
    "comp_id": 1
}
[2026-01-05 14:43:56] [DEBUG] No previous sales found for item: SCMPL0009698
[2026-01-05 14:43:56] [DEBUG] getDryDaysForDateRange START: {
    "start_date": "2025-11-01",
    "end_date": "2025-11-01"
}
[2026-01-05 14:43:56] [ERROR] Error getting dry days: {
    "error": "Unknown column 'DRY_DATE' in 'field list'",
    "trace": "#0 C:\\xampp\\htdocs\\Winesoft\\public\\sale_for_date_range.php(437): mysqli->prepare('SELECT DRY_DATE...')\n#1 C:\\xampp\\htdocs\\Winesoft\\public\\sale_for_date_range.php(481): getDryDaysForDateRange(Object(mysqli), '2025-11-01', '2025-11-01')\n#2 C:\\xampp\\htdocs\\Winesoft\\public\\sale_for_date_range.php(1758): getItemDateAvailability(Object(mysqli), 'SCMPL0009698', '2025-11-01', '2025-11-01', 1)\n#3 {main}"
}
[2026-01-05 14:43:56] [DEBUG] Processing date availability: {
    "total_dates": 1,
    "latest_sale_date": null,
    "dry_days_count": 0
}
[2026-01-05 14:43:56] [DEBUG] Date availability result: {
    "item_code": "SCMPL0009698",
    "result": {
        "available_dates": {
            "2025-11-01": true
        },
        "blocked_dates": [],
        "latest_sale_date": null,
        "total_dates": 1,
        "available_count": 1,
        "blocked_count": 0
    }
}
[2026-01-05 14:43:56] [DEBUG] Calculating date availability for item: SCMPL0009693
[2026-01-05 14:43:56] [DEBUG] getItemDateAvailability START: {
    "item_code": "SCMPL0009693",
    "start_date": "2025-11-01",
    "end_date": "2025-11-01",
    "comp_id": 1
}
[2026-01-05 14:43:56] [DEBUG] getItemLatestSaleDate START: {
    "item_code": "SCMPL0009693",
    "comp_id": 1
}
[2026-01-05 14:43:56] [DEBUG] No previous sales found for item: SCMPL0009693
[2026-01-05 14:43:56] [DEBUG] getDryDaysForDateRange START: {
    "start_date": "2025-11-01",
    "end_date": "2025-11-01"
}
[2026-01-05 14:43:56] [ERROR] Error getting dry days: {
    "error": "Unknown column 'DRY_DATE' in 'field list'",
    "trace": "#0 C:\\xampp\\htdocs\\Winesoft\\public\\sale_for_date_range.php(437): mysqli->prepare('SELECT DRY_DATE...')\n#1 C:\\xampp\\htdocs\\Winesoft\\public\\sale_for_date_range.php(481): getDryDaysForDateRange(Object(mysqli), '2025-11-01', '2025-11-01')\n#2 C:\\xampp\\htdocs\\Winesoft\\public\\sale_for_date_range.php(1758): getItemDateAvailability(Object(mysqli), 'SCMPL0009693', '2025-11-01', '2025-11-01', 1)\n#3 {main}"
}
[2026-01-05 14:43:56] [DEBUG] Processing date availability: {
    "total_dates": 1,
    "latest_sale_date": null,
    "dry_days_count": 0
}
[2026-01-05 14:43:56] [DEBUG] Date availability result: {
    "item_code": "SCMPL0009693",
    "result": {
        "available_dates": {
            "2025-11-01": true
        },
        "blocked_dates": [],
        "latest_sale_date": null,
        "total_dates": 1,
        "available_count": 1,
        "blocked_count": 0
    }
}
[2026-01-05 14:43:56] [DEBUG] Calculating date availability for item: SCMPL0009695
[2026-01-05 14:43:56] [DEBUG] getItemDateAvailability START: {
    "item_code": "SCMPL0009695",
    "start_date": "2025-11-01",
    "end_date": "2025-11-01",
    "comp_id": 1
}
[2026-01-05 14:43:56] [DEBUG] getItemLatestSaleDate START: {
    "item_code": "SCMPL0009695",
    "comp_id": 1
}
[2026-01-05 14:43:56] [DEBUG] No previous sales found for item: SCMPL0009695
[2026-01-05 14:43:56] [DEBUG] getDryDaysForDateRange START: {
    "start_date": "2025-11-01",
    "end_date": "2025-11-01"
}
[2026-01-05 14:43:56] [ERROR] Error getting dry days: {
    "error": "Unknown column 'DRY_DATE' in 'field list'",
    "trace": "#0 C:\\xampp\\htdocs\\Winesoft\\public\\sale_for_date_range.php(437): mysqli->prepare('SELECT DRY_DATE...')\n#1 C:\\xampp\\htdocs\\Winesoft\\public\\sale_for_date_range.php(481): getDryDaysForDateRange(Object(mysqli), '2025-11-01', '2025-11-01')\n#2 C:\\xampp\\htdocs\\Winesoft\\public\\sale_for_date_range.php(1758): getItemDateAvailability(Object(mysqli), 'SCMPL0009695', '2025-11-01', '2025-11-01', 1)\n#3 {main}"
}
[2026-01-05 14:43:56] [DEBUG] Processing date availability: {
    "total_dates": 1,
    "latest_sale_date": null,
    "dry_days_count": 0
}
[2026-01-05 14:43:56] [DEBUG] Date availability result: {
    "item_code": "SCMPL0009695",
    "result": {
        "available_dates": {
            "2025-11-01": true
        },
        "blocked_dates": [],
        "latest_sale_date": null,
        "total_dates": 1,
        "available_count": 1,
        "blocked_count": 0
    }
}
[2026-01-05 14:43:56] [DEBUG] Calculating date availability for item: SCMLS0018484
[2026-01-05 14:43:56] [DEBUG] getItemDateAvailability START: {
    "item_code": "SCMLS0018484",
    "start_date": "2025-11-01",
    "end_date": "2025-11-01",
    "comp_id": 1
}
[2026-01-05 14:43:56] [DEBUG] getItemLatestSaleDate START: {
    "item_code": "SCMLS0018484",
    "comp_id": 1
}
[2026-01-05 14:43:56] [DEBUG] No previous sales found for item: SCMLS0018484
[2026-01-05 14:43:56] [DEBUG] getDryDaysForDateRange START: {
    "start_date": "2025-11-01",
    "end_date": "2025-11-01"
}
[2026-01-05 14:43:56] [ERROR] Error getting dry days: {
    "error": "Unknown column 'DRY_DATE' in 'field list'",
    "trace": "#0 C:\\xampp\\htdocs\\Winesoft\\public\\sale_for_date_range.php(437): mysqli->prepare('SELECT DRY_DATE...')\n#1 C:\\xampp\\htdocs\\Winesoft\\public\\sale_for_date_range.php(481): getDryDaysForDateRange(Object(mysqli), '2025-11-01', '2025-11-01')\n#2 C:\\xampp\\htdocs\\Winesoft\\public\\sale_for_date_range.php(1758): getItemDateAvailability(Object(mysqli), 'SCMLS0018484', '2025-11-01', '2025-11-01', 1)\n#3 {main}"
}
[2026-01-05 14:43:56] [DEBUG] Processing date availability: {
    "total_dates": 1,
    "latest_sale_date": null,
    "dry_days_count": 0
}
[2026-01-05 14:43:56] [DEBUG] Date availability result: {
    "item_code": "SCMLS0018484",
    "result": {
        "available_dates": {
            "2025-11-01": true
        },
        "blocked_dates": [],
        "latest_sale_date": null,
        "total_dates": 1,
        "available_count": 1,
        "blocked_count": 0
    }
}
[2026-01-05 14:43:56] [DEBUG] Calculating date availability for item: SCMKB0031390
[2026-01-05 14:43:56] [DEBUG] getItemDateAvailability START: {
    "item_code": "SCMKB0031390",
    "start_date": "2025-11-01",
    "end_date": "2025-11-01",
    "comp_id": 1
}
[2026-01-05 14:43:56] [DEBUG] getItemLatestSaleDate START: {
    "item_code": "SCMKB0031390",
    "comp_id": 1
}
[2026-01-05 14:43:56] [DEBUG] No previous sales found for item: SCMKB0031390
[2026-01-05 14:43:56] [DEBUG] getDryDaysForDateRange START: {
    "start_date": "2025-11-01",
    "end_date": "2025-11-01"
}
[2026-01-05 14:43:56] [ERROR] Error getting dry days: {
    "error": "Unknown column 'DRY_DATE' in 'field list'",
    "trace": "#0 C:\\xampp\\htdocs\\Winesoft\\public\\sale_for_date_range.php(437): mysqli->prepare('SELECT DRY_DATE...')\n#1 C:\\xampp\\htdocs\\Winesoft\\public\\sale_for_date_range.php(481): getDryDaysForDateRange(Object(mysqli), '2025-11-01', '2025-11-01')\n#2 C:\\xampp\\htdocs\\Winesoft\\public\\sale_for_date_range.php(1758): getItemDateAvailability(Object(mysqli), 'SCMKB0031390', '2025-11-01', '2025-11-01', 1)\n#3 {main}"
}
[2026-01-05 14:43:56] [DEBUG] Processing date availability: {
    "total_dates": 1,
    "latest_sale_date": null,
    "dry_days_count": 0
}
[2026-01-05 14:43:56] [DEBUG] Date availability result: {
    "item_code": "SCMKB0031390",
    "result": {
        "available_dates": {
            "2025-11-01": true
        },
        "blocked_dates": [],
        "latest_sale_date": null,
        "total_dates": 1,
        "available_count": 1,
        "blocked_count": 0
    }
}
[2026-01-05 14:43:56] [DEBUG] Calculating date availability for item: SCMKB0031389
[2026-01-05 14:43:56] [DEBUG] getItemDateAvailability START: {
    "item_code": "SCMKB0031389",
    "start_date": "2025-11-01",
    "end_date": "2025-11-01",
    "comp_id": 1
}
[2026-01-05 14:43:56] [DEBUG] getItemLatestSaleDate START: {
    "item_code": "SCMKB0031389",
    "comp_id": 1
}
[2026-01-05 14:43:56] [DEBUG] No previous sales found for item: SCMKB0031389
[2026-01-05 14:43:56] [DEBUG] getDryDaysForDateRange START: {
    "start_date": "2025-11-01",
    "end_date": "2025-11-01"
}
[2026-01-05 14:43:56] [ERROR] Error getting dry days: {
    "error": "Unknown column 'DRY_DATE' in 'field list'",
    "trace": "#0 C:\\xampp\\htdocs\\Winesoft\\public\\sale_for_date_range.php(437): mysqli->prepare('SELECT DRY_DATE...')\n#1 C:\\xampp\\htdocs\\Winesoft\\public\\sale_for_date_range.php(481): getDryDaysForDateRange(Object(mysqli), '2025-11-01', '2025-11-01')\n#2 C:\\xampp\\htdocs\\Winesoft\\public\\sale_for_date_range.php(1758): getItemDateAvailability(Object(mysqli), 'SCMKB0031389', '2025-11-01', '2025-11-01', 1)\n#3 {main}"
}
[2026-01-05 14:43:56] [DEBUG] Processing date availability: {
    "total_dates": 1,
    "latest_sale_date": null,
    "dry_days_count": 0
}
[2026-01-05 14:43:56] [DEBUG] Date availability result: {
    "item_code": "SCMKB0031389",
    "result": {
        "available_dates": {
            "2025-11-01": true
        },
        "blocked_dates": [],
        "latest_sale_date": null,
        "total_dates": 1,
        "available_count": 1,
        "blocked_count": 0
    }
}
[2026-01-05 14:43:56] [DEBUG] Calculating date availability for item: SCMKB0031388
[2026-01-05 14:43:56] [DEBUG] getItemDateAvailability START: {
    "item_code": "SCMKB0031388",
    "start_date": "2025-11-01",
    "end_date": "2025-11-01",
    "comp_id": 1
}
[2026-01-05 14:43:56] [DEBUG] getItemLatestSaleDate START: {
    "item_code": "SCMKB0031388",
    "comp_id": 1
}
[2026-01-05 14:43:56] [DEBUG] No previous sales found for item: SCMKB0031388
[2026-01-05 14:43:56] [DEBUG] getDryDaysForDateRange START: {
    "start_date": "2025-11-01",
    "end_date": "2025-11-01"
}
[2026-01-05 14:43:56] [ERROR] Error getting dry days: {
    "error": "Unknown column 'DRY_DATE' in 'field list'",
    "trace": "#0 C:\\xampp\\htdocs\\Winesoft\\public\\sale_for_date_range.php(437): mysqli->prepare('SELECT DRY_DATE...')\n#1 C:\\xampp\\htdocs\\Winesoft\\public\\sale_for_date_range.php(481): getDryDaysForDateRange(Object(mysqli), '2025-11-01', '2025-11-01')\n#2 C:\\xampp\\htdocs\\Winesoft\\public\\sale_for_date_range.php(1758): getItemDateAvailability(Object(mysqli), 'SCMKB0031388', '2025-11-01', '2025-11-01', 1)\n#3 {main}"
}
[2026-01-05 14:43:56] [DEBUG] Processing date availability: {
    "total_dates": 1,
    "latest_sale_date": null,
    "dry_days_count": 0
}
[2026-01-05 14:43:56] [DEBUG] Date availability result: {
    "item_code": "SCMKB0031388",
    "result": {
        "available_dates": {
            "2025-11-01": true
        },
        "blocked_dates": [],
        "latest_sale_date": null,
        "total_dates": 1,
        "available_count": 1,
        "blocked_count": 0
    }
}
[2026-01-05 14:43:56] [DEBUG] Calculating date availability for item: SCMBR0018132
[2026-01-05 14:43:56] [DEBUG] getItemDateAvailability START: {
    "item_code": "SCMBR0018132",
    "start_date": "2025-11-01",
    "end_date": "2025-11-01",
    "comp_id": 1
}
[2026-01-05 14:43:56] [DEBUG] getItemLatestSaleDate START: {
    "item_code": "SCMBR0018132",
    "comp_id": 1
}
[2026-01-05 14:43:56] [DEBUG] No previous sales found for item: SCMBR0018132
[2026-01-05 14:43:56] [DEBUG] getDryDaysForDateRange START: {
    "start_date": "2025-11-01",
    "end_date": "2025-11-01"
}
[2026-01-05 14:43:56] [ERROR] Error getting dry days: {
    "error": "Unknown column 'DRY_DATE' in 'field list'",
    "trace": "#0 C:\\xampp\\htdocs\\Winesoft\\public\\sale_for_date_range.php(437): mysqli->prepare('SELECT DRY_DATE...')\n#1 C:\\xampp\\htdocs\\Winesoft\\public\\sale_for_date_range.php(481): getDryDaysForDateRange(Object(mysqli), '2025-11-01', '2025-11-01')\n#2 C:\\xampp\\htdocs\\Winesoft\\public\\sale_for_date_range.php(1758): getItemDateAvailability(Object(mysqli), 'SCMBR0018132', '2025-11-01', '2025-11-01', 1)\n#3 {main}"
}
[2026-01-05 14:43:56] [DEBUG] Processing date availability: {
    "total_dates": 1,
    "latest_sale_date": null,
    "dry_days_count": 0
}
[2026-01-05 14:43:56] [DEBUG] Date availability result: {
    "item_code": "SCMBR0018132",
    "result": {
        "available_dates": {
            "2025-11-01": true
        },
        "blocked_dates": [],
        "latest_sale_date": null,
        "total_dates": 1,
        "available_count": 1,
        "blocked_count": 0
    }
}
[2026-01-05 14:43:56] [DEBUG] Calculating date availability for item: SCMBR0009735
[2026-01-05 14:43:56] [DEBUG] getItemDateAvailability START: {
    "item_code": "SCMBR0009735",
    "start_date": "2025-11-01",
    "end_date": "2025-11-01",
    "comp_id": 1
}
[2026-01-05 14:43:56] [DEBUG] getItemLatestSaleDate START: {
    "item_code": "SCMBR0009735",
    "comp_id": 1
}
[2026-01-05 14:43:56] [DEBUG] No previous sales found for item: SCMBR0009735
[2026-01-05 14:43:56] [DEBUG] getDryDaysForDateRange START: {
    "start_date": "2025-11-01",
    "end_date": "2025-11-01"
}
[2026-01-05 14:43:56] [ERROR] Error getting dry days: {
    "error": "Unknown column 'DRY_DATE' in 'field list'",
    "trace": "#0 C:\\xampp\\htdocs\\Winesoft\\public\\sale_for_date_range.php(437): mysqli->prepare('SELECT DRY_DATE...')\n#1 C:\\xampp\\htdocs\\Winesoft\\public\\sale_for_date_range.php(481): getDryDaysForDateRange(Object(mysqli), '2025-11-01', '2025-11-01')\n#2 C:\\xampp\\htdocs\\Winesoft\\public\\sale_for_date_range.php(1758): getItemDateAvailability(Object(mysqli), 'SCMBR0009735', '2025-11-01', '2025-11-01', 1)\n#3 {main}"
}
[2026-01-05 14:43:56] [DEBUG] Processing date availability: {
    "total_dates": 1,
    "latest_sale_date": null,
    "dry_days_count": 0
}
[2026-01-05 14:43:56] [DEBUG] Date availability result: {
    "item_code": "SCMBR0009735",
    "result": {
        "available_dates": {
            "2025-11-01": true
        },
        "blocked_dates": [],
        "latest_sale_date": null,
        "total_dates": 1,
        "available_count": 1,
        "blocked_count": 0
    }
}
[2026-01-05 14:43:56] [DEBUG] Calculating date availability for item: SCMBR0018159
[2026-01-05 14:43:56] [DEBUG] getItemDateAvailability START: {
    "item_code": "SCMBR0018159",
    "start_date": "2025-11-01",
    "end_date": "2025-11-01",
    "comp_id": 1
}
[2026-01-05 14:43:56] [DEBUG] getItemLatestSaleDate START: {
    "item_code": "SCMBR0018159",
    "comp_id": 1
}
[2026-01-05 14:43:56] [DEBUG] No previous sales found for item: SCMBR0018159
[2026-01-05 14:43:56] [DEBUG] getDryDaysForDateRange START: {
    "start_date": "2025-11-01",
    "end_date": "2025-11-01"
}
[2026-01-05 14:43:56] [ERROR] Error getting dry days: {
    "error": "Unknown column 'DRY_DATE' in 'field list'",
    "trace": "#0 C:\\xampp\\htdocs\\Winesoft\\public\\sale_for_date_range.php(437): mysqli->prepare('SELECT DRY_DATE...')\n#1 C:\\xampp\\htdocs\\Winesoft\\public\\sale_for_date_range.php(481): getDryDaysForDateRange(Object(mysqli), '2025-11-01', '2025-11-01')\n#2 C:\\xampp\\htdocs\\Winesoft\\public\\sale_for_date_range.php(1758): getItemDateAvailability(Object(mysqli), 'SCMBR0018159', '2025-11-01', '2025-11-01', 1)\n#3 {main}"
}
[2026-01-05 14:43:56] [DEBUG] Processing date availability: {
    "total_dates": 1,
    "latest_sale_date": null,
    "dry_days_count": 0
}
[2026-01-05 14:43:56] [DEBUG] Date availability result: {
    "item_code": "SCMBR0018159",
    "result": {
        "available_dates": {
            "2025-11-01": true
        },
        "blocked_dates": [],
        "latest_sale_date": null,
        "total_dates": 1,
        "available_count": 1,
        "blocked_count": 0
    }
}
[2026-01-05 14:43:56] [DEBUG] Calculating date availability for item: SCMBR0018158
[2026-01-05 14:43:56] [DEBUG] getItemDateAvailability START: {
    "item_code": "SCMBR0018158",
    "start_date": "2025-11-01",
    "end_date": "2025-11-01",
    "comp_id": 1
}
[2026-01-05 14:43:56] [DEBUG] getItemLatestSaleDate START: {
    "item_code": "SCMBR0018158",
    "comp_id": 1
}
[2026-01-05 14:43:56] [DEBUG] No previous sales found for item: SCMBR0018158
[2026-01-05 14:43:56] [DEBUG] getDryDaysForDateRange START: {
    "start_date": "2025-11-01",
    "end_date": "2025-11-01"
}
[2026-01-05 14:43:56] [ERROR] Error getting dry days: {
    "error": "Unknown column 'DRY_DATE' in 'field list'",
    "trace": "#0 C:\\xampp\\htdocs\\Winesoft\\public\\sale_for_date_range.php(437): mysqli->prepare('SELECT DRY_DATE...')\n#1 C:\\xampp\\htdocs\\Winesoft\\public\\sale_for_date_range.php(481): getDryDaysForDateRange(Object(mysqli), '2025-11-01', '2025-11-01')\n#2 C:\\xampp\\htdocs\\Winesoft\\public\\sale_for_date_range.php(1758): getItemDateAvailability(Object(mysqli), 'SCMBR0018158', '2025-11-01', '2025-11-01', 1)\n#3 {main}"
}
[2026-01-05 14:43:56] [DEBUG] Processing date availability: {
    "total_dates": 1,
    "latest_sale_date": null,
    "dry_days_count": 0
}
[2026-01-05 14:43:56] [DEBUG] Date availability result: {
    "item_code": "SCMBR0018158",
    "result": {
        "available_dates": {
            "2025-11-01": true
        },
        "blocked_dates": [],
        "latest_sale_date": null,
        "total_dates": 1,
        "available_count": 1,
        "blocked_count": 0
    }
}
[2026-01-05 14:43:56] [DEBUG] Calculating date availability for item: SCMBR0018160
[2026-01-05 14:43:56] [DEBUG] getItemDateAvailability START: {
    "item_code": "SCMBR0018160",
    "start_date": "2025-11-01",
    "end_date": "2025-11-01",
    "comp_id": 1
}
[2026-01-05 14:43:56] [DEBUG] getItemLatestSaleDate START: {
    "item_code": "SCMBR0018160",
    "comp_id": 1
}
[2026-01-05 14:43:56] [DEBUG] No previous sales found for item: SCMBR0018160
[2026-01-05 14:43:56] [DEBUG] getDryDaysForDateRange START: {
    "start_date": "2025-11-01",
    "end_date": "2025-11-01"
}
[2026-01-05 14:43:56] [ERROR] Error getting dry days: {
    "error": "Unknown column 'DRY_DATE' in 'field list'",
    "trace": "#0 C:\\xampp\\htdocs\\Winesoft\\public\\sale_for_date_range.php(437): mysqli->prepare('SELECT DRY_DATE...')\n#1 C:\\xampp\\htdocs\\Winesoft\\public\\sale_for_date_range.php(481): getDryDaysForDateRange(Object(mysqli), '2025-11-01', '2025-11-01')\n#2 C:\\xampp\\htdocs\\Winesoft\\public\\sale_for_date_range.php(1758): getItemDateAvailability(Object(mysqli), 'SCMBR0018160', '2025-11-01', '2025-11-01', 1)\n#3 {main}"
}
[2026-01-05 14:43:56] [DEBUG] Processing date availability: {
    "total_dates": 1,
    "latest_sale_date": null,
    "dry_days_count": 0
}
[2026-01-05 14:43:56] [DEBUG] Date availability result: {
    "item_code": "SCMBR0018160",
    "result": {
        "available_dates": {
            "2025-11-01": true
        },
        "blocked_dates": [],
        "latest_sale_date": null,
        "total_dates": 1,
        "available_count": 1,
        "blocked_count": 0
    }
}
[2026-01-05 14:43:56] [DEBUG] Calculating date availability for item: SCMBR0018963
[2026-01-05 14:43:56] [DEBUG] getItemDateAvailability START: {
    "item_code": "SCMBR0018963",
    "start_date": "2025-11-01",
    "end_date": "2025-11-01",
    "comp_id": 1
}
[2026-01-05 14:43:56] [DEBUG] getItemLatestSaleDate START: {
    "item_code": "SCMBR0018963",
    "comp_id": 1
}
[2026-01-05 14:43:56] [DEBUG] No previous sales found for item: SCMBR0018963
[2026-01-05 14:43:56] [DEBUG] getDryDaysForDateRange START: {
    "start_date": "2025-11-01",
    "end_date": "2025-11-01"
}
[2026-01-05 14:43:56] [ERROR] Error getting dry days: {
    "error": "Unknown column 'DRY_DATE' in 'field list'",
    "trace": "#0 C:\\xampp\\htdocs\\Winesoft\\public\\sale_for_date_range.php(437): mysqli->prepare('SELECT DRY_DATE...')\n#1 C:\\xampp\\htdocs\\Winesoft\\public\\sale_for_date_range.php(481): getDryDaysForDateRange(Object(mysqli), '2025-11-01', '2025-11-01')\n#2 C:\\xampp\\htdocs\\Winesoft\\public\\sale_for_date_range.php(1758): getItemDateAvailability(Object(mysqli), 'SCMBR0018963', '2025-11-01', '2025-11-01', 1)\n#3 {main}"
}
[2026-01-05 14:43:56] [DEBUG] Processing date availability: {
    "total_dates": 1,
    "latest_sale_date": null,
    "dry_days_count": 0
}
[2026-01-05 14:43:56] [DEBUG] Date availability result: {
    "item_code": "SCMBR0018963",
    "result": {
        "available_dates": {
            "2025-11-01": true
        },
        "blocked_dates": [],
        "latest_sale_date": null,
        "total_dates": 1,
        "available_count": 1,
        "blocked_count": 0
    }
}
[2026-01-05 14:43:56] [DEBUG] Calculating date availability for item: SCMIT0019057
[2026-01-05 14:43:56] [DEBUG] getItemDateAvailability START: {
    "item_code": "SCMIT0019057",
    "start_date": "2025-11-01",
    "end_date": "2025-11-01",
    "comp_id": 1
}
[2026-01-05 14:43:56] [DEBUG] getItemLatestSaleDate START: {
    "item_code": "SCMIT0019057",
    "comp_id": 1
}
[2026-01-05 14:43:56] [DEBUG] No previous sales found for item: SCMIT0019057
[2026-01-05 14:43:56] [DEBUG] getDryDaysForDateRange START: {
    "start_date": "2025-11-01",
    "end_date": "2025-11-01"
}
[2026-01-05 14:43:56] [ERROR] Error getting dry days: {
    "error": "Unknown column 'DRY_DATE' in 'field list'",
    "trace": "#0 C:\\xampp\\htdocs\\Winesoft\\public\\sale_for_date_range.php(437): mysqli->prepare('SELECT DRY_DATE...')\n#1 C:\\xampp\\htdocs\\Winesoft\\public\\sale_for_date_range.php(481): getDryDaysForDateRange(Object(mysqli), '2025-11-01', '2025-11-01')\n#2 C:\\xampp\\htdocs\\Winesoft\\public\\sale_for_date_range.php(1758): getItemDateAvailability(Object(mysqli), 'SCMIT0019057', '2025-11-01', '2025-11-01', 1)\n#3 {main}"
}
[2026-01-05 14:43:56] [DEBUG] Processing date availability: {
    "total_dates": 1,
    "latest_sale_date": null,
    "dry_days_count": 0
}
[2026-01-05 14:43:56] [DEBUG] Date availability result: {
    "item_code": "SCMIT0019057",
    "result": {
        "available_dates": {
            "2025-11-01": true
        },
        "blocked_dates": [],
        "latest_sale_date": null,
        "total_dates": 1,
        "available_count": 1,
        "blocked_count": 0
    }
}
[2026-01-05 14:43:56] [DEBUG] Calculating date availability for item: SCMPL0010445
[2026-01-05 14:43:56] [DEBUG] getItemDateAvailability START: {
    "item_code": "SCMPL0010445",
    "start_date": "2025-11-01",
    "end_date": "2025-11-01",
    "comp_id": 1
}
[2026-01-05 14:43:56] [DEBUG] getItemLatestSaleDate START: {
    "item_code": "SCMPL0010445",
    "comp_id": 1
}
[2026-01-05 14:43:56] [DEBUG] No previous sales found for item: SCMPL0010445
[2026-01-05 14:43:56] [DEBUG] getDryDaysForDateRange START: {
    "start_date": "2025-11-01",
    "end_date": "2025-11-01"
}
[2026-01-05 14:43:56] [ERROR] Error getting dry days: {
    "error": "Unknown column 'DRY_DATE' in 'field list'",
    "trace": "#0 C:\\xampp\\htdocs\\Winesoft\\public\\sale_for_date_range.php(437): mysqli->prepare('SELECT DRY_DATE...')\n#1 C:\\xampp\\htdocs\\Winesoft\\public\\sale_for_date_range.php(481): getDryDaysForDateRange(Object(mysqli), '2025-11-01', '2025-11-01')\n#2 C:\\xampp\\htdocs\\Winesoft\\public\\sale_for_date_range.php(1758): getItemDateAvailability(Object(mysqli), 'SCMPL0010445', '2025-11-01', '2025-11-01', 1)\n#3 {main}"
}
[2026-01-05 14:43:56] [DEBUG] Processing date availability: {
    "total_dates": 1,
    "latest_sale_date": null,
    "dry_days_count": 0
}
[2026-01-05 14:43:56] [DEBUG] Date availability result: {
    "item_code": "SCMPL0010445",
    "result": {
        "available_dates": {
            "2025-11-01": true
        },
        "blocked_dates": [],
        "latest_sale_date": null,
        "total_dates": 1,
        "available_count": 1,
        "blocked_count": 0
    }
}
[2026-01-05 14:43:56] [DEBUG] Calculating date availability for item: SCMPL0035921
[2026-01-05 14:43:56] [DEBUG] getItemDateAvailability START: {
    "item_code": "SCMPL0035921",
    "start_date": "2025-11-01",
    "end_date": "2025-11-01",
    "comp_id": 1
}
[2026-01-05 14:43:56] [DEBUG] getItemLatestSaleDate START: {
    "item_code": "SCMPL0035921",
    "comp_id": 1
}
[2026-01-05 14:43:56] [DEBUG] No previous sales found for item: SCMPL0035921
[2026-01-05 14:43:56] [DEBUG] getDryDaysForDateRange START: {
    "start_date": "2025-11-01",
    "end_date": "2025-11-01"
}
[2026-01-05 14:43:56] [ERROR] Error getting dry days: {
    "error": "Unknown column 'DRY_DATE' in 'field list'",
    "trace": "#0 C:\\xampp\\htdocs\\Winesoft\\public\\sale_for_date_range.php(437): mysqli->prepare('SELECT DRY_DATE...')\n#1 C:\\xampp\\htdocs\\Winesoft\\public\\sale_for_date_range.php(481): getDryDaysForDateRange(Object(mysqli), '2025-11-01', '2025-11-01')\n#2 C:\\xampp\\htdocs\\Winesoft\\public\\sale_for_date_range.php(1758): getItemDateAvailability(Object(mysqli), 'SCMPL0035921', '2025-11-01', '2025-11-01', 1)\n#3 {main}"
}
[2026-01-05 14:43:56] [DEBUG] Processing date availability: {
    "total_dates": 1,
    "latest_sale_date": null,
    "dry_days_count": 0
}
[2026-01-05 14:43:56] [DEBUG] Date availability result: {
    "item_code": "SCMPL0035921",
    "result": {
        "available_dates": {
            "2025-11-01": true
        },
        "blocked_dates": [],
        "latest_sale_date": null,
        "total_dates": 1,
        "available_count": 1,
        "blocked_count": 0
    }
}
[2026-01-05 14:43:56] [DEBUG] Calculating date availability for item: SCMPL0009770
[2026-01-05 14:43:56] [DEBUG] getItemDateAvailability START: {
    "item_code": "SCMPL0009770",
    "start_date": "2025-11-01",
    "end_date": "2025-11-01",
    "comp_id": 1
}
[2026-01-05 14:43:56] [DEBUG] getItemLatestSaleDate START: {
    "item_code": "SCMPL0009770",
    "comp_id": 1
}
[2026-01-05 14:43:56] [DEBUG] No previous sales found for item: SCMPL0009770
[2026-01-05 14:43:56] [DEBUG] getDryDaysForDateRange START: {
    "start_date": "2025-11-01",
    "end_date": "2025-11-01"
}
[2026-01-05 14:43:56] [ERROR] Error getting dry days: {
    "error": "Unknown column 'DRY_DATE' in 'field list'",
    "trace": "#0 C:\\xampp\\htdocs\\Winesoft\\public\\sale_for_date_range.php(437): mysqli->prepare('SELECT DRY_DATE...')\n#1 C:\\xampp\\htdocs\\Winesoft\\public\\sale_for_date_range.php(481): getDryDaysForDateRange(Object(mysqli), '2025-11-01', '2025-11-01')\n#2 C:\\xampp\\htdocs\\Winesoft\\public\\sale_for_date_range.php(1758): getItemDateAvailability(Object(mysqli), 'SCMPL0009770', '2025-11-01', '2025-11-01', 1)\n#3 {main}"
}
[2026-01-05 14:43:56] [DEBUG] Processing date availability: {
    "total_dates": 1,
    "latest_sale_date": null,
    "dry_days_count": 0
}
[2026-01-05 14:43:56] [DEBUG] Date availability result: {
    "item_code": "SCMPL0009770",
    "result": {
        "available_dates": {
            "2025-11-01": true
        },
        "blocked_dates": [],
        "latest_sale_date": null,
        "total_dates": 1,
        "available_count": 1,
        "blocked_count": 0
    }
}
[2026-01-05 14:43:56] [DEBUG] Calculating date availability for item: SCMPL0010312
[2026-01-05 14:43:56] [DEBUG] getItemDateAvailability START: {
    "item_code": "SCMPL0010312",
    "start_date": "2025-11-01",
    "end_date": "2025-11-01",
    "comp_id": 1
}
[2026-01-05 14:43:56] [DEBUG] getItemLatestSaleDate START: {
    "item_code": "SCMPL0010312",
    "comp_id": 1
}
[2026-01-05 14:43:56] [DEBUG] No previous sales found for item: SCMPL0010312
[2026-01-05 14:43:56] [DEBUG] getDryDaysForDateRange START: {
    "start_date": "2025-11-01",
    "end_date": "2025-11-01"
}
[2026-01-05 14:43:56] [ERROR] Error getting dry days: {
    "error": "Unknown column 'DRY_DATE' in 'field list'",
    "trace": "#0 C:\\xampp\\htdocs\\Winesoft\\public\\sale_for_date_range.php(437): mysqli->prepare('SELECT DRY_DATE...')\n#1 C:\\xampp\\htdocs\\Winesoft\\public\\sale_for_date_range.php(481): getDryDaysForDateRange(Object(mysqli), '2025-11-01', '2025-11-01')\n#2 C:\\xampp\\htdocs\\Winesoft\\public\\sale_for_date_range.php(1758): getItemDateAvailability(Object(mysqli), 'SCMPL0010312', '2025-11-01', '2025-11-01', 1)\n#3 {main}"
}
[2026-01-05 14:43:56] [DEBUG] Processing date availability: {
    "total_dates": 1,
    "latest_sale_date": null,
    "dry_days_count": 0
}
[2026-01-05 14:43:56] [DEBUG] Date availability result: {
    "item_code": "SCMPL0010312",
    "result": {
        "available_dates": {
            "2025-11-01": true
        },
        "blocked_dates": [],
        "latest_sale_date": null,
        "total_dates": 1,
        "available_count": 1,
        "blocked_count": 0
    }
}
[2026-01-05 14:43:56] [DEBUG] Calculating date availability for item: SCMLS0027532
[2026-01-05 14:43:56] [DEBUG] getItemDateAvailability START: {
    "item_code": "SCMLS0027532",
    "start_date": "2025-11-01",
    "end_date": "2025-11-01",
    "comp_id": 1
}
[2026-01-05 14:43:56] [DEBUG] getItemLatestSaleDate START: {
    "item_code": "SCMLS0027532",
    "comp_id": 1
}
[2026-01-05 14:43:56] [DEBUG] No previous sales found for item: SCMLS0027532
[2026-01-05 14:43:56] [DEBUG] getDryDaysForDateRange START: {
    "start_date": "2025-11-01",
    "end_date": "2025-11-01"
}
[2026-01-05 14:43:56] [ERROR] Error getting dry days: {
    "error": "Unknown column 'DRY_DATE' in 'field list'",
    "trace": "#0 C:\\xampp\\htdocs\\Winesoft\\public\\sale_for_date_range.php(437): mysqli->prepare('SELECT DRY_DATE...')\n#1 C:\\xampp\\htdocs\\Winesoft\\public\\sale_for_date_range.php(481): getDryDaysForDateRange(Object(mysqli), '2025-11-01', '2025-11-01')\n#2 C:\\xampp\\htdocs\\Winesoft\\public\\sale_for_date_range.php(1758): getItemDateAvailability(Object(mysqli), 'SCMLS0027532', '2025-11-01', '2025-11-01', 1)\n#3 {main}"
}
[2026-01-05 14:43:56] [DEBUG] Processing date availability: {
    "total_dates": 1,
    "latest_sale_date": null,
    "dry_days_count": 0
}
[2026-01-05 14:43:56] [DEBUG] Date availability result: {
    "item_code": "SCMLS0027532",
    "result": {
        "available_dates": {
            "2025-11-01": true
        },
        "blocked_dates": [],
        "latest_sale_date": null,
        "total_dates": 1,
        "available_count": 1,
        "blocked_count": 0
    }
}
[2026-01-05 14:43:56] [DEBUG] Calculating date availability for item: SCMPL0019014
[2026-01-05 14:43:56] [DEBUG] getItemDateAvailability START: {
    "item_code": "SCMPL0019014",
    "start_date": "2025-11-01",
    "end_date": "2025-11-01",
    "comp_id": 1
}
[2026-01-05 14:43:56] [DEBUG] getItemLatestSaleDate START: {
    "item_code": "SCMPL0019014",
    "comp_id": 1
}
[2026-01-05 14:43:56] [DEBUG] No previous sales found for item: SCMPL0019014
[2026-01-05 14:43:56] [DEBUG] getDryDaysForDateRange START: {
    "start_date": "2025-11-01",
    "end_date": "2025-11-01"
}
[2026-01-05 14:43:56] [ERROR] Error getting dry days: {
    "error": "Unknown column 'DRY_DATE' in 'field list'",
    "trace": "#0 C:\\xampp\\htdocs\\Winesoft\\public\\sale_for_date_range.php(437): mysqli->prepare('SELECT DRY_DATE...')\n#1 C:\\xampp\\htdocs\\Winesoft\\public\\sale_for_date_range.php(481): getDryDaysForDateRange(Object(mysqli), '2025-11-01', '2025-11-01')\n#2 C:\\xampp\\htdocs\\Winesoft\\public\\sale_for_date_range.php(1758): getItemDateAvailability(Object(mysqli), 'SCMPL0019014', '2025-11-01', '2025-11-01', 1)\n#3 {main}"
}
[2026-01-05 14:43:56] [DEBUG] Processing date availability: {
    "total_dates": 1,
    "latest_sale_date": null,
    "dry_days_count": 0
}
[2026-01-05 14:43:56] [DEBUG] Date availability result: {
    "item_code": "SCMPL0019014",
    "result": {
        "available_dates": {
            "2025-11-01": true
        },
        "blocked_dates": [],
        "latest_sale_date": null,
        "total_dates": 1,
        "available_count": 1,
        "blocked_count": 0
    }
}
[2026-01-05 14:43:56] [DEBUG] Calculating date availability for item: SCMWN0020367
[2026-01-05 14:43:56] [DEBUG] getItemDateAvailability START: {
    "item_code": "SCMWN0020367",
    "start_date": "2025-11-01",
    "end_date": "2025-11-01",
    "comp_id": 1
}
[2026-01-05 14:43:56] [DEBUG] getItemLatestSaleDate START: {
    "item_code": "SCMWN0020367",
    "comp_id": 1
}
[2026-01-05 14:43:56] [DEBUG] No previous sales found for item: SCMWN0020367
[2026-01-05 14:43:56] [DEBUG] getDryDaysForDateRange START: {
    "start_date": "2025-11-01",
    "end_date": "2025-11-01"
}
[2026-01-05 14:43:56] [ERROR] Error getting dry days: {
    "error": "Unknown column 'DRY_DATE' in 'field list'",
    "trace": "#0 C:\\xampp\\htdocs\\Winesoft\\public\\sale_for_date_range.php(437): mysqli->prepare('SELECT DRY_DATE...')\n#1 C:\\xampp\\htdocs\\Winesoft\\public\\sale_for_date_range.php(481): getDryDaysForDateRange(Object(mysqli), '2025-11-01', '2025-11-01')\n#2 C:\\xampp\\htdocs\\Winesoft\\public\\sale_for_date_range.php(1758): getItemDateAvailability(Object(mysqli), 'SCMWN0020367', '2025-11-01', '2025-11-01', 1)\n#3 {main}"
}
[2026-01-05 14:43:56] [DEBUG] Processing date availability: {
    "total_dates": 1,
    "latest_sale_date": null,
    "dry_days_count": 0
}
[2026-01-05 14:43:56] [DEBUG] Date availability result: {
    "item_code": "SCMWN0020367",
    "result": {
        "available_dates": {
            "2025-11-01": true
        },
        "blocked_dates": [],
        "latest_sale_date": null,
        "total_dates": 1,
        "available_count": 1,
        "blocked_count": 0
    }
}
[2026-01-05 14:43:56] [DEBUG] Calculating date availability for item: SCMWN0020361
[2026-01-05 14:43:56] [DEBUG] getItemDateAvailability START: {
    "item_code": "SCMWN0020361",
    "start_date": "2025-11-01",
    "end_date": "2025-11-01",
    "comp_id": 1
}
[2026-01-05 14:43:56] [DEBUG] getItemLatestSaleDate START: {
    "item_code": "SCMWN0020361",
    "comp_id": 1
}
[2026-01-05 14:43:56] [DEBUG] No previous sales found for item: SCMWN0020361
[2026-01-05 14:43:56] [DEBUG] getDryDaysForDateRange START: {
    "start_date": "2025-11-01",
    "end_date": "2025-11-01"
}
[2026-01-05 14:43:56] [ERROR] Error getting dry days: {
    "error": "Unknown column 'DRY_DATE' in 'field list'",
    "trace": "#0 C:\\xampp\\htdocs\\Winesoft\\public\\sale_for_date_range.php(437): mysqli->prepare('SELECT DRY_DATE...')\n#1 C:\\xampp\\htdocs\\Winesoft\\public\\sale_for_date_range.php(481): getDryDaysForDateRange(Object(mysqli), '2025-11-01', '2025-11-01')\n#2 C:\\xampp\\htdocs\\Winesoft\\public\\sale_for_date_range.php(1758): getItemDateAvailability(Object(mysqli), 'SCMWN0020361', '2025-11-01', '2025-11-01', 1)\n#3 {main}"
}
[2026-01-05 14:43:56] [DEBUG] Processing date availability: {
    "total_dates": 1,
    "latest_sale_date": null,
    "dry_days_count": 0
}
[2026-01-05 14:43:56] [DEBUG] Date availability result: {
    "item_code": "SCMWN0020361",
    "result": {
        "available_dates": {
            "2025-11-01": true
        },
        "blocked_dates": [],
        "latest_sale_date": null,
        "total_dates": 1,
        "available_count": 1,
        "blocked_count": 0
    }
}
[2026-01-05 14:43:56] [DEBUG] Calculating date availability for item: SCMLS0023009
[2026-01-05 14:43:56] [DEBUG] getItemDateAvailability START: {
    "item_code": "SCMLS0023009",
    "start_date": "2025-11-01",
    "end_date": "2025-11-01",
    "comp_id": 1
}
[2026-01-05 14:43:56] [DEBUG] getItemLatestSaleDate START: {
    "item_code": "SCMLS0023009",
    "comp_id": 1
}
[2026-01-05 14:43:56] [DEBUG] No previous sales found for item: SCMLS0023009
[2026-01-05 14:43:56] [DEBUG] getDryDaysForDateRange START: {
    "start_date": "2025-11-01",
    "end_date": "2025-11-01"
}
[2026-01-05 14:43:56] [ERROR] Error getting dry days: {
    "error": "Unknown column 'DRY_DATE' in 'field list'",
    "trace": "#0 C:\\xampp\\htdocs\\Winesoft\\public\\sale_for_date_range.php(437): mysqli->prepare('SELECT DRY_DATE...')\n#1 C:\\xampp\\htdocs\\Winesoft\\public\\sale_for_date_range.php(481): getDryDaysForDateRange(Object(mysqli), '2025-11-01', '2025-11-01')\n#2 C:\\xampp\\htdocs\\Winesoft\\public\\sale_for_date_range.php(1758): getItemDateAvailability(Object(mysqli), 'SCMLS0023009', '2025-11-01', '2025-11-01', 1)\n#3 {main}"
}
[2026-01-05 14:43:56] [DEBUG] Processing date availability: {
    "total_dates": 1,
    "latest_sale_date": null,
    "dry_days_count": 0
}
[2026-01-05 14:43:56] [DEBUG] Date availability result: {
    "item_code": "SCMLS0023009",
    "result": {
        "available_dates": {
            "2025-11-01": true
        },
        "blocked_dates": [],
        "latest_sale_date": null,
        "total_dates": 1,
        "available_count": 1,
        "blocked_count": 0
    }
}
[2026-01-05 14:43:56] [DEBUG] Calculating date availability for item: SCMBR0010034
[2026-01-05 14:43:56] [DEBUG] getItemDateAvailability START: {
    "item_code": "SCMBR0010034",
    "start_date": "2025-11-01",
    "end_date": "2025-11-01",
    "comp_id": 1
}
[2026-01-05 14:43:56] [DEBUG] getItemLatestSaleDate START: {
    "item_code": "SCMBR0010034",
    "comp_id": 1
}
[2026-01-05 14:43:56] [DEBUG] No previous sales found for item: SCMBR0010034
[2026-01-05 14:43:56] [DEBUG] getDryDaysForDateRange START: {
    "start_date": "2025-11-01",
    "end_date": "2025-11-01"
}
[2026-01-05 14:43:56] [ERROR] Error getting dry days: {
    "error": "Unknown column 'DRY_DATE' in 'field list'",
    "trace": "#0 C:\\xampp\\htdocs\\Winesoft\\public\\sale_for_date_range.php(437): mysqli->prepare('SELECT DRY_DATE...')\n#1 C:\\xampp\\htdocs\\Winesoft\\public\\sale_for_date_range.php(481): getDryDaysForDateRange(Object(mysqli), '2025-11-01', '2025-11-01')\n#2 C:\\xampp\\htdocs\\Winesoft\\public\\sale_for_date_range.php(1758): getItemDateAvailability(Object(mysqli), 'SCMBR0010034', '2025-11-01', '2025-11-01', 1)\n#3 {main}"
}
[2026-01-05 14:43:56] [DEBUG] Processing date availability: {
    "total_dates": 1,
    "latest_sale_date": null,
    "dry_days_count": 0
}
[2026-01-05 14:43:56] [DEBUG] Date availability result: {
    "item_code": "SCMBR0010034",
    "result": {
        "available_dates": {
            "2025-11-01": true
        },
        "blocked_dates": [],
        "latest_sale_date": null,
        "total_dates": 1,
        "available_count": 1,
        "blocked_count": 0
    }
}
[2026-01-05 14:43:56] [DEBUG] Calculating date availability for item: SCMPL0033890
[2026-01-05 14:43:56] [DEBUG] getItemDateAvailability START: {
    "item_code": "SCMPL0033890",
    "start_date": "2025-11-01",
    "end_date": "2025-11-01",
    "comp_id": 1
}
[2026-01-05 14:43:56] [DEBUG] getItemLatestSaleDate START: {
    "item_code": "SCMPL0033890",
    "comp_id": 1
}
[2026-01-05 14:43:56] [DEBUG] No previous sales found for item: SCMPL0033890
[2026-01-05 14:43:56] [DEBUG] getDryDaysForDateRange START: {
    "start_date": "2025-11-01",
    "end_date": "2025-11-01"
}
[2026-01-05 14:43:56] [ERROR] Error getting dry days: {
    "error": "Unknown column 'DRY_DATE' in 'field list'",
    "trace": "#0 C:\\xampp\\htdocs\\Winesoft\\public\\sale_for_date_range.php(437): mysqli->prepare('SELECT DRY_DATE...')\n#1 C:\\xampp\\htdocs\\Winesoft\\public\\sale_for_date_range.php(481): getDryDaysForDateRange(Object(mysqli), '2025-11-01', '2025-11-01')\n#2 C:\\xampp\\htdocs\\Winesoft\\public\\sale_for_date_range.php(1758): getItemDateAvailability(Object(mysqli), 'SCMPL0033890', '2025-11-01', '2025-11-01', 1)\n#3 {main}"
}
[2026-01-05 14:43:56] [DEBUG] Processing date availability: {
    "total_dates": 1,
    "latest_sale_date": null,
    "dry_days_count": 0
}
[2026-01-05 14:43:56] [DEBUG] Date availability result: {
    "item_code": "SCMPL0033890",
    "result": {
        "available_dates": {
            "2025-11-01": true
        },
        "blocked_dates": [],
        "latest_sale_date": null,
        "total_dates": 1,
        "available_count": 1,
        "blocked_count": 0
    }
}
[2026-01-05 14:43:56] [DEBUG] Calculating date availability for item: SCMPL0034978
[2026-01-05 14:43:56] [DEBUG] getItemDateAvailability START: {
    "item_code": "SCMPL0034978",
    "start_date": "2025-11-01",
    "end_date": "2025-11-01",
    "comp_id": 1
}
[2026-01-05 14:43:56] [DEBUG] getItemLatestSaleDate START: {
    "item_code": "SCMPL0034978",
    "comp_id": 1
}
[2026-01-05 14:43:56] [DEBUG] No previous sales found for item: SCMPL0034978
[2026-01-05 14:43:56] [DEBUG] getDryDaysForDateRange START: {
    "start_date": "2025-11-01",
    "end_date": "2025-11-01"
}
[2026-01-05 14:43:56] [ERROR] Error getting dry days: {
    "error": "Unknown column 'DRY_DATE' in 'field list'",
    "trace": "#0 C:\\xampp\\htdocs\\Winesoft\\public\\sale_for_date_range.php(437): mysqli->prepare('SELECT DRY_DATE...')\n#1 C:\\xampp\\htdocs\\Winesoft\\public\\sale_for_date_range.php(481): getDryDaysForDateRange(Object(mysqli), '2025-11-01', '2025-11-01')\n#2 C:\\xampp\\htdocs\\Winesoft\\public\\sale_for_date_range.php(1758): getItemDateAvailability(Object(mysqli), 'SCMPL0034978', '2025-11-01', '2025-11-01', 1)\n#3 {main}"
}
[2026-01-05 14:43:56] [DEBUG] Processing date availability: {
    "total_dates": 1,
    "latest_sale_date": null,
    "dry_days_count": 0
}
[2026-01-05 14:43:56] [DEBUG] Date availability result: {
    "item_code": "SCMPL0034978",
    "result": {
        "available_dates": {
            "2025-11-01": true
        },
        "blocked_dates": [],
        "latest_sale_date": null,
        "total_dates": 1,
        "available_count": 1,
        "blocked_count": 0
    }
}
[2026-01-05 14:43:56] [DEBUG] Calculating date availability for item: SCMLS0029952
[2026-01-05 14:43:56] [DEBUG] getItemDateAvailability START: {
    "item_code": "SCMLS0029952",
    "start_date": "2025-11-01",
    "end_date": "2025-11-01",
    "comp_id": 1
}
[2026-01-05 14:43:56] [DEBUG] getItemLatestSaleDate START: {
    "item_code": "SCMLS0029952",
    "comp_id": 1
}
[2026-01-05 14:43:56] [DEBUG] No previous sales found for item: SCMLS0029952
[2026-01-05 14:43:56] [DEBUG] getDryDaysForDateRange START: {
    "start_date": "2025-11-01",
    "end_date": "2025-11-01"
}
[2026-01-05 14:43:56] [ERROR] Error getting dry days: {
    "error": "Unknown column 'DRY_DATE' in 'field list'",
    "trace": "#0 C:\\xampp\\htdocs\\Winesoft\\public\\sale_for_date_range.php(437): mysqli->prepare('SELECT DRY_DATE...')\n#1 C:\\xampp\\htdocs\\Winesoft\\public\\sale_for_date_range.php(481): getDryDaysForDateRange(Object(mysqli), '2025-11-01', '2025-11-01')\n#2 C:\\xampp\\htdocs\\Winesoft\\public\\sale_for_date_range.php(1758): getItemDateAvailability(Object(mysqli), 'SCMLS0029952', '2025-11-01', '2025-11-01', 1)\n#3 {main}"
}
[2026-01-05 14:43:56] [DEBUG] Processing date availability: {
    "total_dates": 1,
    "latest_sale_date": null,
    "dry_days_count": 0
}
[2026-01-05 14:43:56] [DEBUG] Date availability result: {
    "item_code": "SCMLS0029952",
    "result": {
        "available_dates": {
            "2025-11-01": true
        },
        "blocked_dates": [],
        "latest_sale_date": null,
        "total_dates": 1,
        "available_count": 1,
        "blocked_count": 0
    }
}
[2026-01-05 14:43:56] [DEBUG] Calculating date availability for item: SCMLW0019523
[2026-01-05 14:43:56] [DEBUG] getItemDateAvailability START: {
    "item_code": "SCMLW0019523",
    "start_date": "2025-11-01",
    "end_date": "2025-11-01",
    "comp_id": 1
}
[2026-01-05 14:43:56] [DEBUG] getItemLatestSaleDate START: {
    "item_code": "SCMLW0019523",
    "comp_id": 1
}
[2026-01-05 14:43:56] [DEBUG] No previous sales found for item: SCMLW0019523
[2026-01-05 14:43:56] [DEBUG] getDryDaysForDateRange START: {
    "start_date": "2025-11-01",
    "end_date": "2025-11-01"
}
[2026-01-05 14:43:56] [ERROR] Error getting dry days: {
    "error": "Unknown column 'DRY_DATE' in 'field list'",
    "trace": "#0 C:\\xampp\\htdocs\\Winesoft\\public\\sale_for_date_range.php(437): mysqli->prepare('SELECT DRY_DATE...')\n#1 C:\\xampp\\htdocs\\Winesoft\\public\\sale_for_date_range.php(481): getDryDaysForDateRange(Object(mysqli), '2025-11-01', '2025-11-01')\n#2 C:\\xampp\\htdocs\\Winesoft\\public\\sale_for_date_range.php(1758): getItemDateAvailability(Object(mysqli), 'SCMLW0019523', '2025-11-01', '2025-11-01', 1)\n#3 {main}"
}
[2026-01-05 14:43:56] [DEBUG] Processing date availability: {
    "total_dates": 1,
    "latest_sale_date": null,
    "dry_days_count": 0
}
[2026-01-05 14:43:56] [DEBUG] Date availability result: {
    "item_code": "SCMLW0019523",
    "result": {
        "available_dates": {
            "2025-11-01": true
        },
        "blocked_dates": [],
        "latest_sale_date": null,
        "total_dates": 1,
        "available_count": 1,
        "blocked_count": 0
    }
}
[2026-01-05 14:43:56] [DEBUG] Calculating date availability for item: SCMIT0019512
[2026-01-05 14:43:56] [DEBUG] getItemDateAvailability START: {
    "item_code": "SCMIT0019512",
    "start_date": "2025-11-01",
    "end_date": "2025-11-01",
    "comp_id": 1
}
[2026-01-05 14:43:56] [DEBUG] getItemLatestSaleDate START: {
    "item_code": "SCMIT0019512",
    "comp_id": 1
}
[2026-01-05 14:43:56] [DEBUG] No previous sales found for item: SCMIT0019512
[2026-01-05 14:43:56] [DEBUG] getDryDaysForDateRange START: {
    "start_date": "2025-11-01",
    "end_date": "2025-11-01"
}
[2026-01-05 14:43:56] [ERROR] Error getting dry days: {
    "error": "Unknown column 'DRY_DATE' in 'field list'",
    "trace": "#0 C:\\xampp\\htdocs\\Winesoft\\public\\sale_for_date_range.php(437): mysqli->prepare('SELECT DRY_DATE...')\n#1 C:\\xampp\\htdocs\\Winesoft\\public\\sale_for_date_range.php(481): getDryDaysForDateRange(Object(mysqli), '2025-11-01', '2025-11-01')\n#2 C:\\xampp\\htdocs\\Winesoft\\public\\sale_for_date_range.php(1758): getItemDateAvailability(Object(mysqli), 'SCMIT0019512', '2025-11-01', '2025-11-01', 1)\n#3 {main}"
}
[2026-01-05 14:43:56] [DEBUG] Processing date availability: {
    "total_dates": 1,
    "latest_sale_date": null,
    "dry_days_count": 0
}
[2026-01-05 14:43:56] [DEBUG] Date availability result: {
    "item_code": "SCMIT0019512",
    "result": {
        "available_dates": {
            "2025-11-01": true
        },
        "blocked_dates": [],
        "latest_sale_date": null,
        "total_dates": 1,
        "available_count": 1,
        "blocked_count": 0
    }
}
[2026-01-05 14:43:56] [DEBUG] Calculating date availability for item: SCMLS0036768
[2026-01-05 14:43:56] [DEBUG] getItemDateAvailability START: {
    "item_code": "SCMLS0036768",
    "start_date": "2025-11-01",
    "end_date": "2025-11-01",
    "comp_id": 1
}
[2026-01-05 14:43:56] [DEBUG] getItemLatestSaleDate START: {
    "item_code": "SCMLS0036768",
    "comp_id": 1
}
[2026-01-05 14:43:56] [DEBUG] No previous sales found for item: SCMLS0036768
[2026-01-05 14:43:56] [DEBUG] getDryDaysForDateRange START: {
    "start_date": "2025-11-01",
    "end_date": "2025-11-01"
}
[2026-01-05 14:43:56] [ERROR] Error getting dry days: {
    "error": "Unknown column 'DRY_DATE' in 'field list'",
    "trace": "#0 C:\\xampp\\htdocs\\Winesoft\\public\\sale_for_date_range.php(437): mysqli->prepare('SELECT DRY_DATE...')\n#1 C:\\xampp\\htdocs\\Winesoft\\public\\sale_for_date_range.php(481): getDryDaysForDateRange(Object(mysqli), '2025-11-01', '2025-11-01')\n#2 C:\\xampp\\htdocs\\Winesoft\\public\\sale_for_date_range.php(1758): getItemDateAvailability(Object(mysqli), 'SCMLS0036768', '2025-11-01', '2025-11-01', 1)\n#3 {main}"
}
[2026-01-05 14:43:56] [DEBUG] Processing date availability: {
    "total_dates": 1,
    "latest_sale_date": null,
    "dry_days_count": 0
}
[2026-01-05 14:43:56] [DEBUG] Date availability result: {
    "item_code": "SCMLS0036768",
    "result": {
        "available_dates": {
            "2025-11-01": true
        },
        "blocked_dates": [],
        "latest_sale_date": null,
        "total_dates": 1,
        "available_count": 1,
        "blocked_count": 0
    }
}
[2026-01-05 14:43:56] [DEBUG] Calculating date availability for item: SCMLS0037959
[2026-01-05 14:43:56] [DEBUG] getItemDateAvailability START: {
    "item_code": "SCMLS0037959",
    "start_date": "2025-11-01",
    "end_date": "2025-11-01",
    "comp_id": 1
}
[2026-01-05 14:43:56] [DEBUG] getItemLatestSaleDate START: {
    "item_code": "SCMLS0037959",
    "comp_id": 1
}
[2026-01-05 14:43:56] [DEBUG] No previous sales found for item: SCMLS0037959
[2026-01-05 14:43:56] [DEBUG] getDryDaysForDateRange START: {
    "start_date": "2025-11-01",
    "end_date": "2025-11-01"
}
[2026-01-05 14:43:56] [ERROR] Error getting dry days: {
    "error": "Unknown column 'DRY_DATE' in 'field list'",
    "trace": "#0 C:\\xampp\\htdocs\\Winesoft\\public\\sale_for_date_range.php(437): mysqli->prepare('SELECT DRY_DATE...')\n#1 C:\\xampp\\htdocs\\Winesoft\\public\\sale_for_date_range.php(481): getDryDaysForDateRange(Object(mysqli), '2025-11-01', '2025-11-01')\n#2 C:\\xampp\\htdocs\\Winesoft\\public\\sale_for_date_range.php(1758): getItemDateAvailability(Object(mysqli), 'SCMLS0037959', '2025-11-01', '2025-11-01', 1)\n#3 {main}"
}
[2026-01-05 14:43:56] [DEBUG] Processing date availability: {
    "total_dates": 1,
    "latest_sale_date": null,
    "dry_days_count": 0
}
[2026-01-05 14:43:56] [DEBUG] Date availability result: {
    "item_code": "SCMLS0037959",
    "result": {
        "available_dates": {
            "2025-11-01": true
        },
        "blocked_dates": [],
        "latest_sale_date": null,
        "total_dates": 1,
        "available_count": 1,
        "blocked_count": 0
    }
}
[2026-01-05 14:43:56] [DEBUG] Calculating date availability for item: SCMLS0018800
[2026-01-05 14:43:56] [DEBUG] getItemDateAvailability START: {
    "item_code": "SCMLS0018800",
    "start_date": "2025-11-01",
    "end_date": "2025-11-01",
    "comp_id": 1
}
[2026-01-05 14:43:56] [DEBUG] getItemLatestSaleDate START: {
    "item_code": "SCMLS0018800",
    "comp_id": 1
}
[2026-01-05 14:43:56] [DEBUG] No previous sales found for item: SCMLS0018800
[2026-01-05 14:43:56] [DEBUG] getDryDaysForDateRange START: {
    "start_date": "2025-11-01",
    "end_date": "2025-11-01"
}
[2026-01-05 14:43:56] [ERROR] Error getting dry days: {
    "error": "Unknown column 'DRY_DATE' in 'field list'",
    "trace": "#0 C:\\xampp\\htdocs\\Winesoft\\public\\sale_for_date_range.php(437): mysqli->prepare('SELECT DRY_DATE...')\n#1 C:\\xampp\\htdocs\\Winesoft\\public\\sale_for_date_range.php(481): getDryDaysForDateRange(Object(mysqli), '2025-11-01', '2025-11-01')\n#2 C:\\xampp\\htdocs\\Winesoft\\public\\sale_for_date_range.php(1758): getItemDateAvailability(Object(mysqli), 'SCMLS0018800', '2025-11-01', '2025-11-01', 1)\n#3 {main}"
}
[2026-01-05 14:43:56] [DEBUG] Processing date availability: {
    "total_dates": 1,
    "latest_sale_date": null,
    "dry_days_count": 0
}
[2026-01-05 14:43:56] [DEBUG] Date availability result: {
    "item_code": "SCMLS0018800",
    "result": {
        "available_dates": {
            "2025-11-01": true
        },
        "blocked_dates": [],
        "latest_sale_date": null,
        "total_dates": 1,
        "available_count": 1,
        "blocked_count": 0
    }
}
[2026-01-05 14:43:56] [DEBUG] Calculating date availability for item: SCMLS0018798
[2026-01-05 14:43:56] [DEBUG] getItemDateAvailability START: {
    "item_code": "SCMLS0018798",
    "start_date": "2025-11-01",
    "end_date": "2025-11-01",
    "comp_id": 1
}
[2026-01-05 14:43:56] [DEBUG] getItemLatestSaleDate START: {
    "item_code": "SCMLS0018798",
    "comp_id": 1
}
[2026-01-05 14:43:56] [DEBUG] No previous sales found for item: SCMLS0018798
[2026-01-05 14:43:56] [DEBUG] getDryDaysForDateRange START: {
    "start_date": "2025-11-01",
    "end_date": "2025-11-01"
}
[2026-01-05 14:43:56] [ERROR] Error getting dry days: {
    "error": "Unknown column 'DRY_DATE' in 'field list'",
    "trace": "#0 C:\\xampp\\htdocs\\Winesoft\\public\\sale_for_date_range.php(437): mysqli->prepare('SELECT DRY_DATE...')\n#1 C:\\xampp\\htdocs\\Winesoft\\public\\sale_for_date_range.php(481): getDryDaysForDateRange(Object(mysqli), '2025-11-01', '2025-11-01')\n#2 C:\\xampp\\htdocs\\Winesoft\\public\\sale_for_date_range.php(1758): getItemDateAvailability(Object(mysqli), 'SCMLS0018798', '2025-11-01', '2025-11-01', 1)\n#3 {main}"
}
[2026-01-05 14:43:56] [DEBUG] Processing date availability: {
    "total_dates": 1,
    "latest_sale_date": null,
    "dry_days_count": 0
}
[2026-01-05 14:43:56] [DEBUG] Date availability result: {
    "item_code": "SCMLS0018798",
    "result": {
        "available_dates": {
            "2025-11-01": true
        },
        "blocked_dates": [],
        "latest_sale_date": null,
        "total_dates": 1,
        "available_count": 1,
        "blocked_count": 0
    }
}
[2026-01-05 14:43:56] [DEBUG] Calculating date availability for item: SCMIT0019050
[2026-01-05 14:43:56] [DEBUG] getItemDateAvailability START: {
    "item_code": "SCMIT0019050",
    "start_date": "2025-11-01",
    "end_date": "2025-11-01",
    "comp_id": 1
}
[2026-01-05 14:43:56] [DEBUG] getItemLatestSaleDate START: {
    "item_code": "SCMIT0019050",
    "comp_id": 1
}
[2026-01-05 14:43:56] [DEBUG] No previous sales found for item: SCMIT0019050
[2026-01-05 14:43:56] [DEBUG] getDryDaysForDateRange START: {
    "start_date": "2025-11-01",
    "end_date": "2025-11-01"
}
[2026-01-05 14:43:56] [ERROR] Error getting dry days: {
    "error": "Unknown column 'DRY_DATE' in 'field list'",
    "trace": "#0 C:\\xampp\\htdocs\\Winesoft\\public\\sale_for_date_range.php(437): mysqli->prepare('SELECT DRY_DATE...')\n#1 C:\\xampp\\htdocs\\Winesoft\\public\\sale_for_date_range.php(481): getDryDaysForDateRange(Object(mysqli), '2025-11-01', '2025-11-01')\n#2 C:\\xampp\\htdocs\\Winesoft\\public\\sale_for_date_range.php(1758): getItemDateAvailability(Object(mysqli), 'SCMIT0019050', '2025-11-01', '2025-11-01', 1)\n#3 {main}"
}
[2026-01-05 14:43:56] [DEBUG] Processing date availability: {
    "total_dates": 1,
    "latest_sale_date": null,
    "dry_days_count": 0
}
[2026-01-05 14:43:56] [DEBUG] Date availability result: {
    "item_code": "SCMIT0019050",
    "result": {
        "available_dates": {
            "2025-11-01": true
        },
        "blocked_dates": [],
        "latest_sale_date": null,
        "total_dates": 1,
        "available_count": 1,
        "blocked_count": 0
    }
}
[2026-01-05 14:43:56] [DEBUG] Calculating date availability for item: SCMBR0018149
[2026-01-05 14:43:56] [DEBUG] getItemDateAvailability START: {
    "item_code": "SCMBR0018149",
    "start_date": "2025-11-01",
    "end_date": "2025-11-01",
    "comp_id": 1
}
[2026-01-05 14:43:56] [DEBUG] getItemLatestSaleDate START: {
    "item_code": "SCMBR0018149",
    "comp_id": 1
}
[2026-01-05 14:43:56] [DEBUG] No previous sales found for item: SCMBR0018149
[2026-01-05 14:43:56] [DEBUG] getDryDaysForDateRange START: {
    "start_date": "2025-11-01",
    "end_date": "2025-11-01"
}
[2026-01-05 14:43:56] [ERROR] Error getting dry days: {
    "error": "Unknown column 'DRY_DATE' in 'field list'",
    "trace": "#0 C:\\xampp\\htdocs\\Winesoft\\public\\sale_for_date_range.php(437): mysqli->prepare('SELECT DRY_DATE...')\n#1 C:\\xampp\\htdocs\\Winesoft\\public\\sale_for_date_range.php(481): getDryDaysForDateRange(Object(mysqli), '2025-11-01', '2025-11-01')\n#2 C:\\xampp\\htdocs\\Winesoft\\public\\sale_for_date_range.php(1758): getItemDateAvailability(Object(mysqli), 'SCMBR0018149', '2025-11-01', '2025-11-01', 1)\n#3 {main}"
}
[2026-01-05 14:43:56] [DEBUG] Processing date availability: {
    "total_dates": 1,
    "latest_sale_date": null,
    "dry_days_count": 0
}
[2026-01-05 14:43:56] [DEBUG] Date availability result: {
    "item_code": "SCMBR0018149",
    "result": {
        "available_dates": {
            "2025-11-01": true
        },
        "blocked_dates": [],
        "latest_sale_date": null,
        "total_dates": 1,
        "available_count": 1,
        "blocked_count": 0
    }
}
[2026-01-05 14:43:56] [DEBUG] Calculating date availability for item: SCMBR0009846
[2026-01-05 14:43:56] [DEBUG] getItemDateAvailability START: {
    "item_code": "SCMBR0009846",
    "start_date": "2025-11-01",
    "end_date": "2025-11-01",
    "comp_id": 1
}
[2026-01-05 14:43:56] [DEBUG] getItemLatestSaleDate START: {
    "item_code": "SCMBR0009846",
    "comp_id": 1
}
[2026-01-05 14:43:56] [DEBUG] No previous sales found for item: SCMBR0009846
[2026-01-05 14:43:56] [DEBUG] getDryDaysForDateRange START: {
    "start_date": "2025-11-01",
    "end_date": "2025-11-01"
}
[2026-01-05 14:43:56] [ERROR] Error getting dry days: {
    "error": "Unknown column 'DRY_DATE' in 'field list'",
    "trace": "#0 C:\\xampp\\htdocs\\Winesoft\\public\\sale_for_date_range.php(437): mysqli->prepare('SELECT DRY_DATE...')\n#1 C:\\xampp\\htdocs\\Winesoft\\public\\sale_for_date_range.php(481): getDryDaysForDateRange(Object(mysqli), '2025-11-01', '2025-11-01')\n#2 C:\\xampp\\htdocs\\Winesoft\\public\\sale_for_date_range.php(1758): getItemDateAvailability(Object(mysqli), 'SCMBR0009846', '2025-11-01', '2025-11-01', 1)\n#3 {main}"
}
[2026-01-05 14:43:56] [DEBUG] Processing date availability: {
    "total_dates": 1,
    "latest_sale_date": null,
    "dry_days_count": 0
}
[2026-01-05 14:43:56] [DEBUG] Date availability result: {
    "item_code": "SCMBR0009846",
    "result": {
        "available_dates": {
            "2025-11-01": true
        },
        "blocked_dates": [],
        "latest_sale_date": null,
        "total_dates": 1,
        "available_count": 1,
        "blocked_count": 0
    }
}
[2026-01-05 14:43:56] [DEBUG] Calculating date availability for item: SCMBR0018627
[2026-01-05 14:43:56] [DEBUG] getItemDateAvailability START: {
    "item_code": "SCMBR0018627",
    "start_date": "2025-11-01",
    "end_date": "2025-11-01",
    "comp_id": 1
}
[2026-01-05 14:43:56] [DEBUG] getItemLatestSaleDate START: {
    "item_code": "SCMBR0018627",
    "comp_id": 1
}
[2026-01-05 14:43:56] [DEBUG] No previous sales found for item: SCMBR0018627
[2026-01-05 14:43:56] [DEBUG] getDryDaysForDateRange START: {
    "start_date": "2025-11-01",
    "end_date": "2025-11-01"
}
[2026-01-05 14:43:56] [ERROR] Error getting dry days: {
    "error": "Unknown column 'DRY_DATE' in 'field list'",
    "trace": "#0 C:\\xampp\\htdocs\\Winesoft\\public\\sale_for_date_range.php(437): mysqli->prepare('SELECT DRY_DATE...')\n#1 C:\\xampp\\htdocs\\Winesoft\\public\\sale_for_date_range.php(481): getDryDaysForDateRange(Object(mysqli), '2025-11-01', '2025-11-01')\n#2 C:\\xampp\\htdocs\\Winesoft\\public\\sale_for_date_range.php(1758): getItemDateAvailability(Object(mysqli), 'SCMBR0018627', '2025-11-01', '2025-11-01', 1)\n#3 {main}"
}
[2026-01-05 14:43:56] [DEBUG] Processing date availability: {
    "total_dates": 1,
    "latest_sale_date": null,
    "dry_days_count": 0
}
[2026-01-05 14:43:56] [DEBUG] Date availability result: {
    "item_code": "SCMBR0018627",
    "result": {
        "available_dates": {
            "2025-11-01": true
        },
        "blocked_dates": [],
        "latest_sale_date": null,
        "total_dates": 1,
        "available_count": 1,
        "blocked_count": 0
    }
}
[2026-01-05 14:43:56] [DEBUG] Calculating date availability for item: SCMBR0009847
[2026-01-05 14:43:56] [DEBUG] getItemDateAvailability START: {
    "item_code": "SCMBR0009847",
    "start_date": "2025-11-01",
    "end_date": "2025-11-01",
    "comp_id": 1
}
[2026-01-05 14:43:56] [DEBUG] getItemLatestSaleDate START: {
    "item_code": "SCMBR0009847",
    "comp_id": 1
}
[2026-01-05 14:43:56] [DEBUG] No previous sales found for item: SCMBR0009847
[2026-01-05 14:43:56] [DEBUG] getDryDaysForDateRange START: {
    "start_date": "2025-11-01",
    "end_date": "2025-11-01"
}
[2026-01-05 14:43:56] [ERROR] Error getting dry days: {
    "error": "Unknown column 'DRY_DATE' in 'field list'",
    "trace": "#0 C:\\xampp\\htdocs\\Winesoft\\public\\sale_for_date_range.php(437): mysqli->prepare('SELECT DRY_DATE...')\n#1 C:\\xampp\\htdocs\\Winesoft\\public\\sale_for_date_range.php(481): getDryDaysForDateRange(Object(mysqli), '2025-11-01', '2025-11-01')\n#2 C:\\xampp\\htdocs\\Winesoft\\public\\sale_for_date_range.php(1758): getItemDateAvailability(Object(mysqli), 'SCMBR0009847', '2025-11-01', '2025-11-01', 1)\n#3 {main}"
}
[2026-01-05 14:43:56] [DEBUG] Processing date availability: {
    "total_dates": 1,
    "latest_sale_date": null,
    "dry_days_count": 0
}
[2026-01-05 14:43:56] [DEBUG] Date availability result: {
    "item_code": "SCMBR0009847",
    "result": {
        "available_dates": {
            "2025-11-01": true
        },
        "blocked_dates": [],
        "latest_sale_date": null,
        "total_dates": 1,
        "available_count": 1,
        "blocked_count": 0
    }
}
[2026-01-05 14:43:56] [DEBUG] Calculating date availability for item: SCMBR0018619
[2026-01-05 14:43:56] [DEBUG] getItemDateAvailability START: {
    "item_code": "SCMBR0018619",
    "start_date": "2025-11-01",
    "end_date": "2025-11-01",
    "comp_id": 1
}
[2026-01-05 14:43:56] [DEBUG] getItemLatestSaleDate START: {
    "item_code": "SCMBR0018619",
    "comp_id": 1
}
[2026-01-05 14:43:56] [DEBUG] No previous sales found for item: SCMBR0018619
[2026-01-05 14:43:56] [DEBUG] getDryDaysForDateRange START: {
    "start_date": "2025-11-01",
    "end_date": "2025-11-01"
}
[2026-01-05 14:43:56] [ERROR] Error getting dry days: {
    "error": "Unknown column 'DRY_DATE' in 'field list'",
    "trace": "#0 C:\\xampp\\htdocs\\Winesoft\\public\\sale_for_date_range.php(437): mysqli->prepare('SELECT DRY_DATE...')\n#1 C:\\xampp\\htdocs\\Winesoft\\public\\sale_for_date_range.php(481): getDryDaysForDateRange(Object(mysqli), '2025-11-01', '2025-11-01')\n#2 C:\\xampp\\htdocs\\Winesoft\\public\\sale_for_date_range.php(1758): getItemDateAvailability(Object(mysqli), 'SCMBR0018619', '2025-11-01', '2025-11-01', 1)\n#3 {main}"
}
[2026-01-05 14:43:56] [DEBUG] Processing date availability: {
    "total_dates": 1,
    "latest_sale_date": null,
    "dry_days_count": 0
}
[2026-01-05 14:43:56] [DEBUG] Date availability result: {
    "item_code": "SCMBR0018619",
    "result": {
        "available_dates": {
            "2025-11-01": true
        },
        "blocked_dates": [],
        "latest_sale_date": null,
        "total_dates": 1,
        "available_count": 1,
        "blocked_count": 0
    }
}
[2026-01-05 14:43:56] [INFO] Date availability summary: {
    "fully_available": 50,
    "partially_available": 0,
    "not_available": 0
}
[2026-01-05 14:43:56] [INFO] All items data loaded: {
    "all_items_count": 108
}
[2026-01-05 14:43:56] [INFO] Database connection closed
