[2026-02-05 12:55:21] [INFO] === PAGE ACCESS ===
[2026-02-05 12:55:21] [INFO] Request method: GET
[2026-02-05 12:55:21] [INFO] Search term: ''
[2026-02-05 12:55:21] [INFO] Current session ID: b73btt0ftu14gi6uihr25fq97m
[2026-02-05 12:55:22] [INFO] Final session closing balances count: 0
[2026-02-05 12:55:22] [INFO] Items in current view: 0
[2026-02-05 12:55:22] [INFO] Closing Stock Page Load Debug Info:
Array
(
    [total_items] => 0
    [current_page] => 1
    [total_pages] => 0
    [session_closing_balances_count] => 0
    [post_closing_balances_count] => 0
    [date_range] => 2026-02-05 to 2026-02-05
    [days_count] => 1
    [user_id] => 1
    [comp_id] => 1
    [license_type] => FL-II
    [allowed_classes] => Array
        (
            [0] => W
            [1] => V
            [2] => M
            [3] => F
            [4] => D
            [5] => K
            [6] => G
            [7] => R
            [8] => O
        )

    [end_date_day] => 05
    [closing_column] => DAY_05_CLOSING
    [end_date_month] => 2026-02
    [stock_filter] => > 0
    [daily_stock_table] => tbldailystock_1
    [table_suffix] => 
    [current_month] => 2026-02
)

[2026-02-05 13:01:31] [INFO] === PAGE ACCESS ===
[2026-02-05 13:01:31] [INFO] Request method: GET
[2026-02-05 13:01:31] [INFO] Search term: ''
[2026-02-05 13:01:31] [INFO] Current session ID: b73btt0ftu14gi6uihr25fq97m
[2026-02-05 13:01:31] [INFO] Final session closing balances count: 0
[2026-02-05 13:01:31] [INFO] Items in current view: 0
[2026-02-05 13:01:31] [INFO] Closing Stock Page Load Debug Info:
Array
(
    [total_items] => 0
    [current_page] => 1
    [total_pages] => 0
    [session_closing_balances_count] => 0
    [post_closing_balances_count] => 0
    [date_range] => 2026-02-05 to 2026-02-05
    [days_count] => 1
    [user_id] => 1
    [comp_id] => 1
    [license_type] => FL-II
    [allowed_classes] => Array
        (
            [0] => W
            [1] => V
            [2] => M
            [3] => F
            [4] => D
            [5] => K
            [6] => G
            [7] => R
            [8] => O
        )

    [end_date_day] => 05
    [closing_column] => DAY_05_CLOSING
    [end_date_month] => 2026-02
    [stock_filter] => > 0
    [daily_stock_table] => tbldailystock_1
    [table_suffix] => 
    [current_month] => 2026-02
)

[2026-02-05 13:14:53] [INFO] === PAGE ACCESS ===
[2026-02-05 13:14:53] [INFO] Request method: GET
[2026-02-05 13:14:53] [INFO] Search term: ''
[2026-02-05 13:14:53] [INFO] Current session ID: b73btt0ftu14gi6uihr25fq97m
[2026-02-05 13:14:53] [INFO] Final session closing balances count: 0
[2026-02-05 13:14:53] [INFO] Items in current view: 50
[2026-02-05 13:14:53] [INFO] Closing Stock Page Load Debug Info:
Array
(
    [total_items] => 4693
    [current_page] => 1
    [total_pages] => 94
    [session_closing_balances_count] => 0
    [post_closing_balances_count] => 0
    [date_range] => 2026-02-05 to 2026-02-05
    [days_count] => 1
    [user_id] => 1
    [comp_id] => 1
    [license_type] => FL-II
    [allowed_classes] => Array
        (
            [0] => W
            [1] => V
            [2] => M
            [3] => F
            [4] => D
            [5] => K
            [6] => G
            [7] => R
            [8] => O
        )

    [end_date_day] => 05
    [closing_column] => DAY_05_CLOSING
    [end_date_month] => 2026-02
    [stock_filter] => > 0
    [daily_stock_table] => tbldailystock_1
    [table_suffix] => 
    [current_month] => 2026-02
)

[2026-02-05 13:15:01] [INFO] === PAGE ACCESS ===
[2026-02-05 13:15:01] [INFO] Request method: GET
[2026-02-05 13:15:01] [INFO] Search term: 'SCMPL0010696'
[2026-02-05 13:15:01] [INFO] Current session ID: b73btt0ftu14gi6uihr25fq97m
[2026-02-05 13:15:02] [INFO] Final session closing balances count: 0
[2026-02-05 13:15:02] [INFO] Items in current view: 1
[2026-02-05 13:15:02] [INFO] Closing Stock Page Load Debug Info:
Array
(
    [total_items] => 1
    [current_page] => 1
    [total_pages] => 1
    [session_closing_balances_count] => 0
    [post_closing_balances_count] => 0
    [date_range] => 2026-02-05 to 2026-02-05
    [days_count] => 1
    [user_id] => 1
    [comp_id] => 1
    [license_type] => FL-II
    [allowed_classes] => Array
        (
            [0] => W
            [1] => V
            [2] => M
            [3] => F
            [4] => D
            [5] => K
            [6] => G
            [7] => R
            [8] => O
        )

    [end_date_day] => 05
    [closing_column] => DAY_05_CLOSING
    [end_date_month] => 2026-02
    [stock_filter] => > 0
    [daily_stock_table] => tbldailystock_1
    [table_suffix] => 
    [current_month] => 2026-02
)

[2026-02-05 13:15:44] [INFO] === PAGE ACCESS ===
[2026-02-05 13:15:44] [INFO] Request method: GET
[2026-02-05 13:15:44] [INFO] Search term: 'SCMPL0010696'
[2026-02-05 13:15:44] [INFO] Current session ID: b73btt0ftu14gi6uihr25fq97m
[2026-02-05 13:15:44] [INFO] Final session closing balances count: 0
[2026-02-05 13:15:44] [INFO] Items in current view: 1
[2026-02-05 13:15:44] [INFO] Closing Stock Page Load Debug Info:
Array
(
    [total_items] => 1
    [current_page] => 1
    [total_pages] => 1
    [session_closing_balances_count] => 0
    [post_closing_balances_count] => 0
    [date_range] => 2026-02-01 to 2026-02-05
    [days_count] => 5
    [user_id] => 1
    [comp_id] => 1
    [license_type] => FL-II
    [allowed_classes] => Array
        (
            [0] => W
            [1] => V
            [2] => M
            [3] => F
            [4] => D
            [5] => K
            [6] => G
            [7] => R
            [8] => O
        )

    [end_date_day] => 05
    [closing_column] => DAY_05_CLOSING
    [end_date_month] => 2026-02
    [stock_filter] => > 0
    [daily_stock_table] => tbldailystock_1
    [table_suffix] => 
    [current_month] => 2026-02
)

[2026-02-05 13:15:53] [INFO] === PAGE ACCESS ===
[2026-02-05 13:15:53] [INFO] Request method: GET
[2026-02-05 13:15:53] [INFO] Search term: 'SCMPL0010696'
[2026-02-05 13:15:53] [INFO] Current session ID: b73btt0ftu14gi6uihr25fq97m
[2026-02-05 13:15:53] [INFO] Final session closing balances count: 0
[2026-02-05 13:15:53] [INFO] Items in current view: 1
[2026-02-05 13:15:53] [INFO] Closing Stock Page Load Debug Info:
Array
(
    [total_items] => 1
    [current_page] => 1
    [total_pages] => 1
    [session_closing_balances_count] => 0
    [post_closing_balances_count] => 0
    [date_range] => 2026-02-01 to 2026-02-02
    [days_count] => 2
    [user_id] => 1
    [comp_id] => 1
    [license_type] => FL-II
    [allowed_classes] => Array
        (
            [0] => W
            [1] => V
            [2] => M
            [3] => F
            [4] => D
            [5] => K
            [6] => G
            [7] => R
            [8] => O
        )

    [end_date_day] => 02
    [closing_column] => DAY_02_CLOSING
    [end_date_month] => 2026-02
    [stock_filter] => > 0
    [daily_stock_table] => tbldailystock_1
    [table_suffix] => 
    [current_month] => 2026-02
)

[2026-02-05 13:46:28] [INFO] === PAGE ACCESS ===
[2026-02-05 13:46:28] [INFO] Request method: GET
[2026-02-05 13:46:28] [INFO] Search term: ''
[2026-02-05 13:46:28] [INFO] Current session ID: b73btt0ftu14gi6uihr25fq97m
[2026-02-05 13:46:29] [INFO] Final session closing balances count: 0
[2026-02-05 13:46:29] [INFO] Items in current view: 50
[2026-02-05 13:46:29] [INFO] Closing Stock Page Load Debug Info:
Array
(
    [total_items] => 108
    [current_page] => 1
    [total_pages] => 3
    [session_closing_balances_count] => 0
    [post_closing_balances_count] => 0
    [date_range] => 2026-02-05 to 2026-02-05
    [days_count] => 1
    [user_id] => 1
    [comp_id] => 1
    [license_type] => FL-II
    [allowed_classes] => Array
        (
            [0] => W
            [1] => V
            [2] => M
            [3] => F
            [4] => D
            [5] => K
            [6] => G
            [7] => R
            [8] => O
        )

    [end_date_day] => 05
    [closing_column] => DAY_05_CLOSING
    [end_date_month] => 2026-02
    [stock_filter] => > 0
    [daily_stock_table] => tbldailystock_1
    [table_suffix] => 
    [current_month] => 2026-02
)

