[2026-01-04 15:57:04] [INFO] === BILL GENERATION STEP: DATE_SELECTION ===
start_date: 2026-01-04
end_date: 2026-01-04
comp_id: 1
mode: F
sequence_type: user_defined
search: 

[2026-01-04 15:57:04] [INFO] === BILL GENERATION STEP: TABLE_SELECTION ===
end_date: 2026-01-04
end_day: 04
end_day_column: DAY_04_CLOSING
daily_stock_table: tbldailystock_1
table_exists: YES

[2026-01-04 15:57:04] [INFO] === BILL GENERATION STEP: ITEMS_LOADED ===
total_items: 108
items_on_page: 50
current_page: 1
items_per_page: 50

[2026-01-04 15:57:04] [INFO] === BILL GENERATION STEP: AVAILABILITY_CHECK ===
date_range: 2026-01-04 to 2026-01-04
days_count: 1
fully_available: 50
partially_available: 0
not_available: 0

[2026-01-04 15:57:04] [INFO] Sales by Closing Balance Page Load Debug Info:
Array
(
    [total_items] => 108
    [current_page] => 1
    [total_pages] => 3
    [session_quantities_count] => 1
    [post_quantities_count] => 0
    [date_range] => 2026-01-04 to 2026-01-04
    [days_count] => 1
    [user_id] => 1
    [comp_id] => 1
    [license_type] => FL-II
    [allowed_classes] => Array
        (
            [0] => W
            [1] => V
            [2] => G
            [3] => F
            [4] => D
            [5] => K
            [6] => R
            [7] => L
            [8] => M
            [9] => I
            [10] => Q
        )

    [end_day_column] => DAY_04_CLOSING
    [daily_stock_table] => tbldailystock_1
    [table_exists] => 1
    [availability_summary] => Array
        (
            [fully_available] => 50
            [partially_available] => 0
            [not_available] => 0
            [total_items] => 50
        )

)

[2026-01-04 15:58:05] [INFO] === BILL GENERATION STEP: DATE_SELECTION ===
start_date: 2026-01-04
end_date: 2026-01-04
comp_id: 1
mode: F
sequence_type: user_defined
search: 

[2026-01-04 15:58:05] [INFO] === BILL GENERATION STEP: TABLE_SELECTION ===
end_date: 2026-01-04
end_day: 04
end_day_column: DAY_04_CLOSING
daily_stock_table: tbldailystock_1
table_exists: YES

[2026-01-04 15:58:05] [INFO] === BILL GENERATION STEP: ITEMS_LOADED ===
total_items: 108
items_on_page: 50
current_page: 1
items_per_page: 50

[2026-01-04 15:58:06] [INFO] === BILL GENERATION STEP: AVAILABILITY_CHECK ===
date_range: 2026-01-04 to 2026-01-04
days_count: 1
fully_available: 50
partially_available: 0
not_available: 0

[2026-01-04 15:58:06] [INFO] Sales by Closing Balance Page Load Debug Info:
Array
(
    [total_items] => 108
    [current_page] => 1
    [total_pages] => 3
    [session_quantities_count] => 1
    [post_quantities_count] => 0
    [date_range] => 2026-01-04 to 2026-01-04
    [days_count] => 1
    [user_id] => 1
    [comp_id] => 1
    [license_type] => FL-II
    [allowed_classes] => Array
        (
            [0] => W
            [1] => V
            [2] => G
            [3] => F
            [4] => D
            [5] => K
            [6] => R
            [7] => L
            [8] => M
            [9] => I
            [10] => Q
        )

    [end_day_column] => DAY_04_CLOSING
    [daily_stock_table] => tbldailystock_1
    [table_exists] => 1
    [availability_summary] => Array
        (
            [fully_available] => 50
            [partially_available] => 0
            [not_available] => 0
            [total_items] => 50
        )

)

[2026-01-04 15:58:11] [INFO] === BILL GENERATION STEP: DATE_SELECTION ===
start_date: 2026-01-04
end_date: 2026-01-04
comp_id: 1
mode: F
sequence_type: user_defined
search: 

[2026-01-04 15:58:11] [INFO] === BILL GENERATION STEP: TABLE_SELECTION ===
end_date: 2026-01-04
end_day: 04
end_day_column: DAY_04_CLOSING
daily_stock_table: tbldailystock_1
table_exists: YES

[2026-01-04 15:58:11] [INFO] === BILL GENERATION STEP: ITEMS_LOADED ===
total_items: 108
items_on_page: 50
current_page: 1
items_per_page: 50

[2026-01-04 15:58:11] [INFO] === BILL GENERATION STEP: AVAILABILITY_CHECK ===
date_range: 2026-01-04 to 2026-01-04
days_count: 1
fully_available: 50
partially_available: 0
not_available: 0

[2026-01-04 15:58:11] [INFO] Sales by Closing Balance Page Load Debug Info:
Array
(
    [total_items] => 108
    [current_page] => 1
    [total_pages] => 3
    [session_quantities_count] => 1
    [post_quantities_count] => 0
    [date_range] => 2026-01-04 to 2026-01-04
    [days_count] => 1
    [user_id] => 1
    [comp_id] => 1
    [license_type] => FL-II
    [allowed_classes] => Array
        (
            [0] => W
            [1] => V
            [2] => G
            [3] => F
            [4] => D
            [5] => K
            [6] => R
            [7] => L
            [8] => M
            [9] => I
            [10] => Q
        )

    [end_day_column] => DAY_04_CLOSING
    [daily_stock_table] => tbldailystock_1
    [table_exists] => 1
    [availability_summary] => Array
        (
            [fully_available] => 50
            [partially_available] => 0
            [not_available] => 0
            [total_items] => 50
        )

)

[2026-01-04 15:58:25] [INFO] === BILL GENERATION STEP: DATE_SELECTION ===
start_date: 2025-11-01
end_date: 2025-11-01
comp_id: 1
mode: F
sequence_type: user_defined
search: 

[2026-01-04 15:58:25] [INFO] === BILL GENERATION STEP: TABLE_SELECTION ===
end_date: 2025-11-01
end_day: 01
end_day_column: DAY_01_CLOSING
daily_stock_table: tbldailystock_1_11_25
table_exists: YES

[2026-01-04 15:58:25] [INFO] === BILL GENERATION STEP: ITEMS_LOADED ===
total_items: 108
items_on_page: 50
current_page: 1
items_per_page: 50

[2026-01-04 15:58:25] [INFO] === BILL GENERATION STEP: AVAILABILITY_CHECK ===
date_range: 2025-11-01 to 2025-11-01
days_count: 1
fully_available: 50
partially_available: 0
not_available: 0

[2026-01-04 15:58:25] [INFO] Sales by Closing Balance Page Load Debug Info:
Array
(
    [total_items] => 108
    [current_page] => 1
    [total_pages] => 3
    [session_quantities_count] => 1
    [post_quantities_count] => 0
    [date_range] => 2025-11-01 to 2025-11-01
    [days_count] => 1
    [user_id] => 1
    [comp_id] => 1
    [license_type] => FL-II
    [allowed_classes] => Array
        (
            [0] => W
            [1] => V
            [2] => G
            [3] => F
            [4] => D
            [5] => K
            [6] => R
            [7] => L
            [8] => M
            [9] => I
            [10] => Q
        )

    [end_day_column] => DAY_01_CLOSING
    [daily_stock_table] => tbldailystock_1_11_25
    [table_exists] => 1
    [availability_summary] => Array
        (
            [fully_available] => 50
            [partially_available] => 0
            [not_available] => 0
            [total_items] => 50
        )

)

[2026-01-04 16:00:53] [INFO] === BILL GENERATION STEP: DATE_SELECTION ===
start_date: 2025-11-01
end_date: 2025-11-01
comp_id: 1
mode: F
sequence_type: user_defined
search: 

[2026-01-04 16:00:53] [INFO] === BILL GENERATION STEP: TABLE_SELECTION ===
end_date: 2025-11-01
end_day: 01
end_day_column: DAY_01_CLOSING
daily_stock_table: tbldailystock_1_11_25
table_exists: YES

[2026-01-04 16:00:53] [INFO] === BILL GENERATION STEP: ITEMS_LOADED ===
total_items: 108
items_on_page: 50
current_page: 1
items_per_page: 50

[2026-01-04 16:00:53] [INFO] === BILL GENERATION STEP: AVAILABILITY_CHECK ===
date_range: 2025-11-01 to 2025-11-01
days_count: 1
fully_available: 50
partially_available: 0
not_available: 0

[2026-01-04 16:00:53] [INFO] Sales by Closing Balance Page Load Debug Info:
Array
(
    [total_items] => 108
    [current_page] => 1
    [total_pages] => 3
    [session_quantities_count] => 1
    [post_quantities_count] => 0
    [date_range] => 2025-11-01 to 2025-11-01
    [days_count] => 1
    [user_id] => 1
    [comp_id] => 1
    [license_type] => FL-II
    [allowed_classes] => Array
        (
            [0] => W
            [1] => V
            [2] => G
            [3] => F
            [4] => D
            [5] => K
            [6] => R
            [7] => L
            [8] => M
            [9] => I
            [10] => Q
        )

    [end_day_column] => DAY_01_CLOSING
    [daily_stock_table] => tbldailystock_1_11_25
    [table_exists] => 1
    [availability_summary] => Array
        (
            [fully_available] => 50
            [partially_available] => 0
            [not_available] => 0
            [total_items] => 50
        )

)

[2026-01-04 16:37:28] [INFO] === BILL GENERATION STEP: DATE_SELECTION ===
start_date: 2026-01-04
end_date: 2026-01-04
comp_id: 1
mode: F
sequence_type: user_defined
search: 

[2026-01-04 16:37:28] [INFO] === BILL GENERATION STEP: TABLE_SELECTION ===
end_date: 2026-01-04
end_day: 04
end_day_column: DAY_04_CLOSING
daily_stock_table: tbldailystock_1
table_exists: YES

[2026-01-04 16:38:48] [INFO] === BILL GENERATION STEP: DATE_SELECTION ===
start_date: 2026-01-04
end_date: 2026-01-04
comp_id: 1
mode: F
sequence_type: user_defined
search: 

[2026-01-04 16:38:48] [INFO] === BILL GENERATION STEP: TABLE_SELECTION ===
end_date: 2026-01-04
end_day: 04
end_day_column: DAY_04_CLOSING
daily_stock_table: tbldailystock_1
table_exists: YES

[2026-01-04 16:38:48] [INFO] === BILL GENERATION STEP: ITEMS_LOADED ===
total_items: 108
items_on_page: 50
current_page: 1
items_per_page: 50

[2026-01-04 16:38:48] [INFO] === BILL GENERATION STEP: AVAILABILITY_CHECK ===
date_range: 2026-01-04 to 2026-01-04
days_count: 1
fully_available: 50
partially_available: 0
not_available: 0

[2026-01-04 16:38:48] [INFO] Sales by Closing Balance Page Load Debug Info:
Array
(
    [total_items] => 108
    [current_page] => 1
    [total_pages] => 3
    [session_quantities_count] => 2
    [post_quantities_count] => 0
    [date_range] => 2026-01-04 to 2026-01-04
    [days_count] => 1
    [user_id] => 1
    [comp_id] => 1
    [license_type] => FL-II
    [allowed_classes] => Array
        (
            [0] => W
            [1] => V
            [2] => G
            [3] => F
            [4] => D
            [5] => K
            [6] => R
            [7] => L
            [8] => M
            [9] => I
            [10] => Q
        )

    [end_day_column] => DAY_04_CLOSING
    [daily_stock_table] => tbldailystock_1
    [table_exists] => 1
    [availability_summary] => Array
        (
            [fully_available] => 50
            [partially_available] => 0
            [not_available] => 0
            [total_items] => 50
        )

)

[2026-01-04 17:24:48] [INFO] === BILL GENERATION STEP: DATE_SELECTION ===
start_date: 2026-01-04
end_date: 2026-01-04
comp_id: 1
mode: F
sequence_type: user_defined
search: 

[2026-01-04 17:24:48] [INFO] === BILL GENERATION STEP: TABLE_SELECTION ===
end_date: 2026-01-04
end_day: 04
end_day_column: DAY_04_CLOSING
daily_stock_table: tbldailystock_1
table_exists: YES

[2026-01-04 17:24:48] [INFO] === BILL GENERATION STEP: ITEMS_LOADED ===
total_items: 108
items_on_page: 50
current_page: 1
items_per_page: 50

[2026-01-04 17:24:48] [INFO] === BILL GENERATION STEP: AVAILABILITY_CHECK ===
date_range: 2026-01-04 to 2026-01-04
days_count: 1
fully_available: 50
partially_available: 0
not_available: 0

[2026-01-04 17:24:48] [INFO] Sales by Closing Balance Page Load Debug Info:
Array
(
    [total_items] => 108
    [current_page] => 1
    [total_pages] => 3
    [session_quantities_count] => 2
    [post_quantities_count] => 0
    [date_range] => 2026-01-04 to 2026-01-04
    [days_count] => 1
    [user_id] => 1
    [comp_id] => 1
    [license_type] => FL-II
    [allowed_classes] => Array
        (
            [0] => W
            [1] => V
            [2] => G
            [3] => F
            [4] => D
            [5] => K
            [6] => R
            [7] => L
            [8] => M
            [9] => I
            [10] => Q
        )

    [end_day_column] => DAY_04_CLOSING
    [daily_stock_table] => tbldailystock_1
    [table_exists] => 1
    [availability_summary] => Array
        (
            [fully_available] => 50
            [partially_available] => 0
            [not_available] => 0
            [total_items] => 50
        )

)

[2026-01-04 17:25:07] [INFO] === BILL GENERATION STEP: DATE_SELECTION ===
start_date: 2025-11-01
end_date: 2025-11-01
comp_id: 1
mode: F
sequence_type: user_defined
search: 

[2026-01-04 17:25:07] [INFO] === BILL GENERATION STEP: TABLE_SELECTION ===
end_date: 2025-11-01
end_day: 01
end_day_column: DAY_01_CLOSING
daily_stock_table: tbldailystock_1_11_25
table_exists: YES

[2026-01-04 17:25:08] [INFO] === BILL GENERATION STEP: ITEMS_LOADED ===
total_items: 108
items_on_page: 50
current_page: 1
items_per_page: 50

[2026-01-04 17:25:08] [INFO] === BILL GENERATION STEP: AVAILABILITY_CHECK ===
date_range: 2025-11-01 to 2025-11-01
days_count: 1
fully_available: 50
partially_available: 0
not_available: 0

[2026-01-04 17:25:08] [INFO] Sales by Closing Balance Page Load Debug Info:
Array
(
    [total_items] => 108
    [current_page] => 1
    [total_pages] => 3
    [session_quantities_count] => 2
    [post_quantities_count] => 0
    [date_range] => 2025-11-01 to 2025-11-01
    [days_count] => 1
    [user_id] => 1
    [comp_id] => 1
    [license_type] => FL-II
    [allowed_classes] => Array
        (
            [0] => W
            [1] => V
            [2] => G
            [3] => F
            [4] => D
            [5] => K
            [6] => R
            [7] => L
            [8] => M
            [9] => I
            [10] => Q
        )

    [end_day_column] => DAY_01_CLOSING
    [daily_stock_table] => tbldailystock_1_11_25
    [table_exists] => 1
    [availability_summary] => Array
        (
            [fully_available] => 50
            [partially_available] => 0
            [not_available] => 0
            [total_items] => 50
        )

)

