[2026-01-24 16:03:07] [INFO] === PAGE ACCESS ===
[2026-01-24 16:03:07] [INFO] Request method: GET
[2026-01-24 16:03:07] [INFO] Search term: ''
[2026-01-24 16:03:07] [INFO] Current session ID: ivkjs48q57lek4s0bspgqlnd3k
[2026-01-24 16:03:07] [INFO] Final session closing balances count: 0
[2026-01-24 16:03:07] [INFO] Items in current view: 0
[2026-01-24 16:03:07] [INFO] Closing Stock Page Load Debug Info:
Array
(
    [total_items] => 0
    [current_page] => 1
    [total_pages] => 0
    [session_closing_balances_count] => 0
    [post_closing_balances_count] => 0
    [date_range] => 2026-01-24 to 2026-01-24
    [days_count] => 1
    [user_id] => 1
    [comp_id] => 1
    [license_type] => FL-II
    [allowed_classes] => Array
        (
            [0] => W
            [1] => V
            [2] => G
            [3] => F
            [4] => D
            [5] => K
            [6] => R
            [7] => O
            [8] => L
            [9] => O
            [10] => O
            [11] => O
            [12] => O
            [13] => M
            [14] => I
            [15] => Q
        )

    [end_date_day] => 24
    [closing_column] => DAY_24_CLOSING
    [end_date_month] => 2026-01
    [stock_filter] => > 0
    [daily_stock_table] => tbldailystock_1
    [table_suffix] => 
    [current_month] => 2026-01
)

[2026-01-24 16:04:59] [INFO] === PAGE ACCESS ===
[2026-01-24 16:04:59] [INFO] Request method: GET
[2026-01-24 16:04:59] [INFO] Search term: ''
[2026-01-24 16:04:59] [INFO] Current session ID: ivkjs48q57lek4s0bspgqlnd3k
[2026-01-24 16:04:59] [INFO] Final session closing balances count: 0
[2026-01-24 16:04:59] [INFO] Items in current view: 0
[2026-01-24 16:04:59] [INFO] Closing Stock Page Load Debug Info:
Array
(
    [total_items] => 0
    [current_page] => 1
    [total_pages] => 0
    [session_closing_balances_count] => 0
    [post_closing_balances_count] => 0
    [date_range] => 2026-01-24 to 2026-01-24
    [days_count] => 1
    [user_id] => 1
    [comp_id] => 1
    [license_type] => FL-II
    [allowed_classes] => Array
        (
            [0] => W
            [1] => V
            [2] => G
            [3] => F
            [4] => D
            [5] => K
            [6] => R
            [7] => O
            [8] => L
            [9] => O
            [10] => O
            [11] => O
            [12] => O
            [13] => M
            [14] => I
            [15] => Q
        )

    [end_date_day] => 24
    [closing_column] => DAY_24_CLOSING
    [end_date_month] => 2026-01
    [stock_filter] => > 0
    [daily_stock_table] => tbldailystock_1
    [table_suffix] => 
    [current_month] => 2026-01
)

[2026-01-24 16:08:59] [INFO] === PAGE ACCESS ===
[2026-01-24 16:08:59] [INFO] Request method: GET
[2026-01-24 16:08:59] [INFO] Search term: ''
[2026-01-24 16:08:59] [INFO] Current session ID: ivkjs48q57lek4s0bspgqlnd3k
[2026-01-24 16:08:59] [INFO] Final session closing balances count: 0
[2026-01-24 16:08:59] [INFO] Items in current view: 50
[2026-01-24 16:08:59] [INFO] Closing Stock Page Load Debug Info:
Array
(
    [total_items] => 3607
    [current_page] => 1
    [total_pages] => 73
    [session_closing_balances_count] => 0
    [post_closing_balances_count] => 0
    [date_range] => 2026-01-24 to 2026-01-24
    [days_count] => 1
    [user_id] => 1
    [comp_id] => 1
    [license_type] => FL-II
    [allowed_classes] => Array
        (
            [0] => W
            [1] => V
            [2] => G
            [3] => F
            [4] => D
            [5] => K
            [6] => R
            [7] => O
            [8] => L
            [9] => O
            [10] => O
            [11] => O
            [12] => O
            [13] => M
            [14] => I
            [15] => Q
        )

    [end_date_day] => 24
    [closing_column] => DAY_24_CLOSING
    [end_date_month] => 2026-01
    [stock_filter] => > 0
    [daily_stock_table] => tbldailystock_1
    [table_suffix] => 
    [current_month] => 2026-01
)

[2026-01-24 16:09:16] [INFO] === PAGE ACCESS ===
[2026-01-24 16:09:16] [INFO] Request method: POST
[2026-01-24 16:09:16] [INFO] Search term: ''
[2026-01-24 16:09:16] [INFO] Current session ID: ivkjs48q57lek4s0bspgqlnd3k
[2026-01-24 16:09:17] [INFO] Session closing balances updated from POST: 50 items
[2026-01-24 16:09:17] [INFO] Item SCMPL0019028: Distributing 200 across 1 available dates: 2026-01-24
[2026-01-24 16:09:17] [INFO] Item SCMPL0019029: Distributing 200 across 1 available dates: 2026-01-24
[2026-01-24 16:09:17] [INFO] Item SCMPL0019030: Distributing 200 across 1 available dates: 2026-01-24
[2026-01-24 16:09:17] [INFO] Item SCMPL0019031: Distributing 200 across 1 available dates: 2026-01-24
[2026-01-24 16:09:17] [INFO] Item SCMPL0026915: Distributing 200 across 1 available dates: 2026-01-24
[2026-01-24 16:09:17] [INFO] Getting next bill number for CompID: 1
[2026-01-24 16:09:17] [INFO] Next bill number for CompID 1: 1
[2026-01-24 16:09:20] [INFO] Starting optimized cash memo generation for 476 bills
[2026-01-24 16:09:20] [INFO] Cash memo generated for bill: BL0001
[2026-01-24 16:09:20] [INFO] Cash memo generated for bill: BL0002
[2026-01-24 16:09:20] [INFO] Cash memo generated for bill: BL0003
[2026-01-24 16:09:21] [INFO] Cash memo generated for bill: BL0004
[2026-01-24 16:09:21] [INFO] Cash memo generated for bill: BL0005
[2026-01-24 16:09:21] [INFO] Cash memo generated for bill: BL0006
[2026-01-24 16:09:21] [INFO] Cash memo generated for bill: BL0007
[2026-01-24 16:09:21] [INFO] Cash memo generated for bill: BL0008
[2026-01-24 16:09:21] [INFO] Cash memo generated for bill: BL0009
[2026-01-24 16:09:21] [INFO] Cash memo generated for bill: BL0010
[2026-01-24 16:09:21] [INFO] Cash memo generated for bill: BL0011
[2026-01-24 16:09:21] [INFO] Cash memo generated for bill: BL0012
[2026-01-24 16:09:21] [INFO] Cash memo generated for bill: BL0013
[2026-01-24 16:09:21] [INFO] Cash memo generated for bill: BL0014
[2026-01-24 16:09:21] [INFO] Cash memo generated for bill: BL0015
[2026-01-24 16:09:21] [INFO] Cash memo generated for bill: BL0016
[2026-01-24 16:09:21] [INFO] Cash memo generated for bill: BL0017
[2026-01-24 16:09:21] [INFO] Cash memo generated for bill: BL0018
[2026-01-24 16:09:21] [INFO] Cash memo generated for bill: BL0019
[2026-01-24 16:09:21] [INFO] Cash memo generated for bill: BL0020
[2026-01-24 16:09:21] [INFO] Cash memo generated for bill: BL0021
[2026-01-24 16:09:21] [INFO] Cash memo generated for bill: BL0022
[2026-01-24 16:09:21] [INFO] Cash memo generated for bill: BL0023
[2026-01-24 16:09:22] [INFO] Cash memo generated for bill: BL0024
[2026-01-24 16:09:22] [INFO] Cash memo generated for bill: BL0025
[2026-01-24 16:09:22] [INFO] Cash memo generated for bill: BL0026
[2026-01-24 16:09:22] [INFO] Cash memo generated for bill: BL0027
[2026-01-24 16:09:22] [INFO] Cash memo generated for bill: BL0028
[2026-01-24 16:09:22] [INFO] Cash memo generated for bill: BL0029
[2026-01-24 16:09:22] [INFO] Cash memo generated for bill: BL0030
[2026-01-24 16:09:22] [INFO] Cash memo generated for bill: BL0031
[2026-01-24 16:09:22] [INFO] Cash memo generated for bill: BL0032
[2026-01-24 16:09:22] [INFO] Cash memo generated for bill: BL0033
[2026-01-24 16:09:22] [INFO] Cash memo generated for bill: BL0034
[2026-01-24 16:09:22] [INFO] Cash memo generated for bill: BL0035
[2026-01-24 16:09:22] [INFO] Cash memo generated for bill: BL0036
[2026-01-24 16:09:22] [INFO] Cash memo generated for bill: BL0037
[2026-01-24 16:09:22] [INFO] Cash memo generated for bill: BL0038
[2026-01-24 16:09:22] [INFO] Cash memo generated for bill: BL0039
[2026-01-24 16:09:22] [INFO] Cash memo generated for bill: BL0040
[2026-01-24 16:09:22] [INFO] Cash memo generated for bill: BL0041
[2026-01-24 16:09:22] [INFO] Cash memo generated for bill: BL0042
[2026-01-24 16:09:22] [INFO] Cash memo generated for bill: BL0043
[2026-01-24 16:09:23] [INFO] Cash memo generated for bill: BL0044
[2026-01-24 16:09:23] [INFO] Cash memo generated for bill: BL0045
[2026-01-24 16:09:23] [INFO] Cash memo generated for bill: BL0046
[2026-01-24 16:09:23] [INFO] Cash memo generated for bill: BL0047
[2026-01-24 16:09:23] [INFO] Cash memo generated for bill: BL0048
[2026-01-24 16:09:23] [INFO] Cash memo generated for bill: BL0049
[2026-01-24 16:09:23] [INFO] Cash memo generated for bill: BL0050
[2026-01-24 16:09:23] [INFO] Cash memo generated for bill: BL0051
[2026-01-24 16:09:23] [INFO] Cash memo generated for bill: BL0052
[2026-01-24 16:09:23] [INFO] Cash memo generated for bill: BL0053
[2026-01-24 16:09:23] [INFO] Cash memo generated for bill: BL0054
[2026-01-24 16:09:23] [INFO] Cash memo generated for bill: BL0055
[2026-01-24 16:09:23] [INFO] Cash memo generated for bill: BL0056
[2026-01-24 16:09:23] [INFO] Cash memo generated for bill: BL0057
[2026-01-24 16:09:23] [INFO] Cash memo generated for bill: BL0058
[2026-01-24 16:09:23] [INFO] Cash memo generated for bill: BL0059
[2026-01-24 16:09:23] [INFO] Cash memo generated for bill: BL0060
[2026-01-24 16:09:23] [INFO] Cash memo generated for bill: BL0061
[2026-01-24 16:09:23] [INFO] Cash memo generated for bill: BL0062
[2026-01-24 16:09:23] [INFO] Cash memo generated for bill: BL0063
[2026-01-24 16:09:23] [INFO] Cash memo generated for bill: BL0064
[2026-01-24 16:09:24] [INFO] Cash memo generated for bill: BL0065
[2026-01-24 16:09:24] [INFO] Cash memo generated for bill: BL0066
[2026-01-24 16:09:24] [INFO] Cash memo generated for bill: BL0067
[2026-01-24 16:09:24] [INFO] Cash memo generated for bill: BL0068
[2026-01-24 16:09:24] [INFO] Cash memo generated for bill: BL0069
[2026-01-24 16:09:24] [INFO] Cash memo generated for bill: BL0070
[2026-01-24 16:09:24] [INFO] Cash memo generated for bill: BL0071
[2026-01-24 16:09:24] [INFO] Cash memo generated for bill: BL0072
[2026-01-24 16:09:24] [INFO] Cash memo generated for bill: BL0073
[2026-01-24 16:09:24] [INFO] Cash memo generated for bill: BL0074
[2026-01-24 16:09:24] [INFO] Cash memo generated for bill: BL0075
[2026-01-24 16:09:24] [INFO] Cash memo generated for bill: BL0076
[2026-01-24 16:09:24] [INFO] Cash memo generated for bill: BL0077
[2026-01-24 16:09:24] [INFO] Cash memo generated for bill: BL0078
[2026-01-24 16:09:24] [INFO] Cash memo generated for bill: BL0079
[2026-01-24 16:09:24] [INFO] Cash memo generated for bill: BL0080
[2026-01-24 16:09:24] [INFO] Cash memo generated for bill: BL0081
[2026-01-24 16:09:24] [INFO] Cash memo generated for bill: BL0082
[2026-01-24 16:09:24] [INFO] Cash memo generated for bill: BL0083
[2026-01-24 16:09:24] [INFO] Cash memo generated for bill: BL0084
[2026-01-24 16:09:25] [INFO] Cash memo generated for bill: BL0085
[2026-01-24 16:09:25] [INFO] Cash memo generated for bill: BL0086
[2026-01-24 16:09:25] [INFO] Cash memo generated for bill: BL0087
[2026-01-24 16:09:25] [INFO] Cash memo generated for bill: BL0088
[2026-01-24 16:09:25] [INFO] Cash memo generated for bill: BL0089
[2026-01-24 16:09:25] [INFO] Cash memo generated for bill: BL0090
[2026-01-24 16:09:25] [INFO] Cash memo generated for bill: BL0091
[2026-01-24 16:09:25] [INFO] Cash memo generated for bill: BL0092
[2026-01-24 16:09:25] [INFO] Cash memo generated for bill: BL0093
[2026-01-24 16:09:25] [INFO] Cash memo generated for bill: BL0094
[2026-01-24 16:09:25] [INFO] Cash memo generated for bill: BL0095
[2026-01-24 16:09:25] [INFO] Cash memo generated for bill: BL0096
[2026-01-24 16:09:25] [INFO] Cash memo generated for bill: BL0097
[2026-01-24 16:09:25] [INFO] Cash memo generated for bill: BL0098
[2026-01-24 16:09:25] [INFO] Cash memo generated for bill: BL0099
[2026-01-24 16:09:25] [INFO] Cash memo generated for bill: BL0100
[2026-01-24 16:09:25] [INFO] Cash memo generated for bill: BL0101
[2026-01-24 16:09:25] [INFO] Cash memo generated for bill: BL0102
[2026-01-24 16:09:25] [INFO] Cash memo generated for bill: BL0103
[2026-01-24 16:09:25] [INFO] Cash memo generated for bill: BL0104
[2026-01-24 16:09:26] [INFO] Cash memo generated for bill: BL0105
[2026-01-24 16:09:26] [INFO] Cash memo generated for bill: BL0106
[2026-01-24 16:09:26] [INFO] Cash memo generated for bill: BL0107
[2026-01-24 16:09:26] [INFO] Cash memo generated for bill: BL0108
[2026-01-24 16:09:26] [INFO] Cash memo generated for bill: BL0109
[2026-01-24 16:09:26] [INFO] Cash memo generated for bill: BL0110
[2026-01-24 16:09:26] [INFO] Cash memo generated for bill: BL0111
[2026-01-24 16:09:26] [INFO] Cash memo generated for bill: BL0112
[2026-01-24 16:09:26] [INFO] Cash memo generated for bill: BL0113
[2026-01-24 16:09:26] [INFO] Cash memo generated for bill: BL0114
[2026-01-24 16:09:26] [INFO] Cash memo generated for bill: BL0115
[2026-01-24 16:09:26] [INFO] Cash memo generated for bill: BL0116
[2026-01-24 16:09:26] [INFO] Cash memo generated for bill: BL0117
[2026-01-24 16:09:26] [INFO] Cash memo generated for bill: BL0118
[2026-01-24 16:09:26] [INFO] Cash memo generated for bill: BL0119
[2026-01-24 16:09:26] [INFO] Cash memo generated for bill: BL0120
[2026-01-24 16:09:26] [INFO] Cash memo generated for bill: BL0121
[2026-01-24 16:09:26] [INFO] Cash memo generated for bill: BL0122
[2026-01-24 16:09:26] [INFO] Cash memo generated for bill: BL0123
[2026-01-24 16:09:27] [INFO] Cash memo generated for bill: BL0124
[2026-01-24 16:09:27] [INFO] Cash memo generated for bill: BL0125
[2026-01-24 16:09:27] [INFO] Cash memo generated for bill: BL0126
[2026-01-24 16:09:27] [INFO] Cash memo generated for bill: BL0127
[2026-01-24 16:09:27] [INFO] Cash memo generated for bill: BL0128
[2026-01-24 16:09:27] [INFO] Cash memo generated for bill: BL0129
[2026-01-24 16:09:27] [INFO] Cash memo generated for bill: BL0130
[2026-01-24 16:09:27] [INFO] Cash memo generated for bill: BL0131
[2026-01-24 16:09:27] [INFO] Cash memo generated for bill: BL0132
[2026-01-24 16:09:27] [INFO] Cash memo generated for bill: BL0133
[2026-01-24 16:09:27] [INFO] Cash memo generated for bill: BL0134
[2026-01-24 16:09:27] [INFO] Cash memo generated for bill: BL0135
[2026-01-24 16:09:27] [INFO] Cash memo generated for bill: BL0136
[2026-01-24 16:09:27] [INFO] Cash memo generated for bill: BL0137
[2026-01-24 16:09:27] [INFO] Cash memo generated for bill: BL0138
[2026-01-24 16:09:27] [INFO] Cash memo generated for bill: BL0139
[2026-01-24 16:09:27] [INFO] Cash memo generated for bill: BL0140
[2026-01-24 16:09:27] [INFO] Cash memo generated for bill: BL0141
[2026-01-24 16:09:27] [INFO] Cash memo generated for bill: BL0142
[2026-01-24 16:09:28] [INFO] Cash memo generated for bill: BL0143
[2026-01-24 16:09:28] [INFO] Cash memo generated for bill: BL0144
[2026-01-24 16:09:28] [INFO] Cash memo generated for bill: BL0145
[2026-01-24 16:09:28] [INFO] Cash memo generated for bill: BL0146
[2026-01-24 16:09:28] [INFO] Cash memo generated for bill: BL0147
[2026-01-24 16:09:28] [INFO] Cash memo generated for bill: BL0148
[2026-01-24 16:09:28] [INFO] Cash memo generated for bill: BL0149
[2026-01-24 16:09:28] [INFO] Cash memo generated for bill: BL0150
[2026-01-24 16:09:28] [INFO] Cash memo generated for bill: BL0151
[2026-01-24 16:09:28] [INFO] Cash memo generated for bill: BL0152
[2026-01-24 16:09:28] [INFO] Cash memo generated for bill: BL0153
[2026-01-24 16:09:28] [INFO] Cash memo generated for bill: BL0154
[2026-01-24 16:09:28] [INFO] Cash memo generated for bill: BL0155
[2026-01-24 16:09:28] [INFO] Cash memo generated for bill: BL0156
[2026-01-24 16:09:28] [INFO] Cash memo generated for bill: BL0157
[2026-01-24 16:09:28] [INFO] Cash memo generated for bill: BL0158
[2026-01-24 16:09:28] [INFO] Cash memo generated for bill: BL0159
[2026-01-24 16:09:28] [INFO] Cash memo generated for bill: BL0160
[2026-01-24 16:09:28] [INFO] Cash memo generated for bill: BL0161
[2026-01-24 16:09:28] [INFO] Cash memo generated for bill: BL0162
[2026-01-24 16:09:29] [INFO] Cash memo generated for bill: BL0163
[2026-01-24 16:09:29] [INFO] Cash memo generated for bill: BL0164
[2026-01-24 16:09:29] [INFO] Cash memo generated for bill: BL0165
[2026-01-24 16:09:29] [INFO] Cash memo generated for bill: BL0166
[2026-01-24 16:09:29] [INFO] Cash memo generated for bill: BL0167
[2026-01-24 16:09:29] [INFO] Cash memo generated for bill: BL0168
[2026-01-24 16:09:29] [INFO] Cash memo generated for bill: BL0169
[2026-01-24 16:09:29] [INFO] Cash memo generated for bill: BL0170
[2026-01-24 16:09:29] [INFO] Cash memo generated for bill: BL0171
[2026-01-24 16:09:29] [INFO] Cash memo generated for bill: BL0172
[2026-01-24 16:09:29] [INFO] Cash memo generated for bill: BL0173
[2026-01-24 16:09:29] [INFO] Cash memo generated for bill: BL0174
[2026-01-24 16:09:29] [INFO] Cash memo generated for bill: BL0175
[2026-01-24 16:09:29] [INFO] Cash memo generated for bill: BL0176
[2026-01-24 16:09:29] [INFO] Cash memo generated for bill: BL0177
[2026-01-24 16:09:29] [INFO] Cash memo generated for bill: BL0178
[2026-01-24 16:09:29] [INFO] Cash memo generated for bill: BL0179
[2026-01-24 16:09:29] [INFO] Cash memo generated for bill: BL0180
[2026-01-24 16:09:29] [INFO] Cash memo generated for bill: BL0181
[2026-01-24 16:09:29] [INFO] Cash memo generated for bill: BL0182
[2026-01-24 16:09:30] [INFO] Cash memo generated for bill: BL0183
[2026-01-24 16:09:30] [INFO] Cash memo generated for bill: BL0184
[2026-01-24 16:09:30] [INFO] Cash memo generated for bill: BL0185
[2026-01-24 16:09:30] [INFO] Cash memo generated for bill: BL0186
[2026-01-24 16:09:30] [INFO] Cash memo generated for bill: BL0187
[2026-01-24 16:09:30] [INFO] Cash memo generated for bill: BL0188
[2026-01-24 16:09:30] [INFO] Cash memo generated for bill: BL0189
[2026-01-24 16:09:30] [INFO] Cash memo generated for bill: BL0190
[2026-01-24 16:09:30] [INFO] Cash memo generated for bill: BL0191
[2026-01-24 16:09:30] [INFO] Cash memo generated for bill: BL0192
[2026-01-24 16:09:30] [INFO] Cash memo generated for bill: BL0193
[2026-01-24 16:09:30] [INFO] Cash memo generated for bill: BL0194
[2026-01-24 16:09:30] [INFO] Cash memo generated for bill: BL0195
[2026-01-24 16:09:30] [INFO] Cash memo generated for bill: BL0196
[2026-01-24 16:09:30] [INFO] Cash memo generated for bill: BL0197
[2026-01-24 16:09:30] [INFO] Cash memo generated for bill: BL0198
[2026-01-24 16:09:30] [INFO] Cash memo generated for bill: BL0199
[2026-01-24 16:09:30] [INFO] Cash memo generated for bill: BL0200
[2026-01-24 16:09:31] [INFO] Cash memo generated for bill: BL0201
[2026-01-24 16:09:31] [INFO] Cash memo generated for bill: BL0202
[2026-01-24 16:09:31] [INFO] Cash memo generated for bill: BL0203
[2026-01-24 16:09:31] [INFO] Cash memo generated for bill: BL0204
[2026-01-24 16:09:31] [INFO] Cash memo generated for bill: BL0205
[2026-01-24 16:09:31] [INFO] Cash memo generated for bill: BL0206
[2026-01-24 16:09:31] [INFO] Cash memo generated for bill: BL0207
[2026-01-24 16:09:31] [INFO] Cash memo generated for bill: BL0208
[2026-01-24 16:09:31] [INFO] Cash memo generated for bill: BL0209
[2026-01-24 16:09:31] [INFO] Cash memo generated for bill: BL0210
[2026-01-24 16:09:31] [INFO] Cash memo generated for bill: BL0211
[2026-01-24 16:09:31] [INFO] Cash memo generated for bill: BL0212
[2026-01-24 16:09:31] [INFO] Cash memo generated for bill: BL0213
[2026-01-24 16:09:31] [INFO] Cash memo generated for bill: BL0214
[2026-01-24 16:09:31] [INFO] Cash memo generated for bill: BL0215
[2026-01-24 16:09:31] [INFO] Cash memo generated for bill: BL0216
[2026-01-24 16:09:31] [INFO] Cash memo generated for bill: BL0217
[2026-01-24 16:09:31] [INFO] Cash memo generated for bill: BL0218
[2026-01-24 16:09:31] [INFO] Cash memo generated for bill: BL0219
[2026-01-24 16:09:31] [INFO] Cash memo generated for bill: BL0220
[2026-01-24 16:09:32] [INFO] Cash memo generated for bill: BL0221
[2026-01-24 16:09:32] [INFO] Cash memo generated for bill: BL0222
[2026-01-24 16:09:32] [INFO] Cash memo generated for bill: BL0223
[2026-01-24 16:09:32] [INFO] Cash memo generated for bill: BL0224
[2026-01-24 16:09:32] [INFO] Cash memo generated for bill: BL0225
[2026-01-24 16:09:32] [INFO] Cash memo generated for bill: BL0226
[2026-01-24 16:09:32] [INFO] Cash memo generated for bill: BL0227
[2026-01-24 16:09:32] [INFO] Cash memo generated for bill: BL0228
[2026-01-24 16:09:32] [INFO] Cash memo generated for bill: BL0229
[2026-01-24 16:09:32] [INFO] Cash memo generated for bill: BL0230
[2026-01-24 16:09:32] [INFO] Cash memo generated for bill: BL0231
[2026-01-24 16:09:32] [INFO] Cash memo generated for bill: BL0232
[2026-01-24 16:09:32] [INFO] Cash memo generated for bill: BL0233
[2026-01-24 16:09:32] [INFO] Cash memo generated for bill: BL0234
[2026-01-24 16:09:32] [INFO] Cash memo generated for bill: BL0235
[2026-01-24 16:09:32] [INFO] Cash memo generated for bill: BL0236
[2026-01-24 16:09:32] [INFO] Cash memo generated for bill: BL0237
[2026-01-24 16:09:32] [INFO] Cash memo generated for bill: BL0238
[2026-01-24 16:09:32] [INFO] Cash memo generated for bill: BL0239
[2026-01-24 16:09:32] [INFO] Cash memo generated for bill: BL0240
[2026-01-24 16:09:33] [INFO] Cash memo generated for bill: BL0241
[2026-01-24 16:09:33] [INFO] Cash memo generated for bill: BL0242
[2026-01-24 16:09:33] [INFO] Cash memo generated for bill: BL0243
[2026-01-24 16:09:33] [INFO] Cash memo generated for bill: BL0244
[2026-01-24 16:09:33] [INFO] Cash memo generated for bill: BL0245
[2026-01-24 16:09:33] [INFO] Cash memo generated for bill: BL0246
[2026-01-24 16:09:33] [INFO] Cash memo generated for bill: BL0247
[2026-01-24 16:09:33] [INFO] Cash memo generated for bill: BL0248
[2026-01-24 16:09:33] [INFO] Cash memo generated for bill: BL0249
[2026-01-24 16:09:33] [INFO] Cash memo generated for bill: BL0250
[2026-01-24 16:09:33] [INFO] Cash memo generated for bill: BL0251
[2026-01-24 16:09:33] [INFO] Cash memo generated for bill: BL0252
[2026-01-24 16:09:33] [INFO] Cash memo generated for bill: BL0253
[2026-01-24 16:09:33] [INFO] Cash memo generated for bill: BL0254
[2026-01-24 16:09:33] [INFO] Cash memo generated for bill: BL0255
[2026-01-24 16:09:33] [INFO] Cash memo generated for bill: BL0256
[2026-01-24 16:09:33] [INFO] Cash memo generated for bill: BL0257
[2026-01-24 16:09:33] [INFO] Cash memo generated for bill: BL0258
[2026-01-24 16:09:33] [INFO] Cash memo generated for bill: BL0259
[2026-01-24 16:09:33] [INFO] Cash memo generated for bill: BL0260
[2026-01-24 16:09:34] [INFO] Cash memo generated for bill: BL0261
[2026-01-24 16:09:34] [INFO] Cash memo generated for bill: BL0262
[2026-01-24 16:09:34] [INFO] Cash memo generated for bill: BL0263
[2026-01-24 16:09:34] [INFO] Cash memo generated for bill: BL0264
[2026-01-24 16:09:34] [INFO] Cash memo generated for bill: BL0265
[2026-01-24 16:09:34] [INFO] Cash memo generated for bill: BL0266
[2026-01-24 16:09:34] [INFO] Cash memo generated for bill: BL0267
[2026-01-24 16:09:34] [INFO] Cash memo generated for bill: BL0268
[2026-01-24 16:09:34] [INFO] Cash memo generated for bill: BL0269
[2026-01-24 16:09:34] [INFO] Cash memo generated for bill: BL0270
[2026-01-24 16:09:34] [INFO] Cash memo generated for bill: BL0271
[2026-01-24 16:09:34] [INFO] Cash memo generated for bill: BL0272
[2026-01-24 16:09:34] [INFO] Cash memo generated for bill: BL0273
[2026-01-24 16:09:34] [INFO] Cash memo generated for bill: BL0274
[2026-01-24 16:09:34] [INFO] Cash memo generated for bill: BL0275
[2026-01-24 16:09:34] [INFO] Cash memo generated for bill: BL0276
[2026-01-24 16:09:34] [INFO] Cash memo generated for bill: BL0277
[2026-01-24 16:09:34] [INFO] Cash memo generated for bill: BL0278
[2026-01-24 16:09:34] [INFO] Cash memo generated for bill: BL0279
[2026-01-24 16:09:34] [INFO] Cash memo generated for bill: BL0280
[2026-01-24 16:09:35] [INFO] Cash memo generated for bill: BL0281
[2026-01-24 16:09:35] [INFO] Cash memo generated for bill: BL0282
[2026-01-24 16:09:35] [INFO] Cash memo generated for bill: BL0283
[2026-01-24 16:09:35] [INFO] Cash memo generated for bill: BL0284
[2026-01-24 16:09:35] [INFO] Cash memo generated for bill: BL0285
[2026-01-24 16:09:35] [INFO] Cash memo generated for bill: BL0286
[2026-01-24 16:09:35] [INFO] Cash memo generated for bill: BL0287
[2026-01-24 16:09:35] [INFO] Cash memo generated for bill: BL0288
[2026-01-24 16:09:35] [INFO] Cash memo generated for bill: BL0289
[2026-01-24 16:09:35] [INFO] Cash memo generated for bill: BL0290
[2026-01-24 16:09:35] [INFO] Cash memo generated for bill: BL0291
[2026-01-24 16:09:36] [INFO] Cash memo generated for bill: BL0292
[2026-01-24 16:09:36] [INFO] Cash memo generated for bill: BL0293
[2026-01-24 16:09:36] [INFO] Cash memo generated for bill: BL0294
[2026-01-24 16:09:36] [INFO] Cash memo generated for bill: BL0295
[2026-01-24 16:09:36] [INFO] Cash memo generated for bill: BL0296
[2026-01-24 16:09:36] [INFO] Cash memo generated for bill: BL0297
[2026-01-24 16:09:36] [INFO] Cash memo generated for bill: BL0298
[2026-01-24 16:09:36] [INFO] Cash memo generated for bill: BL0299
[2026-01-24 16:09:36] [INFO] Cash memo generated for bill: BL0300
[2026-01-24 16:09:36] [INFO] Cash memo generated for bill: BL0301
[2026-01-24 16:09:36] [INFO] Cash memo generated for bill: BL0302
[2026-01-24 16:09:36] [INFO] Cash memo generated for bill: BL0303
[2026-01-24 16:09:36] [INFO] Cash memo generated for bill: BL0304
[2026-01-24 16:09:36] [INFO] Cash memo generated for bill: BL0305
[2026-01-24 16:09:36] [INFO] Cash memo generated for bill: BL0306
[2026-01-24 16:09:36] [INFO] Cash memo generated for bill: BL0307
[2026-01-24 16:09:36] [INFO] Cash memo generated for bill: BL0308
[2026-01-24 16:09:36] [INFO] Cash memo generated for bill: BL0309
[2026-01-24 16:09:36] [INFO] Cash memo generated for bill: BL0310
[2026-01-24 16:09:37] [INFO] Cash memo generated for bill: BL0311
[2026-01-24 16:09:37] [INFO] Cash memo generated for bill: BL0312
[2026-01-24 16:09:37] [INFO] Cash memo generated for bill: BL0313
[2026-01-24 16:09:37] [INFO] Cash memo generated for bill: BL0314
[2026-01-24 16:09:37] [INFO] Cash memo generated for bill: BL0315
[2026-01-24 16:09:37] [INFO] Cash memo generated for bill: BL0316
[2026-01-24 16:09:37] [INFO] Cash memo generated for bill: BL0317
[2026-01-24 16:09:37] [INFO] Cash memo generated for bill: BL0318
[2026-01-24 16:09:37] [INFO] Cash memo generated for bill: BL0319
[2026-01-24 16:09:37] [INFO] Cash memo generated for bill: BL0320
[2026-01-24 16:09:37] [INFO] Cash memo generated for bill: BL0321
[2026-01-24 16:09:37] [INFO] Cash memo generated for bill: BL0322
[2026-01-24 16:09:37] [INFO] Cash memo generated for bill: BL0323
[2026-01-24 16:09:37] [INFO] Cash memo generated for bill: BL0324
[2026-01-24 16:09:37] [INFO] Cash memo generated for bill: BL0325
[2026-01-24 16:09:37] [INFO] Cash memo generated for bill: BL0326
[2026-01-24 16:09:37] [INFO] Cash memo generated for bill: BL0327
[2026-01-24 16:09:37] [INFO] Cash memo generated for bill: BL0328
[2026-01-24 16:09:37] [INFO] Cash memo generated for bill: BL0329
[2026-01-24 16:09:37] [INFO] Cash memo generated for bill: BL0330
[2026-01-24 16:09:38] [INFO] Cash memo generated for bill: BL0331
[2026-01-24 16:09:38] [INFO] Cash memo generated for bill: BL0332
[2026-01-24 16:09:38] [INFO] Cash memo generated for bill: BL0333
[2026-01-24 16:09:38] [INFO] Cash memo generated for bill: BL0334
[2026-01-24 16:09:38] [INFO] Cash memo generated for bill: BL0335
[2026-01-24 16:09:38] [INFO] Cash memo generated for bill: BL0336
[2026-01-24 16:09:38] [INFO] Cash memo generated for bill: BL0337
[2026-01-24 16:09:38] [INFO] Cash memo generated for bill: BL0338
[2026-01-24 16:09:38] [INFO] Cash memo generated for bill: BL0339
[2026-01-24 16:09:38] [INFO] Cash memo generated for bill: BL0340
[2026-01-24 16:09:38] [INFO] Cash memo generated for bill: BL0341
[2026-01-24 16:09:38] [INFO] Cash memo generated for bill: BL0342
[2026-01-24 16:09:38] [INFO] Cash memo generated for bill: BL0343
[2026-01-24 16:09:38] [INFO] Cash memo generated for bill: BL0344
[2026-01-24 16:09:38] [INFO] Cash memo generated for bill: BL0345
[2026-01-24 16:09:38] [INFO] Cash memo generated for bill: BL0346
[2026-01-24 16:09:38] [INFO] Cash memo generated for bill: BL0347
[2026-01-24 16:09:38] [INFO] Cash memo generated for bill: BL0348
[2026-01-24 16:09:38] [INFO] Cash memo generated for bill: BL0349
[2026-01-24 16:09:38] [INFO] Cash memo generated for bill: BL0350
[2026-01-24 16:09:39] [INFO] Cash memo generated for bill: BL0351
[2026-01-24 16:09:39] [INFO] Cash memo generated for bill: BL0352
[2026-01-24 16:09:39] [INFO] Cash memo generated for bill: BL0353
[2026-01-24 16:09:39] [INFO] Cash memo generated for bill: BL0354
[2026-01-24 16:09:39] [INFO] Cash memo generated for bill: BL0355
[2026-01-24 16:09:39] [INFO] Cash memo generated for bill: BL0356
[2026-01-24 16:09:39] [INFO] Cash memo generated for bill: BL0357
[2026-01-24 16:09:39] [INFO] Cash memo generated for bill: BL0358
[2026-01-24 16:09:39] [INFO] Cash memo generated for bill: BL0359
[2026-01-24 16:09:39] [INFO] Cash memo generated for bill: BL0360
[2026-01-24 16:09:39] [INFO] Cash memo generated for bill: BL0361
[2026-01-24 16:09:39] [INFO] Cash memo generated for bill: BL0362
[2026-01-24 16:09:39] [INFO] Cash memo generated for bill: BL0363
[2026-01-24 16:09:39] [INFO] Cash memo generated for bill: BL0364
[2026-01-24 16:09:39] [INFO] Cash memo generated for bill: BL0365
[2026-01-24 16:09:39] [INFO] Cash memo generated for bill: BL0366
[2026-01-24 16:09:39] [INFO] Cash memo generated for bill: BL0367
[2026-01-24 16:09:39] [INFO] Cash memo generated for bill: BL0368
[2026-01-24 16:09:39] [INFO] Cash memo generated for bill: BL0369
[2026-01-24 16:09:40] [INFO] Cash memo generated for bill: BL0370
[2026-01-24 16:09:40] [INFO] Cash memo generated for bill: BL0371
[2026-01-24 16:09:40] [INFO] Cash memo generated for bill: BL0372
[2026-01-24 16:09:40] [INFO] Cash memo generated for bill: BL0373
[2026-01-24 16:09:40] [INFO] Cash memo generated for bill: BL0374
[2026-01-24 16:09:40] [INFO] Cash memo generated for bill: BL0375
[2026-01-24 16:09:40] [INFO] Cash memo generated for bill: BL0376
[2026-01-24 16:09:40] [INFO] Cash memo generated for bill: BL0377
[2026-01-24 16:09:40] [INFO] Cash memo generated for bill: BL0378
[2026-01-24 16:09:40] [INFO] Cash memo generated for bill: BL0379
[2026-01-24 16:09:40] [INFO] Cash memo generated for bill: BL0380
[2026-01-24 16:09:40] [INFO] Cash memo generated for bill: BL0381
[2026-01-24 16:09:40] [INFO] Cash memo generated for bill: BL0382
[2026-01-24 16:09:40] [INFO] Cash memo generated for bill: BL0383
[2026-01-24 16:09:40] [INFO] Cash memo generated for bill: BL0384
[2026-01-24 16:09:40] [INFO] Cash memo generated for bill: BL0385
[2026-01-24 16:09:40] [INFO] Cash memo generated for bill: BL0386
[2026-01-24 16:09:40] [INFO] Cash memo generated for bill: BL0387
[2026-01-24 16:09:40] [INFO] Cash memo generated for bill: BL0388
[2026-01-24 16:09:41] [INFO] Cash memo generated for bill: BL0389
[2026-01-24 16:09:41] [INFO] Cash memo generated for bill: BL0390
[2026-01-24 16:09:41] [INFO] Cash memo generated for bill: BL0391
[2026-01-24 16:09:41] [INFO] Cash memo generated for bill: BL0392
[2026-01-24 16:09:41] [INFO] Cash memo generated for bill: BL0393
[2026-01-24 16:09:41] [INFO] Cash memo generated for bill: BL0394
[2026-01-24 16:09:41] [INFO] Cash memo generated for bill: BL0395
[2026-01-24 16:09:41] [INFO] Cash memo generated for bill: BL0396
[2026-01-24 16:09:41] [INFO] Cash memo generated for bill: BL0397
[2026-01-24 16:09:41] [INFO] Cash memo generated for bill: BL0398
[2026-01-24 16:09:41] [INFO] Cash memo generated for bill: BL0399
[2026-01-24 16:09:41] [INFO] Cash memo generated for bill: BL0400
[2026-01-24 16:09:41] [INFO] Cash memo generated for bill: BL0401
[2026-01-24 16:09:41] [INFO] Cash memo generated for bill: BL0402
[2026-01-24 16:09:41] [INFO] Cash memo generated for bill: BL0403
[2026-01-24 16:09:41] [INFO] Cash memo generated for bill: BL0404
[2026-01-24 16:09:41] [INFO] Cash memo generated for bill: BL0405
[2026-01-24 16:09:41] [INFO] Cash memo generated for bill: BL0406
[2026-01-24 16:09:42] [INFO] Cash memo generated for bill: BL0407
[2026-01-24 16:09:42] [INFO] Cash memo generated for bill: BL0408
[2026-01-24 16:09:42] [INFO] Cash memo generated for bill: BL0409
[2026-01-24 16:09:42] [INFO] Cash memo generated for bill: BL0410
[2026-01-24 16:09:42] [INFO] Cash memo generated for bill: BL0411
[2026-01-24 16:09:42] [INFO] Cash memo generated for bill: BL0412
[2026-01-24 16:09:42] [INFO] Cash memo generated for bill: BL0413
[2026-01-24 16:09:42] [INFO] Cash memo generated for bill: BL0414
[2026-01-24 16:09:42] [INFO] Cash memo generated for bill: BL0415
[2026-01-24 16:09:42] [INFO] Cash memo generated for bill: BL0416
[2026-01-24 16:09:42] [INFO] Cash memo generated for bill: BL0417
[2026-01-24 16:09:42] [INFO] Cash memo generated for bill: BL0418
[2026-01-24 16:09:42] [INFO] Cash memo generated for bill: BL0419
[2026-01-24 16:09:42] [INFO] Cash memo generated for bill: BL0420
[2026-01-24 16:09:42] [INFO] Cash memo generated for bill: BL0421
[2026-01-24 16:09:42] [INFO] Cash memo generated for bill: BL0422
[2026-01-24 16:09:42] [INFO] Cash memo generated for bill: BL0423
[2026-01-24 16:09:42] [INFO] Cash memo generated for bill: BL0424
[2026-01-24 16:09:42] [INFO] Cash memo generated for bill: BL0425
[2026-01-24 16:09:43] [INFO] Cash memo generated for bill: BL0426
[2026-01-24 16:09:43] [INFO] Cash memo generated for bill: BL0427
[2026-01-24 16:09:43] [INFO] Cash memo generated for bill: BL0428
[2026-01-24 16:09:43] [INFO] Cash memo generated for bill: BL0429
[2026-01-24 16:09:43] [INFO] Cash memo generated for bill: BL0430
[2026-01-24 16:09:43] [INFO] Cash memo generated for bill: BL0431
[2026-01-24 16:09:43] [INFO] Cash memo generated for bill: BL0432
[2026-01-24 16:09:43] [INFO] Cash memo generated for bill: BL0433
[2026-01-24 16:09:43] [INFO] Cash memo generated for bill: BL0434
[2026-01-24 16:09:43] [INFO] Cash memo generated for bill: BL0435
[2026-01-24 16:09:43] [INFO] Cash memo generated for bill: BL0436
[2026-01-24 16:09:43] [INFO] Cash memo generated for bill: BL0437
[2026-01-24 16:09:43] [INFO] Cash memo generated for bill: BL0438
[2026-01-24 16:09:43] [INFO] Cash memo generated for bill: BL0439
[2026-01-24 16:09:43] [INFO] Cash memo generated for bill: BL0440
[2026-01-24 16:09:43] [INFO] Cash memo generated for bill: BL0441
[2026-01-24 16:09:43] [INFO] Cash memo generated for bill: BL0442
[2026-01-24 16:09:43] [INFO] Cash memo generated for bill: BL0443
[2026-01-24 16:09:43] [INFO] Cash memo generated for bill: BL0444
[2026-01-24 16:09:44] [INFO] Cash memo generated for bill: BL0445
[2026-01-24 16:09:44] [INFO] Cash memo generated for bill: BL0446
[2026-01-24 16:09:44] [INFO] Cash memo generated for bill: BL0447
[2026-01-24 16:09:44] [INFO] Cash memo generated for bill: BL0448
[2026-01-24 16:09:44] [INFO] Cash memo generated for bill: BL0449
[2026-01-24 16:09:44] [INFO] Cash memo generated for bill: BL0450
[2026-01-24 16:09:44] [INFO] Cash memo generated for bill: BL0451
[2026-01-24 16:09:44] [INFO] Cash memo generated for bill: BL0452
[2026-01-24 16:09:44] [INFO] Cash memo generated for bill: BL0453
[2026-01-24 16:09:44] [INFO] Cash memo generated for bill: BL0454
[2026-01-24 16:09:44] [INFO] Cash memo generated for bill: BL0455
[2026-01-24 16:09:44] [INFO] Cash memo generated for bill: BL0456
[2026-01-24 16:09:44] [INFO] Cash memo generated for bill: BL0457
[2026-01-24 16:09:44] [INFO] Cash memo generated for bill: BL0458
[2026-01-24 16:09:44] [INFO] Cash memo generated for bill: BL0459
[2026-01-24 16:09:44] [INFO] Cash memo generated for bill: BL0460
[2026-01-24 16:09:44] [INFO] Cash memo generated for bill: BL0461
[2026-01-24 16:09:44] [INFO] Cash memo generated for bill: BL0462
[2026-01-24 16:09:44] [INFO] Cash memo generated for bill: BL0463
[2026-01-24 16:09:44] [INFO] Cash memo generated for bill: BL0464
[2026-01-24 16:09:44] [INFO] Cash memo generated for bill: BL0465
[2026-01-24 16:09:45] [INFO] Cash memo generated for bill: BL0466
[2026-01-24 16:09:45] [INFO] Cash memo generated for bill: BL0467
[2026-01-24 16:09:45] [INFO] Cash memo generated for bill: BL0468
[2026-01-24 16:09:45] [INFO] Cash memo generated for bill: BL0469
[2026-01-24 16:09:45] [INFO] Cash memo generated for bill: BL0470
[2026-01-24 16:09:45] [INFO] Cash memo generated for bill: BL0471
[2026-01-24 16:09:45] [INFO] Cash memo generated for bill: BL0472
[2026-01-24 16:09:45] [INFO] Cash memo generated for bill: BL0473
[2026-01-24 16:09:45] [INFO] Cash memo generated for bill: BL0474
[2026-01-24 16:09:45] [INFO] Cash memo generated for bill: BL0475
[2026-01-24 16:09:45] [INFO] Cash memo generated for bill: BL0476
[2026-01-24 16:09:45] [INFO] Cash memo generation completed: 476 successful, 0 failed
[2026-01-24 16:09:45] [INFO] Session closing balances cleared
[2026-01-24 16:46:38] [INFO] === PAGE ACCESS ===
[2026-01-24 16:46:38] [INFO] Request method: GET
[2026-01-24 16:46:38] [INFO] Search term: ''
[2026-01-24 16:46:38] [INFO] Current session ID: ivkjs48q57lek4s0bspgqlnd3k
[2026-01-24 16:46:38] [INFO] Final session closing balances count: 0
[2026-01-24 16:46:38] [INFO] Items in current view: 50
[2026-01-24 16:46:38] [INFO] Closing Stock Page Load Debug Info:
Array
(
    [total_items] => 108
    [current_page] => 1
    [total_pages] => 3
    [session_closing_balances_count] => 0
    [post_closing_balances_count] => 0
    [date_range] => 2026-01-24 to 2026-01-24
    [days_count] => 1
    [user_id] => 1
    [comp_id] => 1
    [license_type] => FL-II
    [allowed_classes] => Array
        (
            [0] => W
            [1] => V
            [2] => G
            [3] => F
            [4] => D
            [5] => K
            [6] => R
            [7] => O
            [8] => L
            [9] => O
            [10] => O
            [11] => O
            [12] => O
            [13] => M
            [14] => I
            [15] => Q
        )

    [end_date_day] => 24
    [closing_column] => DAY_24_CLOSING
    [end_date_month] => 2026-01
    [stock_filter] => > 0
    [daily_stock_table] => tbldailystock_1
    [table_suffix] => 
    [current_month] => 2026-01
)

[2026-01-24 16:46:57] [INFO] === PAGE ACCESS ===
[2026-01-24 16:46:57] [INFO] Request method: GET
[2026-01-24 16:46:57] [INFO] Search term: ''
[2026-01-24 16:46:57] [INFO] Current session ID: ivkjs48q57lek4s0bspgqlnd3k
[2026-01-24 16:46:57] [INFO] Final session closing balances count: 0
[2026-01-24 16:46:57] [INFO] Items in current view: 0
[2026-01-24 16:46:57] [INFO] Closing Stock Page Load Debug Info:
Array
(
    [total_items] => 0
    [current_page] => 1
    [total_pages] => 0
    [session_closing_balances_count] => 0
    [post_closing_balances_count] => 0
    [date_range] => 2026-01-01 to 2026-01-01
    [days_count] => 1
    [user_id] => 1
    [comp_id] => 1
    [license_type] => FL-II
    [allowed_classes] => Array
        (
            [0] => W
            [1] => V
            [2] => G
            [3] => F
            [4] => D
            [5] => K
            [6] => R
            [7] => O
            [8] => L
            [9] => O
            [10] => O
            [11] => O
            [12] => O
            [13] => M
            [14] => I
            [15] => Q
        )

    [end_date_day] => 01
    [closing_column] => DAY_01_CLOSING
    [end_date_month] => 2026-01
    [stock_filter] => > 0
    [daily_stock_table] => tbldailystock_1
    [table_suffix] => 
    [current_month] => 2026-01
)

[2026-01-24 17:02:24] [INFO] === PAGE ACCESS ===
[2026-01-24 17:02:24] [INFO] Request method: GET
[2026-01-24 17:02:24] [INFO] Search term: ''
[2026-01-24 17:02:24] [INFO] Current session ID: ivkjs48q57lek4s0bspgqlnd3k
[2026-01-24 17:02:25] [INFO] Final session closing balances count: 0
[2026-01-24 17:02:25] [INFO] Items in current view: 50
[2026-01-24 17:02:25] [INFO] Closing Stock Page Load Debug Info:
Array
(
    [total_items] => 108
    [current_page] => 1
    [total_pages] => 3
    [session_closing_balances_count] => 0
    [post_closing_balances_count] => 0
    [date_range] => 2026-01-24 to 2026-01-24
    [days_count] => 1
    [user_id] => 1
    [comp_id] => 1
    [license_type] => FL-II
    [allowed_classes] => Array
        (
            [0] => W
            [1] => V
            [2] => G
            [3] => F
            [4] => D
            [5] => K
            [6] => R
            [7] => O
            [8] => L
            [9] => O
            [10] => O
            [11] => O
            [12] => O
            [13] => M
            [14] => I
            [15] => Q
        )

    [end_date_day] => 24
    [closing_column] => DAY_24_CLOSING
    [end_date_month] => 2026-01
    [stock_filter] => > 0
    [daily_stock_table] => tbldailystock_1
    [table_suffix] => 
    [current_month] => 2026-01
)

[2026-01-24 17:02:34] [INFO] === PAGE ACCESS ===
[2026-01-24 17:02:34] [INFO] Request method: GET
[2026-01-24 17:02:34] [INFO] Search term: ''
[2026-01-24 17:02:34] [INFO] Current session ID: ivkjs48q57lek4s0bspgqlnd3k
[2026-01-24 17:02:34] [INFO] Final session closing balances count: 0
[2026-01-24 17:02:34] [INFO] Items in current view: 50
[2026-01-24 17:02:34] [INFO] Closing Stock Page Load Debug Info:
Array
(
    [total_items] => 108
    [current_page] => 1
    [total_pages] => 3
    [session_closing_balances_count] => 0
    [post_closing_balances_count] => 0
    [date_range] => 2026-01-23 to 2026-01-23
    [days_count] => 1
    [user_id] => 1
    [comp_id] => 1
    [license_type] => FL-II
    [allowed_classes] => Array
        (
            [0] => W
            [1] => V
            [2] => G
            [3] => F
            [4] => D
            [5] => K
            [6] => R
            [7] => O
            [8] => L
            [9] => O
            [10] => O
            [11] => O
            [12] => O
            [13] => M
            [14] => I
            [15] => Q
        )

    [end_date_day] => 23
    [closing_column] => DAY_23_CLOSING
    [end_date_month] => 2026-01
    [stock_filter] => > 0
    [daily_stock_table] => tbldailystock_1
    [table_suffix] => 
    [current_month] => 2026-01
)

[2026-01-24 17:02:49] [INFO] === PAGE ACCESS ===
[2026-01-24 17:02:49] [INFO] Request method: GET
[2026-01-24 17:02:49] [INFO] Search term: ''
[2026-01-24 17:02:49] [INFO] Current session ID: ivkjs48q57lek4s0bspgqlnd3k
[2026-01-24 17:02:50] [INFO] Final session closing balances count: 0
[2026-01-24 17:02:50] [INFO] Items in current view: 50
[2026-01-24 17:02:50] [INFO] Closing Stock Page Load Debug Info:
Array
(
    [total_items] => 108
    [current_page] => 1
    [total_pages] => 3
    [session_closing_balances_count] => 0
    [post_closing_balances_count] => 0
    [date_range] => 2025-11-01 to 2026-01-23
    [days_count] => 84
    [user_id] => 1
    [comp_id] => 1
    [license_type] => FL-II
    [allowed_classes] => Array
        (
            [0] => W
            [1] => V
            [2] => G
            [3] => F
            [4] => D
            [5] => K
            [6] => R
            [7] => O
            [8] => L
            [9] => O
            [10] => O
            [11] => O
            [12] => O
            [13] => M
            [14] => I
            [15] => Q
        )

    [end_date_day] => 23
    [closing_column] => DAY_23_CLOSING
    [end_date_month] => 2026-01
    [stock_filter] => > 0
    [daily_stock_table] => tbldailystock_1
    [table_suffix] => 
    [current_month] => 2026-01
)

