[2026-01-08 14:55:04] [INFO] === CUSTOMER SALES PAGE ACCESS ===
[2026-01-08 14:55:04] [INFO] Request method: GET
[2026-01-08 14:55:24] [INFO] === CUSTOMER SALES PAGE ACCESS ===
[2026-01-08 14:55:24] [INFO] Request method: POST
[2026-01-08 14:55:24] [INFO] Customer selected: ID 162
[2026-01-08 14:55:24] [INFO] === CUSTOMER SALES PAGE ACCESS ===
[2026-01-08 14:55:24] [INFO] Request method: GET
[2026-01-08 15:31:23] [INFO] === CUSTOMER SALES PAGE ACCESS ===
[2026-01-08 15:31:23] [INFO] Request method: GET
[2026-01-08 15:31:24] [INFO] Customer Sales Page Load Debug Info:
Array
(
    [total_items] => 102
    [current_page] => 1
    [total_pages] => 3
    [session_quantities_count] => 0
    [date] => 2026-01-08
    [user_id] => 1
    [comp_id] => 1
    [license_type] => FL-II
    [allowed_classes] => Array
        (
            [0] => W
            [1] => V
            [2] => G
            [3] => F
            [4] => D
            [5] => K
            [6] => R
            [7] => O
            [8] => L
            [9] => O
            [10] => O
            [11] => O
            [12] => O
            [13] => M
            [14] => I
            [15] => Q
        )

    [sale_day] => 08
    [closing_column] => DAY_08_CLOSING
    [sale_month] => 2026-01
    [selected_customer] => 162
)

