[2025-10-03 10:18:32] [INFO] Session quantity updated: SCMPL0019028 = 0
[2025-10-03 10:18:33] [INFO] Session quantity updated: SCMPL0019028 = 0
[2025-10-03 10:18:33] [INFO] Session quantity updated: SCMPL0019028 = 12
[2025-10-03 10:18:34] [INFO] Session quantity updated: SCMPL0019028 = 12
[2025-10-03 10:18:34] [INFO] Session quantity updated: SCMPL0019028 = 12
[2025-10-03 11:25:39] [INFO] === PAGE ACCESS ===
[2025-10-03 11:25:39] [INFO] Request method: GET
[2025-10-03 11:25:39] [INFO] Search term: ''
[2025-10-03 11:25:39] [INFO] Current session ID: 07ajs6t3c6lemkshrbvgca0vse
[2025-10-03 11:25:40] [INFO] Final session quantities count: 0
[2025-10-03 11:25:40] [INFO] Items in current view: 50
[2025-10-03 11:25:40] [INFO] Sales Page Load Debug Info:
Array
(
    [total_items] => 3607
    [current_page] => 1
    [total_pages] => 73
    [session_quantities_count] => 0
    [post_quantities_count] => 0
    [date_range] => 2025-10-03 to 2025-10-03
    [days_count] => 1
    [user_id] => 1
    [comp_id] => 1
)

[2025-10-03 11:25:44] [INFO] Session quantity updated: SCMPL0019028 = 0
[2025-10-03 11:25:44] [INFO] Session quantity updated: SCMPL0019028 = 0
[2025-10-03 11:25:44] [INFO] Session quantity updated: SCMPL0019028 = 0
[2025-10-03 11:25:48] [INFO] Session quantity updated: SCMPL0019028 = 2
[2025-10-03 11:25:48] [INFO] Session quantity updated: SCMPL0019028 = 2
[2025-10-03 11:25:50] [INFO] Session quantity updated: SCMPL0019028 = 2
[2025-10-03 11:26:04] [INFO] === PAGE ACCESS ===
[2025-10-03 11:26:04] [INFO] Request method: GET
[2025-10-03 11:26:04] [INFO] Search term: ''
[2025-10-03 11:26:04] [INFO] Current session ID: 07ajs6t3c6lemkshrbvgca0vse
[2025-10-03 11:26:04] [INFO] Final session quantities count: 1
[2025-10-03 11:26:04] [INFO] Items in current view: 50
[2025-10-03 11:26:04] [INFO] Sales Page Load Debug Info:
Array
(
    [total_items] => 3607
    [current_page] => 1
    [total_pages] => 73
    [session_quantities_count] => 1
    [post_quantities_count] => 0
    [date_range] => 2025-09-19 to 2025-10-23
    [days_count] => 35
    [user_id] => 1
    [comp_id] => 1
)

[2025-10-03 11:26:09] [INFO] === PAGE ACCESS ===
[2025-10-03 11:26:09] [INFO] Request method: POST
[2025-10-03 11:26:09] [INFO] Search term: ''
[2025-10-03 11:26:09] [INFO] Current session ID: 07ajs6t3c6lemkshrbvgca0vse
[2025-10-03 11:26:09] [INFO] Session quantities updated from POST: 1 items
[2025-10-03 11:26:10] [INFO] Getting next bill number
[2025-10-03 11:26:10] [INFO] Next bill number: 4
[2025-10-03 11:26:10] [ERROR] Transaction rolled back: No stock record found for item SCMPL0019028 on date 2025-09-27. Cannot process sale.
[2025-10-03 11:26:10] [INFO] Final session quantities count: 1
[2025-10-03 11:26:10] [INFO] Items in current view: 50
[2025-10-03 11:26:10] [INFO] Sales Page Load Debug Info:
Array
(
    [total_items] => 3607
    [current_page] => 1
    [total_pages] => 73
    [session_quantities_count] => 1
    [post_quantities_count] => 50
    [date_range] => 2025-09-19 to 2025-10-23
    [days_count] => 35
    [user_id] => 1
    [comp_id] => 1
)

[2025-10-03 11:26:37] [INFO] === PAGE ACCESS ===
[2025-10-03 11:26:37] [INFO] Request method: GET
[2025-10-03 11:26:37] [INFO] Search term: ''
[2025-10-03 11:26:37] [INFO] Current session ID: 07ajs6t3c6lemkshrbvgca0vse
[2025-10-03 11:26:37] [INFO] Final session quantities count: 1
[2025-10-03 11:26:37] [INFO] Items in current view: 50
[2025-10-03 11:26:37] [INFO] Sales Page Load Debug Info:
Array
(
    [total_items] => 3607
    [current_page] => 1
    [total_pages] => 73
    [session_quantities_count] => 1
    [post_quantities_count] => 0
    [date_range] => 2025-09-19 to 2025-09-23
    [days_count] => 5
    [user_id] => 1
    [comp_id] => 1
)

[2025-10-03 11:26:47] [INFO] === PAGE ACCESS ===
[2025-10-03 11:26:47] [INFO] Request method: POST
[2025-10-03 11:26:47] [INFO] Search term: ''
[2025-10-03 11:26:47] [INFO] Current session ID: 07ajs6t3c6lemkshrbvgca0vse
[2025-10-03 11:26:47] [INFO] Session quantities updated from POST: 1 items
[2025-10-03 11:26:47] [INFO] Getting next bill number
[2025-10-03 11:26:47] [INFO] Next bill number: 5
[2025-10-03 11:26:47] [ERROR] Transaction rolled back: No stock record found for item SCMPL0019028 on date 2025-09-20. Cannot process sale.
[2025-10-03 11:26:47] [INFO] Final session quantities count: 1
[2025-10-03 11:26:47] [INFO] Items in current view: 50
[2025-10-03 11:26:47] [INFO] Sales Page Load Debug Info:
Array
(
    [total_items] => 3607
    [current_page] => 1
    [total_pages] => 73
    [session_quantities_count] => 1
    [post_quantities_count] => 50
    [date_range] => 2025-09-19 to 2025-09-23
    [days_count] => 5
    [user_id] => 1
    [comp_id] => 1
)

[2025-10-03 11:27:59] [INFO] === PAGE ACCESS ===
[2025-10-03 11:27:59] [INFO] Request method: GET
[2025-10-03 11:27:59] [INFO] Search term: ''
[2025-10-03 11:27:59] [INFO] Current session ID: 07ajs6t3c6lemkshrbvgca0vse
[2025-10-03 11:27:59] [INFO] Final session quantities count: 1
[2025-10-03 11:27:59] [INFO] Items in current view: 50
[2025-10-03 11:27:59] [INFO] Sales Page Load Debug Info:
Array
(
    [total_items] => 3607
    [current_page] => 1
    [total_pages] => 73
    [session_quantities_count] => 1
    [post_quantities_count] => 0
    [date_range] => 2025-10-03 to 2025-10-03
    [days_count] => 1
    [user_id] => 1
    [comp_id] => 1
)

[2025-10-03 11:28:05] [INFO] Saving pending sales for user 1, company 1
[2025-10-03 11:28:05] [INFO] Items to save:
Array
(
    [SCMPL0019028] => 2
)

[2025-10-03 11:28:05] [INFO] Date range spans 1 days: 2025-10-03
[2025-10-03 11:28:05] [INFO] Distributing 2 units across 1 days
[2025-10-03 11:28:05] [INFO] Distribution for 2 units: 2
[2025-10-03 11:28:05] [INFO] Item SCMPL0019028 distribution: 2
[2025-10-03 11:28:05] [INFO] Starting bill generation with volume limits
[2025-10-03 11:28:05] [INFO] Getting category limits for company 1
[2025-10-03 11:28:05] [INFO] Category limits: {"IMFL":"1000.00","BEER":"4000.00","CL":"0.00"}
[2025-10-03 11:28:05] [INFO] Category Limits - IMFL: 1000.00, BEER: 4000.00, CL: 0.00
[2025-10-03 11:28:05] [INFO] Getting next bill number
[2025-10-03 11:28:05] [INFO] Next bill number: 4
[2025-10-03 11:28:05] [INFO] Processing date: 2025-10-03 (index: 0)
[2025-10-03 11:28:05] [INFO] Determining category for item SCMPL0019028, mode: F
[2025-10-03 11:28:05] [INFO] Item SCMPL0019028 - DETAILS2: 90 ML-(96)
[2025-10-03 11:28:05] [INFO] Item SCMPL0019028 categorized as IMFL (Foreign Liquor with ML size)
[2025-10-03 11:28:05] [INFO] Getting size for item SCMPL0019028, mode: F
[2025-10-03 11:28:05] [INFO] Item SCMPL0019028 - Size from DETAILS2: 90ml
[2025-10-03 11:28:05] [INFO] Date 2025-10-03 - Item SCMPL0019028: Qty=2, Size=90ml, Volume=180ml, Category=IMFL
[2025-10-03 11:28:05] [INFO] Date 2025-10-03 - Categories with items: IMFL
[2025-10-03 11:28:05] [INFO] Processing category: IMFL with limit: 1000.00ml
[2025-10-03 11:28:05] [INFO] Items in category: 1
[2025-10-03 11:28:05] [INFO] Sorted items by volume (descending) for category IMFL:
[2025-10-03 11:28:05] [INFO]   - SCMPL0019028: 180ml
[2025-10-03 11:28:05] [INFO] Added SCMPL0019028 (180ml) to bill. Current volume: 180ml
[2025-10-03 11:28:05] [INFO] Category IMFL - Final bill 1: Volume=180ml, Items=1
[2025-10-03 11:28:05] [INFO] Created 1 bills for category IMFL
[2025-10-03 11:28:05] [INFO] Created bill BL4 for date 2025-10-03 with 1 items, total amount: 220
[2025-10-03 11:28:05] [INFO] Total bills created: 1
[2025-10-03 11:28:05] [INFO] Generated 1 bills with volume limits
[2025-10-03 11:28:05] [INFO] Saved 1 bills for later posting. Date range: 2025-10-03 to 2025-10-03. Total Amount: ₹220.00
[2025-10-03 11:28:07] [INFO] === PAGE ACCESS ===
[2025-10-03 11:28:07] [INFO] Request method: GET
[2025-10-03 11:28:07] [INFO] Search term: ''
[2025-10-03 11:28:07] [INFO] Current session ID: 07ajs6t3c6lemkshrbvgca0vse
[2025-10-03 11:28:07] [INFO] Final session quantities count: 0
[2025-10-03 11:28:07] [INFO] Items in current view: 50
[2025-10-03 11:28:07] [INFO] Sales Page Load Debug Info:
Array
(
    [total_items] => 3607
    [current_page] => 1
    [total_pages] => 73
    [session_quantities_count] => 0
    [post_quantities_count] => 0
    [date_range] => 2025-10-03 to 2025-10-03
    [days_count] => 1
    [user_id] => 1
    [comp_id] => 1
)

[2025-10-03 11:28:20] [INFO] === PAGE ACCESS ===
[2025-10-03 11:28:20] [INFO] Request method: GET
[2025-10-03 11:28:20] [INFO] Search term: ''
[2025-10-03 11:28:20] [INFO] Current session ID: 07ajs6t3c6lemkshrbvgca0vse
[2025-10-03 11:28:20] [INFO] Final session quantities count: 0
[2025-10-03 11:28:20] [INFO] Items in current view: 50
[2025-10-03 11:28:20] [INFO] Sales Page Load Debug Info:
Array
(
    [total_items] => 3607
    [current_page] => 1
    [total_pages] => 73
    [session_quantities_count] => 0
    [post_quantities_count] => 0
    [date_range] => 2025-09-21 to 2025-10-23
    [days_count] => 33
    [user_id] => 1
    [comp_id] => 1
)

[2025-10-03 11:28:30] [INFO] === PAGE ACCESS ===
[2025-10-03 11:28:30] [INFO] Request method: GET
[2025-10-03 11:28:30] [INFO] Search term: ''
[2025-10-03 11:28:30] [INFO] Current session ID: 07ajs6t3c6lemkshrbvgca0vse
[2025-10-03 11:28:30] [INFO] Final session quantities count: 0
[2025-10-03 11:28:30] [INFO] Items in current view: 50
[2025-10-03 11:28:30] [INFO] Sales Page Load Debug Info:
Array
(
    [total_items] => 3607
    [current_page] => 1
    [total_pages] => 73
    [session_quantities_count] => 0
    [post_quantities_count] => 0
    [date_range] => 2025-09-21 to 2025-09-23
    [days_count] => 3
    [user_id] => 1
    [comp_id] => 1
)

[2025-10-03 11:28:35] [INFO] Session quantity updated: SCMPL0019028 = 0
[2025-10-03 11:28:35] [INFO] Session quantity updated: SCMPL0019028 = 0
[2025-10-03 11:28:36] [INFO] Session quantity updated: SCMPL0019028 = 4
[2025-10-03 11:28:36] [INFO] Session quantity updated: SCMPL0019028 = 4
[2025-10-03 11:28:38] [INFO] Session quantity updated: SCMPL0019028 = 4
[2025-10-03 11:28:45] [INFO] === PAGE ACCESS ===
[2025-10-03 11:28:45] [INFO] Request method: POST
[2025-10-03 11:28:45] [INFO] Search term: ''
[2025-10-03 11:28:45] [INFO] Current session ID: 07ajs6t3c6lemkshrbvgca0vse
[2025-10-03 11:28:45] [INFO] Session quantities updated from POST: 1 items
[2025-10-03 11:28:45] [INFO] Getting next bill number
[2025-10-03 11:28:45] [INFO] Next bill number: 4
[2025-10-03 11:28:45] [ERROR] Transaction rolled back: No stock record found for item SCMPL0019028 on date 2025-09-21. Cannot process sale.
[2025-10-03 11:28:45] [INFO] Final session quantities count: 1
[2025-10-03 11:28:45] [INFO] Items in current view: 50
[2025-10-03 11:28:45] [INFO] Sales Page Load Debug Info:
Array
(
    [total_items] => 3607
    [current_page] => 1
    [total_pages] => 73
    [session_quantities_count] => 1
    [post_quantities_count] => 50
    [date_range] => 2025-09-21 to 2025-09-23
    [days_count] => 3
    [user_id] => 1
    [comp_id] => 1
)

[2025-10-03 11:39:38] [INFO] === PAGE ACCESS ===
[2025-10-03 11:39:38] [INFO] Request method: GET
[2025-10-03 11:39:38] [INFO] Search term: ''
[2025-10-03 11:39:38] [INFO] Current session ID: 07ajs6t3c6lemkshrbvgca0vse
[2025-10-03 11:39:38] [INFO] Final session quantities count: 1
[2025-10-03 11:39:38] [INFO] Items in current view: 50
[2025-10-03 11:39:38] [INFO] Sales Page Load Debug Info:
Array
(
    [total_items] => 3607
    [current_page] => 1
    [total_pages] => 73
    [session_quantities_count] => 1
    [post_quantities_count] => 0
    [date_range] => 2025-10-03 to 2025-10-03
    [days_count] => 1
    [user_id] => 1
    [comp_id] => 1
)

[2025-10-03 11:39:45] [INFO] Saving pending sales for user 1, company 1
[2025-10-03 11:39:45] [INFO] Items to save:
Array
(
    [SCMPL0019028] => 4
)

[2025-10-03 11:39:45] [INFO] Date range spans 1 days: 2025-10-03
[2025-10-03 11:39:45] [INFO] Distributing 4 units across 1 days
[2025-10-03 11:39:45] [INFO] Distribution for 4 units: 4
[2025-10-03 11:39:45] [INFO] Item SCMPL0019028 distribution: 4
[2025-10-03 11:39:45] [INFO] Starting bill generation with volume limits
[2025-10-03 11:39:45] [INFO] Getting category limits for company 1
[2025-10-03 11:39:45] [INFO] Category limits: {"IMFL":"1000.00","BEER":"4000.00","CL":"0.00"}
[2025-10-03 11:39:45] [INFO] Category Limits - IMFL: 1000.00, BEER: 4000.00, CL: 0.00
[2025-10-03 11:39:45] [INFO] Getting next bill number
[2025-10-03 11:39:45] [INFO] Next bill number: 4
[2025-10-03 11:39:45] [INFO] Processing date: 2025-10-03 (index: 0)
[2025-10-03 11:39:45] [INFO] Determining category for item SCMPL0019028, mode: F
[2025-10-03 11:39:45] [INFO] Item SCMPL0019028 - DETAILS2: 90 ML-(96)
[2025-10-03 11:39:45] [INFO] Item SCMPL0019028 categorized as IMFL (Foreign Liquor with ML size)
[2025-10-03 11:39:45] [INFO] Getting size for item SCMPL0019028, mode: F
[2025-10-03 11:39:45] [INFO] Item SCMPL0019028 - Size from DETAILS2: 90ml
[2025-10-03 11:39:45] [INFO] Date 2025-10-03 - Item SCMPL0019028: Qty=4, Size=90ml, Volume=360ml, Category=IMFL
[2025-10-03 11:39:45] [INFO] Date 2025-10-03 - Categories with items: IMFL
[2025-10-03 11:39:45] [INFO] Processing category: IMFL with limit: 1000.00ml
[2025-10-03 11:39:45] [INFO] Items in category: 1
[2025-10-03 11:39:45] [INFO] Sorted items by volume (descending) for category IMFL:
[2025-10-03 11:39:45] [INFO]   - SCMPL0019028: 360ml
[2025-10-03 11:39:45] [INFO] Added SCMPL0019028 (360ml) to bill. Current volume: 360ml
[2025-10-03 11:39:45] [INFO] Category IMFL - Final bill 1: Volume=360ml, Items=1
[2025-10-03 11:39:45] [INFO] Created 1 bills for category IMFL
[2025-10-03 11:39:45] [INFO] Created bill BL4 for date 2025-10-03 with 1 items, total amount: 440
[2025-10-03 11:39:45] [INFO] Total bills created: 1
[2025-10-03 11:39:45] [INFO] Generated 1 bills with volume limits
[2025-10-03 11:39:45] [INFO] Saved 1 bills for later posting. Date range: 2025-10-03 to 2025-10-03. Total Amount: ₹440.00
[2025-10-03 11:39:47] [INFO] === PAGE ACCESS ===
[2025-10-03 11:39:47] [INFO] Request method: GET
[2025-10-03 11:39:47] [INFO] Search term: ''
[2025-10-03 11:39:47] [INFO] Current session ID: 07ajs6t3c6lemkshrbvgca0vse
[2025-10-03 11:39:47] [INFO] Final session quantities count: 0
[2025-10-03 11:39:47] [INFO] Items in current view: 50
[2025-10-03 11:39:47] [INFO] Sales Page Load Debug Info:
Array
(
    [total_items] => 3607
    [current_page] => 1
    [total_pages] => 73
    [session_quantities_count] => 0
    [post_quantities_count] => 0
    [date_range] => 2025-10-03 to 2025-10-03
    [days_count] => 1
    [user_id] => 1
    [comp_id] => 1
)

[2025-10-03 11:40:12] [INFO] === PAGE ACCESS ===
[2025-10-03 11:40:12] [INFO] Request method: GET
[2025-10-03 11:40:12] [INFO] Search term: ''
[2025-10-03 11:40:12] [INFO] Current session ID: 07ajs6t3c6lemkshrbvgca0vse
[2025-10-03 11:40:12] [INFO] Final session quantities count: 0
[2025-10-03 11:40:12] [INFO] Items in current view: 50
[2025-10-03 11:40:12] [INFO] Sales Page Load Debug Info:
Array
(
    [total_items] => 3607
    [current_page] => 1
    [total_pages] => 73
    [session_quantities_count] => 0
    [post_quantities_count] => 0
    [date_range] => 2025-09-19 to 2025-10-21
    [days_count] => 33
    [user_id] => 1
    [comp_id] => 1
)

[2025-10-03 11:40:14] [INFO] Session quantity updated: SCMPL0019028 = 0
[2025-10-03 11:40:15] [INFO] Session quantity updated: SCMPL0019028 = 2
[2025-10-03 11:40:15] [INFO] Session quantity updated: SCMPL0019028 = 2
[2025-10-03 11:40:16] [INFO] Session quantity updated: SCMPL0019028 = 24
[2025-10-03 11:40:16] [INFO] Session quantity updated: SCMPL0019028 = 24
[2025-10-03 11:40:18] [INFO] Session quantity updated: SCMPL0019028 = 196
[2025-10-03 11:40:18] [INFO] Session quantity updated: SCMPL0019028 = 196
[2025-10-03 11:40:18] [INFO] Session quantity updated: SCMPL0019028 = 19
[2025-10-03 11:40:19] [INFO] Session quantity updated: SCMPL0019028 = 19
[2025-10-03 11:40:19] [INFO] Session quantity updated: SCMPL0019028 = 0
[2025-10-03 11:40:19] [INFO] Session quantity updated: SCMPL0019028 = 0
[2025-10-03 11:40:20] [INFO] Session quantity updated: SCMPL0019028 = 4
[2025-10-03 11:40:20] [INFO] Session quantity updated: SCMPL0019028 = 4
[2025-10-03 11:40:21] [INFO] Session quantity updated: SCMPL0019028 = 4
[2025-10-03 11:40:31] [INFO] === PAGE ACCESS ===
[2025-10-03 11:40:31] [INFO] Request method: GET
[2025-10-03 11:40:31] [INFO] Search term: ''
[2025-10-03 11:40:31] [INFO] Current session ID: 07ajs6t3c6lemkshrbvgca0vse
[2025-10-03 11:40:31] [INFO] Final session quantities count: 1
[2025-10-03 11:40:31] [INFO] Items in current view: 50
[2025-10-03 11:40:31] [INFO] Sales Page Load Debug Info:
Array
(
    [total_items] => 3607
    [current_page] => 1
    [total_pages] => 73
    [session_quantities_count] => 1
    [post_quantities_count] => 0
    [date_range] => 2025-09-19 to 2025-09-21
    [days_count] => 3
    [user_id] => 1
    [comp_id] => 1
)

[2025-10-03 11:40:38] [INFO] === PAGE ACCESS ===
[2025-10-03 11:40:38] [INFO] Request method: POST
[2025-10-03 11:40:38] [INFO] Search term: ''
[2025-10-03 11:40:38] [INFO] Current session ID: 07ajs6t3c6lemkshrbvgca0vse
[2025-10-03 11:40:38] [INFO] Session quantities updated from POST: 1 items
[2025-10-03 11:47:00] [INFO] === PAGE ACCESS ===
[2025-10-03 11:47:00] [INFO] Request method: POST
[2025-10-03 11:47:00] [INFO] Search term: ''
[2025-10-03 11:47:00] [INFO] Current session ID: 07ajs6t3c6lemkshrbvgca0vse
[2025-10-03 11:47:00] [INFO] Session quantities updated from POST: 1 items
[2025-10-03 13:48:57] [INFO] === PAGE ACCESS ===
[2025-10-03 13:48:57] [INFO] Request method: GET
[2025-10-03 13:48:57] [INFO] Search term: ''
[2025-10-03 13:48:57] [INFO] Current session ID: cni7sk797adtjlmba1aqr80cu5
[2025-10-03 13:48:57] [INFO] Final session quantities count: 0
[2025-10-03 13:48:57] [INFO] Items in current view: 50
[2025-10-03 13:48:57] [INFO] Sales Page Load Debug Info:
Array
(
    [total_items] => 3607
    [current_page] => 1
    [total_pages] => 73
    [session_quantities_count] => 0
    [post_quantities_count] => 0
    [date_range] => 2025-10-03 to 2025-10-03
    [days_count] => 1
    [user_id] => 1
    [comp_id] => 1
)

[2025-10-03 13:48:57] [INFO] === PAGE ACCESS ===
[2025-10-03 13:48:57] [INFO] Request method: GET
[2025-10-03 13:48:57] [INFO] Search term: ''
[2025-10-03 13:48:57] [INFO] Current session ID: cni7sk797adtjlmba1aqr80cu5
[2025-10-03 13:48:57] [INFO] Final session quantities count: 0
[2025-10-03 13:48:57] [INFO] Items in current view: 50
[2025-10-03 13:48:57] [INFO] Sales Page Load Debug Info:
Array
(
    [total_items] => 3607
    [current_page] => 1
    [total_pages] => 73
    [session_quantities_count] => 0
    [post_quantities_count] => 0
    [date_range] => 2025-10-03 to 2025-10-03
    [days_count] => 1
    [user_id] => 1
    [comp_id] => 1
)

[2025-10-03 13:49:00] [INFO] Session quantity updated: SCMPL0019028 = 0
[2025-10-03 13:49:00] [INFO] Session quantity updated: SCMPL0019028 = 0
[2025-10-03 13:49:01] [INFO] Session quantity updated: SCMPL0019028 = 1
[2025-10-03 13:49:01] [INFO] Session quantity updated: SCMPL0019028 = 1
[2025-10-03 13:49:02] [INFO] Session quantity updated: SCMPL0019028 = 1
[2025-10-03 13:49:24] [INFO] === PAGE ACCESS ===
[2025-10-03 13:49:24] [INFO] Request method: GET
[2025-10-03 13:49:24] [INFO] Search term: ''
[2025-10-03 13:49:24] [INFO] Current session ID: cni7sk797adtjlmba1aqr80cu5
[2025-10-03 13:49:24] [INFO] Final session quantities count: 1
[2025-10-03 13:49:24] [INFO] Items in current view: 50
[2025-10-03 13:49:24] [INFO] Sales Page Load Debug Info:
Array
(
    [total_items] => 3607
    [current_page] => 1
    [total_pages] => 73
    [session_quantities_count] => 1
    [post_quantities_count] => 0
    [date_range] => 2025-09-16 to 2025-09-18
    [days_count] => 3
    [user_id] => 1
    [comp_id] => 1
)

[2025-10-03 13:49:28] [INFO] Session quantity updated: SCMPL0019028 = 0
[2025-10-03 13:49:28] [INFO] Session quantity updated: SCMPL0019028 = 0
[2025-10-03 13:49:28] [INFO] Session quantity updated: SCMPL0019028 = 2
[2025-10-03 13:49:28] [INFO] Session quantity updated: SCMPL0019028 = 2
[2025-10-03 13:49:30] [INFO] Session quantity updated: SCMPL0019028 = 2
[2025-10-03 13:51:07] [INFO] === PAGE ACCESS ===
[2025-10-03 13:51:07] [INFO] Request method: GET
[2025-10-03 13:51:07] [INFO] Search term: ''
[2025-10-03 13:51:07] [INFO] Current session ID: cni7sk797adtjlmba1aqr80cu5
[2025-10-03 13:51:08] [INFO] Final session quantities count: 1
[2025-10-03 13:51:08] [INFO] Items in current view: 50
[2025-10-03 13:51:08] [INFO] Sales Page Load Debug Info:
Array
(
    [total_items] => 3607
    [current_page] => 1
    [total_pages] => 73
    [session_quantities_count] => 1
    [post_quantities_count] => 0
    [date_range] => 2025-09-16 to 2025-09-18
    [days_count] => 3
    [user_id] => 1
    [comp_id] => 1
)

[2025-10-03 13:55:01] [INFO] === PAGE ACCESS ===
[2025-10-03 13:55:01] [INFO] Request method: GET
[2025-10-03 13:55:01] [INFO] Search term: ''
[2025-10-03 13:55:01] [INFO] Current session ID: cni7sk797adtjlmba1aqr80cu5
[2025-10-03 13:55:01] [INFO] Final session quantities count: 0
[2025-10-03 13:55:01] [INFO] Items in current view: 50
[2025-10-03 13:55:01] [INFO] Sales Page Load Debug Info:
Array
(
    [total_items] => 3607
    [current_page] => 1
    [total_pages] => 73
    [session_quantities_count] => 0
    [post_quantities_count] => 0
    [date_range] => 2025-09-16 to 2025-09-18
    [days_count] => 3
    [user_id] => 1
    [comp_id] => 1
)

[2025-10-03 14:09:09] [INFO] === PAGE ACCESS ===
[2025-10-03 14:09:09] [INFO] Request method: GET
[2025-10-03 14:09:09] [INFO] Search term: ''
[2025-10-03 14:09:09] [INFO] Current session ID: cni7sk797adtjlmba1aqr80cu5
[2025-10-03 14:09:09] [INFO] Final session quantities count: 0
[2025-10-03 14:09:09] [INFO] Items in current view: 50
[2025-10-03 14:09:09] [INFO] Sales Page Load Debug Info:
Array
(
    [total_items] => 3607
    [current_page] => 1
    [total_pages] => 73
    [session_quantities_count] => 0
    [post_quantities_count] => 0
    [date_range] => 2025-10-03 to 2025-10-03
    [days_count] => 1
    [user_id] => 1
    [comp_id] => 1
)

[2025-10-03 14:09:15] [INFO] Session quantity updated: SCMPL0019028 = 196
[2025-10-03 14:09:15] [INFO] Session quantity updated: SCMPL0019028 = 196
[2025-10-03 14:09:16] [INFO] Session quantity updated: SCMPL0019028 = 195
[2025-10-03 14:09:17] [INFO] Session quantity updated: SCMPL0019028 = 195
[2025-10-03 14:09:17] [INFO] Session quantity updated: SCMPL0019028 = 177
[2025-10-03 14:09:17] [INFO] Session quantity updated: SCMPL0019028 = 0
[2025-10-03 14:09:18] [INFO] Session quantity updated: SCMPL0019028 = 0
[2025-10-03 14:09:18] [INFO] Session quantity updated: SCMPL0019028 = 0
[2025-10-03 14:09:19] [INFO] Session quantity updated: SCMPL0019028 = 0
[2025-10-03 14:09:19] [INFO] Session quantity updated: SCMPL0019028 = 196
[2025-10-03 14:09:19] [INFO] Session quantity updated: SCMPL0019028 = 196
[2025-10-03 14:09:21] [INFO] Session quantity updated: SCMPL0019028 = 196
[2025-10-03 14:09:32] [INFO] === PAGE ACCESS ===
[2025-10-03 14:09:32] [INFO] Request method: GET
[2025-10-03 14:09:32] [INFO] Search term: ''
[2025-10-03 14:09:32] [INFO] Current session ID: cni7sk797adtjlmba1aqr80cu5
[2025-10-03 14:09:32] [INFO] Final session quantities count: 1
[2025-10-03 14:09:32] [INFO] Items in current view: 50
[2025-10-03 14:09:32] [INFO] Sales Page Load Debug Info:
Array
(
    [total_items] => 3607
    [current_page] => 1
    [total_pages] => 73
    [session_quantities_count] => 1
    [post_quantities_count] => 0
    [date_range] => 2025-09-17 to 2025-09-20
    [days_count] => 4
    [user_id] => 1
    [comp_id] => 1
)

[2025-10-03 14:09:36] [INFO] Session quantity updated: SCMPL0019028 = 196
[2025-10-03 14:09:36] [INFO] Session quantity updated: SCMPL0019028 = 196
[2025-10-03 14:09:37] [INFO] Session quantity updated: SCMPL0019028 = 195
[2025-10-03 14:09:37] [INFO] Session quantity updated: SCMPL0019028 = 195
[2025-10-03 14:09:38] [INFO] Session quantity updated: SCMPL0019028 = 177
[2025-10-03 14:09:38] [INFO] Session quantity updated: SCMPL0019028 = 177
[2025-10-03 14:09:38] [INFO] Session quantity updated: SCMPL0019028 = 1
[2025-10-03 14:09:38] [INFO] Session quantity updated: SCMPL0019028 = 1
[2025-10-03 14:09:39] [INFO] Session quantity updated: SCMPL0019028 = 177
[2025-10-03 14:09:39] [INFO] Session quantity updated: SCMPL0019028 = 177
[2025-10-03 14:09:40] [INFO] Session quantity updated: SCMPL0019028 = 2
[2025-10-03 14:09:40] [INFO] Session quantity updated: SCMPL0019028 = 2
[2025-10-03 14:09:41] [INFO] Session quantity updated: SCMPL0019028 = 177
[2025-10-03 14:09:41] [INFO] Session quantity updated: SCMPL0019028 = 177
[2025-10-03 14:09:45] [INFO] Session quantity updated: SCMPL0019028 = 4
[2025-10-03 14:09:45] [INFO] Session quantity updated: SCMPL0019028 = 4
[2025-10-03 14:09:49] [INFO] Session quantity updated: SCMPL0019028 = 4
[2025-10-03 14:09:55] [INFO] === PAGE ACCESS ===
[2025-10-03 14:09:55] [INFO] Request method: POST
[2025-10-03 14:09:55] [INFO] Search term: ''
[2025-10-03 14:09:55] [INFO] Current session ID: cni7sk797adtjlmba1aqr80cu5
[2025-10-03 14:09:55] [INFO] Session quantities updated from POST: 1 items
[2025-10-03 14:09:55] [INFO] Getting next bill number
[2025-10-03 14:09:55] [INFO] Next bill number: 4
[2025-10-03 14:09:56] [INFO] Session quantities cleared
[2025-10-03 16:51:15] [INFO] === PAGE ACCESS ===
[2025-10-03 16:51:15] [INFO] Request method: GET
[2025-10-03 16:51:15] [INFO] Search term: ''
[2025-10-03 16:51:15] [INFO] Current session ID: f18j72krm10v2jtrn1nsn0hakf
[2025-10-03 16:51:16] [INFO] Final session quantities count: 0
[2025-10-03 16:51:16] [INFO] Items in current view: 50
[2025-10-03 16:51:16] [INFO] Sales Page Load Debug Info:
Array
(
    [total_items] => 3607
    [current_page] => 1
    [total_pages] => 73
    [session_quantities_count] => 0
    [post_quantities_count] => 0
    [date_range] => 2025-10-03 to 2025-10-03
    [days_count] => 1
    [user_id] => 1
    [comp_id] => 1
)

[2025-10-03 16:51:59] [INFO] === PAGE ACCESS ===
[2025-10-03 16:51:59] [INFO] Request method: GET
[2025-10-03 16:51:59] [INFO] Search term: ''
[2025-10-03 16:51:59] [INFO] Current session ID: f18j72krm10v2jtrn1nsn0hakf
[2025-10-03 16:51:59] [INFO] Final session quantities count: 0
[2025-10-03 16:51:59] [INFO] Items in current view: 50
[2025-10-03 16:51:59] [INFO] Sales Page Load Debug Info:
Array
(
    [total_items] => 3607
    [current_page] => 1
    [total_pages] => 73
    [session_quantities_count] => 0
    [post_quantities_count] => 0
    [date_range] => 2025-10-03 to 2025-10-03
    [days_count] => 1
    [user_id] => 1
    [comp_id] => 1
)

[2025-10-03 16:52:15] [INFO] Session quantity updated: SCMPL0019028 = 0
[2025-10-03 16:52:16] [INFO] Session quantity updated: SCMPL0019028 = 1
[2025-10-03 16:52:16] [INFO] Session quantity updated: SCMPL0019028 = 1
[2025-10-03 16:52:18] [INFO] Session quantity updated: SCMPL0019028 = 1
[2025-10-03 16:52:19] [INFO] Session quantity updated: SCMPL0019029 = 1
[2025-10-03 16:52:20] [INFO] Session quantity updated: SCMPL0019029 = 1
[2025-10-03 16:52:20] [INFO] Session quantity updated: SCMPL0019029 = 1
[2025-10-03 16:52:22] [INFO] Session quantity updated: SCMPL0019030 = 1
[2025-10-03 16:52:22] [INFO] Session quantity updated: SCMPL0019030 = 1
[2025-10-03 16:52:23] [INFO] Session quantity updated: SCMPL0019030 = 1
[2025-10-03 16:52:24] [INFO] Session quantity updated: SCMPL0019031 = 1
[2025-10-03 16:52:24] [INFO] Session quantity updated: SCMPL0019031 = 1
[2025-10-03 16:52:31] [INFO] Session quantity updated: SCMPL0019031 = 1
[2025-10-03 16:52:57] [INFO] === PAGE ACCESS ===
[2025-10-03 16:52:57] [INFO] Request method: POST
[2025-10-03 16:52:57] [INFO] Search term: ''
[2025-10-03 16:52:57] [INFO] Current session ID: f18j72krm10v2jtrn1nsn0hakf
[2025-10-03 16:52:57] [INFO] Session quantities updated from POST: 4 items
[2025-10-03 16:52:57] [INFO] Getting next bill number
[2025-10-03 16:52:57] [INFO] Next bill number: 2
[2025-10-03 16:52:58] [INFO] Daily stock updated successfully for item SCMPL0019031 on 2025-10-03: Sales=1, Closing=199
[2025-10-03 16:52:58] [INFO] Daily stock updated successfully for item SCMPL0019030 on 2025-10-03: Sales=1, Closing=199
[2025-10-03 16:52:58] [INFO] Daily stock updated successfully for item SCMPL0019029 on 2025-10-03: Sales=2, Closing=198
[2025-10-03 16:52:58] [INFO] Daily stock updated successfully for item SCMPL0019028 on 2025-10-03: Sales=1, Closing=199
[2025-10-03 16:52:58] [INFO] Session quantities cleared
[2025-10-03 16:53:30] [INFO] === PAGE ACCESS ===
[2025-10-03 16:53:30] [INFO] Request method: GET
[2025-10-03 16:53:30] [INFO] Search term: ''
[2025-10-03 16:53:30] [INFO] Current session ID: f18j72krm10v2jtrn1nsn0hakf
[2025-10-03 16:53:30] [INFO] Final session quantities count: 0
[2025-10-03 16:53:30] [INFO] Items in current view: 50
[2025-10-03 16:53:30] [INFO] Sales Page Load Debug Info:
Array
(
    [total_items] => 3607
    [current_page] => 1
    [total_pages] => 73
    [session_quantities_count] => 0
    [post_quantities_count] => 0
    [date_range] => 2025-10-03 to 2025-10-03
    [days_count] => 1
    [user_id] => 1
    [comp_id] => 1
)

[2025-10-03 16:53:40] [INFO] Session quantity updated: SCMPL0019028 = 198
[2025-10-03 16:53:41] [INFO] Session quantity updated: SCMPL0019028 = 198
[2025-10-03 16:53:41] [INFO] Session quantity updated: SCMPL0019028 = 180
[2025-10-03 16:53:41] [INFO] Session quantity updated: SCMPL0019028 = 180
[2025-10-03 16:53:42] [INFO] Session quantity updated: SCMPL0019028 = 1
[2025-10-03 16:53:42] [INFO] Session quantity updated: SCMPL0019028 = 1
[2025-10-03 16:53:45] [INFO] Session quantity updated: SCMPL0019028 = 1
[2025-10-03 16:53:49] [INFO] Session quantity updated: SCMPL0019029 = 197
[2025-10-03 16:53:50] [INFO] Session quantity updated: SCMPL0019029 = 197
[2025-10-03 16:53:50] [INFO] Session quantity updated: SCMPL0019029 = 179
[2025-10-03 16:53:50] [INFO] Session quantity updated: SCMPL0019029 = 179
[2025-10-03 16:53:51] [INFO] Session quantity updated: SCMPL0019029 = 1
[2025-10-03 16:53:51] [INFO] Session quantity updated: SCMPL0019029 = 1
[2025-10-03 16:53:53] [INFO] Session quantity updated: SCMPL0019029 = 1
[2025-10-03 16:53:53] [INFO] Session quantity updated: SCMPL0019030 = 198
[2025-10-03 16:53:54] [INFO] Session quantity updated: SCMPL0019030 = 180
[2025-10-03 16:53:54] [INFO] Session quantity updated: SCMPL0019030 = 1
[2025-10-03 16:53:54] [INFO] Session quantity updated: SCMPL0019030 = 1
[2025-10-03 16:53:56] [INFO] Session quantity updated: SCMPL0019030 = 1
[2025-10-03 16:53:58] [INFO] Session quantity updated: SCMPL0019031 = 199
[2025-10-03 16:53:58] [INFO] Session quantity updated: SCMPL0019031 = 198
[2025-10-03 16:53:58] [INFO] Session quantity updated: SCMPL0019031 = 198
[2025-10-03 16:54:00] [INFO] Session quantity updated: SCMPL0019031 = 1
[2025-10-03 16:54:00] [INFO] Session quantity updated: SCMPL0019031 = 1
[2025-10-03 16:54:03] [INFO] Session quantity updated: SCMPL0019031 = 1
[2025-10-03 16:54:29] [INFO] === PAGE ACCESS ===
[2025-10-03 16:54:29] [INFO] Request method: POST
[2025-10-03 16:54:29] [INFO] Search term: ''
[2025-10-03 16:54:29] [INFO] Current session ID: f18j72krm10v2jtrn1nsn0hakf
[2025-10-03 16:54:29] [INFO] Session quantities updated from POST: 4 items
[2025-10-03 16:54:29] [INFO] Getting next bill number
[2025-10-03 16:54:29] [INFO] Next bill number: 5
[2025-10-03 16:54:29] [INFO] Session quantities cleared
[2025-10-03 18:03:11] [INFO] === PAGE ACCESS ===
[2025-10-03 18:03:11] [INFO] Request method: GET
[2025-10-03 18:03:11] [INFO] Search term: ''
[2025-10-03 18:03:11] [INFO] Current session ID: f18j72krm10v2jtrn1nsn0hakf
[2025-10-03 18:03:11] [INFO] Final session quantities count: 0
[2025-10-03 18:03:11] [INFO] Items in current view: 50
[2025-10-03 18:03:11] [INFO] Sales Page Load Debug Info:
Array
(
    [total_items] => 3607
    [current_page] => 1
    [total_pages] => 73
    [session_quantities_count] => 0
    [post_quantities_count] => 0
    [date_range] => 2025-10-03 to 2025-10-03
    [days_count] => 1
    [user_id] => 1
    [comp_id] => 1
)

[2025-10-03 18:03:14] [INFO] Session quantity updated: SCMPL0019028 = 1
[2025-10-03 18:03:14] [INFO] Session quantity updated: SCMPL0019028 = 1
[2025-10-03 18:03:16] [INFO] Session quantity updated: SCMPL0019028 = 1
[2025-10-03 18:03:16] [INFO] Session quantity updated: SCMPL0019028 = 1
[2025-10-03 18:03:17] [INFO] Session quantity updated: SCMPL0019028 = 1
[2025-10-03 18:03:17] [INFO] Session quantity updated: SCMPL0019028 = 1
[2025-10-03 18:03:18] [INFO] Session quantity updated: SCMPL0019028 = 1
[2025-10-03 18:03:58] [INFO] Saving pending sales for user 1, company 1
[2025-10-03 18:03:58] [INFO] Items to save:
Array
(
    [SCMPL0019028] => 1
)

[2025-10-03 18:03:59] [INFO] Date range spans 1 days: 2025-10-03
[2025-10-03 18:03:59] [INFO] Distributing 1 units across 1 days
[2025-10-03 18:03:59] [INFO] Distribution for 1 units: 1
[2025-10-03 18:03:59] [INFO] Item SCMPL0019028 distribution: 1
[2025-10-03 18:03:59] [INFO] Starting bill generation with volume limits
[2025-10-03 18:03:59] [INFO] Getting category limits for company 1
[2025-10-03 18:03:59] [INFO] Category limits: {"IMFL":"1000.00","BEER":"4000.00","CL":"0.00"}
[2025-10-03 18:03:59] [INFO] Category Limits - IMFL: 1000.00, BEER: 4000.00, CL: 0.00
[2025-10-03 18:03:59] [INFO] Getting next bill number
[2025-10-03 18:03:59] [INFO] Next bill number: 8
[2025-10-03 18:03:59] [INFO] Processing date: 2025-10-03 (index: 0)
[2025-10-03 18:03:59] [INFO] Determining category for item SCMPL0019028, mode: F
[2025-10-03 18:03:59] [INFO] Item SCMPL0019028 - DETAILS2: 90 ML-(96)
[2025-10-03 18:03:59] [INFO] Item SCMPL0019028 categorized as IMFL (Foreign Liquor with ML size)
[2025-10-03 18:03:59] [INFO] Getting size for item SCMPL0019028, mode: F
[2025-10-03 18:03:59] [INFO] Item SCMPL0019028 - Size from DETAILS2: 90ml
[2025-10-03 18:03:59] [INFO] Date 2025-10-03 - Item SCMPL0019028: Qty=1, Size=90ml, Volume=90ml, Category=IMFL
[2025-10-03 18:03:59] [INFO] Date 2025-10-03 - Categories with items: IMFL
[2025-10-03 18:03:59] [INFO] Processing category: IMFL with limit: 1000.00ml
[2025-10-03 18:03:59] [INFO] Items in category: 1
[2025-10-03 18:03:59] [INFO] Sorted items by volume (descending) for category IMFL:
[2025-10-03 18:03:59] [INFO]   - SCMPL0019028: 90ml
[2025-10-03 18:03:59] [INFO] Added SCMPL0019028 (90ml) to bill. Current volume: 90ml
[2025-10-03 18:03:59] [INFO] Category IMFL - Final bill 1: Volume=90ml, Items=1
[2025-10-03 18:03:59] [INFO] Created 1 bills for category IMFL
[2025-10-03 18:03:59] [INFO] Created bill BL8 for date 2025-10-03 with 1 items, total amount: 110
[2025-10-03 18:03:59] [INFO] Total bills created: 1
[2025-10-03 18:03:59] [INFO] Generated 1 bills with volume limits
[2025-10-03 18:03:59] [INFO] Saved 1 bills for later posting. Date range: 2025-10-03 to 2025-10-03. Total Amount: ₹110.00
[2025-10-03 18:04:33] [INFO] === PAGE ACCESS ===
[2025-10-03 18:04:33] [INFO] Request method: GET
[2025-10-03 18:04:33] [INFO] Search term: ''
[2025-10-03 18:04:33] [INFO] Current session ID: f18j72krm10v2jtrn1nsn0hakf
[2025-10-03 18:04:33] [INFO] Final session quantities count: 0
[2025-10-03 18:04:33] [INFO] Items in current view: 50
[2025-10-03 18:04:33] [INFO] Sales Page Load Debug Info:
Array
(
    [total_items] => 3607
    [current_page] => 1
    [total_pages] => 73
    [session_quantities_count] => 0
    [post_quantities_count] => 0
    [date_range] => 2025-10-03 to 2025-10-03
    [days_count] => 1
    [user_id] => 1
    [comp_id] => 1
)

