[2025-10-16 19:20:35] [INFO] === PAGE ACCESS ===
[2025-10-16 19:20:35] [INFO] Request method: GET
[2025-10-16 19:20:35] [INFO] Search term: ''
[2025-10-16 19:20:35] [INFO] Current session ID: kpi3tt1vplq4h2p0vbv9ttfvis
[2025-10-16 19:20:36] [INFO] Final session quantities count: 0
[2025-10-16 19:20:36] [INFO] Items in current view: 50
[2025-10-16 19:20:36] [INFO] Sales Page Load Debug Info:
Array
(
    [total_items] => 821
    [current_page] => 1
    [total_pages] => 17
    [session_quantities_count] => 0
    [post_quantities_count] => 0
    [date_range] => 2025-10-16 to 2025-10-16
    [days_count] => 1
    [user_id] => 2
    [comp_id] => 2
    [license_type] => FLBR-II
    [allowed_classes] => Array
        (
            [0] => V
            [1] => F
            [2] => O
            [3] => O
            [4] => O
            [5] => M
        )

)

[2025-10-16 19:20:44] [INFO] === PAGE ACCESS ===
[2025-10-16 19:20:44] [INFO] Request method: GET
[2025-10-16 19:20:44] [INFO] Search term: ''
[2025-10-16 19:20:44] [INFO] Current session ID: kpi3tt1vplq4h2p0vbv9ttfvis
[2025-10-16 19:20:44] [INFO] Final session quantities count: 0
[2025-10-16 19:20:44] [INFO] Items in current view: 50
[2025-10-16 19:20:44] [INFO] Sales Page Load Debug Info:
Array
(
    [total_items] => 821
    [current_page] => 1
    [total_pages] => 17
    [session_quantities_count] => 0
    [post_quantities_count] => 0
    [date_range] => 2025-10-16 to 2025-10-16
    [days_count] => 1
    [user_id] => 2
    [comp_id] => 2
    [license_type] => FLBR-II
    [allowed_classes] => Array
        (
            [0] => V
            [1] => F
            [2] => O
            [3] => O
            [4] => O
            [5] => M
        )

)

[2025-10-16 19:20:48] [INFO] Session quantity updated: SCMWN0020397 = 0
[2025-10-16 19:20:48] [INFO] Session quantity updated: SCMWN0020397 = 1
[2025-10-16 19:20:48] [INFO] Session quantity updated: SCMWN0020397 = 1
[2025-10-16 19:20:49] [INFO] Session quantity updated: SCMWN0020397 = 1
[2025-10-16 19:20:52] [INFO] === PAGE ACCESS ===
[2025-10-16 19:20:52] [INFO] Request method: POST
[2025-10-16 19:20:52] [INFO] Search term: ''
[2025-10-16 19:20:52] [INFO] Current session ID: kpi3tt1vplq4h2p0vbv9ttfvis
[2025-10-16 19:20:52] [INFO] Session quantities updated from POST: 1 items
[2025-10-16 19:20:52] [INFO] Getting next bill number for CompID: 2
[2025-10-16 19:20:52] [INFO] Next bill number for CompID 2: 1622
[2025-10-16 19:20:52] [INFO] Daily stock updated successfully for item SCMWN0020397 on 2025-10-16 in table tbldailystock_2: Sales=101, Closing=49
[2025-10-16 19:20:52] [INFO] Session quantities cleared
