[2025-11-22 07:17:49] [INFO] === PAGE ACCESS ===
[2025-11-22 07:17:49] [INFO] Request method: GET
[2025-11-22 07:17:49] [INFO] Search term: ''
[2025-11-22 07:17:49] [INFO] Current session ID: mcinjpilc4pubt6m4hicoi94r7
[2025-11-22 07:17:49] [INFO] Final session quantities count: 0
[2025-11-22 07:17:49] [INFO] Items in current view: 50
[2025-11-22 07:17:49] [INFO] Sales Page Load Debug Info:
Array
(
    [total_items] => 3624
    [current_page] => 1
    [total_pages] => 73
    [session_quantities_count] => 0
    [post_quantities_count] => 0
    [date_range] => 2025-11-22 to 2025-11-22
    [days_count] => 1
    [user_id] => 1
    [comp_id] => 1
    [license_type] => FL-II
    [allowed_classes] => Array
        (
            [0] => W
            [1] => V
            [2] => G
            [3] => F
            [4] => D
            [5] => K
            [6] => R
            [7] => O
            [8] => L
            [9] => O
            [10] => O
            [11] => O
            [12] => O
            [13] => M
            [14] => I
            [15] => Q
        )

)

[2025-11-22 07:19:00] [INFO] === PAGE ACCESS ===
[2025-11-22 07:19:00] [INFO] Request method: GET
[2025-11-22 07:19:00] [INFO] Search term: ''
[2025-11-22 07:19:00] [INFO] Current session ID: mcinjpilc4pubt6m4hicoi94r7
[2025-11-22 07:19:01] [INFO] Final session quantities count: 0
[2025-11-22 07:19:01] [INFO] Items in current view: 50
[2025-11-22 07:19:01] [INFO] Sales Page Load Debug Info:
Array
(
    [total_items] => 3624
    [current_page] => 1
    [total_pages] => 73
    [session_quantities_count] => 0
    [post_quantities_count] => 0
    [date_range] => 2025-11-22 to 2025-11-22
    [days_count] => 1
    [user_id] => 1
    [comp_id] => 1
    [license_type] => FL-II
    [allowed_classes] => Array
        (
            [0] => W
            [1] => V
            [2] => G
            [3] => F
            [4] => D
            [5] => K
            [6] => R
            [7] => O
            [8] => L
            [9] => O
            [10] => O
            [11] => O
            [12] => O
            [13] => M
            [14] => I
            [15] => Q
        )

)

[2025-11-22 07:23:51] [INFO] === PAGE ACCESS ===
[2025-11-22 07:23:51] [INFO] Request method: GET
[2025-11-22 07:23:51] [INFO] Search term: ''
[2025-11-22 07:23:51] [INFO] Current session ID: mcinjpilc4pubt6m4hicoi94r7
[2025-11-22 07:23:51] [INFO] Final session quantities count: 0
[2025-11-22 07:23:51] [INFO] Items in current view: 50
[2025-11-22 07:23:51] [INFO] Sales Page Load Debug Info:
Array
(
    [total_items] => 3624
    [current_page] => 1
    [total_pages] => 73
    [session_quantities_count] => 0
    [post_quantities_count] => 0
    [date_range] => 2025-11-22 to 2025-11-22
    [days_count] => 1
    [user_id] => 1
    [comp_id] => 1
    [license_type] => FL-II
    [allowed_classes] => Array
        (
            [0] => W
            [1] => V
            [2] => G
            [3] => F
            [4] => D
            [5] => K
            [6] => R
            [7] => O
            [8] => L
            [9] => O
            [10] => O
            [11] => O
            [12] => O
            [13] => M
            [14] => I
            [15] => Q
        )

)

[2025-11-22 07:23:56] [INFO] Session quantity updated: SCMPL0019028 = 0
[2025-11-22 07:23:56] [INFO] Session quantity updated: SCMPL0019028 = 0
[2025-11-22 07:24:01] [INFO] Session quantity updated: SCMPL0019028 = 0
[2025-11-22 07:24:19] [INFO] === PAGE ACCESS ===
[2025-11-22 07:24:19] [INFO] Request method: GET
[2025-11-22 07:24:19] [INFO] Search term: ''
[2025-11-22 07:24:19] [INFO] Current session ID: mcinjpilc4pubt6m4hicoi94r7
[2025-11-22 07:24:19] [INFO] Final session quantities count: 1
[2025-11-22 07:24:19] [INFO] Items in current view: 50
[2025-11-22 07:24:19] [INFO] Sales Page Load Debug Info:
Array
(
    [total_items] => 3624
    [current_page] => 1
    [total_pages] => 73
    [session_quantities_count] => 1
    [post_quantities_count] => 0
    [date_range] => 2025-11-22 to 2025-11-22
    [days_count] => 1
    [user_id] => 1
    [comp_id] => 1
    [license_type] => FL-II
    [allowed_classes] => Array
        (
            [0] => W
            [1] => V
            [2] => G
            [3] => F
            [4] => D
            [5] => K
            [6] => R
            [7] => O
            [8] => L
            [9] => O
            [10] => O
            [11] => O
            [12] => O
            [13] => M
            [14] => I
            [15] => Q
        )

)

[2025-11-22 07:24:24] [INFO] Session quantity updated: SCMPL0019028 = 0
[2025-11-22 07:24:24] [INFO] Session quantity updated: SCMPL0019028 = 0
[2025-11-22 07:24:25] [INFO] Session quantity updated: SCMPL0019028 = 1
[2025-11-22 07:24:25] [INFO] Session quantity updated: SCMPL0019028 = 100
[2025-11-22 07:24:25] [INFO] Session quantity updated: SCMPL0019028 = 100
[2025-11-22 07:24:26] [INFO] Session quantity updated: SCMPL0019028 = 100
[2025-11-22 07:24:27] [INFO] Session quantity updated: SCMPL0019029 = 23
[2025-11-22 07:24:28] [INFO] Session quantity updated: SCMPL0019030 = 200
[2025-11-22 07:24:28] [INFO] Session quantity updated: SCMPL0019030 = 200
[2025-11-22 07:24:29] [INFO] Session quantity updated: SCMPL0019031 = 0
[2025-11-22 07:24:29] [INFO] Session quantity updated: SCMPL0019031 = 0
[2025-11-22 07:24:30] [INFO] Session quantity updated: SCMPL0019031 = 0
[2025-11-22 07:24:30] [INFO] Session quantity updated: SCMPL0019031 = 34
[2025-11-22 07:24:31] [INFO] Session quantity updated: SCMPL0019031 = 34
[2025-11-22 07:24:36] [INFO] Session quantity updated: SCMPL0019031 = 3
[2025-11-22 07:24:36] [INFO] Session quantity updated: SCMPL0019031 = 3
[2025-11-22 07:24:36] [INFO] Session quantity updated: SCMPL0019031 = 3
[2025-11-22 07:24:38] [INFO] Session quantity updated: SCMPL0019031 = 0
[2025-11-22 07:24:38] [INFO] Session quantity updated: SCMPL0019031 = 0
[2025-11-22 07:24:39] [INFO] Session quantity updated: SCMPL0019031 = 2
[2025-11-22 07:24:39] [INFO] Session quantity updated: SCMPL0019031 = 2
[2025-11-22 07:24:39] [INFO] Session quantity updated: SCMPL0019031 = 20
[2025-11-22 07:24:40] [INFO] Session quantity updated: SCMPL0019031 = 20
[2025-11-22 07:24:40] [INFO] Session quantity updated: SCMPL0019031 = 200
[2025-11-22 07:24:40] [INFO] Session quantity updated: SCMPL0019031 = 200
[2025-11-22 07:24:45] [INFO] Session quantity updated: SCMPL0019031 = 20
[2025-11-22 07:24:45] [INFO] Session quantity updated: SCMPL0019031 = 20
[2025-11-22 07:24:46] [INFO] Session quantity updated: SCMPL0019031 = 200
[2025-11-22 07:24:46] [INFO] Session quantity updated: SCMPL0019031 = 200
[2025-11-22 07:24:53] [INFO] Session quantity updated: SCMPL0019031 = 200
[2025-11-22 07:24:54] [INFO] Session quantity updated: SCMPL0026915 = 45
[2025-11-22 07:24:54] [INFO] Session quantity updated: SCMPL0026915 = 45
[2025-11-22 07:24:55] [INFO] Session quantity updated: SCMPL0026915 = 45
[2025-11-22 07:24:55] [INFO] Session quantity updated: SCMPL0026916 = 89
[2025-11-22 07:24:56] [INFO] Session quantity updated: SCMPL0026916 = 89
[2025-11-22 07:24:59] [INFO] Session quantity updated: SCMPL0026916 = 89
[2025-11-22 07:28:19] [INFO] === PAGE ACCESS ===
[2025-11-22 07:28:19] [INFO] Request method: POST
[2025-11-22 07:28:19] [INFO] Search term: ''
[2025-11-22 07:28:19] [INFO] Current session ID: mcinjpilc4pubt6m4hicoi94r7
[2025-11-22 07:28:19] [INFO] Session quantities updated from POST: 6 items
[2025-11-22 07:28:19] [INFO] Getting next bill number for CompID: 1
[2025-11-22 07:28:19] [INFO] Next bill number for CompID 1: 291
[2025-11-22 07:28:41] [INFO] Starting optimized cash memo generation for 426 bills
[2025-11-22 07:28:41] [INFO] Cash memo generated for bill: BL0291
[2025-11-22 07:28:41] [INFO] Cash memo generated for bill: BL0292
[2025-11-22 07:28:41] [INFO] Cash memo generated for bill: BL0293
[2025-11-22 07:28:41] [INFO] Cash memo generated for bill: BL0294
[2025-11-22 07:28:41] [INFO] Cash memo generated for bill: BL0295
[2025-11-22 07:28:41] [INFO] Cash memo generated for bill: BL0296
[2025-11-22 07:28:41] [INFO] Cash memo generated for bill: BL0297
[2025-11-22 07:28:41] [INFO] Cash memo generated for bill: BL0298
[2025-11-22 07:28:41] [INFO] Cash memo generated for bill: BL0299
[2025-11-22 07:28:41] [INFO] Cash memo generated for bill: BL0300
[2025-11-22 07:28:42] [INFO] Cash memo generated for bill: BL0301
[2025-11-22 07:28:42] [INFO] Cash memo generated for bill: BL0302
[2025-11-22 07:28:42] [INFO] Cash memo generated for bill: BL0303
[2025-11-22 07:28:42] [INFO] Cash memo generated for bill: BL0304
[2025-11-22 07:28:42] [INFO] Cash memo generated for bill: BL0305
[2025-11-22 07:28:42] [INFO] Cash memo generated for bill: BL0306
[2025-11-22 07:28:42] [INFO] Cash memo generated for bill: BL0307
[2025-11-22 07:28:42] [INFO] Cash memo generated for bill: BL0308
[2025-11-22 07:28:42] [INFO] Cash memo generated for bill: BL0309
[2025-11-22 07:28:42] [INFO] Cash memo generated for bill: BL0310
[2025-11-22 07:28:42] [INFO] Cash memo generated for bill: BL0311
[2025-11-22 07:28:42] [INFO] Cash memo generated for bill: BL0312
[2025-11-22 07:28:42] [INFO] Cash memo generated for bill: BL0313
[2025-11-22 07:28:42] [INFO] Cash memo generated for bill: BL0314
[2025-11-22 07:28:42] [INFO] Cash memo generated for bill: BL0315
[2025-11-22 07:28:42] [INFO] Cash memo generated for bill: BL0316
[2025-11-22 07:28:42] [INFO] Cash memo generated for bill: BL0317
[2025-11-22 07:28:42] [INFO] Cash memo generated for bill: BL0318
[2025-11-22 07:28:42] [INFO] Cash memo generated for bill: BL0319
[2025-11-22 07:28:42] [INFO] Cash memo generated for bill: BL0320
[2025-11-22 07:28:42] [INFO] Cash memo generated for bill: BL0321
[2025-11-22 07:28:42] [INFO] Cash memo generated for bill: BL0322
[2025-11-22 07:28:43] [INFO] Cash memo generated for bill: BL0323
[2025-11-22 07:28:43] [INFO] Cash memo generated for bill: BL0324
[2025-11-22 07:28:43] [INFO] Cash memo generated for bill: BL0325
[2025-11-22 07:28:43] [INFO] Cash memo generated for bill: BL0326
[2025-11-22 07:28:43] [INFO] Cash memo generated for bill: BL0327
[2025-11-22 07:28:43] [INFO] Cash memo generated for bill: BL0328
[2025-11-22 07:28:43] [INFO] Cash memo generated for bill: BL0329
[2025-11-22 07:28:43] [INFO] Cash memo generated for bill: BL0330
[2025-11-22 07:28:43] [INFO] Cash memo generated for bill: BL0331
[2025-11-22 07:28:43] [INFO] Cash memo generated for bill: BL0332
[2025-11-22 07:28:43] [INFO] Cash memo generated for bill: BL0333
[2025-11-22 07:28:43] [INFO] Cash memo generated for bill: BL0334
[2025-11-22 07:28:43] [INFO] Cash memo generated for bill: BL0335
[2025-11-22 07:28:43] [INFO] Cash memo generated for bill: BL0336
[2025-11-22 07:28:43] [INFO] Cash memo generated for bill: BL0337
[2025-11-22 07:28:43] [INFO] Cash memo generated for bill: BL0338
[2025-11-22 07:28:43] [INFO] Cash memo generated for bill: BL0339
[2025-11-22 07:28:43] [INFO] Cash memo generated for bill: BL0340
[2025-11-22 07:28:43] [INFO] Cash memo generated for bill: BL0341
[2025-11-22 07:28:43] [INFO] Cash memo generated for bill: BL0342
[2025-11-22 07:28:43] [INFO] Cash memo generated for bill: BL0343
[2025-11-22 07:28:43] [INFO] Cash memo generated for bill: BL0344
[2025-11-22 07:28:44] [INFO] Cash memo generated for bill: BL0345
[2025-11-22 07:28:44] [INFO] Cash memo generated for bill: BL0346
[2025-11-22 07:28:44] [INFO] Cash memo generated for bill: BL0347
[2025-11-22 07:28:44] [INFO] Cash memo generated for bill: BL0348
[2025-11-22 07:28:44] [INFO] Cash memo generated for bill: BL0349
[2025-11-22 07:28:44] [INFO] Cash memo generated for bill: BL0350
[2025-11-22 07:28:44] [INFO] Cash memo generated for bill: BL0351
[2025-11-22 07:28:44] [INFO] Cash memo generated for bill: BL0352
[2025-11-22 07:28:44] [INFO] Cash memo generated for bill: BL0353
[2025-11-22 07:28:44] [INFO] Cash memo generated for bill: BL0354
[2025-11-22 07:28:44] [INFO] Cash memo generated for bill: BL0355
[2025-11-22 07:28:44] [INFO] Cash memo generated for bill: BL0356
[2025-11-22 07:28:44] [INFO] Cash memo generated for bill: BL0357
[2025-11-22 07:28:44] [INFO] Cash memo generated for bill: BL0358
[2025-11-22 07:28:44] [INFO] Cash memo generated for bill: BL0359
[2025-11-22 07:28:44] [INFO] Cash memo generated for bill: BL0360
[2025-11-22 07:28:44] [INFO] Cash memo generated for bill: BL0361
[2025-11-22 07:28:44] [INFO] Cash memo generated for bill: BL0362
[2025-11-22 07:28:44] [INFO] Cash memo generated for bill: BL0363
[2025-11-22 07:28:44] [INFO] Cash memo generated for bill: BL0364
[2025-11-22 07:28:44] [INFO] Cash memo generated for bill: BL0365
[2025-11-22 07:28:44] [INFO] Cash memo generated for bill: BL0366
[2025-11-22 07:28:44] [INFO] Cash memo generated for bill: BL0367
[2025-11-22 07:28:45] [INFO] Cash memo generated for bill: BL0368
[2025-11-22 07:28:45] [INFO] Cash memo generated for bill: BL0369
[2025-11-22 07:28:45] [INFO] Cash memo generated for bill: BL0370
[2025-11-22 07:28:45] [INFO] Cash memo generated for bill: BL0371
[2025-11-22 07:28:45] [INFO] Cash memo generated for bill: BL0372
[2025-11-22 07:28:45] [INFO] Cash memo generated for bill: BL0373
[2025-11-22 07:28:45] [INFO] Cash memo generated for bill: BL0374
[2025-11-22 07:28:45] [INFO] Cash memo generated for bill: BL0375
[2025-11-22 07:28:45] [INFO] Cash memo generated for bill: BL0376
[2025-11-22 07:28:45] [INFO] Cash memo generated for bill: BL0377
[2025-11-22 07:28:45] [INFO] Cash memo generated for bill: BL0378
[2025-11-22 07:28:45] [INFO] Cash memo generated for bill: BL0379
[2025-11-22 07:28:45] [INFO] Cash memo generated for bill: BL0380
[2025-11-22 07:28:45] [INFO] Cash memo generated for bill: BL0381
[2025-11-22 07:28:45] [INFO] Cash memo generated for bill: BL0382
[2025-11-22 07:28:45] [INFO] Cash memo generated for bill: BL0383
[2025-11-22 07:28:45] [INFO] Cash memo generated for bill: BL0384
[2025-11-22 07:28:45] [INFO] Cash memo generated for bill: BL0385
[2025-11-22 07:28:45] [INFO] Cash memo generated for bill: BL0386
[2025-11-22 07:28:45] [INFO] Cash memo generated for bill: BL0387
[2025-11-22 07:28:45] [INFO] Cash memo generated for bill: BL0388
[2025-11-22 07:28:45] [INFO] Cash memo generated for bill: BL0389
[2025-11-22 07:28:45] [INFO] Cash memo generated for bill: BL0390
[2025-11-22 07:28:46] [INFO] Cash memo generated for bill: BL0391
[2025-11-22 07:28:46] [INFO] Cash memo generated for bill: BL0392
[2025-11-22 07:28:46] [INFO] Cash memo generated for bill: BL0393
[2025-11-22 07:28:46] [INFO] Cash memo generated for bill: BL0394
[2025-11-22 07:28:46] [INFO] Cash memo generated for bill: BL0395
[2025-11-22 07:28:46] [INFO] Cash memo generated for bill: BL0396
[2025-11-22 07:28:46] [INFO] Cash memo generated for bill: BL0397
[2025-11-22 07:28:46] [INFO] Cash memo generated for bill: BL0398
[2025-11-22 07:28:46] [INFO] Cash memo generated for bill: BL0399
[2025-11-22 07:28:46] [INFO] Cash memo generated for bill: BL0400
[2025-11-22 07:28:46] [INFO] Cash memo generated for bill: BL0401
[2025-11-22 07:28:46] [INFO] Cash memo generated for bill: BL0402
[2025-11-22 07:28:46] [INFO] Cash memo generated for bill: BL0403
[2025-11-22 07:28:46] [INFO] Cash memo generated for bill: BL0404
[2025-11-22 07:28:46] [INFO] Cash memo generated for bill: BL0405
[2025-11-22 07:28:46] [INFO] Cash memo generated for bill: BL0406
[2025-11-22 07:28:46] [INFO] Cash memo generated for bill: BL0407
[2025-11-22 07:28:46] [INFO] Cash memo generated for bill: BL0408
[2025-11-22 07:28:46] [INFO] Cash memo generated for bill: BL0409
[2025-11-22 07:28:46] [INFO] Cash memo generated for bill: BL0410
[2025-11-22 07:28:46] [INFO] Cash memo generated for bill: BL0411
[2025-11-22 07:28:46] [INFO] Cash memo generated for bill: BL0412
[2025-11-22 07:28:46] [INFO] Cash memo generated for bill: BL0413
[2025-11-22 07:28:46] [INFO] Cash memo generated for bill: BL0414
[2025-11-22 07:28:47] [INFO] Cash memo generated for bill: BL0415
[2025-11-22 07:28:47] [INFO] Cash memo generated for bill: BL0416
[2025-11-22 07:28:47] [INFO] Cash memo generated for bill: BL0417
[2025-11-22 07:28:47] [INFO] Cash memo generated for bill: BL0418
[2025-11-22 07:28:47] [INFO] Cash memo generated for bill: BL0419
[2025-11-22 07:28:47] [INFO] Cash memo generated for bill: BL0420
[2025-11-22 07:28:47] [INFO] Cash memo generated for bill: BL0421
[2025-11-22 07:28:47] [INFO] Cash memo generated for bill: BL0422
[2025-11-22 07:28:47] [INFO] Cash memo generated for bill: BL0423
[2025-11-22 07:28:47] [INFO] Cash memo generated for bill: BL0424
[2025-11-22 07:28:47] [INFO] Cash memo generated for bill: BL0425
[2025-11-22 07:28:47] [INFO] Cash memo generated for bill: BL0426
[2025-11-22 07:28:47] [INFO] Cash memo generated for bill: BL0427
[2025-11-22 07:28:47] [INFO] Cash memo generated for bill: BL0428
[2025-11-22 07:28:47] [INFO] Cash memo generated for bill: BL0429
[2025-11-22 07:28:47] [INFO] Cash memo generated for bill: BL0430
[2025-11-22 07:28:47] [INFO] Cash memo generated for bill: BL0431
[2025-11-22 07:28:47] [INFO] Cash memo generated for bill: BL0432
[2025-11-22 07:28:47] [INFO] Cash memo generated for bill: BL0433
[2025-11-22 07:28:47] [INFO] Cash memo generated for bill: BL0434
[2025-11-22 07:28:47] [INFO] Cash memo generated for bill: BL0435
[2025-11-22 07:28:47] [INFO] Cash memo generated for bill: BL0436
[2025-11-22 07:28:47] [INFO] Cash memo generated for bill: BL0437
[2025-11-22 07:28:47] [INFO] Cash memo generated for bill: BL0438
[2025-11-22 07:28:47] [INFO] Cash memo generated for bill: BL0439
[2025-11-22 07:28:48] [INFO] Cash memo generated for bill: BL0440
[2025-11-22 07:28:48] [INFO] Cash memo generated for bill: BL0441
[2025-11-22 07:28:48] [INFO] Cash memo generated for bill: BL0442
[2025-11-22 07:28:48] [INFO] Cash memo generated for bill: BL0443
[2025-11-22 07:28:48] [INFO] Cash memo generated for bill: BL0444
[2025-11-22 07:28:48] [INFO] Cash memo generated for bill: BL0445
[2025-11-22 07:28:48] [INFO] Cash memo generated for bill: BL0446
[2025-11-22 07:28:48] [INFO] Cash memo generated for bill: BL0447
[2025-11-22 07:28:48] [INFO] Cash memo generated for bill: BL0448
[2025-11-22 07:28:48] [INFO] Cash memo generated for bill: BL0449
[2025-11-22 07:28:48] [INFO] Cash memo generated for bill: BL0450
[2025-11-22 07:28:48] [INFO] Cash memo generated for bill: BL0451
[2025-11-22 07:28:48] [INFO] Cash memo generated for bill: BL0452
[2025-11-22 07:28:48] [INFO] Cash memo generated for bill: BL0453
[2025-11-22 07:28:48] [INFO] Cash memo generated for bill: BL0454
[2025-11-22 07:28:48] [INFO] Cash memo generated for bill: BL0455
[2025-11-22 07:28:48] [INFO] Cash memo generated for bill: BL0456
[2025-11-22 07:28:48] [INFO] Cash memo generated for bill: BL0457
[2025-11-22 07:28:48] [INFO] Cash memo generated for bill: BL0458
[2025-11-22 07:28:48] [INFO] Cash memo generated for bill: BL0459
[2025-11-22 07:28:48] [INFO] Cash memo generated for bill: BL0460
[2025-11-22 07:28:48] [INFO] Cash memo generated for bill: BL0461
[2025-11-22 07:28:48] [INFO] Cash memo generated for bill: BL0462
[2025-11-22 07:28:48] [INFO] Cash memo generated for bill: BL0463
[2025-11-22 07:28:48] [INFO] Cash memo generated for bill: BL0464
[2025-11-22 07:28:48] [INFO] Cash memo generated for bill: BL0465
[2025-11-22 07:28:49] [INFO] Cash memo generated for bill: BL0466
[2025-11-22 07:28:49] [INFO] Cash memo generated for bill: BL0467
[2025-11-22 07:28:49] [INFO] Cash memo generated for bill: BL0468
[2025-11-22 07:28:49] [INFO] Cash memo generated for bill: BL0469
[2025-11-22 07:28:49] [INFO] Cash memo generated for bill: BL0470
[2025-11-22 07:28:49] [INFO] Cash memo generated for bill: BL0471
[2025-11-22 07:28:49] [INFO] Cash memo generated for bill: BL0472
[2025-11-22 07:28:49] [INFO] Cash memo generated for bill: BL0473
[2025-11-22 07:28:49] [INFO] Cash memo generated for bill: BL0474
[2025-11-22 07:28:49] [INFO] Cash memo generated for bill: BL0475
[2025-11-22 07:28:49] [INFO] Cash memo generated for bill: BL0476
[2025-11-22 07:28:49] [INFO] Cash memo generated for bill: BL0477
[2025-11-22 07:28:49] [INFO] Cash memo generated for bill: BL0478
[2025-11-22 07:28:49] [INFO] Cash memo generated for bill: BL0479
[2025-11-22 07:28:49] [INFO] Cash memo generated for bill: BL0480
[2025-11-22 07:28:49] [INFO] Cash memo generated for bill: BL0481
[2025-11-22 07:28:49] [INFO] Cash memo generated for bill: BL0482
[2025-11-22 07:28:49] [INFO] Cash memo generated for bill: BL0483
[2025-11-22 07:28:49] [INFO] Cash memo generated for bill: BL0484
[2025-11-22 07:28:50] [INFO] Cash memo generated for bill: BL0485
[2025-11-22 07:28:50] [INFO] Cash memo generated for bill: BL0486
[2025-11-22 07:28:50] [INFO] Cash memo generated for bill: BL0487
[2025-11-22 07:28:50] [INFO] Cash memo generated for bill: BL0488
[2025-11-22 07:28:50] [INFO] Cash memo generated for bill: BL0489
[2025-11-22 07:28:50] [INFO] Cash memo generated for bill: BL0490
[2025-11-22 07:28:50] [INFO] Cash memo generated for bill: BL0491
[2025-11-22 07:28:50] [INFO] Cash memo generated for bill: BL0492
[2025-11-22 07:28:50] [INFO] Cash memo generated for bill: BL0493
[2025-11-22 07:28:50] [INFO] Cash memo generated for bill: BL0494
[2025-11-22 07:28:50] [INFO] Cash memo generated for bill: BL0495
[2025-11-22 07:28:50] [INFO] Cash memo generated for bill: BL0496
[2025-11-22 07:28:50] [INFO] Cash memo generated for bill: BL0497
[2025-11-22 07:28:50] [INFO] Cash memo generated for bill: BL0498
[2025-11-22 07:28:50] [INFO] Cash memo generated for bill: BL0499
[2025-11-22 07:28:50] [INFO] Cash memo generated for bill: BL0500
[2025-11-22 07:28:51] [INFO] Cash memo generated for bill: BL0501
[2025-11-22 07:28:51] [INFO] Cash memo generated for bill: BL0502
[2025-11-22 07:28:51] [INFO] Cash memo generated for bill: BL0503
[2025-11-22 07:28:51] [INFO] Cash memo generated for bill: BL0504
[2025-11-22 07:28:51] [INFO] Cash memo generated for bill: BL0505
[2025-11-22 07:28:51] [INFO] Cash memo generated for bill: BL0506
[2025-11-22 07:28:51] [INFO] Cash memo generated for bill: BL0507
[2025-11-22 07:28:51] [INFO] Cash memo generated for bill: BL0508
[2025-11-22 07:28:51] [INFO] Cash memo generated for bill: BL0509
[2025-11-22 07:28:51] [INFO] Cash memo generated for bill: BL0510
[2025-11-22 07:28:51] [INFO] Cash memo generated for bill: BL0511
[2025-11-22 07:28:51] [INFO] Cash memo generated for bill: BL0512
[2025-11-22 07:28:51] [INFO] Cash memo generated for bill: BL0513
[2025-11-22 07:28:51] [INFO] Cash memo generated for bill: BL0514
[2025-11-22 07:28:51] [INFO] Cash memo generated for bill: BL0515
[2025-11-22 07:28:51] [INFO] Cash memo generated for bill: BL0516
[2025-11-22 07:28:51] [INFO] Cash memo generated for bill: BL0517
[2025-11-22 07:28:51] [INFO] Cash memo generated for bill: BL0518
[2025-11-22 07:28:51] [INFO] Cash memo generated for bill: BL0519
[2025-11-22 07:28:51] [INFO] Cash memo generated for bill: BL0520
[2025-11-22 07:28:51] [INFO] Cash memo generated for bill: BL0521
[2025-11-22 07:28:51] [INFO] Cash memo generated for bill: BL0522
[2025-11-22 07:28:51] [INFO] Cash memo generated for bill: BL0523
[2025-11-22 07:28:51] [INFO] Cash memo generated for bill: BL0524
[2025-11-22 07:28:51] [INFO] Cash memo generated for bill: BL0525
[2025-11-22 07:28:51] [INFO] Cash memo generated for bill: BL0526
[2025-11-22 07:28:51] [INFO] Cash memo generated for bill: BL0527
[2025-11-22 07:28:51] [INFO] Cash memo generated for bill: BL0528
[2025-11-22 07:28:51] [INFO] Cash memo generated for bill: BL0529
[2025-11-22 07:28:51] [INFO] Cash memo generated for bill: BL0530
[2025-11-22 07:28:52] [INFO] Cash memo generated for bill: BL0531
[2025-11-22 07:28:52] [INFO] Cash memo generated for bill: BL0532
[2025-11-22 07:28:52] [INFO] Cash memo generated for bill: BL0533
[2025-11-22 07:28:52] [INFO] Cash memo generated for bill: BL0534
[2025-11-22 07:28:52] [INFO] Cash memo generated for bill: BL0535
[2025-11-22 07:28:52] [INFO] Cash memo generated for bill: BL0536
[2025-11-22 07:28:52] [INFO] Cash memo generated for bill: BL0537
[2025-11-22 07:28:52] [INFO] Cash memo generated for bill: BL0538
[2025-11-22 07:28:52] [INFO] Cash memo generated for bill: BL0539
[2025-11-22 07:28:52] [INFO] Cash memo generated for bill: BL0540
[2025-11-22 07:28:52] [INFO] Cash memo generated for bill: BL0541
[2025-11-22 07:28:52] [INFO] Cash memo generated for bill: BL0542
[2025-11-22 07:28:52] [INFO] Cash memo generated for bill: BL0543
[2025-11-22 07:28:52] [INFO] Cash memo generated for bill: BL0544
[2025-11-22 07:28:52] [INFO] Cash memo generated for bill: BL0545
[2025-11-22 07:28:52] [INFO] Cash memo generated for bill: BL0546
[2025-11-22 07:28:52] [INFO] Cash memo generated for bill: BL0547
[2025-11-22 07:28:52] [INFO] Cash memo generated for bill: BL0548
[2025-11-22 07:28:52] [INFO] Cash memo generated for bill: BL0549
[2025-11-22 07:28:52] [INFO] Cash memo generated for bill: BL0550
[2025-11-22 07:28:52] [INFO] Cash memo generated for bill: BL0551
[2025-11-22 07:28:52] [INFO] Cash memo generated for bill: BL0552
[2025-11-22 07:28:52] [INFO] Cash memo generated for bill: BL0553
[2025-11-22 07:28:52] [INFO] Cash memo generated for bill: BL0554
[2025-11-22 07:28:52] [INFO] Cash memo generated for bill: BL0555
[2025-11-22 07:28:52] [INFO] Cash memo generated for bill: BL0556
[2025-11-22 07:28:52] [INFO] Cash memo generated for bill: BL0557
[2025-11-22 07:28:52] [INFO] Cash memo generated for bill: BL0558
[2025-11-22 07:28:52] [INFO] Cash memo generated for bill: BL0559
[2025-11-22 07:28:52] [INFO] Cash memo generated for bill: BL0560
[2025-11-22 07:28:52] [INFO] Cash memo generated for bill: BL0561
[2025-11-22 07:28:52] [INFO] Cash memo generated for bill: BL0562
[2025-11-22 07:28:53] [INFO] Cash memo generated for bill: BL0563
[2025-11-22 07:28:53] [INFO] Cash memo generated for bill: BL0564
[2025-11-22 07:28:53] [INFO] Cash memo generated for bill: BL0565
[2025-11-22 07:28:53] [INFO] Cash memo generated for bill: BL0566
[2025-11-22 07:28:53] [INFO] Cash memo generated for bill: BL0567
[2025-11-22 07:28:53] [INFO] Cash memo generated for bill: BL0568
[2025-11-22 07:28:53] [INFO] Cash memo generated for bill: BL0569
[2025-11-22 07:28:53] [INFO] Cash memo generated for bill: BL0570
[2025-11-22 07:28:53] [INFO] Cash memo generated for bill: BL0571
[2025-11-22 07:28:53] [INFO] Cash memo generated for bill: BL0572
[2025-11-22 07:28:53] [INFO] Cash memo generated for bill: BL0573
[2025-11-22 07:28:53] [INFO] Cash memo generated for bill: BL0574
[2025-11-22 07:28:53] [INFO] Cash memo generated for bill: BL0575
[2025-11-22 07:28:53] [INFO] Cash memo generated for bill: BL0576
[2025-11-22 07:28:53] [INFO] Cash memo generated for bill: BL0577
[2025-11-22 07:28:53] [INFO] Cash memo generated for bill: BL0578
[2025-11-22 07:28:53] [INFO] Cash memo generated for bill: BL0579
[2025-11-22 07:28:53] [INFO] Cash memo generated for bill: BL0580
[2025-11-22 07:28:53] [INFO] Cash memo generated for bill: BL0581
[2025-11-22 07:28:53] [INFO] Cash memo generated for bill: BL0582
[2025-11-22 07:28:53] [INFO] Cash memo generated for bill: BL0583
[2025-11-22 07:28:53] [INFO] Cash memo generated for bill: BL0584
[2025-11-22 07:28:53] [INFO] Cash memo generated for bill: BL0585
[2025-11-22 07:28:53] [INFO] Cash memo generated for bill: BL0586
[2025-11-22 07:28:53] [INFO] Cash memo generated for bill: BL0587
[2025-11-22 07:28:53] [INFO] Cash memo generated for bill: BL0588
[2025-11-22 07:28:53] [INFO] Cash memo generated for bill: BL0589
[2025-11-22 07:28:53] [INFO] Cash memo generated for bill: BL0590
[2025-11-22 07:28:54] [INFO] Cash memo generated for bill: BL0591
[2025-11-22 07:28:54] [INFO] Cash memo generated for bill: BL0592
[2025-11-22 07:28:54] [INFO] Cash memo generated for bill: BL0593
[2025-11-22 07:28:54] [INFO] Cash memo generated for bill: BL0594
[2025-11-22 07:28:54] [INFO] Cash memo generated for bill: BL0595
[2025-11-22 07:28:54] [INFO] Cash memo generated for bill: BL0596
[2025-11-22 07:28:54] [INFO] Cash memo generated for bill: BL0597
[2025-11-22 07:28:54] [INFO] Cash memo generated for bill: BL0598
[2025-11-22 07:28:54] [INFO] Cash memo generated for bill: BL0599
[2025-11-22 07:28:54] [INFO] Cash memo generated for bill: BL0600
[2025-11-22 07:28:54] [INFO] Cash memo generated for bill: BL0601
[2025-11-22 07:28:54] [INFO] Cash memo generated for bill: BL0602
[2025-11-22 07:28:54] [INFO] Cash memo generated for bill: BL0603
[2025-11-22 07:28:54] [INFO] Cash memo generated for bill: BL0604
[2025-11-22 07:28:54] [INFO] Cash memo generated for bill: BL0605
[2025-11-22 07:28:54] [INFO] Cash memo generated for bill: BL0606
[2025-11-22 07:28:54] [INFO] Cash memo generated for bill: BL0607
[2025-11-22 07:28:54] [INFO] Cash memo generated for bill: BL0608
[2025-11-22 07:28:54] [INFO] Cash memo generated for bill: BL0609
[2025-11-22 07:28:54] [INFO] Cash memo generated for bill: BL0610
[2025-11-22 07:28:54] [INFO] Cash memo generated for bill: BL0611
[2025-11-22 07:28:54] [INFO] Cash memo generated for bill: BL0612
[2025-11-22 07:28:54] [INFO] Cash memo generated for bill: BL0613
[2025-11-22 07:28:54] [INFO] Cash memo generated for bill: BL0614
[2025-11-22 07:28:54] [INFO] Cash memo generated for bill: BL0615
[2025-11-22 07:28:54] [INFO] Cash memo generated for bill: BL0616
[2025-11-22 07:28:54] [INFO] Cash memo generated for bill: BL0617
[2025-11-22 07:28:54] [INFO] Cash memo generated for bill: BL0618
[2025-11-22 07:28:55] [INFO] Cash memo generated for bill: BL0619
[2025-11-22 07:28:55] [INFO] Cash memo generated for bill: BL0620
[2025-11-22 07:28:55] [INFO] Cash memo generated for bill: BL0621
[2025-11-22 07:28:55] [INFO] Cash memo generated for bill: BL0622
[2025-11-22 07:28:55] [INFO] Cash memo generated for bill: BL0623
[2025-11-22 07:28:55] [INFO] Cash memo generated for bill: BL0624
[2025-11-22 07:28:55] [INFO] Cash memo generated for bill: BL0625
[2025-11-22 07:28:55] [INFO] Cash memo generated for bill: BL0626
[2025-11-22 07:28:55] [INFO] Cash memo generated for bill: BL0627
[2025-11-22 07:28:55] [INFO] Cash memo generated for bill: BL0628
[2025-11-22 07:28:55] [INFO] Cash memo generated for bill: BL0629
[2025-11-22 07:28:55] [INFO] Cash memo generated for bill: BL0630
[2025-11-22 07:28:55] [INFO] Cash memo generated for bill: BL0631
[2025-11-22 07:28:55] [INFO] Cash memo generated for bill: BL0632
[2025-11-22 07:28:55] [INFO] Cash memo generated for bill: BL0633
[2025-11-22 07:28:55] [INFO] Cash memo generated for bill: BL0634
[2025-11-22 07:28:55] [INFO] Cash memo generated for bill: BL0635
[2025-11-22 07:28:55] [INFO] Cash memo generated for bill: BL0636
[2025-11-22 07:28:55] [INFO] Cash memo generated for bill: BL0637
[2025-11-22 07:28:55] [INFO] Cash memo generated for bill: BL0638
[2025-11-22 07:28:55] [INFO] Cash memo generated for bill: BL0639
[2025-11-22 07:28:55] [INFO] Cash memo generated for bill: BL0640
[2025-11-22 07:28:55] [INFO] Cash memo generated for bill: BL0641
[2025-11-22 07:28:55] [INFO] Cash memo generated for bill: BL0642
[2025-11-22 07:28:55] [INFO] Cash memo generated for bill: BL0643
[2025-11-22 07:28:55] [INFO] Cash memo generated for bill: BL0644
[2025-11-22 07:28:55] [INFO] Cash memo generated for bill: BL0645
[2025-11-22 07:28:55] [INFO] Cash memo generated for bill: BL0646
[2025-11-22 07:28:55] [INFO] Cash memo generated for bill: BL0647
[2025-11-22 07:28:56] [INFO] Cash memo generated for bill: BL0648
[2025-11-22 07:28:56] [INFO] Cash memo generated for bill: BL0649
[2025-11-22 07:28:56] [INFO] Cash memo generated for bill: BL0650
[2025-11-22 07:28:56] [INFO] Cash memo generated for bill: BL0651
[2025-11-22 07:28:56] [INFO] Cash memo generated for bill: BL0652
[2025-11-22 07:28:56] [INFO] Cash memo generated for bill: BL0653
[2025-11-22 07:28:56] [INFO] Cash memo generated for bill: BL0654
[2025-11-22 07:28:56] [INFO] Cash memo generated for bill: BL0655
[2025-11-22 07:28:56] [INFO] Cash memo generated for bill: BL0656
[2025-11-22 07:28:56] [INFO] Cash memo generated for bill: BL0657
[2025-11-22 07:28:56] [INFO] Cash memo generated for bill: BL0658
[2025-11-22 07:28:56] [INFO] Cash memo generated for bill: BL0659
[2025-11-22 07:28:56] [INFO] Cash memo generated for bill: BL0660
[2025-11-22 07:28:56] [INFO] Cash memo generated for bill: BL0661
[2025-11-22 07:28:56] [INFO] Cash memo generated for bill: BL0662
[2025-11-22 07:28:56] [INFO] Cash memo generated for bill: BL0663
[2025-11-22 07:28:56] [INFO] Cash memo generated for bill: BL0664
[2025-11-22 07:28:56] [INFO] Cash memo generated for bill: BL0665
[2025-11-22 07:28:56] [INFO] Cash memo generated for bill: BL0666
[2025-11-22 07:28:56] [INFO] Cash memo generated for bill: BL0667
[2025-11-22 07:28:56] [INFO] Cash memo generated for bill: BL0668
[2025-11-22 07:28:56] [INFO] Cash memo generated for bill: BL0669
[2025-11-22 07:28:56] [INFO] Cash memo generated for bill: BL0670
[2025-11-22 07:28:56] [INFO] Cash memo generated for bill: BL0671
[2025-11-22 07:28:56] [INFO] Cash memo generated for bill: BL0672
[2025-11-22 07:28:56] [INFO] Cash memo generated for bill: BL0673
[2025-11-22 07:28:56] [INFO] Cash memo generated for bill: BL0674
[2025-11-22 07:28:56] [INFO] Cash memo generated for bill: BL0675
[2025-11-22 07:28:56] [INFO] Cash memo generated for bill: BL0676
[2025-11-22 07:28:56] [INFO] Cash memo generated for bill: BL0677
[2025-11-22 07:28:57] [INFO] Cash memo generated for bill: BL0678
[2025-11-22 07:28:57] [INFO] Cash memo generated for bill: BL0679
[2025-11-22 07:28:57] [INFO] Cash memo generated for bill: BL0680
[2025-11-22 07:28:57] [INFO] Cash memo generated for bill: BL0681
[2025-11-22 07:28:57] [INFO] Cash memo generated for bill: BL0682
[2025-11-22 07:28:57] [INFO] Cash memo generated for bill: BL0683
[2025-11-22 07:28:57] [INFO] Cash memo generated for bill: BL0684
[2025-11-22 07:28:57] [INFO] Cash memo generated for bill: BL0685
[2025-11-22 07:28:57] [INFO] Cash memo generated for bill: BL0686
[2025-11-22 07:28:57] [INFO] Cash memo generated for bill: BL0687
[2025-11-22 07:28:57] [INFO] Cash memo generated for bill: BL0688
[2025-11-22 07:28:57] [INFO] Cash memo generated for bill: BL0689
[2025-11-22 07:28:57] [INFO] Cash memo generated for bill: BL0690
[2025-11-22 07:28:57] [INFO] Cash memo generated for bill: BL0691
[2025-11-22 07:28:57] [INFO] Cash memo generated for bill: BL0692
[2025-11-22 07:28:57] [INFO] Cash memo generated for bill: BL0693
[2025-11-22 07:28:57] [INFO] Cash memo generated for bill: BL0694
[2025-11-22 07:28:57] [INFO] Cash memo generated for bill: BL0695
[2025-11-22 07:28:57] [INFO] Cash memo generated for bill: BL0696
[2025-11-22 07:28:57] [INFO] Cash memo generated for bill: BL0697
[2025-11-22 07:28:57] [INFO] Cash memo generated for bill: BL0698
[2025-11-22 07:28:57] [INFO] Cash memo generated for bill: BL0699
[2025-11-22 07:28:57] [INFO] Cash memo generated for bill: BL0700
[2025-11-22 07:28:58] [INFO] Cash memo generated for bill: BL0701
[2025-11-22 07:28:58] [INFO] Cash memo generated for bill: BL0702
[2025-11-22 07:28:58] [INFO] Cash memo generated for bill: BL0703
[2025-11-22 07:28:58] [INFO] Cash memo generated for bill: BL0704
[2025-11-22 07:28:58] [INFO] Cash memo generated for bill: BL0705
[2025-11-22 07:28:58] [INFO] Cash memo generated for bill: BL0706
[2025-11-22 07:28:58] [INFO] Cash memo generated for bill: BL0707
[2025-11-22 07:28:58] [INFO] Cash memo generated for bill: BL0708
[2025-11-22 07:28:58] [INFO] Cash memo generated for bill: BL0709
[2025-11-22 07:28:58] [INFO] Cash memo generated for bill: BL0710
[2025-11-22 07:28:58] [INFO] Cash memo generated for bill: BL0711
[2025-11-22 07:28:58] [INFO] Cash memo generated for bill: BL0712
[2025-11-22 07:28:58] [INFO] Cash memo generated for bill: BL0713
[2025-11-22 07:28:58] [INFO] Cash memo generated for bill: BL0714
[2025-11-22 07:28:58] [INFO] Cash memo generated for bill: BL0715
[2025-11-22 07:28:58] [INFO] Cash memo generated for bill: BL0716
[2025-11-22 07:28:58] [INFO] Cash memo generation completed: 426 successful, 0 failed
[2025-11-22 07:28:58] [INFO] Session quantities cleared
