[2025-12-22 04:09:28] [INFO] === PAGE ACCESS ===
[2025-12-22 04:09:28] [INFO] Request method: GET
[2025-12-22 04:09:28] [INFO] Search term: ''
[2025-12-22 04:09:28] [INFO] Current session ID: gs8pta1srch631r33feruh9jej
[2025-12-22 04:09:28] [INFO] Final session quantities count: 0
[2025-12-22 04:09:28] [INFO] Items in current view: 50
[2025-12-22 04:09:28] [INFO] Sales Page Load Debug Info:
Array
(
    [total_items] => 3551
    [current_page] => 1
    [total_pages] => 72
    [session_quantities_count] => 0
    [post_quantities_count] => 0
    [date_range] => 2025-12-22 to 2025-12-22
    [days_count] => 1
    [user_id] => 4
    [comp_id] => 4
    [license_type] => FL-III
    [allowed_classes] => Array
        (
            [0] => W
            [1] => V
            [2] => G
            [3] => F
            [4] => D
            [5] => K
            [6] => R
            [7] => O
            [8] => O
            [9] => O
            [10] => O
            [11] => M
        )

)

[2025-12-22 04:09:32] [INFO] Session quantity updated: SCMLS0024545 = 0
[2025-12-22 04:09:33] [INFO] Session quantity updated: SCMLS0024545 = 0
[2025-12-22 04:09:33] [INFO] Session quantity updated: SCMLS0024545 = 0
[2025-12-22 04:09:33] [INFO] Session quantity updated: SCMLS0024545 = 0
[2025-12-22 04:09:38] [INFO] Session quantity updated: SCMLS0024545 = 0
[2025-12-22 04:09:41] [INFO] === PAGE ACCESS ===
[2025-12-22 04:09:41] [INFO] Request method: GET
[2025-12-22 04:09:41] [INFO] Search term: 'mcd'
[2025-12-22 04:09:41] [INFO] Current session ID: gs8pta1srch631r33feruh9jej
[2025-12-22 04:09:41] [INFO] Final session quantities count: 1
[2025-12-22 04:09:41] [INFO] Items in current view: 50
[2025-12-22 04:09:41] [INFO] Sales Page Load Debug Info:
Array
(
    [total_items] => 85
    [current_page] => 1
    [total_pages] => 2
    [session_quantities_count] => 1
    [post_quantities_count] => 0
    [date_range] => 2025-12-22 to 2025-12-22
    [days_count] => 1
    [user_id] => 4
    [comp_id] => 4
    [license_type] => FL-III
    [allowed_classes] => Array
        (
            [0] => W
            [1] => V
            [2] => G
            [3] => F
            [4] => D
            [5] => K
            [6] => R
            [7] => O
            [8] => O
            [9] => O
            [10] => O
            [11] => M
        )

)

[2025-12-22 04:09:52] [INFO] === PAGE ACCESS ===
[2025-12-22 04:09:52] [INFO] Request method: GET
[2025-12-22 04:09:52] [INFO] Search term: 'mcd'
[2025-12-22 04:09:52] [INFO] Current session ID: gs8pta1srch631r33feruh9jej
[2025-12-22 04:09:52] [INFO] Final session quantities count: 1
[2025-12-22 04:09:52] [INFO] Items in current view: 35
[2025-12-22 04:09:52] [INFO] Sales Page Load Debug Info:
Array
(
    [total_items] => 85
    [current_page] => 2
    [total_pages] => 2
    [session_quantities_count] => 1
    [post_quantities_count] => 0
    [date_range] => 2025-12-22 to 2025-12-22
    [days_count] => 1
    [user_id] => 4
    [comp_id] => 4
    [license_type] => FL-III
    [allowed_classes] => Array
        (
            [0] => W
            [1] => V
            [2] => G
            [3] => F
            [4] => D
            [5] => K
            [6] => R
            [7] => O
            [8] => O
            [9] => O
            [10] => O
            [11] => M
        )

)

[2025-12-22 04:09:58] [INFO] Session quantity updated: SCMKS0038715 = 0
[2025-12-22 04:09:58] [INFO] Session quantity updated: SCMKS0038715 = 0
[2025-12-22 04:09:58] [INFO] Session quantity updated: SCMKS0038715 = 1
[2025-12-22 04:09:59] [INFO] Session quantity updated: SCMKS0038715 = 1
[2025-12-22 04:09:59] [INFO] Session quantity updated: SCMKS0038715 = 10
[2025-12-22 04:09:59] [INFO] Session quantity updated: SCMKS0038715 = 10
[2025-12-22 04:10:00] [INFO] Session quantity updated: SCMKS0038715 = 10
[2025-12-22 04:10:36] [INFO] Sales Page Load Debug Info:
Array
(
    [total_items] => 3551
    [current_page] => 1
    [total_pages] => 72
    [session_quantities_count] => 2
    [post_quantities_count] => 0
    [date_range] => 2025-12-22 to 2025-12-22
    [days_count] => 1
    [user_id] => 4
    [comp_id] => 4
    [license_type] => FL-III
    [allowed_classes] => Array
        (
            [0] => W
            [1] => V
            [2] => G
            [3] => F
            [4] => D
            [5] => K
            [6] => R
            [7] => O
            [8] => O
            [9] => O
            [10] => O
            [11] => M
        )

)

[2025-12-22 04:10:40] [INFO] === PAGE ACCESS ===
[2025-12-22 04:10:40] [INFO] Request method: GET
[2025-12-22 04:10:40] [INFO] Search term: ''
[2025-12-22 04:10:40] [INFO] Current session ID: gs8pta1srch631r33feruh9jej
[2025-12-22 04:10:40] [INFO] Final session quantities count: 2
[2025-12-22 04:10:40] [INFO] Items in current view: 50
[2025-12-22 04:10:40] [INFO] Sales Page Load Debug Info:
Array
(
    [total_items] => 3551
    [current_page] => 1
    [total_pages] => 72
    [session_quantities_count] => 2
    [post_quantities_count] => 0
    [date_range] => 2025-12-22 to 2025-12-22
    [days_count] => 1
    [user_id] => 4
    [comp_id] => 4
    [license_type] => FL-III
    [allowed_classes] => Array
        (
            [0] => W
            [1] => V
            [2] => G
            [3] => F
            [4] => D
            [5] => K
            [6] => R
            [7] => O
            [8] => O
            [9] => O
            [10] => O
            [11] => M
        )

)

[2025-12-22 04:10:43] [INFO] Session quantity updated: SCMLS0024545 = 0
[2025-12-22 04:10:44] [INFO] Session quantity updated: SCMLS0024545 = 0
[2025-12-22 04:10:44] [INFO] Session quantity updated: SCMLS0024545 = 0
[2025-12-22 04:10:45] [INFO] Session quantity updated: SCMLS0024545 = 0
[2025-12-22 04:10:51] [INFO] === PAGE ACCESS ===
[2025-12-22 04:10:51] [INFO] Request method: GET
[2025-12-22 04:10:51] [INFO] Search term: ''
[2025-12-22 04:10:51] [INFO] Current session ID: gs8pta1srch631r33feruh9jej
[2025-12-22 04:10:51] [INFO] Final session quantities count: 2
[2025-12-22 04:10:51] [INFO] Items in current view: 50
[2025-12-22 04:10:51] [INFO] Sales Page Load Debug Info:
Array
(
    [total_items] => 3551
    [current_page] => 2
    [total_pages] => 72
    [session_quantities_count] => 2
    [post_quantities_count] => 0
    [date_range] => 2025-12-22 to 2025-12-22
    [days_count] => 1
    [user_id] => 4
    [comp_id] => 4
    [license_type] => FL-III
    [allowed_classes] => Array
        (
            [0] => W
            [1] => V
            [2] => G
            [3] => F
            [4] => D
            [5] => K
            [6] => R
            [7] => O
            [8] => O
            [9] => O
            [10] => O
            [11] => M
        )

)

[2025-12-22 04:10:59] [INFO] Session quantity updated: SCMPL0010694 = 0
[2025-12-22 04:10:59] [INFO] Session quantity updated: SCMPL0010694 = 0
[2025-12-22 04:11:00] [INFO] Session quantity updated: SCMPL0010694 = 10
[2025-12-22 04:11:00] [INFO] Session quantity updated: SCMPL0010694 = 10
[2025-12-22 04:11:02] [INFO] Session quantity updated: SCMPL0010694 = 10
[2025-12-22 04:11:39] [INFO] === PAGE ACCESS ===
[2025-12-22 04:11:39] [INFO] Request method: GET
[2025-12-22 04:11:39] [INFO] Search term: ''
[2025-12-22 04:11:39] [INFO] Current session ID: gs8pta1srch631r33feruh9jej
[2025-12-22 04:11:39] [INFO] Final session quantities count: 3
[2025-12-22 04:11:39] [INFO] Items in current view: 50
[2025-12-22 04:11:39] [INFO] Sales Page Load Debug Info:
Array
(
    [total_items] => 3551
    [current_page] => 1
    [total_pages] => 72
    [session_quantities_count] => 3
    [post_quantities_count] => 0
    [date_range] => 2025-12-22 to 2025-12-22
    [days_count] => 1
    [user_id] => 4
    [comp_id] => 4
    [license_type] => FL-III
    [allowed_classes] => Array
        (
            [0] => W
            [1] => V
            [2] => G
            [3] => F
            [4] => D
            [5] => K
            [6] => R
            [7] => O
            [8] => O
            [9] => O
            [10] => O
            [11] => M
        )

)

[2025-12-22 04:11:45] [INFO] === PAGE ACCESS ===
[2025-12-22 04:11:45] [INFO] Request method: GET
[2025-12-22 04:11:45] [INFO] Search term: ''
[2025-12-22 04:11:45] [INFO] Current session ID: gs8pta1srch631r33feruh9jej
[2025-12-22 04:11:45] [INFO] Final session quantities count: 3
[2025-12-22 04:11:45] [INFO] Items in current view: 50
[2025-12-22 04:11:45] [INFO] Sales Page Load Debug Info:
Array
(
    [total_items] => 3551
    [current_page] => 2
    [total_pages] => 72
    [session_quantities_count] => 3
    [post_quantities_count] => 0
    [date_range] => 2025-12-22 to 2025-12-22
    [days_count] => 1
    [user_id] => 4
    [comp_id] => 4
    [license_type] => FL-III
    [allowed_classes] => Array
        (
            [0] => W
            [1] => V
            [2] => G
            [3] => F
            [4] => D
            [5] => K
            [6] => R
            [7] => O
            [8] => O
            [9] => O
            [10] => O
            [11] => M
        )

)

[2025-12-22 04:12:29] [INFO] === PAGE ACCESS ===
[2025-12-22 04:12:29] [INFO] Request method: GET
[2025-12-22 04:12:29] [INFO] Search term: ''
[2025-12-22 04:12:29] [INFO] Current session ID: gs8pta1srch631r33feruh9jej
[2025-12-22 04:12:29] [INFO] Final session quantities count: 3
[2025-12-22 04:12:29] [INFO] Items in current view: 50
[2025-12-22 04:12:29] [INFO] Sales Page Load Debug Info:
Array
(
    [total_items] => 3551
    [current_page] => 1
    [total_pages] => 72
    [session_quantities_count] => 3
    [post_quantities_count] => 0
    [date_range] => 2025-12-22 to 2025-12-22
    [days_count] => 1
    [user_id] => 4
    [comp_id] => 4
    [license_type] => FL-III
    [allowed_classes] => Array
        (
            [0] => W
            [1] => V
            [2] => G
            [3] => F
            [4] => D
            [5] => K
            [6] => R
            [7] => O
            [8] => O
            [9] => O
            [10] => O
            [11] => M
        )

)

[2025-12-22 04:12:34] [INFO] === PAGE ACCESS ===
[2025-12-22 04:12:34] [INFO] Request method: GET
[2025-12-22 04:12:34] [INFO] Search term: 'SCMPL0010694'
[2025-12-22 04:12:34] [INFO] Current session ID: gs8pta1srch631r33feruh9jej
[2025-12-22 04:12:34] [INFO] Final session quantities count: 3
[2025-12-22 04:12:34] [INFO] Items in current view: 1
[2025-12-22 04:12:34] [INFO] Sales Page Load Debug Info:
Array
(
    [total_items] => 1
    [current_page] => 1
    [total_pages] => 1
    [session_quantities_count] => 3
    [post_quantities_count] => 0
    [date_range] => 2025-12-22 to 2025-12-22
    [days_count] => 1
    [user_id] => 4
    [comp_id] => 4
    [license_type] => FL-III
    [allowed_classes] => Array
        (
            [0] => W
            [1] => V
            [2] => G
            [3] => F
            [4] => D
            [5] => K
            [6] => R
            [7] => O
            [8] => O
            [9] => O
            [10] => O
            [11] => M
        )

)

