[2026-01-07 06:04:03] [INFO] === PAGE ACCESS ===
[2026-01-07 06:04:03] [INFO] Request method: GET
[2026-01-07 06:04:03] [INFO] Search term: ''
[2026-01-07 06:04:03] [INFO] Current session ID: qifmk29nmbk74oomr02onkpvbu
[2026-01-07 06:04:03] [DEBUG] getDailyStockTableName: Date=2025-11-01, CompID=1, CurrentMonth=2026-01, DateMonth=2025-11
[2026-01-07 06:04:03] [DEBUG] Using archived month table: tbldailystock_1_11_25
[2026-01-07 06:04:03] [INFO] Using daily stock table: tbldailystock_1_11_25 for end date: 2025-11-01
[2026-01-07 06:04:03] [INFO] Using column: DAY_01_CLOSING
[2026-01-07 06:04:03] [ERROR] Error getting dry days: Unknown column 'DRY_DATE' in 'field list'
[2026-01-07 06:04:03] [ERROR] Error getting dry days: Unknown column 'DRY_DATE' in 'field list'
[2026-01-07 06:04:03] [ERROR] Error getting dry days: Unknown column 'DRY_DATE' in 'field list'
[2026-01-07 06:04:03] [ERROR] Error getting dry days: Unknown column 'DRY_DATE' in 'field list'
[2026-01-07 06:04:03] [ERROR] Error getting dry days: Unknown column 'DRY_DATE' in 'field list'
[2026-01-07 06:04:03] [ERROR] Error getting dry days: Unknown column 'DRY_DATE' in 'field list'
[2026-01-07 06:04:03] [ERROR] Error getting dry days: Unknown column 'DRY_DATE' in 'field list'
[2026-01-07 06:04:03] [ERROR] Error getting dry days: Unknown column 'DRY_DATE' in 'field list'
[2026-01-07 06:04:03] [ERROR] Error getting dry days: Unknown column 'DRY_DATE' in 'field list'
[2026-01-07 06:04:03] [ERROR] Error getting dry days: Unknown column 'DRY_DATE' in 'field list'
[2026-01-07 06:04:03] [ERROR] Error getting dry days: Unknown column 'DRY_DATE' in 'field list'
[2026-01-07 06:04:03] [ERROR] Error getting dry days: Unknown column 'DRY_DATE' in 'field list'
[2026-01-07 06:04:03] [ERROR] Error getting dry days: Unknown column 'DRY_DATE' in 'field list'
[2026-01-07 06:04:03] [ERROR] Error getting dry days: Unknown column 'DRY_DATE' in 'field list'
[2026-01-07 06:04:03] [ERROR] Error getting dry days: Unknown column 'DRY_DATE' in 'field list'
[2026-01-07 06:04:03] [ERROR] Error getting dry days: Unknown column 'DRY_DATE' in 'field list'
[2026-01-07 06:04:03] [ERROR] Error getting dry days: Unknown column 'DRY_DATE' in 'field list'
[2026-01-07 06:04:03] [ERROR] Error getting dry days: Unknown column 'DRY_DATE' in 'field list'
[2026-01-07 06:04:03] [ERROR] Error getting dry days: Unknown column 'DRY_DATE' in 'field list'
[2026-01-07 06:04:03] [ERROR] Error getting dry days: Unknown column 'DRY_DATE' in 'field list'
[2026-01-07 06:04:03] [ERROR] Error getting dry days: Unknown column 'DRY_DATE' in 'field list'
[2026-01-07 06:04:03] [ERROR] Error getting dry days: Unknown column 'DRY_DATE' in 'field list'
[2026-01-07 06:04:03] [ERROR] Error getting dry days: Unknown column 'DRY_DATE' in 'field list'
[2026-01-07 06:04:03] [ERROR] Error getting dry days: Unknown column 'DRY_DATE' in 'field list'
[2026-01-07 06:04:03] [ERROR] Error getting dry days: Unknown column 'DRY_DATE' in 'field list'
[2026-01-07 06:04:03] [ERROR] Error getting dry days: Unknown column 'DRY_DATE' in 'field list'
[2026-01-07 06:04:03] [ERROR] Error getting dry days: Unknown column 'DRY_DATE' in 'field list'
[2026-01-07 06:04:03] [ERROR] Error getting dry days: Unknown column 'DRY_DATE' in 'field list'
[2026-01-07 06:04:03] [ERROR] Error getting dry days: Unknown column 'DRY_DATE' in 'field list'
[2026-01-07 06:04:03] [ERROR] Error getting dry days: Unknown column 'DRY_DATE' in 'field list'
[2026-01-07 06:04:03] [ERROR] Error getting dry days: Unknown column 'DRY_DATE' in 'field list'
[2026-01-07 06:04:03] [ERROR] Error getting dry days: Unknown column 'DRY_DATE' in 'field list'
[2026-01-07 06:04:03] [ERROR] Error getting dry days: Unknown column 'DRY_DATE' in 'field list'
[2026-01-07 06:04:03] [ERROR] Error getting dry days: Unknown column 'DRY_DATE' in 'field list'
[2026-01-07 06:04:03] [ERROR] Error getting dry days: Unknown column 'DRY_DATE' in 'field list'
[2026-01-07 06:04:03] [ERROR] Error getting dry days: Unknown column 'DRY_DATE' in 'field list'
[2026-01-07 06:04:03] [ERROR] Error getting dry days: Unknown column 'DRY_DATE' in 'field list'
[2026-01-07 06:04:03] [ERROR] Error getting dry days: Unknown column 'DRY_DATE' in 'field list'
[2026-01-07 06:04:03] [ERROR] Error getting dry days: Unknown column 'DRY_DATE' in 'field list'
[2026-01-07 06:04:03] [ERROR] Error getting dry days: Unknown column 'DRY_DATE' in 'field list'
[2026-01-07 06:04:03] [ERROR] Error getting dry days: Unknown column 'DRY_DATE' in 'field list'
[2026-01-07 06:04:03] [ERROR] Error getting dry days: Unknown column 'DRY_DATE' in 'field list'
[2026-01-07 06:04:03] [ERROR] Error getting dry days: Unknown column 'DRY_DATE' in 'field list'
[2026-01-07 06:04:03] [ERROR] Error getting dry days: Unknown column 'DRY_DATE' in 'field list'
[2026-01-07 06:04:03] [ERROR] Error getting dry days: Unknown column 'DRY_DATE' in 'field list'
[2026-01-07 06:04:03] [ERROR] Error getting dry days: Unknown column 'DRY_DATE' in 'field list'
[2026-01-07 06:04:03] [ERROR] Error getting dry days: Unknown column 'DRY_DATE' in 'field list'
[2026-01-07 06:04:03] [ERROR] Error getting dry days: Unknown column 'DRY_DATE' in 'field list'
[2026-01-07 06:04:03] [ERROR] Error getting dry days: Unknown column 'DRY_DATE' in 'field list'
[2026-01-07 06:04:03] [ERROR] Error getting dry days: Unknown column 'DRY_DATE' in 'field list'
[2026-01-07 06:04:04] [INFO] Final session quantities count: 3
[2026-01-07 06:04:04] [INFO] Items in current view: 50
[2026-01-07 06:04:04] [INFO] Sales Page Load Debug Info:
Array
(
    [total_items] => 108
    [current_page] => 1
    [total_pages] => 3
    [session_quantities_count] => 3
    [post_quantities_count] => 0
    [date_range] => 2025-11-01 to 2025-11-01
    [days_count] => 1
    [user_id] => 1
    [comp_id] => 1
    [license_type] => FL-II
    [allowed_classes] => Array
        (
            [0] => W
            [1] => V
            [2] => G
            [3] => F
            [4] => D
            [5] => K
            [6] => R
            [7] => L
            [8] => M
            [9] => I
            [10] => Q
        )

    [end_day_column] => DAY_01_CLOSING
    [daily_stock_table] => tbldailystock_1_11_25
    [table_exists] => 1
    [availability_summary] => Array
        (
            [fully_available] => 49
            [partially_available] => 0
            [not_available] => 1
        )

)

[2026-01-07 06:05:13] [INFO] === PAGE ACCESS ===
[2026-01-07 06:05:13] [INFO] Request method: GET
[2026-01-07 06:05:13] [INFO] Search term: ''
[2026-01-07 06:05:13] [INFO] Current session ID: qifmk29nmbk74oomr02onkpvbu
[2026-01-07 06:05:13] [DEBUG] getDailyStockTableName: Date=2026-01-07, CompID=1, CurrentMonth=2026-01, DateMonth=2026-01
[2026-01-07 06:05:13] [DEBUG] Using current month table: tbldailystock_1
[2026-01-07 06:05:13] [INFO] Using daily stock table: tbldailystock_1 for end date: 2026-01-07
[2026-01-07 06:05:13] [INFO] Using column: DAY_07_CLOSING
[2026-01-07 06:05:13] [ERROR] Error getting dry days: Unknown column 'DRY_DATE' in 'field list'
[2026-01-07 06:05:13] [ERROR] Error getting dry days: Unknown column 'DRY_DATE' in 'field list'
[2026-01-07 06:05:13] [ERROR] Error getting dry days: Unknown column 'DRY_DATE' in 'field list'
[2026-01-07 06:05:13] [ERROR] Error getting dry days: Unknown column 'DRY_DATE' in 'field list'
[2026-01-07 06:05:13] [ERROR] Error getting dry days: Unknown column 'DRY_DATE' in 'field list'
[2026-01-07 06:05:13] [ERROR] Error getting dry days: Unknown column 'DRY_DATE' in 'field list'
[2026-01-07 06:05:13] [ERROR] Error getting dry days: Unknown column 'DRY_DATE' in 'field list'
[2026-01-07 06:05:13] [ERROR] Error getting dry days: Unknown column 'DRY_DATE' in 'field list'
[2026-01-07 06:05:13] [ERROR] Error getting dry days: Unknown column 'DRY_DATE' in 'field list'
[2026-01-07 06:05:13] [ERROR] Error getting dry days: Unknown column 'DRY_DATE' in 'field list'
[2026-01-07 06:05:13] [ERROR] Error getting dry days: Unknown column 'DRY_DATE' in 'field list'
[2026-01-07 06:05:13] [ERROR] Error getting dry days: Unknown column 'DRY_DATE' in 'field list'
[2026-01-07 06:05:13] [ERROR] Error getting dry days: Unknown column 'DRY_DATE' in 'field list'
[2026-01-07 06:05:13] [ERROR] Error getting dry days: Unknown column 'DRY_DATE' in 'field list'
[2026-01-07 06:05:13] [ERROR] Error getting dry days: Unknown column 'DRY_DATE' in 'field list'
[2026-01-07 06:05:13] [ERROR] Error getting dry days: Unknown column 'DRY_DATE' in 'field list'
[2026-01-07 06:05:13] [ERROR] Error getting dry days: Unknown column 'DRY_DATE' in 'field list'
[2026-01-07 06:05:13] [ERROR] Error getting dry days: Unknown column 'DRY_DATE' in 'field list'
[2026-01-07 06:05:13] [ERROR] Error getting dry days: Unknown column 'DRY_DATE' in 'field list'
[2026-01-07 06:05:13] [ERROR] Error getting dry days: Unknown column 'DRY_DATE' in 'field list'
[2026-01-07 06:05:13] [ERROR] Error getting dry days: Unknown column 'DRY_DATE' in 'field list'
[2026-01-07 06:05:13] [ERROR] Error getting dry days: Unknown column 'DRY_DATE' in 'field list'
[2026-01-07 06:05:13] [ERROR] Error getting dry days: Unknown column 'DRY_DATE' in 'field list'
[2026-01-07 06:05:13] [ERROR] Error getting dry days: Unknown column 'DRY_DATE' in 'field list'
[2026-01-07 06:05:13] [ERROR] Error getting dry days: Unknown column 'DRY_DATE' in 'field list'
[2026-01-07 06:05:13] [ERROR] Error getting dry days: Unknown column 'DRY_DATE' in 'field list'
[2026-01-07 06:05:13] [ERROR] Error getting dry days: Unknown column 'DRY_DATE' in 'field list'
[2026-01-07 06:05:13] [ERROR] Error getting dry days: Unknown column 'DRY_DATE' in 'field list'
[2026-01-07 06:05:13] [ERROR] Error getting dry days: Unknown column 'DRY_DATE' in 'field list'
[2026-01-07 06:05:13] [ERROR] Error getting dry days: Unknown column 'DRY_DATE' in 'field list'
[2026-01-07 06:05:13] [ERROR] Error getting dry days: Unknown column 'DRY_DATE' in 'field list'
[2026-01-07 06:05:13] [ERROR] Error getting dry days: Unknown column 'DRY_DATE' in 'field list'
[2026-01-07 06:05:13] [ERROR] Error getting dry days: Unknown column 'DRY_DATE' in 'field list'
[2026-01-07 06:05:13] [ERROR] Error getting dry days: Unknown column 'DRY_DATE' in 'field list'
[2026-01-07 06:05:13] [ERROR] Error getting dry days: Unknown column 'DRY_DATE' in 'field list'
[2026-01-07 06:05:13] [ERROR] Error getting dry days: Unknown column 'DRY_DATE' in 'field list'
[2026-01-07 06:05:13] [ERROR] Error getting dry days: Unknown column 'DRY_DATE' in 'field list'
[2026-01-07 06:05:13] [ERROR] Error getting dry days: Unknown column 'DRY_DATE' in 'field list'
[2026-01-07 06:05:13] [ERROR] Error getting dry days: Unknown column 'DRY_DATE' in 'field list'
[2026-01-07 06:05:13] [ERROR] Error getting dry days: Unknown column 'DRY_DATE' in 'field list'
[2026-01-07 06:05:13] [ERROR] Error getting dry days: Unknown column 'DRY_DATE' in 'field list'
[2026-01-07 06:05:13] [ERROR] Error getting dry days: Unknown column 'DRY_DATE' in 'field list'
[2026-01-07 06:05:13] [ERROR] Error getting dry days: Unknown column 'DRY_DATE' in 'field list'
[2026-01-07 06:05:13] [ERROR] Error getting dry days: Unknown column 'DRY_DATE' in 'field list'
[2026-01-07 06:05:13] [ERROR] Error getting dry days: Unknown column 'DRY_DATE' in 'field list'
[2026-01-07 06:05:14] [ERROR] Error getting dry days: Unknown column 'DRY_DATE' in 'field list'
[2026-01-07 06:05:14] [ERROR] Error getting dry days: Unknown column 'DRY_DATE' in 'field list'
[2026-01-07 06:05:14] [ERROR] Error getting dry days: Unknown column 'DRY_DATE' in 'field list'
[2026-01-07 06:05:14] [ERROR] Error getting dry days: Unknown column 'DRY_DATE' in 'field list'
[2026-01-07 06:05:14] [ERROR] Error getting dry days: Unknown column 'DRY_DATE' in 'field list'
[2026-01-07 06:05:14] [INFO] Final session quantities count: 3
[2026-01-07 06:05:14] [INFO] Items in current view: 50
[2026-01-07 06:05:14] [INFO] Sales Page Load Debug Info:
Array
(
    [total_items] => 108
    [current_page] => 1
    [total_pages] => 3
    [session_quantities_count] => 3
    [post_quantities_count] => 0
    [date_range] => 2026-01-07 to 2026-01-07
    [days_count] => 1
    [user_id] => 1
    [comp_id] => 1
    [license_type] => FL-II
    [allowed_classes] => Array
        (
            [0] => W
            [1] => V
            [2] => G
            [3] => F
            [4] => D
            [5] => K
            [6] => R
            [7] => L
            [8] => M
            [9] => I
            [10] => Q
        )

    [end_day_column] => DAY_07_CLOSING
    [daily_stock_table] => tbldailystock_1
    [table_exists] => 1
    [availability_summary] => Array
        (
            [fully_available] => 50
            [partially_available] => 0
            [not_available] => 0
        )

)

s[2026-01-07 07:02:51] [INFO] === PAGE ACCESS ===
[2026-01-07 07:02:51] [INFO] Request method: GET
[2026-01-07 07:02:51] [INFO] Current session ID: qifmk29nmbk74oomr02onkpvbu
[2026-01-07 07:02:52] [INFO] === PAGE ACCESS ===
[2026-01-07 07:02:52] [INFO] Request method: GET
[2026-01-07 07:02:52] [INFO] Current session ID: qifmk29nmbk74oomr02onkpvbu
[2026-01-07 07:02:54] [INFO] === PAGE ACCESS ===
[2026-01-07 07:02:54] [INFO] Request method: GET
[2026-01-07 07:02:54] [INFO] Current session ID: qifmk29nmbk74oomr02onkpvbu
[2026-01-07 07:12:08] [INFO] === PAGE ACCESS ===
[2026-01-07 07:12:08] [INFO] Request method: GET
[2026-01-07 07:12:08] [INFO] Current session ID: qifmk29nmbk74oomr02onkpvbu
[2026-01-07 07:13:20] [INFO] Sales Page Load Debug Info:
Array
(
    [total_items] => 108
    [current_page] => 1
    [total_pages] => 3
    [session_quantities_count] => 3
    [date_range] => 2025-11-01 to 2025-11-01
    [days_count] => 1
    [user_id] => 1
    [comp_id] => 1
    [license_type] => FL-II
    [allowed_classes] => Array
        (
            [0] => W
            [1] => V
            [2] => G
            [3] => F
            [4] => D
            [5] => K
            [6] => R
            [7] => L
            [8] => M
            [9] => I
            [10] => Q
        )

    [stock_table_current] => tbldailystock_1
    [stock_table_end_date] => tbldailystock_1_11_25
)

[2026-01-07 07:15:51] [INFO] Sales Page Load Debug Info:
Array
(
    [total_items] => 108
    [current_page] => 1
    [total_pages] => 3
    [session_quantities_count] => 3
    [date_range] => 2025-11-01 to 2025-11-01
    [days_count] => 1
    [user_id] => 1
    [comp_id] => 1
    [license_type] => FL-II
    [allowed_classes] => Array
        (
            [0] => W
            [1] => V
            [2] => G
            [3] => F
            [4] => D
            [5] => K
            [6] => R
            [7] => L
            [8] => M
            [9] => I
            [10] => Q
        )

    [stock_table_current] => tbldailystock_1
    [stock_table_end_date] => tbldailystock_1_11_25
)

[2026-01-07 07:15:51] [INFO] === PAGE ACCESS ===
[2026-01-07 07:15:51] [INFO] Request method: GET
[2026-01-07 07:15:51] [INFO] Current session ID: qifmk29nmbk74oomr02onkpvbu
[2026-01-07 07:15:53] [INFO] Sales Page Load Debug Info:
Array
(
    [total_items] => 7
    [current_page] => 1
    [total_pages] => 1
    [session_quantities_count] => 3
    [date_range] => 2025-11-01 to 2025-11-01
    [days_count] => 1
    [user_id] => 1
    [comp_id] => 1
    [license_type] => FL-II
    [allowed_classes] => Array
        (
            [0] => W
            [1] => V
            [2] => G
            [3] => F
            [4] => D
            [5] => K
            [6] => R
            [7] => L
            [8] => M
            [9] => I
            [10] => Q
        )

    [stock_table_current] => tbldailystock_1
    [stock_table_end_date] => tbldailystock_1_11_25
)

[2026-01-07 13:25:53] [INFO] === PAGE ACCESS ===
[2026-01-07 13:25:53] [INFO] Request method: GET
[2026-01-07 13:25:53] [INFO] Search term: ''
[2026-01-07 13:25:53] [INFO] Current session ID: dc7r54ad9i2u651uor83snj1ut
[2026-01-07 13:25:54] [INFO] Final session quantities count: 0
[2026-01-07 13:25:54] [INFO] Items in current view: 50
[2026-01-07 13:25:54] [INFO] Sales Page Load Debug Info:
Array
(
    [total_items] => 3608
    [current_page] => 1
    [total_pages] => 73
    [session_quantities_count] => 0
    [post_quantities_count] => 0
    [date_range] => 2026-01-07 to 2026-01-07
    [days_count] => 1
    [user_id] => 1
    [comp_id] => 1
    [license_type] => FL-II
    [allowed_classes] => Array
        (
            [0] => W
            [1] => V
            [2] => G
            [3] => F
            [4] => D
            [5] => K
            [6] => R
            [7] => L
            [8] => M
            [9] => I
            [10] => Q
        )

)

[2026-01-07 13:26:00] [INFO] === PAGE ACCESS ===
[2026-01-07 13:26:00] [INFO] Request method: GET
[2026-01-07 13:26:00] [INFO] Search term: ''
[2026-01-07 13:26:00] [INFO] Current session ID: dc7r54ad9i2u651uor83snj1ut
[2026-01-07 13:26:00] [INFO] Final session quantities count: 0
[2026-01-07 13:26:00] [INFO] Items in current view: 50
[2026-01-07 13:26:00] [INFO] Sales Page Load Debug Info:
Array
(
    [total_items] => 3608
    [current_page] => 2
    [total_pages] => 73
    [session_quantities_count] => 0
    [post_quantities_count] => 0
    [date_range] => 2026-01-07 to 2026-01-07
    [days_count] => 1
    [user_id] => 1
    [comp_id] => 1
    [license_type] => FL-II
    [allowed_classes] => Array
        (
            [0] => W
            [1] => V
            [2] => G
            [3] => F
            [4] => D
            [5] => K
            [6] => R
            [7] => L
            [8] => M
            [9] => I
            [10] => Q
        )

)

[2026-01-07 13:26:00] [INFO] === PAGE ACCESS ===
[2026-01-07 13:26:00] [INFO] Request method: GET
[2026-01-07 13:26:00] [INFO] Search term: ''
[2026-01-07 13:26:00] [INFO] Current session ID: dc7r54ad9i2u651uor83snj1ut
[2026-01-07 13:26:00] [INFO] Final session quantities count: 0
[2026-01-07 13:26:00] [INFO] Items in current view: 50
[2026-01-07 13:26:00] [INFO] Sales Page Load Debug Info:
Array
(
    [total_items] => 3608
    [current_page] => 2
    [total_pages] => 73
    [session_quantities_count] => 0
    [post_quantities_count] => 0
    [date_range] => 2026-01-07 to 2026-01-07
    [days_count] => 1
    [user_id] => 1
    [comp_id] => 1
    [license_type] => FL-II
    [allowed_classes] => Array
        (
            [0] => W
            [1] => V
            [2] => G
            [3] => F
            [4] => D
            [5] => K
            [6] => R
            [7] => L
            [8] => M
            [9] => I
            [10] => Q
        )

)

[2026-01-07 13:26:05] [INFO] Session quantity updated: SCMPL0010694 = 0
[2026-01-07 13:26:05] [INFO] Session quantity updated: SCMPL0010694 = 0
[2026-01-07 13:26:05] [INFO] Session quantity updated: SCMPL0010694 = 3
[2026-01-07 13:26:05] [INFO] Session quantity updated: SCMPL0010694 = 3
[2026-01-07 13:26:06] [INFO] Session quantity updated: SCMPL0010694 = 3
[2026-01-07 13:26:08] [INFO] === PAGE ACCESS ===
[2026-01-07 13:26:08] [INFO] Request method: POST
[2026-01-07 13:26:08] [INFO] Search term: ''
[2026-01-07 13:26:08] [INFO] Current session ID: dc7r54ad9i2u651uor83snj1ut
[2026-01-07 13:26:08] [INFO] Session quantities updated from POST: 1 items
[2026-01-07 13:26:08] [INFO] Getting next bill number for CompID: 1
[2026-01-07 13:26:08] [INFO] Next bill number for CompID 1: 2
[2026-01-07 13:26:08] [INFO] Starting optimized cash memo generation for 1 bills
[2026-01-07 13:26:08] [INFO] Cash memo generated for bill: BL0002
[2026-01-07 13:26:08] [INFO] Cash memo generation completed: 1 successful, 0 failed
[2026-01-07 13:26:08] [INFO] Session quantities cleared
[2026-01-07 13:26:08] [INFO] === PAGE ACCESS ===
[2026-01-07 13:26:08] [INFO] Request method: GET
[2026-01-07 13:26:08] [INFO] Search term: ''
[2026-01-07 13:26:08] [INFO] Current session ID: dc7r54ad9i2u651uor83snj1ut
[2026-01-07 13:26:09] [INFO] Final session quantities count: 0
[2026-01-07 13:26:09] [INFO] Items in current view: 50
[2026-01-07 13:26:09] [INFO] Sales Page Load Debug Info:
Array
(
    [total_items] => 3608
    [current_page] => 1
    [total_pages] => 73
    [session_quantities_count] => 0
    [post_quantities_count] => 0
    [date_range] => 2026-01-07 to 2026-01-07
    [days_count] => 1
    [user_id] => 1
    [comp_id] => 1
    [license_type] => FL-II
    [allowed_classes] => Array
        (
            [0] => W
            [1] => V
            [2] => G
            [3] => F
            [4] => D
            [5] => K
            [6] => R
            [7] => L
            [8] => M
            [9] => I
            [10] => Q
        )

)

[2026-01-07 13:26:19] [INFO] === PAGE ACCESS ===
[2026-01-07 13:26:19] [INFO] Request method: GET
[2026-01-07 13:26:19] [INFO] Search term: 'mcd'
[2026-01-07 13:26:19] [INFO] Current session ID: dc7r54ad9i2u651uor83snj1ut
[2026-01-07 13:26:19] [INFO] Final session quantities count: 0
[2026-01-07 13:26:19] [INFO] Items in current view: 50
[2026-01-07 13:26:19] [INFO] Sales Page Load Debug Info:
Array
(
    [total_items] => 100
    [current_page] => 1
    [total_pages] => 2
    [session_quantities_count] => 0
    [post_quantities_count] => 0
    [date_range] => 2026-01-07 to 2026-01-07
    [days_count] => 1
    [user_id] => 1
    [comp_id] => 1
    [license_type] => FL-II
    [allowed_classes] => Array
        (
            [0] => W
            [1] => V
            [2] => G
            [3] => F
            [4] => D
            [5] => K
            [6] => R
            [7] => L
            [8] => M
            [9] => I
            [10] => Q
        )

)

[2026-01-07 13:26:27] [INFO] Session quantity updated: SCMPL0010056 = 0
[2026-01-07 13:26:27] [INFO] Session quantity updated: SCMPL0010056 = 0
[2026-01-07 13:26:27] [INFO] Session quantity updated: SCMPL0010056 = 9
[2026-01-07 13:26:28] [INFO] Session quantity updated: SCMPL0010056 = 9
[2026-01-07 13:26:30] [INFO] Session quantity updated: SCMPL0010056 = 9
[2026-01-07 13:26:32] [INFO] === PAGE ACCESS ===
[2026-01-07 13:26:32] [INFO] Request method: POST
[2026-01-07 13:26:32] [INFO] Search term: 'mcd'
[2026-01-07 13:26:32] [INFO] Current session ID: dc7r54ad9i2u651uor83snj1ut
[2026-01-07 13:26:32] [INFO] Session quantities updated from POST: 1 items
[2026-01-07 13:26:32] [INFO] Getting next bill number for CompID: 1
[2026-01-07 13:26:32] [INFO] Next bill number for CompID 1: 3
[2026-01-07 13:26:32] [INFO] Starting optimized cash memo generation for 1 bills
[2026-01-07 13:26:32] [INFO] Cash memo generated for bill: BL0003
[2026-01-07 13:26:32] [INFO] Cash memo generation completed: 1 successful, 0 failed
[2026-01-07 13:26:32] [INFO] Session quantities cleared
[2026-01-07 13:42:31] [INFO] === PAGE ACCESS ===
[2026-01-07 13:42:31] [INFO] Request method: GET
[2026-01-07 13:42:31] [INFO] Search term: ''
[2026-01-07 13:42:31] [INFO] Current session ID: dc7r54ad9i2u651uor83snj1ut
[2026-01-07 13:42:31] [INFO] Final session quantities count: 0
[2026-01-07 13:42:31] [INFO] Items in current view: 50
[2026-01-07 13:42:31] [INFO] Sales Page Load Debug Info:
Array
(
    [total_items] => 3608
    [current_page] => 1
    [total_pages] => 73
    [session_quantities_count] => 0
    [post_quantities_count] => 0
    [date_range] => 2026-01-07 to 2026-01-07
    [days_count] => 1
    [user_id] => 1
    [comp_id] => 1
    [license_type] => FL-II
    [allowed_classes] => Array
        (
            [0] => W
            [1] => V
            [2] => G
            [3] => F
            [4] => D
            [5] => K
            [6] => R
            [7] => L
            [8] => M
            [9] => I
            [10] => Q
        )

)

[2026-01-07 13:42:35] [INFO] === PAGE ACCESS ===
[2026-01-07 13:42:35] [INFO] Request method: GET
[2026-01-07 13:42:35] [INFO] Search term: 'mcd'
[2026-01-07 13:42:35] [INFO] Current session ID: dc7r54ad9i2u651uor83snj1ut
[2026-01-07 13:42:35] [INFO] Final session quantities count: 0
[2026-01-07 13:42:35] [INFO] Items in current view: 50
[2026-01-07 13:42:35] [INFO] Sales Page Load Debug Info:
Array
(
    [total_items] => 100
    [current_page] => 1
    [total_pages] => 2
    [session_quantities_count] => 0
    [post_quantities_count] => 0
    [date_range] => 2026-01-07 to 2026-01-07
    [days_count] => 1
    [user_id] => 1
    [comp_id] => 1
    [license_type] => FL-II
    [allowed_classes] => Array
        (
            [0] => W
            [1] => V
            [2] => G
            [3] => F
            [4] => D
            [5] => K
            [6] => R
            [7] => L
            [8] => M
            [9] => I
            [10] => Q
        )

)

[2026-01-07 13:43:17] [INFO] === PAGE ACCESS ===
[2026-01-07 13:43:17] [INFO] Request method: GET
[2026-01-07 13:43:17] [INFO] Search term: ''
[2026-01-07 13:43:17] [INFO] Current session ID: dc7r54ad9i2u651uor83snj1ut
[2026-01-07 13:43:17] [INFO] Final session quantities count: 0
[2026-01-07 13:43:17] [INFO] Items in current view: 50
[2026-01-07 13:43:17] [INFO] Sales Page Load Debug Info:
Array
(
    [total_items] => 3608
    [current_page] => 1
    [total_pages] => 73
    [session_quantities_count] => 0
    [post_quantities_count] => 0
    [date_range] => 2026-01-07 to 2026-01-07
    [days_count] => 1
    [user_id] => 1
    [comp_id] => 1
    [license_type] => FL-II
    [allowed_classes] => Array
        (
            [0] => W
            [1] => V
            [2] => G
            [3] => F
            [4] => D
            [5] => K
            [6] => R
            [7] => L
            [8] => M
            [9] => I
            [10] => Q
        )

)

[2026-01-07 14:36:03] [INFO] === PAGE ACCESS ===
[2026-01-07 14:36:03] [INFO] Request method: GET
[2026-01-07 14:36:03] [INFO] Search term: ''
[2026-01-07 14:36:03] [INFO] Current session ID: dc7r54ad9i2u651uor83snj1ut
[2026-01-07 14:36:04] [INFO] Final session quantities count: 0
[2026-01-07 14:36:04] [INFO] Items in current view: 50
[2026-01-07 14:36:04] [INFO] Sales Page Load Debug Info:
Array
(
    [total_items] => 3608
    [current_page] => 1
    [total_pages] => 73
    [session_quantities_count] => 0
    [post_quantities_count] => 0
    [date_range] => 2026-01-07 to 2026-01-07
    [days_count] => 1
    [user_id] => 1
    [comp_id] => 1
    [license_type] => FL-II
    [allowed_classes] => Array
        (
            [0] => W
            [1] => V
            [2] => G
            [3] => F
            [4] => D
            [5] => K
            [6] => R
            [7] => L
            [8] => M
            [9] => I
            [10] => Q
        )

)

[2026-01-07 15:36:13] [INFO] === PAGE ACCESS ===
[2026-01-07 15:36:13] [INFO] Request method: GET
[2026-01-07 15:36:13] [INFO] Search term: ''
[2026-01-07 15:36:13] [INFO] Current session ID: dc7r54ad9i2u651uor83snj1ut
[2026-01-07 15:36:14] [INFO] Final session quantities count: 0
[2026-01-07 15:36:14] [INFO] Items in current view: 50
[2026-01-07 15:36:14] [INFO] Sales Page Load Debug Info:
Array
(
    [total_items] => 3608
    [current_page] => 1
    [total_pages] => 73
    [session_quantities_count] => 0
    [post_quantities_count] => 0
    [date_range] => 2026-01-07 to 2026-01-07
    [days_count] => 1
    [user_id] => 1
    [comp_id] => 1
    [license_type] => FL-II
    [allowed_classes] => Array
        (
            [0] => W
            [1] => V
            [2] => G
            [3] => F
            [4] => D
            [5] => K
            [6] => R
            [7] => L
            [8] => M
            [9] => I
            [10] => Q
        )

)

