[2025-09-30 15:48:23] [INFO] === PAGE ACCESS ===
[2025-09-30 15:48:23] [INFO] Request method: POST
[2025-09-30 15:48:23] [INFO] Search term: ''
[2025-09-30 15:48:23] [INFO] Current session ID: he6gsnfhsiilqobehbfgqv3tt1
[2025-09-30 15:48:23] [INFO] Session quantities updated from POST closing balances: 1 items
[2025-09-30 15:48:24] [INFO] Bills array before processing:
[2025-09-30 15:48:24] [INFO] Bills Data:
Array
(
    [0] => Array
        (
            [bill_no] => TEMP
            [bill_date] => 2025-09-30
            [total_amount] => 520
            [items] => Array
                (
                    [0] => Array
                        (
                            [code] => SCMPL0019029
                            [qty] => 4
                            [rate] => 130.000
                            [size] => 180
                            [amount] => 520
                            [name] => 20-20 Fine Whisky .
                            [category] => IMFL
                        )

                )

            [mode] => F
            [comp_id] => 1
            [user_id] => 1
        )

)

[2025-09-30 15:48:24] [INFO] Getting next bill number for company: 1
[2025-09-30 15:48:24] [INFO] Next bill number for company 1: 67
[2025-09-30 15:48:24] [INFO] Starting bill processing with bill number: 67
[2025-09-30 15:48:24] [INFO] Processing bill BL0067 for date: 2025-09-30 with amount: 520
[2025-09-30 15:48:24] [ERROR] Bill creation failed: Unknown column 'FIN_YEAR' in 'field list'
[2025-09-30 15:48:24] [INFO] Final session quantities count: 1
[2025-09-30 15:48:24] [INFO] Items in current view: 50
[2025-09-30 15:48:24] [INFO] Closing Stock Page Load Debug Info:
Array
(
    [total_items] => 3607
    [current_page] => 1
    [total_pages] => 73
    [session_quantities_count] => 1
    [post_closing_balances_count] => 50
    [date_range] => 2025-09-30 to 2025-09-30
    [days_count] => 1
    [user_id] => 1
    [comp_id] => 1
)

[2025-09-30 15:54:39] [INFO] === PAGE ACCESS ===
[2025-09-30 15:54:39] [INFO] Request method: POST
[2025-09-30 15:54:39] [INFO] Search term: ''
[2025-09-30 15:54:39] [INFO] Current session ID: he6gsnfhsiilqobehbfgqv3tt1
[2025-09-30 15:54:39] [INFO] Session quantities updated from POST closing balances: 1 items
[2025-09-30 15:54:39] [INFO] Bills array before processing:
[2025-09-30 15:54:39] [INFO] Bills Data:
Array
(
    [0] => Array
        (
            [bill_no] => TEMP
            [bill_date] => 2025-09-30
            [total_amount] => 520
            [items] => Array
                (
                    [0] => Array
                        (
                            [code] => SCMPL0019029
                            [qty] => 4
                            [rate] => 130.000
                            [size] => 180
                            [amount] => 520
                            [name] => 20-20 Fine Whisky .
                            [category] => IMFL
                        )

                )

            [mode] => F
            [comp_id] => 1
            [user_id] => 1
        )

)

[2025-09-30 15:54:39] [INFO] Getting next bill number for company: 1
[2025-09-30 15:54:39] [INFO] Next bill number for company 1: 67
[2025-09-30 15:54:39] [INFO] Starting bill processing with bill number: 67
[2025-09-30 15:54:39] [INFO] Processing bill BL0067 for date: 2025-09-30 with amount: 520
[2025-09-30 15:54:39] [ERROR] Bill creation failed: Unknown column 'USER_ID' in 'field list'
[2025-09-30 15:54:39] [INFO] Final session quantities count: 1
[2025-09-30 15:54:39] [INFO] Items in current view: 50
[2025-09-30 15:54:39] [INFO] Closing Stock Page Load Debug Info:
Array
(
    [total_items] => 3607
    [current_page] => 1
    [total_pages] => 73
    [session_quantities_count] => 1
    [post_closing_balances_count] => 50
    [date_range] => 2025-09-30 to 2025-09-30
    [days_count] => 1
    [user_id] => 1
    [comp_id] => 1
)

[2025-09-30 16:29:47] [INFO] === PAGE ACCESS ===
[2025-09-30 16:29:47] [INFO] Request method: GET
[2025-09-30 16:29:47] [INFO] Search term: ''
[2025-09-30 16:29:47] [INFO] Current session ID: bsp77kdqoe39oevkh4j1hg66kv
[2025-09-30 16:29:47] [INFO] Final session quantities count: 0
[2025-09-30 16:29:47] [INFO] Items in current view: 50
[2025-09-30 16:29:47] [INFO] Sales Page Load Debug Info:
Array
(
    [total_items] => 3607
    [current_page] => 1
    [total_pages] => 73
    [session_quantities_count] => 0
    [post_quantities_count] => 0
    [date_range] => 2025-09-30 to 2025-09-30
    [days_count] => 1
    [user_id] => 1
    [comp_id] => 1
)

[2025-09-30 16:29:52] [INFO] Session quantity updated: SCMPL0019029 = 0
[2025-09-30 16:29:52] [INFO] Session quantity updated: SCMPL0019029 = 139
[2025-09-30 16:29:52] [INFO] Session quantity updated: SCMPL0019029 = 139
[2025-09-30 16:29:53] [INFO] Session quantity updated: SCMPL0019029 = 1
[2025-09-30 16:29:53] [INFO] Session quantity updated: SCMPL0019029 = 1
[2025-09-30 16:29:54] [INFO] Session quantity updated: SCMPL0019029 = 1
[2025-09-30 16:29:59] [INFO] === PAGE ACCESS ===
[2025-09-30 16:29:59] [INFO] Request method: POST
[2025-09-30 16:29:59] [INFO] Search term: ''
[2025-09-30 16:29:59] [INFO] Current session ID: bsp77kdqoe39oevkh4j1hg66kv
[2025-09-30 16:29:59] [INFO] Session quantities updated from POST: 1 items
[2025-09-30 16:29:59] [INFO] Getting next bill number
[2025-09-30 16:29:59] [INFO] Next bill number: 67
[2025-09-30 16:29:59] [INFO] Session quantities cleared
[2025-09-30 16:30:40] [INFO] === PAGE ACCESS ===
[2025-09-30 16:30:40] [INFO] Request method: GET
[2025-09-30 16:30:40] [INFO] Search term: ''
[2025-09-30 16:30:40] [INFO] Current session ID: bsp77kdqoe39oevkh4j1hg66kv
[2025-09-30 16:30:41] [INFO] Final session quantities count: 0
[2025-09-30 16:30:41] [INFO] Items in current view: 50
[2025-09-30 16:30:41] [INFO] Sales Page Load Debug Info:
Array
(
    [total_items] => 3607
    [current_page] => 1
    [total_pages] => 73
    [session_quantities_count] => 0
    [post_quantities_count] => 0
    [date_range] => 2025-09-30 to 2025-09-30
    [days_count] => 1
    [user_id] => 1
    [comp_id] => 1
)

[2025-09-30 16:30:46] [INFO] === PAGE ACCESS ===
[2025-09-30 16:30:46] [INFO] Request method: GET
[2025-09-30 16:30:46] [INFO] Search term: ''
[2025-09-30 16:30:46] [INFO] Current session ID: bsp77kdqoe39oevkh4j1hg66kv
[2025-09-30 16:30:46] [INFO] Final session quantities count: 0
[2025-09-30 16:30:46] [INFO] Items in current view: 50
[2025-09-30 16:30:46] [INFO] Sales Page Load Debug Info:
Array
(
    [total_items] => 3607
    [current_page] => 1
    [total_pages] => 73
    [session_quantities_count] => 0
    [post_quantities_count] => 0
    [date_range] => 2025-09-30 to 2025-09-30
    [days_count] => 1
    [user_id] => 1
    [comp_id] => 1
)

[2025-09-30 16:30:50] [INFO] Session quantity updated: SCMPL0019029 = 153
[2025-09-30 16:30:50] [INFO] Session quantity updated: SCMPL0019029 = 153
[2025-09-30 16:30:50] [INFO] Session quantity updated: SCMPL0019029 = 3
[2025-09-30 16:30:51] [INFO] Session quantity updated: SCMPL0019029 = 3
[2025-09-30 16:30:51] [INFO] Session quantity updated: SCMPL0019029 = 3
[2025-09-30 16:30:54] [INFO] === PAGE ACCESS ===
[2025-09-30 16:30:54] [INFO] Request method: POST
[2025-09-30 16:30:54] [INFO] Search term: ''
[2025-09-30 16:30:54] [INFO] Current session ID: bsp77kdqoe39oevkh4j1hg66kv
[2025-09-30 16:30:54] [INFO] Session quantities updated from POST: 1 items
[2025-09-30 16:30:54] [INFO] Getting next bill number
[2025-09-30 16:30:54] [INFO] Next bill number: 1
[2025-09-30 16:30:54] [INFO] Session quantities cleared
[2025-09-30 16:31:04] [INFO] === PAGE ACCESS ===
[2025-09-30 16:31:04] [INFO] Request method: GET
[2025-09-30 16:31:04] [INFO] Search term: ''
[2025-09-30 16:31:04] [INFO] Current session ID: bsp77kdqoe39oevkh4j1hg66kv
[2025-09-30 16:31:04] [INFO] Final session quantities count: 0
[2025-09-30 16:31:04] [INFO] Items in current view: 50
[2025-09-30 16:31:04] [INFO] Sales Page Load Debug Info:
Array
(
    [total_items] => 3607
    [current_page] => 1
    [total_pages] => 73
    [session_quantities_count] => 0
    [post_quantities_count] => 0
    [date_range] => 2025-09-30 to 2025-09-30
    [days_count] => 1
    [user_id] => 1
    [comp_id] => 1
)

[2025-09-30 16:31:08] [INFO] Session quantity updated: SCMPL0019029 = 0
[2025-09-30 16:31:08] [INFO] Session quantity updated: SCMPL0019029 = 0
[2025-09-30 16:31:08] [INFO] Session quantity updated: SCMPL0019029 = 0
[2025-09-30 16:31:09] [INFO] Session quantity updated: SCMPL0019029 = 0
[2025-09-30 16:31:09] [INFO] Session quantity updated: SCMPL0019029 = 0
[2025-09-30 16:31:09] [INFO] Session quantity updated: SCMPL0019029 = 0
[2025-09-30 16:31:14] [INFO] Session quantity updated: SCMPL0019029 = 150
[2025-09-30 16:31:14] [INFO] Session quantity updated: SCMPL0019029 = 150
[2025-09-30 16:31:15] [INFO] Session quantity updated: SCMPL0019029 = 136
[2025-09-30 16:31:15] [INFO] Session quantity updated: SCMPL0019029 = 1
[2025-09-30 16:31:15] [INFO] Session quantity updated: SCMPL0019029 = 1
[2025-09-30 16:31:16] [INFO] Session quantity updated: SCMPL0019029 = 1
[2025-09-30 16:31:18] [INFO] Session quantity updated: SCMPL0019030 = 184
[2025-09-30 16:31:18] [INFO] Session quantity updated: SCMPL0019030 = 1
[2025-09-30 16:31:18] [INFO] Session quantity updated: SCMPL0019030 = 1
[2025-09-30 16:31:19] [INFO] Session quantity updated: SCMPL0019030 = 1
[2025-09-30 16:31:20] [INFO] Session quantity updated: SCMPL0019031 = 198
[2025-09-30 16:31:21] [INFO] Session quantity updated: SCMPL0019031 = 198
[2025-09-30 16:31:22] [INFO] Session quantity updated: SCMPL0019031 = 1
[2025-09-30 16:31:22] [INFO] Session quantity updated: SCMPL0019031 = 1
[2025-09-30 16:31:24] [INFO] Session quantity updated: SCMPL0019031 = 1
[2025-09-30 16:31:25] [INFO] Session quantity updated: SCMPL0019028 = 179
[2025-09-30 16:31:26] [INFO] Session quantity updated: SCMPL0019028 = 163
[2025-09-30 16:31:26] [INFO] Session quantity updated: SCMPL0019028 = 1
[2025-09-30 16:31:26] [INFO] Session quantity updated: SCMPL0019028 = 1
[2025-09-30 16:31:27] [INFO] Session quantity updated: SCMPL0019028 = 1
[2025-09-30 16:31:30] [INFO] === PAGE ACCESS ===
[2025-09-30 16:31:30] [INFO] Request method: POST
[2025-09-30 16:31:30] [INFO] Search term: ''
[2025-09-30 16:31:30] [INFO] Current session ID: bsp77kdqoe39oevkh4j1hg66kv
[2025-09-30 16:31:30] [INFO] Session quantities updated from POST: 4 items
[2025-09-30 16:31:30] [INFO] Getting next bill number
[2025-09-30 16:31:30] [INFO] Next bill number: 2
[2025-09-30 16:31:30] [INFO] Session quantities cleared
