[2025-12-13 07:45:54] [INFO] === PAGE ACCESS ===
[2025-12-13 07:45:54] [INFO] Request method: GET
[2025-12-13 07:45:54] [INFO] Search term: ''
[2025-12-13 07:45:54] [INFO] Current session ID: 538tifvna2hrc4ahakee1p4coh
[2025-12-13 07:45:54] [INFO] Final session quantities count: 0
[2025-12-13 07:45:54] [INFO] Items in current view: 50
[2025-12-13 07:45:54] [INFO] Sales Page Load Debug Info:
Array
(
    [total_items] => 3607
    [current_page] => 1
    [total_pages] => 73
    [session_quantities_count] => 0
    [post_quantities_count] => 0
    [date_range] => 2025-12-13 to 2025-12-13
    [days_count] => 1
    [user_id] => 1
    [comp_id] => 1
    [license_type] => FL-II
    [allowed_classes] => Array
        (
            [0] => W
            [1] => V
            [2] => G
            [3] => F
            [4] => D
            [5] => K
            [6] => R
            [7] => O
            [8] => L
            [9] => O
            [10] => O
            [11] => O
            [12] => O
            [13] => M
            [14] => I
            [15] => Q
        )

)

[2025-12-13 07:46:11] [INFO] Session quantity updated: SCMPL0019028 = 0
[2025-12-13 07:46:12] [INFO] Session quantity updated: SCMPL0019028 = 0
[2025-12-13 07:46:12] [INFO] Session quantity updated: SCMPL0019028 = 10
[2025-12-13 07:46:13] [INFO] Session quantity updated: SCMPL0019028 = 10
[2025-12-13 07:46:14] [INFO] Session quantity updated: SCMPL0019028 = 10
[2025-12-13 07:46:16] [INFO] === PAGE ACCESS ===
[2025-12-13 07:46:16] [INFO] Request method: POST
[2025-12-13 07:46:16] [INFO] Search term: ''
[2025-12-13 07:46:16] [INFO] Current session ID: 538tifvna2hrc4ahakee1p4coh
[2025-12-13 07:46:16] [INFO] Session quantities updated from POST: 1 items
[2025-12-13 07:46:16] [INFO] Getting next bill number for CompID: 1
[2025-12-13 07:46:16] [INFO] Next bill number for CompID 1: 285
[2025-12-13 07:46:16] [INFO] Starting optimized cash memo generation for 1 bills
[2025-12-13 07:46:16] [INFO] Cash memo generated for bill: BL0285
[2025-12-13 07:46:16] [INFO] Cash memo generation completed: 1 successful, 0 failed
[2025-12-13 07:46:16] [INFO] Session quantities cleared
[2025-12-13 07:46:38] [INFO] === PAGE ACCESS ===
[2025-12-13 07:46:38] [INFO] Request method: GET
[2025-12-13 07:46:38] [INFO] Search term: ''
[2025-12-13 07:46:38] [INFO] Current session ID: 538tifvna2hrc4ahakee1p4coh
[2025-12-13 07:46:38] [INFO] Final session quantities count: 0
[2025-12-13 07:46:38] [INFO] Items in current view: 50
[2025-12-13 07:46:38] [INFO] Sales Page Load Debug Info:
Array
(
    [total_items] => 3607
    [current_page] => 1
    [total_pages] => 73
    [session_quantities_count] => 0
    [post_quantities_count] => 0
    [date_range] => 2025-12-13 to 2025-12-13
    [days_count] => 1
    [user_id] => 1
    [comp_id] => 1
    [license_type] => FL-II
    [allowed_classes] => Array
        (
            [0] => W
            [1] => V
            [2] => G
            [3] => F
            [4] => D
            [5] => K
            [6] => R
            [7] => O
            [8] => L
            [9] => O
            [10] => O
            [11] => O
            [12] => O
            [13] => M
            [14] => I
            [15] => Q
        )

)

[2025-12-13 07:46:49] [INFO] === PAGE ACCESS ===
[2025-12-13 07:46:49] [INFO] Request method: GET
[2025-12-13 07:46:49] [INFO] Search term: ''
[2025-12-13 07:46:49] [INFO] Current session ID: 538tifvna2hrc4ahakee1p4coh
[2025-12-13 07:46:49] [INFO] Final session quantities count: 0
[2025-12-13 07:46:49] [INFO] Items in current view: 50
[2025-12-13 07:46:49] [INFO] Sales Page Load Debug Info:
Array
(
    [total_items] => 3607
    [current_page] => 1
    [total_pages] => 73
    [session_quantities_count] => 0
    [post_quantities_count] => 0
    [date_range] => 2025-12-13 to 2025-12-13
    [days_count] => 1
    [user_id] => 1
    [comp_id] => 1
    [license_type] => FL-II
    [allowed_classes] => Array
        (
            [0] => W
            [1] => V
            [2] => G
            [3] => F
            [4] => D
            [5] => K
            [6] => R
            [7] => O
            [8] => L
            [9] => O
            [10] => O
            [11] => O
            [12] => O
            [13] => M
            [14] => I
            [15] => Q
        )

)

[2025-12-13 07:46:50] [INFO] === PAGE ACCESS ===
[2025-12-13 07:46:50] [INFO] Request method: GET
[2025-12-13 07:46:50] [INFO] Search term: ''
[2025-12-13 07:46:50] [INFO] Current session ID: 538tifvna2hrc4ahakee1p4coh
[2025-12-13 07:46:50] [INFO] Final session quantities count: 0
[2025-12-13 07:46:50] [INFO] Items in current view: 50
[2025-12-13 07:46:50] [INFO] Sales Page Load Debug Info:
Array
(
    [total_items] => 3607
    [current_page] => 1
    [total_pages] => 73
    [session_quantities_count] => 0
    [post_quantities_count] => 0
    [date_range] => 2025-12-13 to 2025-12-13
    [days_count] => 1
    [user_id] => 1
    [comp_id] => 1
    [license_type] => FL-II
    [allowed_classes] => Array
        (
            [0] => W
            [1] => V
            [2] => G
            [3] => F
            [4] => D
            [5] => K
            [6] => R
            [7] => O
            [8] => L
            [9] => O
            [10] => O
            [11] => O
            [12] => O
            [13] => M
            [14] => I
            [15] => Q
        )

)

[2025-12-13 07:46:56] [INFO] Session quantity updated: SCMPL0019031 = 0
[2025-12-13 07:46:57] [INFO] Session quantity updated: SCMPL0019031 = 0
[2025-12-13 07:46:57] [INFO] Session quantity updated: SCMPL0019031 = 10
[2025-12-13 07:46:57] [INFO] Session quantity updated: SCMPL0019031 = 10
[2025-12-13 07:46:59] [INFO] Session quantity updated: SCMPL0019031 = 10
[2025-12-13 07:47:03] [INFO] === PAGE ACCESS ===
[2025-12-13 07:47:03] [INFO] Request method: POST
[2025-12-13 07:47:03] [INFO] Search term: ''
[2025-12-13 07:47:03] [INFO] Current session ID: 538tifvna2hrc4ahakee1p4coh
[2025-12-13 07:47:03] [INFO] Session quantities updated from POST: 1 items
[2025-12-13 07:47:03] [INFO] Getting next bill number for CompID: 1
[2025-12-13 07:47:03] [INFO] Next bill number for CompID 1: 286
[2025-12-13 07:47:03] [INFO] Starting optimized cash memo generation for 10 bills
[2025-12-13 07:47:03] [INFO] Cash memo generated for bill: BL0286
[2025-12-13 07:47:03] [INFO] Cash memo generated for bill: BL0287
[2025-12-13 07:47:03] [INFO] Cash memo generated for bill: BL0288
[2025-12-13 07:47:03] [INFO] Cash memo generated for bill: BL0289
[2025-12-13 07:47:03] [INFO] Cash memo generated for bill: BL0290
[2025-12-13 07:47:03] [INFO] Cash memo generated for bill: BL0291
[2025-12-13 07:47:03] [INFO] Cash memo generated for bill: BL0292
[2025-12-13 07:47:03] [INFO] Cash memo generated for bill: BL0293
[2025-12-13 07:47:03] [INFO] Cash memo generated for bill: BL0294
[2025-12-13 07:47:03] [INFO] Cash memo generated for bill: BL0295
[2025-12-13 07:47:03] [INFO] Cash memo generation completed: 10 successful, 0 failed
[2025-12-13 07:47:03] [INFO] Session quantities cleared
[2025-12-13 07:47:17] [INFO] === PAGE ACCESS ===
[2025-12-13 07:47:17] [INFO] Request method: GET
[2025-12-13 07:47:17] [INFO] Search term: ''
[2025-12-13 07:47:17] [INFO] Current session ID: 538tifvna2hrc4ahakee1p4coh
[2025-12-13 07:47:17] [INFO] Final session quantities count: 0
[2025-12-13 07:47:17] [INFO] Items in current view: 50
[2025-12-13 07:47:17] [INFO] Sales Page Load Debug Info:
Array
(
    [total_items] => 3607
    [current_page] => 1
    [total_pages] => 73
    [session_quantities_count] => 0
    [post_quantities_count] => 0
    [date_range] => 2025-12-13 to 2025-12-13
    [days_count] => 1
    [user_id] => 1
    [comp_id] => 1
    [license_type] => FL-II
    [allowed_classes] => Array
        (
            [0] => W
            [1] => V
            [2] => G
            [3] => F
            [4] => D
            [5] => K
            [6] => R
            [7] => O
            [8] => L
            [9] => O
            [10] => O
            [11] => O
            [12] => O
            [13] => M
            [14] => I
            [15] => Q
        )

)

[2025-12-13 07:47:17] [INFO] === PAGE ACCESS ===
[2025-12-13 07:47:17] [INFO] Request method: GET
[2025-12-13 07:47:17] [INFO] Search term: ''
[2025-12-13 07:47:17] [INFO] Current session ID: 538tifvna2hrc4ahakee1p4coh
[2025-12-13 07:47:17] [INFO] Final session quantities count: 0
[2025-12-13 07:47:17] [INFO] Items in current view: 50
[2025-12-13 07:47:17] [INFO] Sales Page Load Debug Info:
Array
(
    [total_items] => 3607
    [current_page] => 1
    [total_pages] => 73
    [session_quantities_count] => 0
    [post_quantities_count] => 0
    [date_range] => 2025-12-13 to 2025-12-13
    [days_count] => 1
    [user_id] => 1
    [comp_id] => 1
    [license_type] => FL-II
    [allowed_classes] => Array
        (
            [0] => W
            [1] => V
            [2] => G
            [3] => F
            [4] => D
            [5] => K
            [6] => R
            [7] => O
            [8] => L
            [9] => O
            [10] => O
            [11] => O
            [12] => O
            [13] => M
            [14] => I
            [15] => Q
        )

)

[2025-12-13 07:47:51] [INFO] === PAGE ACCESS ===
[2025-12-13 07:47:51] [INFO] Request method: GET
[2025-12-13 07:47:51] [INFO] Search term: ''
[2025-12-13 07:47:51] [INFO] Current session ID: 538tifvna2hrc4ahakee1p4coh
[2025-12-13 07:47:51] [INFO] Final session quantities count: 0
[2025-12-13 07:47:51] [INFO] Items in current view: 50
[2025-12-13 07:47:51] [INFO] Sales Page Load Debug Info:
Array
(
    [total_items] => 3607
    [current_page] => 1
    [total_pages] => 73
    [session_quantities_count] => 0
    [post_quantities_count] => 0
    [date_range] => 2025-12-25 to 2025-12-25
    [days_count] => 1
    [user_id] => 1
    [comp_id] => 1
    [license_type] => FL-II
    [allowed_classes] => Array
        (
            [0] => W
            [1] => V
            [2] => G
            [3] => F
            [4] => D
            [5] => K
            [6] => R
            [7] => O
            [8] => L
            [9] => O
            [10] => O
            [11] => O
            [12] => O
            [13] => M
            [14] => I
            [15] => Q
        )

)

[2025-12-13 07:47:51] [INFO] === PAGE ACCESS ===
[2025-12-13 07:47:51] [INFO] Request method: GET
[2025-12-13 07:47:51] [INFO] Search term: ''
[2025-12-13 07:47:51] [INFO] Current session ID: 538tifvna2hrc4ahakee1p4coh
[2025-12-13 07:47:51] [INFO] Final session quantities count: 0
[2025-12-13 07:47:51] [INFO] Items in current view: 50
[2025-12-13 07:47:51] [INFO] Sales Page Load Debug Info:
Array
(
    [total_items] => 3607
    [current_page] => 1
    [total_pages] => 73
    [session_quantities_count] => 0
    [post_quantities_count] => 0
    [date_range] => 2025-12-25 to 2025-12-25
    [days_count] => 1
    [user_id] => 1
    [comp_id] => 1
    [license_type] => FL-II
    [allowed_classes] => Array
        (
            [0] => W
            [1] => V
            [2] => G
            [3] => F
            [4] => D
            [5] => K
            [6] => R
            [7] => O
            [8] => L
            [9] => O
            [10] => O
            [11] => O
            [12] => O
            [13] => M
            [14] => I
            [15] => Q
        )

)

[2025-12-13 07:47:54] [INFO] Session quantity updated: SCMPL0019028 = 0
[2025-12-13 07:47:55] [INFO] Session quantity updated: SCMPL0019028 = 0
[2025-12-13 07:47:55] [INFO] Session quantity updated: SCMPL0019028 = 10
[2025-12-13 07:47:55] [INFO] Session quantity updated: SCMPL0019028 = 10
[2025-12-13 07:47:56] [INFO] Session quantity updated: SCMPL0019028 = 10
[2025-12-13 07:47:59] [INFO] === PAGE ACCESS ===
[2025-12-13 07:47:59] [INFO] Request method: POST
[2025-12-13 07:47:59] [INFO] Search term: ''
[2025-12-13 07:47:59] [INFO] Current session ID: 538tifvna2hrc4ahakee1p4coh
[2025-12-13 07:47:59] [INFO] Session quantities updated from POST: 1 items
[2025-12-13 07:47:59] [INFO] Getting next bill number for CompID: 1
[2025-12-13 07:47:59] [INFO] Next bill number for CompID 1: 296
[2025-12-13 07:47:59] [INFO] Starting optimized cash memo generation for 1 bills
[2025-12-13 07:47:59] [INFO] Cash memo generated for bill: BL0296
[2025-12-13 07:47:59] [INFO] Cash memo generation completed: 1 successful, 0 failed
[2025-12-13 07:47:59] [INFO] Session quantities cleared
[2025-12-13 07:47:59] [INFO] === PAGE ACCESS ===
[2025-12-13 07:47:59] [INFO] Request method: GET
[2025-12-13 07:47:59] [INFO] Search term: ''
[2025-12-13 07:47:59] [INFO] Current session ID: 538tifvna2hrc4ahakee1p4coh
[2025-12-13 07:47:59] [INFO] Final session quantities count: 0
[2025-12-13 07:47:59] [INFO] Items in current view: 50
[2025-12-13 07:47:59] [INFO] Sales Page Load Debug Info:
Array
(
    [total_items] => 3607
    [current_page] => 1
    [total_pages] => 73
    [session_quantities_count] => 0
    [post_quantities_count] => 0
    [date_range] => 2025-12-25 to 2025-12-25
    [days_count] => 1
    [user_id] => 1
    [comp_id] => 1
    [license_type] => FL-II
    [allowed_classes] => Array
        (
            [0] => W
            [1] => V
            [2] => G
            [3] => F
            [4] => D
            [5] => K
            [6] => R
            [7] => O
            [8] => L
            [9] => O
            [10] => O
            [11] => O
            [12] => O
            [13] => M
            [14] => I
            [15] => Q
        )

)

[2025-12-13 07:48:03] [INFO] Session quantity updated: SCMPL0019028 = 0
[2025-12-13 07:48:03] [INFO] Session quantity updated: SCMPL0019028 = 0
[2025-12-13 07:48:04] [INFO] Session quantity updated: SCMPL0019028 = 10
[2025-12-13 07:48:04] [INFO] Session quantity updated: SCMPL0019028 = 10
[2025-12-13 07:48:05] [INFO] Session quantity updated: SCMPL0019028 = 10
[2025-12-13 07:48:10] [INFO] === PAGE ACCESS ===
[2025-12-13 07:48:10] [INFO] Request method: POST
[2025-12-13 07:48:10] [INFO] Search term: ''
[2025-12-13 07:48:10] [INFO] Current session ID: 538tifvna2hrc4ahakee1p4coh
[2025-12-13 07:48:10] [INFO] Session quantities updated from POST: 1 items
[2025-12-13 07:48:10] [INFO] Getting next bill number for CompID: 1
[2025-12-13 07:48:10] [INFO] Next bill number for CompID 1: 297
[2025-12-13 07:48:10] [INFO] Starting optimized cash memo generation for 1 bills
[2025-12-13 07:48:10] [INFO] Cash memo generated for bill: BL0297
[2025-12-13 07:48:10] [INFO] Cash memo generation completed: 1 successful, 0 failed
[2025-12-13 07:48:10] [INFO] Session quantities cleared
[2025-12-13 07:48:20] [INFO] === PAGE ACCESS ===
[2025-12-13 07:48:20] [INFO] Request method: GET
[2025-12-13 07:48:20] [INFO] Search term: ''
[2025-12-13 07:48:20] [INFO] Current session ID: 538tifvna2hrc4ahakee1p4coh
[2025-12-13 07:48:20] [INFO] Final session quantities count: 0
[2025-12-13 07:48:20] [INFO] Items in current view: 50
[2025-12-13 07:48:20] [INFO] Sales Page Load Debug Info:
Array
(
    [total_items] => 3607
    [current_page] => 1
    [total_pages] => 73
    [session_quantities_count] => 0
    [post_quantities_count] => 0
    [date_range] => 2025-12-25 to 2025-12-25
    [days_count] => 1
    [user_id] => 1
    [comp_id] => 1
    [license_type] => FL-II
    [allowed_classes] => Array
        (
            [0] => W
            [1] => V
            [2] => G
            [3] => F
            [4] => D
            [5] => K
            [6] => R
            [7] => O
            [8] => L
            [9] => O
            [10] => O
            [11] => O
            [12] => O
            [13] => M
            [14] => I
            [15] => Q
        )

)

[2025-12-13 13:26:28] [INFO] === PAGE ACCESS ===
[2025-12-13 13:26:28] [INFO] Request method: GET
[2025-12-13 13:26:28] [INFO] Search term: ''
[2025-12-13 13:26:28] [INFO] Current session ID: 538tifvna2hrc4ahakee1p4coh
[2025-12-13 13:26:29] [INFO] Final session quantities count: 0
[2025-12-13 13:26:29] [INFO] Items in current view: 50
[2025-12-13 13:26:29] [INFO] Sales Page Load Debug Info:
Array
(
    [total_items] => 3607
    [current_page] => 1
    [total_pages] => 73
    [session_quantities_count] => 0
    [post_quantities_count] => 0
    [date_range] => 2025-12-13 to 2025-12-13
    [days_count] => 1
    [user_id] => 1
    [comp_id] => 1
    [license_type] => FL-II
    [allowed_classes] => Array
        (
            [0] => W
            [1] => V
            [2] => G
            [3] => F
            [4] => D
            [5] => K
            [6] => R
            [7] => O
            [8] => L
            [9] => O
            [10] => O
            [11] => O
            [12] => O
            [13] => M
            [14] => I
            [15] => Q
        )

)

[2025-12-13 13:26:41] [INFO] Session quantity updated: SCMPL0019029 = 172
[2025-12-13 13:26:41] [INFO] Session quantity updated: SCMPL0019029 = 10
[2025-12-13 13:26:41] [INFO] Session quantity updated: SCMPL0019029 = 10
[2025-12-13 13:26:44] [INFO] === PAGE ACCESS ===
[2025-12-13 13:26:44] [INFO] Request method: GET
[2025-12-13 13:26:44] [INFO] Search term: ''
[2025-12-13 13:26:44] [INFO] Current session ID: 538tifvna2hrc4ahakee1p4coh
[2025-12-13 13:26:44] [INFO] Final session quantities count: 1
[2025-12-13 13:26:44] [INFO] Items in current view: 50
[2025-12-13 13:26:44] [INFO] Sales Page Load Debug Info:
Array
(
    [total_items] => 3607
    [current_page] => 1
    [total_pages] => 73
    [session_quantities_count] => 1
    [post_quantities_count] => 0
    [date_range] => 2025-12-25 to 2025-12-25
    [days_count] => 1
    [user_id] => 1
    [comp_id] => 1
    [license_type] => FL-II
    [allowed_classes] => Array
        (
            [0] => W
            [1] => V
            [2] => G
            [3] => F
            [4] => D
            [5] => K
            [6] => R
            [7] => O
            [8] => L
            [9] => O
            [10] => O
            [11] => O
            [12] => O
            [13] => M
            [14] => I
            [15] => Q
        )

)

[2025-12-13 13:26:44] [INFO] === PAGE ACCESS ===
[2025-12-13 13:26:44] [INFO] Request method: GET
[2025-12-13 13:26:44] [INFO] Search term: ''
[2025-12-13 13:26:44] [INFO] Current session ID: 538tifvna2hrc4ahakee1p4coh
[2025-12-13 13:26:44] [INFO] Final session quantities count: 1
[2025-12-13 13:26:44] [INFO] Items in current view: 50
[2025-12-13 13:26:44] [INFO] Sales Page Load Debug Info:
Array
(
    [total_items] => 3607
    [current_page] => 1
    [total_pages] => 73
    [session_quantities_count] => 1
    [post_quantities_count] => 0
    [date_range] => 2025-12-25 to 2025-12-25
    [days_count] => 1
    [user_id] => 1
    [comp_id] => 1
    [license_type] => FL-II
    [allowed_classes] => Array
        (
            [0] => W
            [1] => V
            [2] => G
            [3] => F
            [4] => D
            [5] => K
            [6] => R
            [7] => O
            [8] => L
            [9] => O
            [10] => O
            [11] => O
            [12] => O
            [13] => M
            [14] => I
            [15] => Q
        )

)

[2025-12-13 13:26:44] [INFO] === PAGE ACCESS ===
[2025-12-13 13:26:44] [INFO] Request method: GET
[2025-12-13 13:26:44] [INFO] Search term: ''
[2025-12-13 13:26:44] [INFO] Current session ID: 538tifvna2hrc4ahakee1p4coh
[2025-12-13 13:26:45] [INFO] Final session quantities count: 1
[2025-12-13 13:26:45] [INFO] Items in current view: 50
[2025-12-13 13:26:45] [INFO] Sales Page Load Debug Info:
Array
(
    [total_items] => 3607
    [current_page] => 1
    [total_pages] => 73
    [session_quantities_count] => 1
    [post_quantities_count] => 0
    [date_range] => 2025-12-25 to 2025-12-25
    [days_count] => 1
    [user_id] => 1
    [comp_id] => 1
    [license_type] => FL-II
    [allowed_classes] => Array
        (
            [0] => W
            [1] => V
            [2] => G
            [3] => F
            [4] => D
            [5] => K
            [6] => R
            [7] => O
            [8] => L
            [9] => O
            [10] => O
            [11] => O
            [12] => O
            [13] => M
            [14] => I
            [15] => Q
        )

)

[2025-12-13 13:26:45] [INFO] Session quantity updated: SCMPL0019029 = 10
[2025-12-13 13:26:48] [INFO] === PAGE ACCESS ===
[2025-12-13 13:26:48] [INFO] Request method: POST
[2025-12-13 13:26:48] [INFO] Search term: ''
[2025-12-13 13:26:48] [INFO] Current session ID: 538tifvna2hrc4ahakee1p4coh
[2025-12-13 13:26:48] [INFO] Session quantities updated from POST: 1 items
[2025-12-13 13:26:48] [INFO] Processing item 1/1: SCMPL0019029, Qty: 10
[2025-12-13 13:26:48] [WARNING] Date-wise stock validation failed for item SCMPL0019029 on 2025-12-25: Available: 0, Requested: 10
[2025-12-13 13:26:48] [ERROR] Transaction rolled back: Date-wise stock validation failed:
Item SCMPL0019029: Insufficient stock on 2025-12-25 (Requested: 10)
[2025-12-13 13:26:48] [INFO] Final session quantities count: 1
[2025-12-13 13:26:48] [INFO] Items in current view: 50
[2025-12-13 13:26:48] [INFO] Sales Page Load Debug Info:
Array
(
    [total_items] => 3607
    [current_page] => 1
    [total_pages] => 73
    [session_quantities_count] => 1
    [post_quantities_count] => 50
    [date_range] => 2025-12-25 to 2025-12-25
    [days_count] => 1
    [user_id] => 1
    [comp_id] => 1
    [license_type] => FL-II
    [allowed_classes] => Array
        (
            [0] => W
            [1] => V
            [2] => G
            [3] => F
            [4] => D
            [5] => K
            [6] => R
            [7] => O
            [8] => L
            [9] => O
            [10] => O
            [11] => O
            [12] => O
            [13] => M
            [14] => I
            [15] => Q
        )

)

[2025-12-13 13:30:19] [INFO] === PAGE ACCESS ===
[2025-12-13 13:30:19] [INFO] Request method: GET
[2025-12-13 13:30:19] [INFO] Search term: ''
[2025-12-13 13:30:19] [INFO] Current session ID: 538tifvna2hrc4ahakee1p4coh
[2025-12-13 13:30:19] [INFO] Final session quantities count: 1
[2025-12-13 13:30:19] [INFO] Items in current view: 50
[2025-12-13 13:30:19] [INFO] Sales Page Load Debug Info:
Array
(
    [total_items] => 3607
    [current_page] => 1
    [total_pages] => 73
    [session_quantities_count] => 1
    [post_quantities_count] => 0
    [date_range] => 2025-12-13 to 2025-12-13
    [days_count] => 1
    [user_id] => 1
    [comp_id] => 1
    [license_type] => FL-II
    [allowed_classes] => Array
        (
            [0] => W
            [1] => V
            [2] => G
            [3] => F
            [4] => D
            [5] => K
            [6] => R
            [7] => O
            [8] => L
            [9] => O
            [10] => O
            [11] => O
            [12] => O
            [13] => M
            [14] => I
            [15] => Q
        )

)

[2025-12-13 13:30:31] [INFO] === PAGE ACCESS ===
[2025-12-13 13:30:31] [INFO] Request method: GET
[2025-12-13 13:30:31] [INFO] Search term: ''
[2025-12-13 13:30:31] [INFO] Current session ID: 538tifvna2hrc4ahakee1p4coh
[2025-12-13 13:30:31] [INFO] Final session quantities count: 1
[2025-12-13 13:30:31] [INFO] Items in current view: 50
[2025-12-13 13:30:31] [INFO] Sales Page Load Debug Info:
Array
(
    [total_items] => 3607
    [current_page] => 1
    [total_pages] => 73
    [session_quantities_count] => 1
    [post_quantities_count] => 0
    [date_range] => 2025-11-10 to 2025-11-10
    [days_count] => 1
    [user_id] => 1
    [comp_id] => 1
    [license_type] => FL-II
    [allowed_classes] => Array
        (
            [0] => W
            [1] => V
            [2] => G
            [3] => F
            [4] => D
            [5] => K
            [6] => R
            [7] => O
            [8] => L
            [9] => O
            [10] => O
            [11] => O
            [12] => O
            [13] => M
            [14] => I
            [15] => Q
        )

)

[2025-12-13 13:30:34] [INFO] === PAGE ACCESS ===
[2025-12-13 13:30:34] [INFO] Request method: POST
[2025-12-13 13:30:34] [INFO] Search term: ''
[2025-12-13 13:30:34] [INFO] Current session ID: 538tifvna2hrc4ahakee1p4coh
[2025-12-13 13:30:34] [INFO] Session quantities updated from POST: 1 items
[2025-12-13 13:30:34] [INFO] Processing item 1/1: SCMPL0019029, Qty: 10
[2025-12-13 13:30:34] [INFO] Getting next bill number for CompID: 1
[2025-12-13 13:30:35] [INFO] Next bill number for CompID 1: 298
[2025-12-13 13:30:36] [INFO] Session quantities cleared
[2025-12-13 13:30:55] [INFO] === PAGE ACCESS ===
[2025-12-13 13:30:55] [INFO] Request method: GET
[2025-12-13 13:30:55] [INFO] Search term: ''
[2025-12-13 13:30:55] [INFO] Current session ID: 538tifvna2hrc4ahakee1p4coh
[2025-12-13 13:30:55] [INFO] Final session quantities count: 0
[2025-12-13 13:30:55] [INFO] Items in current view: 50
[2025-12-13 13:30:55] [INFO] Sales Page Load Debug Info:
Array
(
    [total_items] => 3607
    [current_page] => 1
    [total_pages] => 73
    [session_quantities_count] => 0
    [post_quantities_count] => 0
    [date_range] => 2025-12-13 to 2025-12-13
    [days_count] => 1
    [user_id] => 1
    [comp_id] => 1
    [license_type] => FL-II
    [allowed_classes] => Array
        (
            [0] => W
            [1] => V
            [2] => G
            [3] => F
            [4] => D
            [5] => K
            [6] => R
            [7] => O
            [8] => L
            [9] => O
            [10] => O
            [11] => O
            [12] => O
            [13] => M
            [14] => I
            [15] => Q
        )

)

[2025-12-13 13:31:19] [INFO] === PAGE ACCESS ===
[2025-12-13 13:31:19] [INFO] Request method: GET
[2025-12-13 13:31:19] [INFO] Search term: ''
[2025-12-13 13:31:19] [INFO] Current session ID: 538tifvna2hrc4ahakee1p4coh
[2025-12-13 13:31:19] [INFO] Final session quantities count: 0
[2025-12-13 13:31:19] [INFO] Items in current view: 50
[2025-12-13 13:31:19] [INFO] Sales Page Load Debug Info:
Array
(
    [total_items] => 3607
    [current_page] => 1
    [total_pages] => 73
    [session_quantities_count] => 0
    [post_quantities_count] => 0
    [date_range] => 2025-11-10 to 2025-11-10
    [days_count] => 1
    [user_id] => 1
    [comp_id] => 1
    [license_type] => FL-II
    [allowed_classes] => Array
        (
            [0] => W
            [1] => V
            [2] => G
            [3] => F
            [4] => D
            [5] => K
            [6] => R
            [7] => O
            [8] => L
            [9] => O
            [10] => O
            [11] => O
            [12] => O
            [13] => M
            [14] => I
            [15] => Q
        )

)

[2025-12-13 13:31:27] [INFO] Session quantity updated: SCMPL0019028 = 264
[2025-12-13 13:31:27] [INFO] Session quantity updated: SCMPL0019028 = 264
[2025-12-13 13:31:27] [INFO] Session quantity updated: SCMPL0019028 = 11
[2025-12-13 13:31:28] [INFO] Session quantity updated: SCMPL0019028 = 11
[2025-12-13 13:31:30] [INFO] Session quantity updated: SCMPL0019028 = 11
[2025-12-13 13:31:33] [INFO] === PAGE ACCESS ===
[2025-12-13 13:31:33] [INFO] Request method: POST
[2025-12-13 13:31:33] [INFO] Search term: ''
[2025-12-13 13:31:33] [INFO] Current session ID: 538tifvna2hrc4ahakee1p4coh
[2025-12-13 13:31:34] [INFO] Session quantities updated from POST: 1 items
[2025-12-13 13:31:34] [INFO] Processing item 1/1: SCMPL0019028, Qty: 11
[2025-12-13 13:31:34] [INFO] Getting next bill number for CompID: 1
[2025-12-13 13:31:34] [INFO] Next bill number for CompID 1: 300
[2025-12-13 13:31:34] [INFO] Session quantities cleared
[2025-12-13 14:02:49] [INFO] === PAGE ACCESS ===
[2025-12-13 14:02:49] [INFO] Request method: GET
[2025-12-13 14:02:49] [INFO] Search term: ''
[2025-12-13 14:02:49] [INFO] Current session ID: 538tifvna2hrc4ahakee1p4coh
[2025-12-13 14:02:49] [INFO] Final session quantities count: 0
[2025-12-13 14:02:49] [INFO] Items in current view: 50
[2025-12-13 14:02:49] [INFO] Sales Page Load Debug Info:
Array
(
    [total_items] => 3607
    [current_page] => 1
    [total_pages] => 73
    [session_quantities_count] => 0
    [post_quantities_count] => 0
    [date_range] => 2025-12-13 to 2025-12-13
    [days_count] => 1
    [user_id] => 1
    [comp_id] => 1
    [license_type] => FL-II
    [allowed_classes] => Array
        (
            [0] => W
            [1] => V
            [2] => G
            [3] => F
            [4] => D
            [5] => K
            [6] => R
            [7] => O
            [8] => L
            [9] => O
            [10] => O
            [11] => O
            [12] => O
            [13] => M
            [14] => I
            [15] => Q
        )

)

[2025-12-13 14:03:03] [INFO] === PAGE ACCESS ===
[2025-12-13 14:03:03] [INFO] Request method: GET
[2025-12-13 14:03:03] [INFO] Search term: ''
[2025-12-13 14:03:03] [INFO] Current session ID: 538tifvna2hrc4ahakee1p4coh
[2025-12-13 14:03:03] [INFO] Final session quantities count: 0
[2025-12-13 14:03:03] [INFO] Items in current view: 50
[2025-12-13 14:03:03] [INFO] Sales Page Load Debug Info:
Array
(
    [total_items] => 3607
    [current_page] => 1
    [total_pages] => 73
    [session_quantities_count] => 0
    [post_quantities_count] => 0
    [date_range] => 2025-11-10 to 2025-11-10
    [days_count] => 1
    [user_id] => 1
    [comp_id] => 1
    [license_type] => FL-II
    [allowed_classes] => Array
        (
            [0] => W
            [1] => V
            [2] => G
            [3] => F
            [4] => D
            [5] => K
            [6] => R
            [7] => O
            [8] => L
            [9] => O
            [10] => O
            [11] => O
            [12] => O
            [13] => M
            [14] => I
            [15] => Q
        )

)

[2025-12-13 14:03:06] [INFO] Session quantity updated: SCMPL0019028 = 253
[2025-12-13 14:03:07] [INFO] Session quantity updated: SCMPL0019028 = 10
[2025-12-13 14:03:07] [INFO] Session quantity updated: SCMPL0019028 = 10
[2025-12-13 14:03:08] [INFO] Session quantity updated: SCMPL0019028 = 10
[2025-12-13 14:03:10] [INFO] === PAGE ACCESS ===
[2025-12-13 14:03:10] [INFO] Request method: POST
[2025-12-13 14:03:10] [INFO] Search term: ''
[2025-12-13 14:03:10] [INFO] Current session ID: 538tifvna2hrc4ahakee1p4coh
[2025-12-13 14:03:10] [INFO] Session quantities updated from POST: 1 items
[2025-12-13 14:03:10] [INFO] Processing item 1/1: SCMPL0019028, Qty: 10
[2025-12-13 14:03:10] [INFO] Getting next bill number for CompID: 1
[2025-12-13 14:03:10] [INFO] Next bill number for CompID 1: 301
[2025-12-13 14:03:11] [INFO] Session quantities cleared
[2025-12-13 14:41:52] [INFO] === PAGE ACCESS ===
[2025-12-13 14:41:52] [INFO] Request method: GET
[2025-12-13 14:41:52] [INFO] Search term: ''
[2025-12-13 14:41:52] [INFO] Current session ID: 538tifvna2hrc4ahakee1p4coh
[2025-12-13 14:41:52] [INFO] Final session quantities count: 0
[2025-12-13 14:41:52] [INFO] Items in current view: 50
[2025-12-13 14:41:52] [INFO] Sales Page Load Debug Info:
Array
(
    [total_items] => 3607
    [current_page] => 1
    [total_pages] => 73
    [session_quantities_count] => 0
    [post_quantities_count] => 0
    [date_range] => 2025-12-13 to 2025-12-13
    [days_count] => 1
    [user_id] => 1
    [comp_id] => 1
    [license_type] => FL-II
    [allowed_classes] => Array
        (
            [0] => W
            [1] => V
            [2] => G
            [3] => F
            [4] => D
            [5] => K
            [6] => R
            [7] => O
            [8] => L
            [9] => O
            [10] => O
            [11] => O
            [12] => O
            [13] => M
            [14] => I
            [15] => Q
        )

)

[2025-12-13 14:42:17] [INFO] === PAGE ACCESS ===
[2025-12-13 14:42:17] [INFO] Request method: GET
[2025-12-13 14:42:17] [INFO] Search term: ''
[2025-12-13 14:42:17] [INFO] Current session ID: 538tifvna2hrc4ahakee1p4coh
[2025-12-13 14:42:17] [INFO] Final session quantities count: 0
[2025-12-13 14:42:17] [INFO] Items in current view: 50
[2025-12-13 14:42:17] [INFO] Sales Page Load Debug Info:
Array
(
    [total_items] => 3607
    [current_page] => 1
    [total_pages] => 73
    [session_quantities_count] => 0
    [post_quantities_count] => 0
    [date_range] => 2025-12-13 to 2025-12-13
    [days_count] => 1
    [user_id] => 1
    [comp_id] => 1
    [license_type] => FL-II
    [allowed_classes] => Array
        (
            [0] => W
            [1] => V
            [2] => G
            [3] => F
            [4] => D
            [5] => K
            [6] => R
            [7] => O
            [8] => L
            [9] => O
            [10] => O
            [11] => O
            [12] => O
            [13] => M
            [14] => I
            [15] => Q
        )

)

[2025-12-13 14:42:22] [INFO] Session quantity updated: SCMPL0019028 = 0
[2025-12-13 14:42:22] [INFO] Session quantity updated: SCMPL0019028 = 0
[2025-12-13 14:42:24] [INFO] Session quantity updated: SCMPL0019028 = 255
[2025-12-13 14:42:24] [INFO] Session quantity updated: SCMPL0019028 = 255
[2025-12-13 14:42:25] [INFO] Session quantity updated: SCMPL0019028 = 253
[2025-12-13 14:42:25] [INFO] Session quantity updated: SCMPL0019028 = 10
[2025-12-13 14:42:26] [INFO] Session quantity updated: SCMPL0019028 = 10
[2025-12-13 14:42:27] [INFO] Session quantity updated: SCMPL0019028 = 10
[2025-12-13 14:42:28] [INFO] === PAGE ACCESS ===
[2025-12-13 14:42:28] [INFO] Request method: POST
[2025-12-13 14:42:28] [INFO] Search term: ''
[2025-12-13 14:42:28] [INFO] Current session ID: 538tifvna2hrc4ahakee1p4coh
[2025-12-13 14:42:28] [INFO] Session quantities updated from POST: 1 items
[2025-12-13 14:42:28] [INFO] Processing item 1/1: SCMPL0019028, Qty: 10
[2025-12-13 14:42:28] [INFO] Getting next bill number for CompID: 1
[2025-12-13 14:42:28] [INFO] Next bill number for CompID 1: 301
[2025-12-13 14:42:29] [INFO] Session quantities cleared
