[2025-12-21 14:38:40] [INFO] === PAGE ACCESS ===
[2025-12-21 14:38:40] [INFO] Request method: GET
[2025-12-21 14:38:40] [INFO] Search term: ''
[2025-12-21 14:38:40] [INFO] Current session ID: rp97qnaa6rkr12ck6d1ual1t6t
[2025-12-21 14:49:34] [INFO] === PAGE ACCESS ===
[2025-12-21 14:49:34] [INFO] Request method: GET
[2025-12-21 14:49:34] [INFO] Search term: ''
[2025-12-21 14:49:34] [INFO] Current session ID: rp97qnaa6rkr12ck6d1ual1t6t
[2025-12-21 15:24:22] [INFO] === PAGE ACCESS ===
[2025-12-21 15:24:22] [INFO] Request method: GET
[2025-12-21 15:24:22] [INFO] Search term: ''
[2025-12-21 15:24:22] [INFO] Current session ID: rp97qnaa6rkr12ck6d1ual1t6t
[2025-12-21 15:24:42] [INFO] Final session quantities count: 0
[2025-12-21 15:24:42] [INFO] Items in current view: 0
[2025-12-21 15:24:42] [INFO] Sales Page Load Debug Info:
Array
(
    [total_items] => 0
    [current_page] => 1
    [total_pages] => 0
    [session_quantities_count] => 0
    [post_quantities_count] => 0
    [date_range] => 2025-12-21 to 2025-12-21
    [days_count] => 1
    [user_id] => 4
    [comp_id] => 4
    [license_type] => FL-III
    [allowed_classes] => Array
        (
            [0] => W
            [1] => V
            [2] => G
            [3] => F
            [4] => D
            [5] => K
            [6] => R
            [7] => O
            [8] => O
            [9] => O
            [10] => O
            [11] => M
        )

)

[2025-12-21 15:25:09] [INFO] === PAGE ACCESS ===
[2025-12-21 15:25:09] [INFO] Request method: GET
[2025-12-21 15:25:09] [INFO] Search term: ''
[2025-12-21 15:25:09] [INFO] Current session ID: rp97qnaa6rkr12ck6d1ual1t6t
[2025-12-21 15:25:32] [INFO] === PAGE ACCESS ===
[2025-12-21 15:25:32] [INFO] Request method: GET
[2025-12-21 15:25:32] [INFO] Search term: ''
[2025-12-21 15:25:32] [INFO] Current session ID: rp97qnaa6rkr12ck6d1ual1t6t
[2025-12-21 15:26:07] [INFO] Final session quantities count: 0
[2025-12-21 15:26:07] [INFO] Items in current view: 0
[2025-12-21 15:26:07] [INFO] Sales Page Load Debug Info:
Array
(
    [total_items] => 0
    [current_page] => 1
    [total_pages] => 0
    [session_quantities_count] => 0
    [post_quantities_count] => 0
    [date_range] => 2025-11-01 to 2025-11-01
    [days_count] => 1
    [user_id] => 4
    [comp_id] => 4
    [license_type] => FL-III
    [allowed_classes] => Array
        (
            [0] => W
            [1] => V
            [2] => G
            [3] => F
            [4] => D
            [5] => K
            [6] => R
            [7] => O
            [8] => O
            [9] => O
            [10] => O
            [11] => M
        )

)

[2025-12-21 15:26:07] [INFO] === PAGE ACCESS ===
[2025-12-21 15:26:07] [INFO] Request method: GET
[2025-12-21 15:26:07] [INFO] Search term: ''
[2025-12-21 15:26:07] [INFO] Current session ID: rp97qnaa6rkr12ck6d1ual1t6t
[2025-12-21 15:26:41] [INFO] Final session quantities count: 0
[2025-12-21 15:26:41] [INFO] Items in current view: 0
[2025-12-21 15:26:41] [INFO] Sales Page Load Debug Info:
Array
(
    [total_items] => 0
    [current_page] => 1
    [total_pages] => 0
    [session_quantities_count] => 0
    [post_quantities_count] => 0
    [date_range] => 2025-11-01 to 2025-11-01
    [days_count] => 1
    [user_id] => 4
    [comp_id] => 4
    [license_type] => FL-III
    [allowed_classes] => Array
        (
            [0] => W
            [1] => V
            [2] => G
            [3] => F
            [4] => D
            [5] => K
            [6] => R
            [7] => O
            [8] => O
            [9] => O
            [10] => O
            [11] => M
        )

)

[2025-12-21 15:27:12] [INFO] === PAGE ACCESS ===
[2025-12-21 15:27:12] [INFO] Request method: GET
[2025-12-21 15:27:12] [INFO] Search term: ''
[2025-12-21 15:27:12] [INFO] Current session ID: rp97qnaa6rkr12ck6d1ual1t6t
[2025-12-21 15:27:12] [INFO] Final session quantities count: 0
[2025-12-21 15:27:12] [INFO] Items in current view: 50
[2025-12-21 15:27:12] [INFO] Sales Page Load Debug Info:
Array
(
    [total_items] => 3551
    [current_page] => 1
    [total_pages] => 72
    [session_quantities_count] => 0
    [post_quantities_count] => 0
    [date_range] => 2025-11-01 to 2025-11-01
    [days_count] => 1
    [user_id] => 4
    [comp_id] => 4
    [license_type] => FL-III
    [allowed_classes] => Array
        (
            [0] => W
            [1] => V
            [2] => G
            [3] => F
            [4] => D
            [5] => K
            [6] => R
            [7] => O
            [8] => O
            [9] => O
            [10] => O
            [11] => M
        )

)

[2025-12-21 15:27:19] [INFO] === PAGE ACCESS ===
[2025-12-21 15:27:19] [INFO] Request method: GET
[2025-12-21 15:27:19] [INFO] Search term: 'directors special'
[2025-12-21 15:27:19] [INFO] Current session ID: rp97qnaa6rkr12ck6d1ual1t6t
[2025-12-21 15:27:19] [INFO] Final session quantities count: 0
[2025-12-21 15:27:19] [INFO] Items in current view: 24
[2025-12-21 15:27:19] [INFO] Sales Page Load Debug Info:
Array
(
    [total_items] => 24
    [current_page] => 1
    [total_pages] => 1
    [session_quantities_count] => 0
    [post_quantities_count] => 0
    [date_range] => 2025-11-01 to 2025-11-01
    [days_count] => 1
    [user_id] => 4
    [comp_id] => 4
    [license_type] => FL-III
    [allowed_classes] => Array
        (
            [0] => W
            [1] => V
            [2] => G
            [3] => F
            [4] => D
            [5] => K
            [6] => R
            [7] => O
            [8] => O
            [9] => O
            [10] => O
            [11] => M
        )

)

[2025-12-21 15:27:24] [INFO] Session quantity updated: SCMPL0009770 = 0
[2025-12-21 15:27:24] [INFO] Session quantity updated: SCMPL0009770 = 20
[2025-12-21 15:27:25] [INFO] Session quantity updated: SCMPL0009770 = 20
[2025-12-21 15:27:26] [INFO] Session quantity updated: SCMPL0009770 = 20
[2025-12-21 15:27:32] [INFO] === PAGE ACCESS ===
[2025-12-21 15:27:32] [INFO] Request method: GET
[2025-12-21 15:27:32] [INFO] Search term: 'directors special'
[2025-12-21 15:27:32] [INFO] Current session ID: rp97qnaa6rkr12ck6d1ual1t6t
[2025-12-21 15:27:32] [INFO] Final session quantities count: 1
[2025-12-21 15:27:32] [INFO] Items in current view: 24
[2025-12-21 15:27:32] [INFO] Sales Page Load Debug Info:
Array
(
    [total_items] => 24
    [current_page] => 1
    [total_pages] => 1
    [session_quantities_count] => 1
    [post_quantities_count] => 0
    [date_range] => 2025-11-01 to 2025-11-01
    [days_count] => 1
    [user_id] => 4
    [comp_id] => 4
    [license_type] => FL-III
    [allowed_classes] => Array
        (
            [0] => W
            [1] => V
            [2] => G
            [3] => F
            [4] => D
            [5] => K
            [6] => R
            [7] => O
            [8] => O
            [9] => O
            [10] => O
            [11] => M
        )

)

[2025-12-21 15:27:33] [INFO] === PAGE ACCESS ===
[2025-12-21 15:27:33] [INFO] Request method: GET
[2025-12-21 15:27:33] [INFO] Search term: ''
[2025-12-21 15:27:33] [INFO] Current session ID: rp97qnaa6rkr12ck6d1ual1t6t
[2025-12-21 15:27:34] [INFO] Final session quantities count: 1
[2025-12-21 15:27:34] [INFO] Items in current view: 50
[2025-12-21 15:27:34] [INFO] Sales Page Load Debug Info:
Array
(
    [total_items] => 3551
    [current_page] => 1
    [total_pages] => 72
    [session_quantities_count] => 1
    [post_quantities_count] => 0
    [date_range] => 2025-11-01 to 2025-11-01
    [days_count] => 1
    [user_id] => 4
    [comp_id] => 4
    [license_type] => FL-III
    [allowed_classes] => Array
        (
            [0] => W
            [1] => V
            [2] => G
            [3] => F
            [4] => D
            [5] => K
            [6] => R
            [7] => O
            [8] => O
            [9] => O
            [10] => O
            [11] => M
        )

)

