[2025-12-24 15:07:44] [INFO] === PAGE ACCESS ===
[2025-12-24 15:07:44] [INFO] Request method: GET
[2025-12-24 15:07:44] [INFO] Search term: ''
[2025-12-24 15:07:44] [INFO] Current session ID: bjo3n6b5hggqra7ou8dsll2pph
[2025-12-24 15:07:44] [INFO] Final session quantities count: 0
[2025-12-24 15:07:44] [INFO] Items in current view: 50
[2025-12-24 15:07:44] [INFO] Sales Page Load Debug Info:
Array
(
    [total_items] => 3608
    [current_page] => 1
    [total_pages] => 73
    [session_quantities_count] => 0
    [post_quantities_count] => 0
    [date_range] => 2025-12-24 to 2025-12-24
    [days_count] => 1
    [user_id] => 1
    [comp_id] => 1
    [license_type] => FL-II
    [allowed_classes] => Array
        (
            [0] => W
            [1] => V
            [2] => G
            [3] => F
            [4] => D
            [5] => K
            [6] => R
            [7] => O
            [8] => L
            [9] => O
            [10] => O
            [11] => O
            [12] => O
            [13] => M
            [14] => I
            [15] => Q
        )

)

[2025-12-24 15:07:56] [INFO] === PAGE ACCESS ===
[2025-12-24 15:07:56] [INFO] Request method: GET
[2025-12-24 15:07:56] [INFO] Search term: ''
[2025-12-24 15:07:56] [INFO] Current session ID: bjo3n6b5hggqra7ou8dsll2pph
[2025-12-24 15:07:56] [INFO] Final session quantities count: 0
[2025-12-24 15:07:56] [INFO] Items in current view: 50
[2025-12-24 15:07:56] [INFO] Sales Page Load Debug Info:
Array
(
    [total_items] => 3608
    [current_page] => 1
    [total_pages] => 73
    [session_quantities_count] => 0
    [post_quantities_count] => 0
    [date_range] => 2025-11-01 to 2025-11-10
    [days_count] => 10
    [user_id] => 1
    [comp_id] => 1
    [license_type] => FL-II
    [allowed_classes] => Array
        (
            [0] => W
            [1] => V
            [2] => G
            [3] => F
            [4] => D
            [5] => K
            [6] => R
            [7] => O
            [8] => L
            [9] => O
            [10] => O
            [11] => O
            [12] => O
            [13] => M
            [14] => I
            [15] => Q
        )

)

[2025-12-24 15:07:56] [INFO] === PAGE ACCESS ===
[2025-12-24 15:07:56] [INFO] Request method: GET
[2025-12-24 15:07:56] [INFO] Search term: ''
[2025-12-24 15:07:56] [INFO] Current session ID: bjo3n6b5hggqra7ou8dsll2pph
[2025-12-24 15:07:56] [INFO] Final session quantities count: 0
[2025-12-24 15:07:56] [INFO] Items in current view: 50
[2025-12-24 15:07:56] [INFO] Sales Page Load Debug Info:
Array
(
    [total_items] => 3608
    [current_page] => 1
    [total_pages] => 73
    [session_quantities_count] => 0
    [post_quantities_count] => 0
    [date_range] => 2025-11-01 to 2025-11-10
    [days_count] => 10
    [user_id] => 1
    [comp_id] => 1
    [license_type] => FL-II
    [allowed_classes] => Array
        (
            [0] => W
            [1] => V
            [2] => G
            [3] => F
            [4] => D
            [5] => K
            [6] => R
            [7] => O
            [8] => L
            [9] => O
            [10] => O
            [11] => O
            [12] => O
            [13] => M
            [14] => I
            [15] => Q
        )

)

[2025-12-24 15:08:44] [INFO] === PAGE ACCESS ===
[2025-12-24 15:08:44] [INFO] Request method: GET
[2025-12-24 15:08:44] [INFO] Search term: ''
[2025-12-24 15:08:44] [INFO] Current session ID: bjo3n6b5hggqra7ou8dsll2pph
[2025-12-24 15:08:44] [INFO] Final session quantities count: 0
[2025-12-24 15:08:44] [INFO] Items in current view: 50
[2025-12-24 15:08:44] [INFO] Sales Page Load Debug Info:
Array
(
    [total_items] => 109
    [current_page] => 1
    [total_pages] => 3
    [session_quantities_count] => 0
    [post_quantities_count] => 0
    [date_range] => 2025-11-01 to 2025-11-10
    [days_count] => 10
    [user_id] => 1
    [comp_id] => 1
    [license_type] => FL-II
    [allowed_classes] => Array
        (
            [0] => W
            [1] => V
            [2] => G
            [3] => F
            [4] => D
            [5] => K
            [6] => R
            [7] => O
            [8] => L
            [9] => O
            [10] => O
            [11] => O
            [12] => O
            [13] => M
            [14] => I
            [15] => Q
        )

    [end_day_column] => DAY_10_OPEN
    [daily_stock_table] => tbldailystock_1_11_25
    [table_exists] => 1
)

[2025-12-24 15:09:08] [INFO] === PAGE ACCESS ===
[2025-12-24 15:09:08] [INFO] Request method: GET
[2025-12-24 15:09:08] [INFO] Search term: ''
[2025-12-24 15:09:08] [INFO] Current session ID: bjo3n6b5hggqra7ou8dsll2pph
[2025-12-24 15:09:08] [INFO] Final session quantities count: 0
[2025-12-24 15:09:08] [INFO] Items in current view: 9
[2025-12-24 15:09:08] [INFO] Sales Page Load Debug Info:
Array
(
    [total_items] => 109
    [current_page] => 3
    [total_pages] => 3
    [session_quantities_count] => 0
    [post_quantities_count] => 0
    [date_range] => 2025-11-01 to 2025-11-10
    [days_count] => 10
    [user_id] => 1
    [comp_id] => 1
    [license_type] => FL-II
    [allowed_classes] => Array
        (
            [0] => W
            [1] => V
            [2] => G
            [3] => F
            [4] => D
            [5] => K
            [6] => R
            [7] => O
            [8] => L
            [9] => O
            [10] => O
            [11] => O
            [12] => O
            [13] => M
            [14] => I
            [15] => Q
        )

    [end_day_column] => DAY_10_OPEN
    [daily_stock_table] => tbldailystock_1_11_25
    [table_exists] => 1
)

[2025-12-24 15:09:10] [INFO] === PAGE ACCESS ===
[2025-12-24 15:09:10] [INFO] Request method: GET
[2025-12-24 15:09:10] [INFO] Search term: ''
[2025-12-24 15:09:10] [INFO] Current session ID: bjo3n6b5hggqra7ou8dsll2pph
[2025-12-24 15:09:10] [INFO] Final session quantities count: 0
[2025-12-24 15:09:10] [INFO] Items in current view: 50
[2025-12-24 15:09:10] [INFO] Sales Page Load Debug Info:
Array
(
    [total_items] => 109
    [current_page] => 2
    [total_pages] => 3
    [session_quantities_count] => 0
    [post_quantities_count] => 0
    [date_range] => 2025-11-01 to 2025-11-10
    [days_count] => 10
    [user_id] => 1
    [comp_id] => 1
    [license_type] => FL-II
    [allowed_classes] => Array
        (
            [0] => W
            [1] => V
            [2] => G
            [3] => F
            [4] => D
            [5] => K
            [6] => R
            [7] => O
            [8] => L
            [9] => O
            [10] => O
            [11] => O
            [12] => O
            [13] => M
            [14] => I
            [15] => Q
        )

    [end_day_column] => DAY_10_OPEN
    [daily_stock_table] => tbldailystock_1_11_25
    [table_exists] => 1
)

[2025-12-24 15:09:10] [INFO] === PAGE ACCESS ===
[2025-12-24 15:09:10] [INFO] Request method: GET
[2025-12-24 15:09:10] [INFO] Search term: ''
[2025-12-24 15:09:10] [INFO] Current session ID: bjo3n6b5hggqra7ou8dsll2pph
[2025-12-24 15:09:10] [INFO] Final session quantities count: 0
[2025-12-24 15:09:10] [INFO] Items in current view: 50
[2025-12-24 15:09:10] [INFO] Sales Page Load Debug Info:
Array
(
    [total_items] => 109
    [current_page] => 2
    [total_pages] => 3
    [session_quantities_count] => 0
    [post_quantities_count] => 0
    [date_range] => 2025-11-01 to 2025-11-10
    [days_count] => 10
    [user_id] => 1
    [comp_id] => 1
    [license_type] => FL-II
    [allowed_classes] => Array
        (
            [0] => W
            [1] => V
            [2] => G
            [3] => F
            [4] => D
            [5] => K
            [6] => R
            [7] => O
            [8] => L
            [9] => O
            [10] => O
            [11] => O
            [12] => O
            [13] => M
            [14] => I
            [15] => Q
        )

    [end_day_column] => DAY_10_OPEN
    [daily_stock_table] => tbldailystock_1_11_25
    [table_exists] => 1
)

[2025-12-24 15:09:14] [INFO] === PAGE ACCESS ===
[2025-12-24 15:09:14] [INFO] Request method: GET
[2025-12-24 15:09:14] [INFO] Search term: ''
[2025-12-24 15:09:14] [INFO] Current session ID: bjo3n6b5hggqra7ou8dsll2pph
[2025-12-24 15:09:14] [INFO] Final session quantities count: 0
[2025-12-24 15:09:14] [INFO] Items in current view: 50
[2025-12-24 15:09:14] [INFO] Sales Page Load Debug Info:
Array
(
    [total_items] => 109
    [current_page] => 1
    [total_pages] => 3
    [session_quantities_count] => 0
    [post_quantities_count] => 0
    [date_range] => 2025-11-01 to 2025-11-10
    [days_count] => 10
    [user_id] => 1
    [comp_id] => 1
    [license_type] => FL-II
    [allowed_classes] => Array
        (
            [0] => W
            [1] => V
            [2] => G
            [3] => F
            [4] => D
            [5] => K
            [6] => R
            [7] => O
            [8] => L
            [9] => O
            [10] => O
            [11] => O
            [12] => O
            [13] => M
            [14] => I
            [15] => Q
        )

    [end_day_column] => DAY_10_OPEN
    [daily_stock_table] => tbldailystock_1_11_25
    [table_exists] => 1
)

[2025-12-24 15:38:13] [INFO] Sales by Closing Balance Page Load Debug Info:
Array
(
    [total_items] => 121
    [current_page] => 1
    [total_pages] => 3
    [session_quantities_count] => 0
    [post_quantities_count] => 0
    [date_range] => 2025-12-24 to 2025-12-24
    [days_count] => 1
    [user_id] => 1
    [comp_id] => 1
    [license_type] => FL-II
    [allowed_classes] => Array
        (
            [0] => W
            [1] => V
            [2] => G
            [3] => F
            [4] => D
            [5] => K
            [6] => R
            [7] => O
            [8] => L
            [9] => O
            [10] => O
            [11] => O
            [12] => O
            [13] => M
            [14] => I
            [15] => Q
        )

    [end_day_column] => DAY_24_OPEN
    [daily_stock_table] => tbldailystock_1
    [table_exists] => 1
)

[2025-12-24 15:38:23] [INFO] Sales by Closing Balance Page Load Debug Info:
Array
(
    [total_items] => 121
    [current_page] => 3
    [total_pages] => 3
    [session_quantities_count] => 0
    [post_quantities_count] => 0
    [date_range] => 2025-12-24 to 2025-12-24
    [days_count] => 1
    [user_id] => 1
    [comp_id] => 1
    [license_type] => FL-II
    [allowed_classes] => Array
        (
            [0] => W
            [1] => V
            [2] => G
            [3] => F
            [4] => D
            [5] => K
            [6] => R
            [7] => O
            [8] => L
            [9] => O
            [10] => O
            [11] => O
            [12] => O
            [13] => M
            [14] => I
            [15] => Q
        )

    [end_day_column] => DAY_24_OPEN
    [daily_stock_table] => tbldailystock_1
    [table_exists] => 1
)

