[2025-10-14 07:19:11] [INFO] === PAGE ACCESS ===
[2025-10-14 07:19:11] [INFO] Request method: GET
[2025-10-14 07:19:11] [INFO] Search term: ''
[2025-10-14 07:19:11] [INFO] Current session ID: aga038qieqip8ib49es9g4psi4
[2025-10-14 07:19:11] [INFO] Final session quantities count: 0
[2025-10-14 07:19:11] [INFO] Items in current view: 50
[2025-10-14 07:19:11] [INFO] Sales Page Load Debug Info:
Array
(
    [total_items] => 821
    [current_page] => 1
    [total_pages] => 17
    [session_quantities_count] => 0
    [post_quantities_count] => 0
    [date_range] => 2025-10-14 to 2025-10-14
    [days_count] => 1
    [user_id] => 2
    [comp_id] => 2
    [license_type] => FLBR-II
    [allowed_classes] => Array
        (
            [0] => V
            [1] => F
            [2] => O
            [3] => O
            [4] => O
            [5] => M
        )

)

[2025-10-14 07:19:15] [INFO] Session quantity updated: SCMWN0020397 = 0
[2025-10-14 07:19:17] [INFO] Session quantity updated: SCMWN0020397 = 176
[2025-10-14 07:19:17] [INFO] Session quantity updated: SCMWN0020397 = 176
[2025-10-14 07:19:18] [INFO] Session quantity updated: SCMWN0020397 = 1
[2025-10-14 07:19:18] [INFO] Session quantity updated: SCMWN0020397 = 1
[2025-10-14 07:19:19] [INFO] Session quantity updated: SCMWN0020397 = 1
[2025-10-14 07:19:21] [INFO] === PAGE ACCESS ===
[2025-10-14 07:19:21] [INFO] Request method: POST
[2025-10-14 07:19:21] [INFO] Search term: ''
[2025-10-14 07:19:21] [INFO] Current session ID: aga038qieqip8ib49es9g4psi4
[2025-10-14 07:19:21] [INFO] Getting next bill number for CompID: 2
[2025-10-14 07:19:21] [INFO] Next bill number for CompID 2: 2
[2025-10-14 07:19:21] [INFO] Daily stock updated successfully for item SCMWN0020397 on 2025-10-14 in table tbldailystock_2: Sales=6, Closing=194
[2025-10-14 07:19:21] [INFO] Session quantities cleared
[2025-10-14 08:02:14] [INFO] === PAGE ACCESS ===
[2025-10-14 08:02:14] [INFO] Request method: GET
[2025-10-14 08:02:14] [INFO] Search term: ''
[2025-10-14 08:02:14] [INFO] Current session ID: ikcdrc6jvhc76gif3u2j4mn4m9
[2025-10-14 08:02:14] [INFO] Final session quantities count: 0
[2025-10-14 08:02:14] [INFO] Items in current view: 50
[2025-10-14 08:02:14] [INFO] Sales Page Load Debug Info:
Array
(
    [total_items] => 3607
    [current_page] => 1
    [total_pages] => 73
    [session_quantities_count] => 0
    [post_quantities_count] => 0
    [date_range] => 2025-10-14 to 2025-10-14
    [days_count] => 1
    [user_id] => 1
    [comp_id] => 1
    [license_type] => FL-II
    [allowed_classes] => Array
        (
            [0] => W
            [1] => V
            [2] => G
            [3] => F
            [4] => D
            [5] => K
            [6] => R
            [7] => O
            [8] => L
            [9] => O
            [10] => O
            [11] => O
            [12] => O
            [13] => M
        )

)

[2025-10-14 08:02:14] [INFO] === PAGE ACCESS ===
[2025-10-14 08:02:14] [INFO] Request method: GET
[2025-10-14 08:02:14] [INFO] Search term: ''
[2025-10-14 08:02:14] [INFO] Current session ID: ikcdrc6jvhc76gif3u2j4mn4m9
[2025-10-14 08:02:14] [INFO] Final session quantities count: 0
[2025-10-14 08:02:14] [INFO] Items in current view: 50
[2025-10-14 08:02:14] [INFO] Sales Page Load Debug Info:
Array
(
    [total_items] => 3607
    [current_page] => 1
    [total_pages] => 73
    [session_quantities_count] => 0
    [post_quantities_count] => 0
    [date_range] => 2025-10-14 to 2025-10-14
    [days_count] => 1
    [user_id] => 1
    [comp_id] => 1
    [license_type] => FL-II
    [allowed_classes] => Array
        (
            [0] => W
            [1] => V
            [2] => G
            [3] => F
            [4] => D
            [5] => K
            [6] => R
            [7] => O
            [8] => L
            [9] => O
            [10] => O
            [11] => O
            [12] => O
            [13] => M
        )

)

[2025-10-14 08:12:05] [INFO] === PAGE ACCESS ===
[2025-10-14 08:12:05] [INFO] Request method: GET
[2025-10-14 08:12:05] [INFO] Search term: ''
[2025-10-14 08:12:05] [INFO] Current session ID: ikcdrc6jvhc76gif3u2j4mn4m9
[2025-10-14 08:12:05] [INFO] Final session quantities count: 0
[2025-10-14 08:12:05] [INFO] Items in current view: 50
[2025-10-14 08:12:05] [INFO] Sales Page Load Debug Info:
Array
(
    [total_items] => 3607
    [current_page] => 1
    [total_pages] => 73
    [session_quantities_count] => 0
    [post_quantities_count] => 0
    [date_range] => 2025-10-14 to 2025-10-14
    [days_count] => 1
    [user_id] => 1
    [comp_id] => 1
    [license_type] => FL-II
    [allowed_classes] => Array
        (
            [0] => W
            [1] => V
            [2] => G
            [3] => F
            [4] => D
            [5] => K
            [6] => R
            [7] => O
            [8] => L
            [9] => O
            [10] => O
            [11] => O
            [12] => O
            [13] => M
        )

)

[2025-10-14 08:12:10] [INFO] Session quantity updated: SCMPL0019029 = 0
[2025-10-14 08:12:10] [INFO] Session quantity updated: SCMPL0019029 = 0
[2025-10-14 08:12:10] [INFO] Session quantity updated: SCMPL0019029 = 2
[2025-10-14 08:12:11] [INFO] Session quantity updated: SCMPL0019029 = 2
[2025-10-14 08:12:12] [INFO] Session quantity updated: SCMPL0019029 = 2
[2025-10-14 08:12:14] [INFO] === PAGE ACCESS ===
[2025-10-14 08:12:14] [INFO] Request method: POST
[2025-10-14 08:12:14] [INFO] Search term: ''
[2025-10-14 08:12:14] [INFO] Current session ID: ikcdrc6jvhc76gif3u2j4mn4m9
[2025-10-14 08:12:14] [INFO] Session quantities updated from POST: 1 items
[2025-10-14 08:12:14] [INFO] Getting next bill number for CompID: 1
[2025-10-14 08:12:14] [INFO] Next bill number for CompID 1: 11
[2025-10-14 08:12:14] [INFO] Daily stock updated successfully for item SCMPL0019029 on 2025-10-14 in table tbldailystock_1: Sales=2, Closing=198
[2025-10-14 08:12:14] [INFO] Session quantities cleared
[2025-10-14 08:45:52] [INFO] === PAGE ACCESS ===
[2025-10-14 08:45:52] [INFO] Request method: GET
[2025-10-14 08:45:52] [INFO] Search term: ''
[2025-10-14 08:45:52] [INFO] Current session ID: trtbbi740g0qfgu6bds617gts2
[2025-10-14 08:45:52] [INFO] Final session quantities count: 0
[2025-10-14 08:45:52] [INFO] Items in current view: 50
[2025-10-14 08:45:52] [INFO] Sales Page Load Debug Info:
Array
(
    [total_items] => 3607
    [current_page] => 1
    [total_pages] => 73
    [session_quantities_count] => 0
    [post_quantities_count] => 0
    [date_range] => 2025-10-14 to 2025-10-14
    [days_count] => 1
    [user_id] => 1
    [comp_id] => 1
    [license_type] => FL-II
    [allowed_classes] => Array
        (
            [0] => W
            [1] => V
            [2] => G
            [3] => F
            [4] => D
            [5] => K
            [6] => R
            [7] => O
            [8] => L
            [9] => O
            [10] => O
            [11] => O
            [12] => O
            [13] => M
        )

)

[2025-10-14 08:46:03] [INFO] === PAGE ACCESS ===
[2025-10-14 08:46:03] [INFO] Request method: GET
[2025-10-14 08:46:03] [INFO] Search term: ''
[2025-10-14 08:46:03] [INFO] Current session ID: trtbbi740g0qfgu6bds617gts2
[2025-10-14 08:46:03] [INFO] Final session quantities count: 0
[2025-10-14 08:46:03] [INFO] Items in current view: 50
[2025-10-14 08:46:03] [INFO] Sales Page Load Debug Info:
Array
(
    [total_items] => 3607
    [current_page] => 1
    [total_pages] => 73
    [session_quantities_count] => 0
    [post_quantities_count] => 0
    [date_range] => 2025-10-14 to 2025-10-14
    [days_count] => 1
    [user_id] => 1
    [comp_id] => 1
    [license_type] => FL-II
    [allowed_classes] => Array
        (
            [0] => W
            [1] => V
            [2] => G
            [3] => F
            [4] => D
            [5] => K
            [6] => R
            [7] => O
            [8] => L
            [9] => O
            [10] => O
            [11] => O
            [12] => O
            [13] => M
        )

)

[2025-10-14 08:46:07] [INFO] Session quantity updated: SCMPL0019028 = 0
[2025-10-14 08:46:08] [INFO] Session quantity updated: SCMPL0019028 = 1
[2025-10-14 08:46:08] [INFO] Session quantity updated: SCMPL0019028 = 1
[2025-10-14 08:46:09] [INFO] Session quantity updated: SCMPL0019028 = 1
[2025-10-14 08:46:11] [INFO] === PAGE ACCESS ===
[2025-10-14 08:46:11] [INFO] Request method: POST
[2025-10-14 08:46:11] [INFO] Search term: ''
[2025-10-14 08:46:11] [INFO] Current session ID: trtbbi740g0qfgu6bds617gts2
[2025-10-14 08:46:11] [INFO] Session quantities updated from POST: 1 items
[2025-10-14 08:46:11] [INFO] Getting next bill number for CompID: 1
[2025-10-14 08:46:11] [INFO] Next bill number for CompID 1: 12
[2025-10-14 08:46:11] [INFO] Daily stock updated successfully for item SCMPL0019028 on 2025-10-14 in table tbldailystock_1: Sales=3, Closing=196
[2025-10-14 09:10:27] [INFO] === PAGE ACCESS ===
[2025-10-14 09:10:27] [INFO] Request method: POST
[2025-10-14 09:10:27] [INFO] Search term: ''
[2025-10-14 09:10:27] [INFO] Current session ID: trtbbi740g0qfgu6bds617gts2
[2025-10-14 09:10:27] [INFO] Session quantities updated from POST: 1 items
[2025-10-14 09:10:27] [INFO] Getting next bill number for CompID: 1
[2025-10-14 09:10:27] [INFO] Next bill number for CompID 1: 13
[2025-10-14 09:10:27] [INFO] Daily stock updated successfully for item SCMPL0019028 on 2025-10-14 in table tbldailystock_1: Sales=4, Closing=195
[2025-10-14 09:10:27] [INFO] Session quantities cleared
[2025-10-14 09:10:33] [INFO] === PAGE ACCESS ===
[2025-10-14 09:10:33] [INFO] Request method: GET
[2025-10-14 09:10:33] [INFO] Search term: ''
[2025-10-14 09:10:33] [INFO] Current session ID: trtbbi740g0qfgu6bds617gts2
[2025-10-14 09:10:33] [INFO] Final session quantities count: 0
[2025-10-14 09:10:33] [INFO] Items in current view: 50
[2025-10-14 09:10:33] [INFO] Sales Page Load Debug Info:
Array
(
    [total_items] => 3607
    [current_page] => 1
    [total_pages] => 73
    [session_quantities_count] => 0
    [post_quantities_count] => 0
    [date_range] => 2025-10-14 to 2025-10-14
    [days_count] => 1
    [user_id] => 1
    [comp_id] => 1
    [license_type] => FL-II
    [allowed_classes] => Array
        (
            [0] => W
            [1] => V
            [2] => G
            [3] => F
            [4] => D
            [5] => K
            [6] => R
            [7] => O
            [8] => L
            [9] => O
            [10] => O
            [11] => O
            [12] => O
            [13] => M
        )

)

[2025-10-14 09:10:37] [INFO] Session quantity updated: SCMPL0019028 = 0
[2025-10-14 09:10:37] [INFO] Session quantity updated: SCMPL0019028 = 0
[2025-10-14 09:10:37] [INFO] Session quantity updated: SCMPL0019028 = 1
[2025-10-14 09:10:37] [INFO] Session quantity updated: SCMPL0019028 = 1
[2025-10-14 09:10:38] [INFO] Session quantity updated: SCMPL0019028 = 1
[2025-10-14 09:10:42] [INFO] === PAGE ACCESS ===
[2025-10-14 09:10:42] [INFO] Request method: POST
[2025-10-14 09:10:42] [INFO] Search term: ''
[2025-10-14 09:10:42] [INFO] Current session ID: trtbbi740g0qfgu6bds617gts2
[2025-10-14 09:10:42] [INFO] Session quantities updated from POST: 1 items
[2025-10-14 09:10:42] [INFO] Getting next bill number for CompID: 1
[2025-10-14 09:10:42] [INFO] Next bill number for CompID 1: 14
[2025-10-14 09:10:42] [INFO] Daily stock updated successfully for item SCMPL0019028 on 2025-10-14 in table tbldailystock_1: Sales=5, Closing=194
[2025-10-14 09:10:42] [INFO] Session quantities cleared
[2025-10-14 09:13:33] [INFO] === PAGE ACCESS ===
[2025-10-14 09:13:33] [INFO] Request method: GET
[2025-10-14 09:13:33] [INFO] Search term: ''
[2025-10-14 09:13:33] [INFO] Current session ID: trtbbi740g0qfgu6bds617gts2
[2025-10-14 09:13:33] [INFO] Final session quantities count: 0
[2025-10-14 09:13:33] [INFO] Items in current view: 50
[2025-10-14 09:13:33] [INFO] Sales Page Load Debug Info:
Array
(
    [total_items] => 3607
    [current_page] => 1
    [total_pages] => 73
    [session_quantities_count] => 0
    [post_quantities_count] => 0
    [date_range] => 2025-10-14 to 2025-10-14
    [days_count] => 1
    [user_id] => 1
    [comp_id] => 1
    [license_type] => FL-II
    [allowed_classes] => Array
        (
            [0] => W
            [1] => V
            [2] => G
            [3] => F
            [4] => D
            [5] => K
            [6] => R
            [7] => O
            [8] => L
            [9] => O
            [10] => O
            [11] => O
            [12] => O
            [13] => M
        )

)

[2025-10-14 09:13:36] [INFO] Session quantity updated: SCMPL0019028 = 0
[2025-10-14 09:13:36] [INFO] Session quantity updated: SCMPL0019028 = 0
[2025-10-14 09:13:37] [INFO] Session quantity updated: SCMPL0019028 = 1
[2025-10-14 09:13:37] [INFO] Session quantity updated: SCMPL0019028 = 1
[2025-10-14 09:13:38] [INFO] Session quantity updated: SCMPL0019028 = 1
[2025-10-14 09:13:40] [INFO] === PAGE ACCESS ===
[2025-10-14 09:13:40] [INFO] Request method: POST
[2025-10-14 09:13:40] [INFO] Search term: ''
[2025-10-14 09:13:40] [INFO] Current session ID: trtbbi740g0qfgu6bds617gts2
[2025-10-14 09:13:40] [INFO] Session quantities updated from POST: 1 items
[2025-10-14 09:13:40] [INFO] Getting next bill number for CompID: 1
[2025-10-14 09:13:40] [INFO] Next bill number for CompID 1: 15
[2025-10-14 09:13:40] [INFO] Daily stock updated successfully for item SCMPL0019028 on 2025-10-14 in table tbldailystock_1: Sales=6, Closing=193
[2025-10-14 09:13:40] [INFO] Session quantities cleared
[2025-10-14 09:20:01] [INFO] === PAGE ACCESS ===
[2025-10-14 09:20:01] [INFO] Request method: GET
[2025-10-14 09:20:01] [INFO] Search term: ''
[2025-10-14 09:20:01] [INFO] Current session ID: trtbbi740g0qfgu6bds617gts2
[2025-10-14 09:20:02] [INFO] Final session quantities count: 0
[2025-10-14 09:20:02] [INFO] Items in current view: 50
[2025-10-14 09:20:02] [INFO] Sales Page Load Debug Info:
Array
(
    [total_items] => 3607
    [current_page] => 1
    [total_pages] => 73
    [session_quantities_count] => 0
    [post_quantities_count] => 0
    [date_range] => 2025-10-14 to 2025-10-14
    [days_count] => 1
    [user_id] => 1
    [comp_id] => 1
    [license_type] => FL-II
    [allowed_classes] => Array
        (
            [0] => W
            [1] => V
            [2] => G
            [3] => F
            [4] => D
            [5] => K
            [6] => R
            [7] => O
            [8] => L
            [9] => O
            [10] => O
            [11] => O
            [12] => O
            [13] => M
        )

)

[2025-10-14 09:20:04] [INFO] Session quantity updated: SCMPL0019028 = 0
[2025-10-14 09:20:04] [INFO] Session quantity updated: SCMPL0019028 = 0
[2025-10-14 09:20:05] [INFO] Session quantity updated: SCMPL0019028 = 10
[2025-10-14 09:20:05] [INFO] Session quantity updated: SCMPL0019028 = 10
[2025-10-14 09:20:06] [INFO] Session quantity updated: SCMPL0019028 = 0
[2025-10-14 09:20:06] [INFO] Session quantity updated: SCMPL0019028 = 0
[2025-10-14 09:20:07] [INFO] Session quantity updated: SCMPL0019028 = 41
[2025-10-14 09:20:07] [INFO] Session quantity updated: SCMPL0019028 = 41
[2025-10-14 09:20:08] [INFO] Session quantity updated: SCMPL0019028 = 0
[2025-10-14 09:20:08] [INFO] Session quantity updated: SCMPL0019028 = 0
[2025-10-14 09:20:08] [INFO] Session quantity updated: SCMPL0019028 = 1
[2025-10-14 09:20:09] [INFO] Session quantity updated: SCMPL0019028 = 1
[2025-10-14 09:20:10] [INFO] Session quantity updated: SCMPL0019028 = 1
[2025-10-14 09:20:11] [INFO] === PAGE ACCESS ===
[2025-10-14 09:20:11] [INFO] Request method: POST
[2025-10-14 09:20:11] [INFO] Search term: ''
[2025-10-14 09:20:11] [INFO] Current session ID: trtbbi740g0qfgu6bds617gts2
[2025-10-14 09:20:11] [INFO] Session quantities updated from POST: 1 items
[2025-10-14 09:20:11] [INFO] Getting next bill number for CompID: 1
[2025-10-14 09:20:11] [INFO] Next bill number for CompID 1: 16
[2025-10-14 09:20:11] [INFO] Daily stock updated successfully for item SCMPL0019028 on 2025-10-14 in table tbldailystock_1: Sales=7, Closing=192
[2025-10-14 09:20:11] [INFO] Session quantities cleared
[2025-10-14 09:42:41] [INFO] === PAGE ACCESS ===
[2025-10-14 09:42:41] [INFO] Request method: GET
[2025-10-14 09:42:41] [INFO] Search term: ''
[2025-10-14 09:42:41] [INFO] Current session ID: trtbbi740g0qfgu6bds617gts2
[2025-10-14 09:42:41] [INFO] Final session quantities count: 0
[2025-10-14 09:42:41] [INFO] Items in current view: 50
[2025-10-14 09:42:41] [INFO] Sales Page Load Debug Info:
Array
(
    [total_items] => 3607
    [current_page] => 1
    [total_pages] => 73
    [session_quantities_count] => 0
    [post_quantities_count] => 0
    [date_range] => 2025-10-14 to 2025-10-14
    [days_count] => 1
    [user_id] => 1
    [comp_id] => 1
    [license_type] => FL-II
    [allowed_classes] => Array
        (
            [0] => W
            [1] => V
            [2] => G
            [3] => F
            [4] => D
            [5] => K
            [6] => R
            [7] => O
            [8] => L
            [9] => O
            [10] => O
            [11] => O
            [12] => O
            [13] => M
        )

)

[2025-10-14 09:42:44] [INFO] Session quantity updated: SCMPL0019028 = 0
[2025-10-14 09:42:44] [INFO] Session quantity updated: SCMPL0019028 = 0
[2025-10-14 09:42:45] [INFO] Session quantity updated: SCMPL0019028 = 0
[2025-10-14 09:42:45] [INFO] Session quantity updated: SCMPL0019028 = 1
[2025-10-14 09:42:46] [INFO] Session quantity updated: SCMPL0019028 = 11
[2025-10-14 09:42:46] [INFO] Session quantity updated: SCMPL0019028 = 11
[2025-10-14 09:42:46] [INFO] Session quantity updated: SCMPL0019028 = 1
[2025-10-14 09:42:47] [INFO] Session quantity updated: SCMPL0019028 = 1
[2025-10-14 09:42:48] [INFO] Session quantity updated: SCMPL0019028 = 1
[2025-10-14 09:42:51] [INFO] === PAGE ACCESS ===
[2025-10-14 09:42:51] [INFO] Request method: POST
[2025-10-14 09:42:51] [INFO] Search term: ''
[2025-10-14 09:42:51] [INFO] Current session ID: trtbbi740g0qfgu6bds617gts2
[2025-10-14 09:42:51] [INFO] Session quantities updated from POST: 1 items
[2025-10-14 09:42:51] [INFO] Getting next bill number for CompID: 1
[2025-10-14 09:42:51] [INFO] Next bill number for CompID 1: 17
[2025-10-14 09:42:51] [INFO] Daily stock updated successfully for item SCMPL0019028 on 2025-10-14 in table tbldailystock_1: Sales=8, Closing=191
[2025-10-14 09:42:51] [INFO] Session quantities cleared
[2025-10-14 14:23:02] [INFO] === PAGE ACCESS ===
[2025-10-14 14:23:02] [INFO] Request method: GET
[2025-10-14 14:23:02] [INFO] Search term: ''
[2025-10-14 14:23:02] [INFO] Current session ID: du3su3o2ribouos1d197hkl3n0
[2025-10-14 14:23:02] [INFO] Final session quantities count: 0
[2025-10-14 14:23:02] [INFO] Items in current view: 50
[2025-10-14 14:23:02] [INFO] Sales Page Load Debug Info:
Array
(
    [total_items] => 3607
    [current_page] => 1
    [total_pages] => 73
    [session_quantities_count] => 0
    [post_quantities_count] => 0
    [date_range] => 2025-10-14 to 2025-10-14
    [days_count] => 1
    [user_id] => 1
    [comp_id] => 1
    [license_type] => FL-II
    [allowed_classes] => Array
        (
            [0] => W
            [1] => V
            [2] => G
            [3] => F
            [4] => D
            [5] => K
            [6] => R
            [7] => O
            [8] => L
            [9] => O
            [10] => O
            [11] => O
            [12] => O
            [13] => M
        )

)

[2025-10-14 14:25:43] [INFO] === PAGE ACCESS ===
[2025-10-14 14:25:43] [INFO] Request method: GET
[2025-10-14 14:25:43] [INFO] Search term: ''
[2025-10-14 14:25:43] [INFO] Current session ID: du3su3o2ribouos1d197hkl3n0
[2025-10-14 14:25:44] [INFO] Final session quantities count: 0
[2025-10-14 14:25:44] [INFO] Items in current view: 50
[2025-10-14 14:25:44] [INFO] Sales Page Load Debug Info:
Array
(
    [total_items] => 3607
    [current_page] => 1
    [total_pages] => 73
    [session_quantities_count] => 0
    [post_quantities_count] => 0
    [date_range] => 2025-10-14 to 2025-10-14
    [days_count] => 1
    [user_id] => 1
    [comp_id] => 1
    [license_type] => FL-II
    [allowed_classes] => Array
        (
            [0] => W
            [1] => V
            [2] => G
            [3] => F
            [4] => D
            [5] => K
            [6] => R
            [7] => O
            [8] => L
            [9] => O
            [10] => O
            [11] => O
            [12] => O
            [13] => M
        )

)

[2025-10-14 14:25:47] [INFO] Session quantity updated: SCMPL0019028 = 190
[2025-10-14 14:25:47] [INFO] Session quantity updated: SCMPL0019028 = 1
[2025-10-14 14:25:47] [INFO] Session quantity updated: SCMPL0019028 = 1
[2025-10-14 14:25:48] [INFO] Session quantity updated: SCMPL0019028 = 1
[2025-10-14 14:25:51] [INFO] === PAGE ACCESS ===
[2025-10-14 14:25:51] [INFO] Request method: POST
[2025-10-14 14:25:51] [INFO] Search term: ''
[2025-10-14 14:25:51] [INFO] Current session ID: du3su3o2ribouos1d197hkl3n0
[2025-10-14 14:25:51] [INFO] Session quantities updated from POST: 1 items
[2025-10-14 14:25:52] [INFO] Getting next bill number for CompID: 1
[2025-10-14 14:25:52] [INFO] Next bill number for CompID 1: 18
[2025-10-14 14:25:52] [INFO] Daily stock updated successfully for item SCMPL0019028 on 2025-10-14 in table tbldailystock_1: Sales=9, Closing=190
[2025-10-14 14:25:52] [INFO] Session quantities cleared
[2025-10-14 16:19:11] [INFO] === PAGE ACCESS ===
[2025-10-14 16:19:11] [INFO] Request method: GET
[2025-10-14 16:19:11] [INFO] Search term: ''
[2025-10-14 16:19:11] [INFO] Current session ID: 8kagfft67tchqqmgt3egm19pvt
[2025-10-14 16:19:11] [INFO] Final session quantities count: 0
[2025-10-14 16:19:11] [INFO] Items in current view: 50
[2025-10-14 16:19:11] [INFO] Sales Page Load Debug Info:
Array
(
    [total_items] => 821
    [current_page] => 1
    [total_pages] => 17
    [session_quantities_count] => 0
    [post_quantities_count] => 0
    [date_range] => 2025-10-14 to 2025-10-14
    [days_count] => 1
    [user_id] => 2
    [comp_id] => 2
    [license_type] => FLBR-II
    [allowed_classes] => Array
        (
            [0] => V
            [1] => F
            [2] => O
            [3] => O
            [4] => O
            [5] => M
        )

)

[2025-10-14 16:19:20] [INFO] Session quantity updated: SCMWN0020397 = 193
[2025-10-14 16:19:20] [INFO] Session quantity updated: SCMWN0020397 = 193
[2025-10-14 16:19:21] [INFO] Session quantity updated: SCMWN0020397 = 175
[2025-10-14 16:19:21] [INFO] Session quantity updated: SCMWN0020397 = 175
[2025-10-14 16:19:21] [INFO] Session quantity updated: SCMWN0020397 = 1
[2025-10-14 16:19:21] [INFO] Session quantity updated: SCMWN0020397 = 1
[2025-10-14 16:19:23] [INFO] Session quantity updated: SCMWN0020397 = 1
[2025-10-14 16:19:27] [INFO] Saving pending sales for user 2, company 2
[2025-10-14 16:19:27] [INFO] Items to save:
Array
(
    [SCMWN0020397] => 1
)

[2025-10-14 16:19:27] [INFO] Date range spans 1 days: 2025-10-14
[2025-10-14 16:19:27] [INFO] Distributing 1 units across 1 days
[2025-10-14 16:19:27] [INFO] Distribution for 1 units: 1
[2025-10-14 16:19:27] [INFO] Item SCMWN0020397 distribution: 1
[2025-10-14 16:19:27] [INFO] Starting bill generation with volume limits
[2025-10-14 16:19:27] [INFO] Getting category limits for company 2
[2025-10-14 16:19:27] [INFO] Category limits: {"IMFL":"1000.00","BEER":"4000.00","CL":"2000.00"}
[2025-10-14 16:19:27] [INFO] Category Limits - IMFL: 1000.00, BEER: 4000.00, CL: 2000.00
[2025-10-14 16:19:27] [INFO] Getting next bill number
[2025-10-14 16:19:27] [INFO] Next bill number: 19
[2025-10-14 16:19:27] [INFO] Processing date: 2025-10-14 (index: 0)
[2025-10-14 16:19:27] [INFO] Determining category for item SCMWN0020397, mode: F
[2025-10-14 16:19:27] [INFO] Item SCMWN0020397 - DETAILS2: 375 ML
[2025-10-14 16:19:27] [INFO] Item SCMWN0020397 categorized as IMFL (Foreign Liquor with ML size)
[2025-10-14 16:19:27] [INFO] Getting size for item SCMWN0020397, mode: F
[2025-10-14 16:19:27] [INFO] Item SCMWN0020397 - Size from DETAILS2: 375ml
[2025-10-14 16:19:27] [INFO] Date 2025-10-14 - Item SCMWN0020397: Qty=1, Size=375ml, Volume=375ml, Category=IMFL
[2025-10-14 16:19:27] [INFO] Date 2025-10-14 - Categories with items: IMFL
[2025-10-14 16:19:27] [INFO] Processing category: IMFL with limit: 1000.00ml
[2025-10-14 16:19:27] [INFO] Items in category: 1
[2025-10-14 16:19:27] [INFO] Sorted items by volume (descending) for category IMFL:
[2025-10-14 16:19:27] [INFO]   - SCMWN0020397: 375ml
[2025-10-14 16:19:27] [INFO] Added SCMWN0020397 (375ml) to bill. Current volume: 375ml
[2025-10-14 16:19:27] [INFO] Category IMFL - Final bill 1: Volume=375ml, Items=1
[2025-10-14 16:19:27] [INFO] Created 1 bills for category IMFL
[2025-10-14 16:19:27] [INFO] Created bill BL19 for date 2025-10-14 with 1 items, total amount: 110
[2025-10-14 16:19:27] [INFO] Total bills created: 1
[2025-10-14 16:19:27] [INFO] Generated 1 bills with volume limits
[2025-10-14 16:19:27] [INFO] Saved 1 bills for later posting. Date range: 2025-10-14 to 2025-10-14. Total Amount: ₹110.00
[2025-10-14 16:19:28] [INFO] === PAGE ACCESS ===
[2025-10-14 16:19:28] [INFO] Request method: GET
[2025-10-14 16:19:28] [INFO] Search term: ''
[2025-10-14 16:19:28] [INFO] Current session ID: 8kagfft67tchqqmgt3egm19pvt
[2025-10-14 16:19:28] [INFO] Final session quantities count: 0
[2025-10-14 16:19:28] [INFO] Items in current view: 50
[2025-10-14 16:19:28] [INFO] Sales Page Load Debug Info:
Array
(
    [total_items] => 821
    [current_page] => 1
    [total_pages] => 17
    [session_quantities_count] => 0
    [post_quantities_count] => 0
    [date_range] => 2025-10-14 to 2025-10-14
    [days_count] => 1
    [user_id] => 2
    [comp_id] => 2
    [license_type] => FLBR-II
    [allowed_classes] => Array
        (
            [0] => V
            [1] => F
            [2] => O
            [3] => O
            [4] => O
            [5] => M
        )

)

[2025-10-14 16:40:07] [INFO] === PAGE ACCESS ===
[2025-10-14 16:40:07] [INFO] Request method: GET
[2025-10-14 16:40:07] [INFO] Search term: ''
[2025-10-14 16:40:07] [INFO] Current session ID: 8kagfft67tchqqmgt3egm19pvt
[2025-10-14 16:40:07] [INFO] Final session quantities count: 0
[2025-10-14 16:40:07] [INFO] Items in current view: 50
[2025-10-14 16:40:07] [INFO] Sales Page Load Debug Info:
Array
(
    [total_items] => 821
    [current_page] => 1
    [total_pages] => 17
    [session_quantities_count] => 0
    [post_quantities_count] => 0
    [date_range] => 2025-10-14 to 2025-10-14
    [days_count] => 1
    [user_id] => 2
    [comp_id] => 2
    [license_type] => FLBR-II
    [allowed_classes] => Array
        (
            [0] => V
            [1] => F
            [2] => O
            [3] => O
            [4] => O
            [5] => M
        )

)

[2025-10-14 16:40:08] [INFO] === PAGE ACCESS ===
[2025-10-14 16:40:08] [INFO] Request method: GET
[2025-10-14 16:40:08] [INFO] Search term: ''
[2025-10-14 16:40:08] [INFO] Current session ID: 8kagfft67tchqqmgt3egm19pvt
[2025-10-14 16:40:08] [INFO] Final session quantities count: 0
[2025-10-14 16:40:08] [INFO] Items in current view: 50
[2025-10-14 16:40:08] [INFO] Sales Page Load Debug Info:
Array
(
    [total_items] => 821
    [current_page] => 1
    [total_pages] => 17
    [session_quantities_count] => 0
    [post_quantities_count] => 0
    [date_range] => 2025-10-14 to 2025-10-14
    [days_count] => 1
    [user_id] => 2
    [comp_id] => 2
    [license_type] => FLBR-II
    [allowed_classes] => Array
        (
            [0] => V
            [1] => F
            [2] => O
            [3] => O
            [4] => O
            [5] => M
        )

)

[2025-10-14 16:40:11] [INFO] Session quantity updated: SCMWN0020397 = 0
[2025-10-14 16:40:12] [INFO] Session quantity updated: SCMWN0020397 = 0
[2025-10-14 16:40:12] [INFO] Session quantity updated: SCMWN0020397 = 1
[2025-10-14 16:40:12] [INFO] Session quantity updated: SCMWN0020397 = 1
[2025-10-14 16:40:14] [INFO] Session quantity updated: SCMWN0020397 = 1
[2025-10-14 16:40:16] [INFO] === PAGE ACCESS ===
[2025-10-14 16:40:16] [INFO] Request method: POST
[2025-10-14 16:40:16] [INFO] Search term: ''
[2025-10-14 16:40:16] [INFO] Current session ID: 8kagfft67tchqqmgt3egm19pvt
[2025-10-14 16:40:16] [INFO] Session quantities updated from POST: 1 items
[2025-10-14 16:40:16] [INFO] Getting next bill number for CompID: 2
[2025-10-14 16:40:16] [INFO] Next bill number for CompID 2: 6
[2025-10-14 16:40:16] [ERROR] Transaction rolled back: Insufficient closing stock for item SCMWN0020397 on 2025-10-14. Available: -7, Requested: 1
[2025-10-14 16:40:16] [INFO] Final session quantities count: 1
[2025-10-14 16:40:16] [INFO] Items in current view: 50
[2025-10-14 16:40:16] [INFO] Sales Page Load Debug Info:
Array
(
    [total_items] => 821
    [current_page] => 1
    [total_pages] => 17
    [session_quantities_count] => 1
    [post_quantities_count] => 50
    [date_range] => 2025-10-14 to 2025-10-14
    [days_count] => 1
    [user_id] => 2
    [comp_id] => 2
    [license_type] => FLBR-II
    [allowed_classes] => Array
        (
            [0] => V
            [1] => F
            [2] => O
            [3] => O
            [4] => O
            [5] => M
        )

)

[2025-10-14 16:41:46] [INFO] === PAGE ACCESS ===
[2025-10-14 16:41:46] [INFO] Request method: GET
[2025-10-14 16:41:46] [INFO] Search term: ''
[2025-10-14 16:41:46] [INFO] Current session ID: 60fc36c2k1elkr7bqcia4ssdog
[2025-10-14 16:41:46] [INFO] Final session quantities count: 0
[2025-10-14 16:41:46] [INFO] Items in current view: 50
[2025-10-14 16:41:46] [INFO] Sales Page Load Debug Info:
Array
(
    [total_items] => 3607
    [current_page] => 1
    [total_pages] => 73
    [session_quantities_count] => 0
    [post_quantities_count] => 0
    [date_range] => 2025-10-14 to 2025-10-14
    [days_count] => 1
    [user_id] => 1
    [comp_id] => 1
    [license_type] => FL-II
    [allowed_classes] => Array
        (
            [0] => W
            [1] => V
            [2] => G
            [3] => F
            [4] => D
            [5] => K
            [6] => R
            [7] => O
            [8] => L
            [9] => O
            [10] => O
            [11] => O
            [12] => O
            [13] => M
        )

)

[2025-10-14 16:41:49] [INFO] Session quantity updated: SCMPL0019028 = 0
[2025-10-14 16:41:49] [INFO] Session quantity updated: SCMPL0019028 = 0
[2025-10-14 16:41:50] [INFO] Session quantity updated: SCMPL0019028 = 1
[2025-10-14 16:41:50] [INFO] Session quantity updated: SCMPL0019028 = 1
[2025-10-14 16:41:51] [INFO] Session quantity updated: SCMPL0019028 = 1
[2025-10-14 16:41:54] [INFO] Saving pending sales for user 1, company 1
[2025-10-14 16:41:54] [INFO] Items to save:
Array
(
    [SCMPL0019028] => 1
)

[2025-10-14 16:41:54] [INFO] Date range spans 1 days: 2025-10-14
[2025-10-14 16:41:54] [INFO] Distributing 1 units across 1 days
[2025-10-14 16:41:54] [INFO] Distribution for 1 units: 1
[2025-10-14 16:41:54] [INFO] Item SCMPL0019028 distribution: 1
[2025-10-14 16:41:54] [INFO] Starting bill generation with volume limits
[2025-10-14 16:41:54] [INFO] Getting category limits for company 1
[2025-10-14 16:41:54] [INFO] Category limits: {"IMFL":"1000.00","BEER":"4000.00","CL":"0.00"}
[2025-10-14 16:41:54] [INFO] Category Limits - IMFL: 1000.00, BEER: 4000.00, CL: 0.00
[2025-10-14 16:41:54] [INFO] Getting next bill number
[2025-10-14 16:41:54] [INFO] Next bill number: 19
[2025-10-14 16:41:54] [INFO] Processing date: 2025-10-14 (index: 0)
[2025-10-14 16:41:54] [INFO] Determining category for item SCMPL0019028, mode: F
[2025-10-14 16:41:54] [INFO] Item SCMPL0019028 - DETAILS2: 90 ML-(96)
[2025-10-14 16:41:54] [INFO] Item SCMPL0019028 categorized as IMFL (Foreign Liquor with ML size)
[2025-10-14 16:41:54] [INFO] Getting size for item SCMPL0019028, mode: F
[2025-10-14 16:41:54] [INFO] Item SCMPL0019028 - Size from DETAILS2: 90ml
[2025-10-14 16:41:54] [INFO] Date 2025-10-14 - Item SCMPL0019028: Qty=1, Size=90ml, Volume=90ml, Category=IMFL
[2025-10-14 16:41:54] [INFO] Date 2025-10-14 - Categories with items: IMFL
[2025-10-14 16:41:54] [INFO] Processing category: IMFL with limit: 1000.00ml
[2025-10-14 16:41:54] [INFO] Items in category: 1
[2025-10-14 16:41:54] [INFO] Sorted items by volume (descending) for category IMFL:
[2025-10-14 16:41:54] [INFO]   - SCMPL0019028: 90ml
[2025-10-14 16:41:54] [INFO] Added SCMPL0019028 (90ml) to bill. Current volume: 90ml
[2025-10-14 16:41:54] [INFO] Category IMFL - Final bill 1: Volume=90ml, Items=1
[2025-10-14 16:41:54] [INFO] Created 1 bills for category IMFL
[2025-10-14 16:41:54] [INFO] Created bill BL19 for date 2025-10-14 with 1 items, total amount: 110
[2025-10-14 16:41:54] [INFO] Total bills created: 1
[2025-10-14 16:41:54] [INFO] Generated 1 bills with volume limits
[2025-10-14 16:41:54] [INFO] Saved 1 bills for later posting. Date range: 2025-10-14 to 2025-10-14. Total Amount: ₹110.00
[2025-10-14 16:41:56] [INFO] === PAGE ACCESS ===
[2025-10-14 16:41:56] [INFO] Request method: GET
[2025-10-14 16:41:56] [INFO] Search term: ''
[2025-10-14 16:41:56] [INFO] Current session ID: 60fc36c2k1elkr7bqcia4ssdog
[2025-10-14 16:41:56] [INFO] Final session quantities count: 0
[2025-10-14 16:41:56] [INFO] Items in current view: 50
[2025-10-14 16:41:56] [INFO] Sales Page Load Debug Info:
Array
(
    [total_items] => 3607
    [current_page] => 1
    [total_pages] => 73
    [session_quantities_count] => 0
    [post_quantities_count] => 0
    [date_range] => 2025-10-14 to 2025-10-14
    [days_count] => 1
    [user_id] => 1
    [comp_id] => 1
    [license_type] => FL-II
    [allowed_classes] => Array
        (
            [0] => W
            [1] => V
            [2] => G
            [3] => F
            [4] => D
            [5] => K
            [6] => R
            [7] => O
            [8] => L
            [9] => O
            [10] => O
            [11] => O
            [12] => O
            [13] => M
        )

)

[2025-10-14 16:44:36] [INFO] === PAGE ACCESS ===
[2025-10-14 16:44:36] [INFO] Request method: POST
[2025-10-14 16:44:36] [INFO] Search term: ''
[2025-10-14 16:44:36] [INFO] Current session ID: 8kagfft67tchqqmgt3egm19pvt
[2025-10-14 16:44:52] [INFO] === PAGE ACCESS ===
[2025-10-14 16:44:52] [INFO] Request method: GET
[2025-10-14 16:44:52] [INFO] Search term: ''
[2025-10-14 16:44:52] [INFO] Current session ID: 8kagfft67tchqqmgt3egm19pvt
[2025-10-14 16:44:53] [INFO] === PAGE ACCESS ===
[2025-10-14 16:44:53] [INFO] Request method: GET
[2025-10-14 16:44:53] [INFO] Search term: ''
[2025-10-14 16:44:53] [INFO] Current session ID: 8kagfft67tchqqmgt3egm19pvt
