[2025-11-02 12:30:40] [INFO] === PAGE ACCESS ===
[2025-11-02 12:30:40] [INFO] Request method: GET
[2025-11-02 12:30:40] [INFO] Search term: ''
[2025-11-02 12:30:40] [INFO] Current session ID: msd3vdtgu53le02iahpvtf680r
[2025-11-02 12:30:40] [INFO] Final session quantities count: 0
[2025-11-02 12:30:40] [INFO] Items in current view: 50
[2025-11-02 12:30:40] [INFO] Sales Page Load Debug Info:
Array
(
    [total_items] => 3607
    [current_page] => 1
    [total_pages] => 73
    [session_quantities_count] => 0
    [post_quantities_count] => 0
    [date_range] => 2025-11-02 to 2025-11-02
    [days_count] => 1
    [user_id] => 1
    [comp_id] => 1
    [license_type] => FL-II
    [allowed_classes] => Array
        (
            [0] => W
            [1] => V
            [2] => G
            [3] => F
            [4] => D
            [5] => K
            [6] => R
            [7] => O
            [8] => L
            [9] => O
            [10] => O
            [11] => O
            [12] => O
            [13] => M
        )

)

[2025-11-02 12:30:43] [INFO] Session quantity updated: SCMPL0019028 = 10
[2025-11-02 12:30:43] [INFO] Session quantity updated: SCMPL0019028 = 10
[2025-11-02 12:30:44] [INFO] Session quantity updated: SCMPL0019029 = 197
[2025-11-02 12:30:44] [INFO] Session quantity updated: SCMPL0019029 = 197
[2025-11-02 12:30:45] [INFO] Session quantity updated: SCMPL0019029 = 0
[2025-11-02 12:30:45] [INFO] Session quantity updated: SCMPL0019029 = 0
[2025-11-02 12:30:46] [INFO] Session quantity updated: SCMPL0019029 = 10
[2025-11-02 12:30:46] [INFO] Session quantity updated: SCMPL0019029 = 10
[2025-11-02 12:30:48] [INFO] Session quantity updated: SCMPL0019029 = 10
[2025-11-02 12:30:48] [INFO] Session quantity updated: SCMPL0019030 = 10
[2025-11-02 12:30:49] [INFO] Session quantity updated: SCMPL0019030 = 10
[2025-11-02 12:30:49] [INFO] Session quantity updated: SCMPL0019030 = 10
[2025-11-02 12:30:49] [INFO] Session quantity updated: SCMPL0019031 = 10
[2025-11-02 12:30:50] [INFO] Session quantity updated: SCMPL0019031 = 10
[2025-11-02 12:30:50] [INFO] Session quantity updated: SCMPL0019031 = 10
[2025-11-02 12:30:54] [INFO] === PAGE ACCESS ===
[2025-11-02 12:30:54] [INFO] Request method: POST
[2025-11-02 12:30:54] [INFO] Search term: ''
[2025-11-02 12:30:54] [INFO] Current session ID: msd3vdtgu53le02iahpvtf680r
[2025-11-02 12:30:54] [INFO] Session quantities updated from POST: 4 items
[2025-11-02 12:30:54] [INFO] Getting next bill number for CompID: 1
[2025-11-02 12:30:54] [INFO] Next bill number for CompID 1: 2
[2025-11-02 12:30:54] [INFO] Starting optimized cash memo generation for 23 bills
[2025-11-02 12:30:55] [INFO] Cash memo generated for bill: BL0002
[2025-11-02 12:30:55] [INFO] Cash memo generated for bill: BL0003
[2025-11-02 12:30:55] [INFO] Cash memo generated for bill: BL0004
[2025-11-02 12:30:55] [INFO] Cash memo generated for bill: BL0005
[2025-11-02 12:30:55] [INFO] Cash memo generated for bill: BL0006
[2025-11-02 12:30:55] [INFO] Cash memo generated for bill: BL0007
[2025-11-02 12:30:55] [INFO] Cash memo generated for bill: BL0008
[2025-11-02 12:30:55] [INFO] Cash memo generated for bill: BL0009
[2025-11-02 12:30:55] [INFO] Cash memo generated for bill: BL0010
[2025-11-02 12:30:55] [INFO] Cash memo generated for bill: BL0011
[2025-11-02 12:30:55] [INFO] Cash memo generated for bill: BL0012
[2025-11-02 12:30:55] [INFO] Cash memo generated for bill: BL0013
[2025-11-02 12:30:55] [INFO] Cash memo generated for bill: BL0014
[2025-11-02 12:30:55] [INFO] Cash memo generated for bill: BL0015
[2025-11-02 12:30:55] [INFO] Cash memo generated for bill: BL0016
[2025-11-02 12:30:55] [INFO] Cash memo generated for bill: BL0017
[2025-11-02 12:30:55] [INFO] Cash memo generated for bill: BL0018
[2025-11-02 12:30:55] [INFO] Cash memo generated for bill: BL0019
[2025-11-02 12:30:55] [INFO] Cash memo generated for bill: BL0020
[2025-11-02 12:30:55] [INFO] Cash memo generated for bill: BL0021
[2025-11-02 12:30:55] [INFO] Cash memo generated for bill: BL0022
[2025-11-02 12:30:55] [INFO] Cash memo generated for bill: BL0023
[2025-11-02 12:30:55] [INFO] Cash memo generated for bill: BL0024
[2025-11-02 12:30:55] [INFO] Cash memo generation completed: 23 successful, 0 failed
[2025-11-02 12:30:55] [INFO] Session quantities cleared
