[2026-02-10 07:40:30] [INFO] === PAGE ACCESS ===
[2026-02-10 07:40:30] [INFO] Request method: GET
[2026-02-10 07:40:30] [INFO] Search term: ''
[2026-02-10 07:40:30] [INFO] Current session ID: gmciddehvapsb0t14kk0751vg5
[2026-02-10 07:40:30] [INFO] Final session quantities count: 0
[2026-02-10 07:40:30] [INFO] Items in current view: 1
[2026-02-10 07:40:30] [INFO] Sales Page Load Debug Info:
Array
(
    [total_items] => 1
    [current_page] => 1
    [total_pages] => 1
    [session_quantities_count] => 0
    [post_quantities_count] => 0
    [date_range] => 2026-02-10 to 2026-02-10
    [days_count] => 1
    [user_id] => 1
    [comp_id] => 1
    [license_type] => FL-II
    [allowed_classes] => Array
        (
            [0] => W
            [1] => V
            [2] => M
            [3] => F
            [4] => D
            [5] => K
            [6] => G
            [7] => R
            [8] => O
        )

    [end_date_day] => 10
    [closing_column] => DAY_10_CLOSING
    [end_date_month] => 2026-02
    [stock_filter] => > 0
    [daily_stock_table] => tbldailystock_1
    [table_suffix] => 
    [current_month] => 2026-02
)

[2026-02-10 07:40:38] [INFO] Session quantity updated: SCMPL0021774 = 0
[2026-02-10 07:40:38] [INFO] Session quantity updated: SCMPL0021774 = 0
[2026-02-10 07:40:39] [INFO] Session quantity updated: SCMPL0021774 = 4
[2026-02-10 07:40:39] [INFO] Session quantity updated: SCMPL0021774 = 4
[2026-02-10 07:40:41] [INFO] Session quantity updated: SCMPL0021774 = 4
