[2026-02-13 14:02:48] [INFO] === PAGE ACCESS ===
[2026-02-13 14:02:48] [INFO] Request method: GET
[2026-02-13 14:02:48] [INFO] Search term: ''
[2026-02-13 14:02:48] [INFO] Current session ID: p0sm237v0031dalrje6ldo1tnc
[2026-02-13 14:02:48] [INFO] Final session quantities count: 0
[2026-02-13 14:02:48] [INFO] Items in current view: 50
[2026-02-13 14:02:48] [INFO] Sales Page Load Debug Info:
Array
(
    [total_items] => 108
    [current_page] => 1
    [total_pages] => 3
    [session_quantities_count] => 0
    [post_quantities_count] => 0
    [date_range] => 2026-02-13 to 2026-02-13
    [days_count] => 1
    [user_id] => 1
    [comp_id] => 1
    [license_type] => FL-II
    [allowed_classes] => Array
        (
            [0] => W
            [1] => V
            [2] => M
            [3] => F
            [4] => D
            [5] => K
            [6] => G
            [7] => R
            [8] => O
        )

    [end_date_day] => 13
    [closing_column] => DAY_13_CLOSING
    [end_date_month] => 2026-02
    [stock_filter] => > 0
    [daily_stock_table] => tbldailystock_1
    [table_suffix] => 
    [current_month] => 2026-02
)

[2026-02-13 14:03:00] [INFO] === PAGE ACCESS ===
[2026-02-13 14:03:00] [INFO] Request method: GET
[2026-02-13 14:03:00] [INFO] Search term: ''
[2026-02-13 14:03:00] [INFO] Current session ID: p0sm237v0031dalrje6ldo1tnc
[2026-02-13 14:03:01] [INFO] Final session quantities count: 0
[2026-02-13 14:03:01] [INFO] Items in current view: 50
[2026-02-13 14:03:01] [INFO] Sales Page Load Debug Info:
Array
(
    [total_items] => 108
    [current_page] => 2
    [total_pages] => 3
    [session_quantities_count] => 0
    [post_quantities_count] => 0
    [date_range] => 2026-02-13 to 2026-02-13
    [days_count] => 1
    [user_id] => 1
    [comp_id] => 1
    [license_type] => FL-II
    [allowed_classes] => Array
        (
            [0] => W
            [1] => V
            [2] => M
            [3] => F
            [4] => D
            [5] => K
            [6] => G
            [7] => R
            [8] => O
        )

    [end_date_day] => 13
    [closing_column] => DAY_13_CLOSING
    [end_date_month] => 2026-02
    [stock_filter] => > 0
    [daily_stock_table] => tbldailystock_1
    [table_suffix] => 
    [current_month] => 2026-02
)

[2026-02-13 14:03:04] [INFO] === PAGE ACCESS ===
[2026-02-13 14:03:04] [INFO] Request method: GET
[2026-02-13 14:03:04] [INFO] Search term: ''
[2026-02-13 14:03:04] [INFO] Current session ID: p0sm237v0031dalrje6ldo1tnc
[2026-02-13 14:03:05] [INFO] Final session quantities count: 0
[2026-02-13 14:03:05] [INFO] Items in current view: 8
[2026-02-13 14:03:05] [INFO] Sales Page Load Debug Info:
Array
(
    [total_items] => 108
    [current_page] => 3
    [total_pages] => 3
    [session_quantities_count] => 0
    [post_quantities_count] => 0
    [date_range] => 2026-02-13 to 2026-02-13
    [days_count] => 1
    [user_id] => 1
    [comp_id] => 1
    [license_type] => FL-II
    [allowed_classes] => Array
        (
            [0] => W
            [1] => V
            [2] => M
            [3] => F
            [4] => D
            [5] => K
            [6] => G
            [7] => R
            [8] => O
        )

    [end_date_day] => 13
    [closing_column] => DAY_13_CLOSING
    [end_date_month] => 2026-02
    [stock_filter] => > 0
    [daily_stock_table] => tbldailystock_1
    [table_suffix] => 
    [current_month] => 2026-02
)

[2026-02-13 14:03:08] [INFO] === PAGE ACCESS ===
[2026-02-13 14:03:08] [INFO] Request method: GET
[2026-02-13 14:03:08] [INFO] Search term: ''
[2026-02-13 14:03:08] [INFO] Current session ID: p0sm237v0031dalrje6ldo1tnc
[2026-02-13 14:03:08] [INFO] Final session quantities count: 0
[2026-02-13 14:03:08] [INFO] Items in current view: 50
[2026-02-13 14:03:08] [INFO] Sales Page Load Debug Info:
Array
(
    [total_items] => 108
    [current_page] => 1
    [total_pages] => 3
    [session_quantities_count] => 0
    [post_quantities_count] => 0
    [date_range] => 2026-02-13 to 2026-02-13
    [days_count] => 1
    [user_id] => 1
    [comp_id] => 1
    [license_type] => FL-II
    [allowed_classes] => Array
        (
            [0] => W
            [1] => V
            [2] => M
            [3] => F
            [4] => D
            [5] => K
            [6] => G
            [7] => R
            [8] => O
        )

    [end_date_day] => 13
    [closing_column] => DAY_13_CLOSING
    [end_date_month] => 2026-02
    [stock_filter] => > 0
    [daily_stock_table] => tbldailystock_1
    [table_suffix] => 
    [current_month] => 2026-02
)

[2026-02-13 14:40:54] [INFO] === PAGE ACCESS ===
[2026-02-13 14:40:54] [INFO] Request method: GET
[2026-02-13 14:40:54] [INFO] Search term: ''
[2026-02-13 14:40:54] [INFO] Current session ID: p0sm237v0031dalrje6ldo1tnc
[2026-02-13 14:40:54] [INFO] Final session quantities count: 0
[2026-02-13 14:41:01] [INFO] === PAGE ACCESS ===
[2026-02-13 14:41:01] [INFO] Request method: GET
[2026-02-13 14:41:01] [INFO] Search term: ''
[2026-02-13 14:41:01] [INFO] Current session ID: p0sm237v0031dalrje6ldo1tnc
[2026-02-13 14:41:01] [INFO] Final session quantities count: 0
[2026-02-13 14:41:02] [INFO] === PAGE ACCESS ===
[2026-02-13 14:41:02] [INFO] Request method: GET
[2026-02-13 14:41:02] [INFO] Search term: ''
[2026-02-13 14:41:02] [INFO] Current session ID: p0sm237v0031dalrje6ldo1tnc
[2026-02-13 14:41:02] [INFO] Final session quantities count: 0
[2026-02-13 14:41:03] [INFO] === PAGE ACCESS ===
[2026-02-13 14:41:03] [INFO] Request method: GET
[2026-02-13 14:41:03] [INFO] Search term: ''
[2026-02-13 14:41:03] [INFO] Current session ID: p0sm237v0031dalrje6ldo1tnc
[2026-02-13 14:41:03] [INFO] Final session quantities count: 0
[2026-02-13 14:41:05] [INFO] === PAGE ACCESS ===
[2026-02-13 14:41:05] [INFO] Request method: GET
[2026-02-13 14:41:05] [INFO] Search term: ''
[2026-02-13 14:41:05] [INFO] Current session ID: p0sm237v0031dalrje6ldo1tnc
[2026-02-13 14:41:05] [INFO] Final session quantities count: 0
[2026-02-13 14:41:08] [INFO] === PAGE ACCESS ===
[2026-02-13 14:41:08] [INFO] Request method: GET
[2026-02-13 14:41:08] [INFO] Search term: ''
[2026-02-13 14:41:08] [INFO] Current session ID: p0sm237v0031dalrje6ldo1tnc
[2026-02-13 14:41:08] [INFO] Final session quantities count: 0
[2026-02-13 14:41:12] [INFO] === PAGE ACCESS ===
[2026-02-13 14:41:12] [INFO] Request method: GET
[2026-02-13 14:41:12] [INFO] Search term: ''
[2026-02-13 14:41:12] [INFO] Current session ID: p0sm237v0031dalrje6ldo1tnc
[2026-02-13 14:41:12] [INFO] Final session quantities count: 0
[2026-02-13 14:41:17] [INFO] Session quantity updated: SCMPL0010694 = 0
[2026-02-13 14:41:17] [INFO] Session quantity updated: SCMPL0010694 = 0
[2026-02-13 14:41:18] [INFO] Session quantity updated: SCMPL0010694 = 2
[2026-02-13 14:41:18] [INFO] Session quantity updated: SCMPL0010694 = 2
[2026-02-13 14:41:18] [INFO] Session quantity updated: SCMPL0010694 = 23
[2026-02-13 14:41:18] [INFO] Session quantity updated: SCMPL0010694 = 23
[2026-02-13 14:41:20] [INFO] Session quantity updated: SCMPL0010694 = 23
[2026-02-13 14:41:23] [INFO] === PAGE ACCESS ===
[2026-02-13 14:41:23] [INFO] Request method: GET
[2026-02-13 14:41:23] [INFO] Search term: ''
[2026-02-13 14:41:23] [INFO] Current session ID: p0sm237v0031dalrje6ldo1tnc
[2026-02-13 14:41:23] [INFO] Final session quantities count: 1
[2026-02-13 14:41:33] [INFO] Session quantity updated: SCMPL0010696 = 0
[2026-02-13 14:41:33] [INFO] Session quantity updated: SCMPL0010696 = 0
[2026-02-13 14:41:34] [INFO] Session quantity updated: SCMPL0010696 = 1
[2026-02-13 14:41:34] [INFO] Session quantity updated: SCMPL0010696 = 1
[2026-02-13 14:41:35] [INFO] Session quantity updated: SCMPL0009668 = 4
[2026-02-13 14:41:37] [INFO] Session quantity updated: SCMPL0031945 = 3
[2026-02-13 14:41:37] [INFO] Session quantity updated: SCMPL0031945 = 3
[2026-02-13 14:41:38] [INFO] Session quantity updated: SCMPL0017866 = 1
[2026-02-13 14:41:38] [INFO] Session quantity updated: SCMPL0017866 = 1
[2026-02-13 14:41:39] [INFO] Session quantity updated: SCMPL0009678 = 3
[2026-02-13 14:41:39] [INFO] Session quantity updated: SCMPL0009678 = 3
[2026-02-13 14:41:40] [INFO] Session quantity updated: SCMPL0009678 = 38
[2026-02-13 14:41:41] [INFO] Session quantity updated: SCMKS0018283 = 1
[2026-02-13 14:41:42] [INFO] Session quantity updated: SCMIT0020167 = 2
[2026-02-13 14:41:43] [INFO] Session quantity updated: SCMPL0010619 = 3
[2026-02-13 14:41:43] [INFO] Session quantity updated: SCMPL0010619 = 3
[2026-02-13 14:41:44] [INFO] Session quantity updated: SCMPL0010621 = 1
[2026-02-13 14:41:44] [INFO] Session quantity updated: SCMPL0010621 = 1
[2026-02-13 14:41:44] [INFO] Session quantity updated: SCMPL0009698 = 1
[2026-02-13 14:41:45] [INFO] Session quantity updated: SCMPL0009698 = 1
[2026-02-13 14:41:45] [INFO] Session quantity updated: SCMPL0009698 = 15
[2026-02-13 14:41:46] [INFO] Session quantity updated: SCMPL0009700 = 1
[2026-02-13 14:41:46] [INFO] Session quantity updated: SCMPL0009700 = 1
[2026-02-13 14:41:47] [INFO] Session quantity updated: SCMPL0009693 = 4
[2026-02-13 14:41:48] [INFO] Session quantity updated: SCMPL0009693 = 4
[2026-02-13 14:41:51] [INFO] === PAGE ACCESS ===
[2026-02-13 14:41:51] [INFO] Request method: GET
[2026-02-13 14:41:51] [INFO] Search term: ''
[2026-02-13 14:41:51] [INFO] Current session ID: p0sm237v0031dalrje6ldo1tnc
[2026-02-13 14:41:51] [INFO] Final session quantities count: 13
[2026-02-13 14:42:01] [INFO] === PAGE ACCESS ===
[2026-02-13 14:42:01] [INFO] Request method: GET
[2026-02-13 14:42:01] [INFO] Search term: ''
[2026-02-13 14:42:01] [INFO] Current session ID: p0sm237v0031dalrje6ldo1tnc
[2026-02-13 14:42:02] [INFO] Final session quantities count: 13
[2026-02-13 14:42:14] [INFO] Session quantity updated: SCMKB0031388 = 0
[2026-02-13 14:42:15] [INFO] Session quantity updated: SCMKB0031388 = 0
[2026-02-13 14:42:15] [INFO] Session quantity updated: SCMKB0031388 = 5
[2026-02-13 14:42:16] [INFO] Session quantity updated: SCMKB0031388 = 53
[2026-02-13 14:42:16] [INFO] Session quantity updated: SCMKB0031388 = 53
[2026-02-13 14:42:16] [INFO] Session quantity updated: SCMKB0031388 = 53
[2026-02-13 14:42:17] [INFO] Session quantity updated: SCMKB0031389 = 3
[2026-02-13 14:42:17] [INFO] Session quantity updated: SCMKB0031389 = 35
[2026-02-13 14:42:18] [INFO] Session quantity updated: SCMKB0031389 = 35
[2026-02-13 14:42:19] [INFO] Session quantity updated: SCMKB0031390 = 6
[2026-02-13 14:42:19] [INFO] Session quantity updated: SCMKB0031390 = 6
[2026-02-13 14:42:19] [INFO] Session quantity updated: SCMKB0031390 = 62
[2026-02-13 14:42:19] [INFO] Session quantity updated: SCMKB0031390 = 62
[2026-02-13 14:42:20] [INFO] Session quantity updated: SCMBR0009735 = 3
[2026-02-13 14:42:20] [INFO] Session quantity updated: SCMBR0009735 = 3
[2026-02-13 14:42:21] [INFO] Session quantity updated: SCMBR0009735 = 38
[2026-02-13 14:42:21] [INFO] Session quantity updated: SCMBR0009735 = 38
[2026-02-13 14:42:22] [INFO] Session quantity updated: SCMBR0018132 = 5
[2026-02-13 14:42:23] [INFO] Session quantity updated: SCMBR0018132 = 56
[2026-02-13 14:42:24] [INFO] Session quantity updated: SCMBR0018158 = 6
[2026-02-13 14:42:24] [INFO] Session quantity updated: SCMBR0018158 = 60
[2026-02-13 14:42:24] [INFO] Session quantity updated: SCMBR0018158 = 60
[2026-02-13 14:42:25] [INFO] Session quantity updated: SCMBR0018159 = 6
[2026-02-13 14:42:25] [INFO] Session quantity updated: SCMBR0018159 = 6
[2026-02-13 14:42:26] [INFO] Session quantity updated: SCMBR0018159 = 64
[2026-02-13 14:42:26] [INFO] Session quantity updated: SCMBR0018159 = 64
[2026-02-13 14:42:27] [INFO] Session quantity updated: SCMBR0018160 = 7
[2026-02-13 14:42:28] [INFO] Session quantity updated: SCMBR0018160 = 79
[2026-02-13 14:42:31] [INFO] Session quantity updated: SCMBR0018963 = 2
[2026-02-13 14:42:31] [INFO] Session quantity updated: SCMBR0018963 = 2
[2026-02-13 14:42:32] [INFO] Session quantity updated: SCMBR0018963 = 28
[2026-02-13 14:42:32] [INFO] Session quantity updated: SCMIT0019057 = 1
[2026-02-13 14:42:33] [INFO] Session quantity updated: SCMIT0019057 = 1
[2026-02-13 14:42:34] [INFO] Session quantity updated: SCMPL0009770 = 4
[2026-02-13 14:42:34] [INFO] Session quantity updated: SCMPL0009770 = 4
[2026-02-13 14:42:34] [INFO] Session quantity updated: SCMPL0009770 = 42
[2026-02-13 14:42:35] [INFO] Session quantity updated: SCMPL0009770 = 42
[2026-02-13 14:42:36] [INFO] Session quantity updated: SCMPL0010445 = 9
[2026-02-13 14:42:36] [INFO] Session quantity updated: SCMPL0010445 = 9
[2026-02-13 14:42:37] [INFO] Session quantity updated: SCMPL0010445 = 0
[2026-02-13 14:42:37] [INFO] Session quantity updated: SCMPL0010445 = 0
[2026-02-13 14:42:37] [INFO] Session quantity updated: SCMPL0010445 = 9
[2026-02-13 14:42:38] [INFO] Session quantity updated: SCMPL0010445 = 90
[2026-02-13 14:42:38] [INFO] Session quantity updated: SCMPL0010445 = 90
[2026-02-13 14:42:40] [INFO] Session quantity updated: SCMPL0010445 = 90
[2026-02-13 14:42:50] [INFO] === PAGE ACCESS ===
[2026-02-13 14:42:50] [INFO] Request method: POST
[2026-02-13 14:42:50] [INFO] Search term: ''
[2026-02-13 14:42:50] [INFO] Current session ID: p0sm237v0031dalrje6ldo1tnc
[2026-02-13 14:42:50] [INFO] Session quantities updated from POST: 25 items
[2026-02-13 14:42:50] [INFO] Processing 25 selected items
[2026-02-13 14:42:50] [INFO] Final session quantities count: 25
[2026-02-13 14:43:33] [INFO] === PAGE ACCESS ===
[2026-02-13 14:43:33] [INFO] Request method: GET
[2026-02-13 14:43:33] [INFO] Search term: ''
[2026-02-13 14:43:33] [INFO] Current session ID: olsepbi7tgcmmft5e5akdea6n8
[2026-02-13 14:43:33] [INFO] Final session quantities count: 0
[2026-02-13 14:43:42] [INFO] Session quantity updated: SCMPL0010694 = 0
[2026-02-13 14:43:42] [INFO] Session quantity updated: SCMPL0010694 = 0
[2026-02-13 14:43:43] [INFO] Session quantity updated: SCMPL0010694 = 23
[2026-02-13 14:43:43] [INFO] Session quantity updated: SCMPL0010694 = 23
[2026-02-13 14:43:46] [INFO] Session quantity updated: SCMPL0010694 = 23
[2026-02-13 14:43:47] [INFO] Session quantity updated: SCMKB0031388 = 0
[2026-02-13 14:43:47] [INFO] Session quantity updated: SCMKB0031388 = 0
[2026-02-13 14:43:48] [INFO] Session quantity updated: SCMKB0031388 = 5
[2026-02-13 14:43:48] [INFO] Session quantity updated: SCMKB0031388 = 53
[2026-02-13 14:43:48] [INFO] Session quantity updated: SCMKB0031388 = 53
[2026-02-13 14:43:49] [INFO] Session quantity updated: SCMKB0031389 = 3
[2026-02-13 14:43:50] [INFO] Session quantity updated: SCMKB0031389 = 3
[2026-02-13 14:43:50] [INFO] Session quantity updated: SCMKB0031389 = 35
[2026-02-13 14:43:50] [INFO] Session quantity updated: SCMKB0031389 = 35
[2026-02-13 14:43:51] [INFO] Session quantity updated: SCMKB0031390 = 6
[2026-02-13 14:43:51] [INFO] Session quantity updated: SCMKB0031390 = 6
[2026-02-13 14:43:52] [INFO] Session quantity updated: SCMKB0031390 = 62
[2026-02-13 14:43:52] [INFO] Session quantity updated: SCMKB0031390 = 62
[2026-02-13 14:43:53] [INFO] Session quantity updated: SCMBR0009735 = 3
[2026-02-13 14:43:53] [INFO] Session quantity updated: SCMBR0009735 = 38
[2026-02-13 14:43:53] [INFO] Session quantity updated: SCMBR0009735 = 38
[2026-02-13 14:43:55] [INFO] Session quantity updated: SCMBR0018132 = 56
[2026-02-13 14:43:56] [INFO] Session quantity updated: SCMBR0018158 = 6
[2026-02-13 14:43:56] [INFO] Session quantity updated: SCMBR0018158 = 60
[2026-02-13 14:43:56] [INFO] Session quantity updated: SCMBR0018158 = 60
[2026-02-13 14:43:58] [INFO] Session quantity updated: SCMBR0018159 = 6
[2026-02-13 14:43:58] [INFO] Session quantity updated: SCMBR0018159 = 64
[2026-02-13 14:43:58] [INFO] Session quantity updated: SCMBR0018159 = 64
[2026-02-13 14:43:59] [INFO] Session quantity updated: SCMBR0018160 = 7
[2026-02-13 14:44:00] [INFO] Session quantity updated: SCMBR0018160 = 79
[2026-02-13 14:44:00] [INFO] Session quantity updated: SCMBR0018160 = 79
[2026-02-13 14:44:01] [INFO] Session quantity updated: SCMBR0018963 = 2
[2026-02-13 14:44:01] [INFO] Session quantity updated: SCMBR0018963 = 2
[2026-02-13 14:44:02] [INFO] Session quantity updated: SCMBR0018963 = 28
[2026-02-13 14:44:04] [INFO] Session quantity updated: SCMPL0009770 = 4
[2026-02-13 14:44:04] [INFO] Session quantity updated: SCMPL0009770 = 42
[2026-02-13 14:44:04] [INFO] Session quantity updated: SCMPL0009770 = 42
[2026-02-13 14:44:05] [INFO] Session quantity updated: SCMPL0010445 = 9
[2026-02-13 14:44:06] [INFO] Session quantity updated: SCMPL0010445 = 90
[2026-02-13 14:44:07] [INFO] Session quantity updated: SCMPL0035921 = 66
[2026-02-13 14:44:07] [INFO] Session quantity updated: SCMPL0035921 = 66
[2026-02-13 14:44:08] [INFO] Session quantity updated: SCMPL0010312 = 3
[2026-02-13 14:44:08] [INFO] Session quantity updated: SCMPL0010312 = 3
[2026-02-13 14:44:09] [INFO] Session quantity updated: SCMPL0010312 = 0
[2026-02-13 14:44:09] [INFO] Session quantity updated: SCMPL0010312 = 0
[2026-02-13 14:44:09] [INFO] Session quantity updated: SCMPL0010312 = 4
[2026-02-13 14:44:10] [INFO] Session quantity updated: SCMPL0010312 = 4
[2026-02-13 14:44:10] [INFO] Session quantity updated: SCMPL0010312 = 48
[2026-02-13 14:44:10] [INFO] Session quantity updated: SCMPL0010312 = 48
[2026-02-13 14:44:11] [INFO] Session quantity updated: SCMPL0010312 = 48
[2026-02-13 14:44:14] [INFO] Session quantity updated: SCMWN0020361 = 5
[2026-02-13 14:44:14] [INFO] Session quantity updated: SCMWN0020361 = 5
[2026-02-13 14:44:15] [INFO] Session quantity updated: SCMWN0020361 = 52
[2026-02-13 14:44:19] [INFO] Session quantity updated: SCMBR0018627 = 1
[2026-02-13 14:44:20] [INFO] Session quantity updated: SCMBR0018627 = 1
[2026-02-13 14:44:20] [INFO] Session quantity updated: SCMBR0018627 = 10
[2026-02-13 14:44:20] [INFO] Session quantity updated: SCMBR0018627 = 10
[2026-02-13 14:44:21] [INFO] Session quantity updated: SCMBR0018627 = 106
[2026-02-13 14:44:21] [INFO] Session quantity updated: SCMBR0018627 = 106
[2026-02-13 14:44:21] [INFO] Session quantity updated: SCMBR0018627 = 106
[2026-02-13 14:44:22] [INFO] Session quantity updated: SCMBR0009846 = 1
[2026-02-13 14:44:23] [INFO] Session quantity updated: SCMBR0009846 = 1
[2026-02-13 14:44:24] [INFO] Session quantity updated: SCMBR0009846 = 13
[2026-02-13 14:44:24] [INFO] Session quantity updated: SCMBR0009846 = 132
[2026-02-13 14:44:24] [INFO] Session quantity updated: SCMBR0009846 = 132
[2026-02-13 14:44:24] [INFO] Session quantity updated: SCMBR0009846 = 132
[2026-02-13 14:44:26] [INFO] Session quantity updated: SCMBR0009847 = 6
[2026-02-13 14:44:27] [INFO] Session quantity updated: SCMBR0009847 = 64
[2026-02-13 14:44:27] [INFO] Session quantity updated: SCMBR0009847 = 64
[2026-02-13 14:44:37] [INFO] === PAGE ACCESS ===
[2026-02-13 14:44:37] [INFO] Request method: GET
[2026-02-13 14:44:37] [INFO] Search term: ''
[2026-02-13 14:44:37] [INFO] Current session ID: olsepbi7tgcmmft5e5akdea6n8
[2026-02-13 14:44:37] [INFO] Final session quantities count: 18
[2026-02-13 14:44:49] [INFO] === PAGE ACCESS ===
[2026-02-13 14:44:49] [INFO] Request method: POST
[2026-02-13 14:44:49] [INFO] Search term: ''
[2026-02-13 14:44:49] [INFO] Current session ID: olsepbi7tgcmmft5e5akdea6n8
[2026-02-13 14:44:49] [INFO] Session quantities updated from POST: 18 items
[2026-02-13 14:44:49] [INFO] Processing 18 selected items
[2026-02-13 14:44:49] [INFO] Final session quantities count: 18
[2026-02-13 15:21:04] [INFO] === PAGE ACCESS ===
[2026-02-13 15:21:04] [INFO] Request method: GET
[2026-02-13 15:21:04] [INFO] Search term: ''
[2026-02-13 15:21:04] [INFO] Current session ID: olsepbi7tgcmmft5e5akdea6n8
[2026-02-13 15:21:05] [INFO] Final session quantities count: 18
[2026-02-13 18:36:29] [INFO] === PAGE ACCESS ===
[2026-02-13 18:36:29] [INFO] Request method: GET
[2026-02-13 18:36:29] [INFO] Search term: ''
[2026-02-13 18:36:29] [INFO] Current session ID: olsepbi7tgcmmft5e5akdea6n8
[2026-02-13 18:36:29] [INFO] Final session quantities count: 18
[2026-02-13 18:36:45] [INFO] === PAGE ACCESS ===
[2026-02-13 18:36:45] [INFO] Request method: GET
[2026-02-13 18:36:45] [INFO] Search term: ''
[2026-02-13 18:36:45] [INFO] Current session ID: olsepbi7tgcmmft5e5akdea6n8
[2026-02-13 18:36:45] [INFO] Final session quantities count: 18
[2026-02-13 18:36:50] [INFO] === PAGE ACCESS ===
[2026-02-13 18:36:50] [INFO] Request method: POST
[2026-02-13 18:36:50] [INFO] Search term: ''
[2026-02-13 18:36:50] [INFO] Current session ID: olsepbi7tgcmmft5e5akdea6n8
[2026-02-13 18:36:50] [INFO] Session quantities updated from POST: 18 items
[2026-02-13 18:36:50] [INFO] Processing 18 selected items
[2026-02-13 18:36:50] [INFO] Checking tables for items: tbldailystock_1, tbldailystock_1_01_26
[2026-02-13 18:36:50] [INFO] Executing combined stock query
