[2025-10-20 09:07:19] [INFO] === PAGE ACCESS ===
[2025-10-20 09:07:19] [INFO] Request method: GET
[2025-10-20 09:07:19] [INFO] Search term: ''
[2025-10-20 09:07:19] [INFO] Current session ID: ao7dbvsriiqsocpb48sp44qm42
[2025-10-20 09:07:19] [INFO] Final session quantities count: 0
[2025-10-20 09:07:19] [INFO] Items in current view: 50
[2025-10-20 09:07:19] [INFO] Sales Page Load Debug Info:
Array
(
    [total_items] => 3607
    [current_page] => 1
    [total_pages] => 73
    [session_quantities_count] => 0
    [post_quantities_count] => 0
    [date_range] => 2025-10-20 to 2025-10-20
    [days_count] => 1
    [user_id] => 1
    [comp_id] => 1
    [license_type] => FL-II
    [allowed_classes] => Array
        (
            [0] => W
            [1] => V
            [2] => G
            [3] => F
            [4] => D
            [5] => K
            [6] => R
            [7] => O
            [8] => L
            [9] => O
            [10] => O
            [11] => O
            [12] => O
            [13] => M
        )

)

[2025-10-20 09:07:22] [INFO] Session quantity updated: SCMPL0019028 = 0
[2025-10-20 09:07:22] [INFO] Session quantity updated: SCMPL0019028 = 1
[2025-10-20 09:07:22] [INFO] Session quantity updated: SCMPL0019028 = 1
[2025-10-20 09:07:23] [INFO] Session quantity updated: SCMPL0019028 = 1
[2025-10-20 09:17:22] [INFO] === PAGE ACCESS ===
[2025-10-20 09:17:22] [INFO] Request method: GET
[2025-10-20 09:17:22] [INFO] Search term: ''
[2025-10-20 09:17:22] [INFO] Current session ID: ei0h2qtbvalsdm8if6tdbu1pl8
[2025-10-20 09:17:22] [INFO] Final session quantities count: 0
[2025-10-20 09:17:22] [INFO] Items in current view: 50
[2025-10-20 09:17:22] [INFO] Sales Page Load Debug Info:
Array
(
    [total_items] => 3607
    [current_page] => 1
    [total_pages] => 73
    [session_quantities_count] => 0
    [post_quantities_count] => 0
    [date_range] => 2025-10-20 to 2025-10-20
    [days_count] => 1
    [user_id] => 1
    [comp_id] => 1
    [license_type] => FL-II
    [allowed_classes] => Array
        (
            [0] => W
            [1] => V
            [2] => G
            [3] => F
            [4] => D
            [5] => K
            [6] => R
            [7] => O
            [8] => L
            [9] => O
            [10] => O
            [11] => O
            [12] => O
            [13] => M
        )

)

[2025-10-20 09:18:18] [INFO] === PAGE ACCESS ===
[2025-10-20 09:18:18] [INFO] Request method: GET
[2025-10-20 09:18:18] [INFO] Search term: ''
[2025-10-20 09:18:18] [INFO] Current session ID: ei0h2qtbvalsdm8if6tdbu1pl8
[2025-10-20 09:18:18] [INFO] Final session quantities count: 0
[2025-10-20 09:18:18] [INFO] Items in current view: 50
[2025-10-20 09:18:18] [INFO] Sales Page Load Debug Info:
Array
(
    [total_items] => 3607
    [current_page] => 1
    [total_pages] => 73
    [session_quantities_count] => 0
    [post_quantities_count] => 0
    [date_range] => 2025-10-17 to 2025-10-17
    [days_count] => 1
    [user_id] => 1
    [comp_id] => 1
    [license_type] => FL-II
    [allowed_classes] => Array
        (
            [0] => W
            [1] => V
            [2] => G
            [3] => F
            [4] => D
            [5] => K
            [6] => R
            [7] => O
            [8] => L
            [9] => O
            [10] => O
            [11] => O
            [12] => O
            [13] => M
        )

)

[2025-10-20 09:18:22] [INFO] Session quantity updated: SCMIT0020166 = 0
[2025-10-20 09:18:22] [INFO] Session quantity updated: SCMIT0020166 = 0
[2025-10-20 09:18:22] [INFO] Session quantity updated: SCMIT0020166 = 1
[2025-10-20 09:18:23] [INFO] Session quantity updated: SCMIT0020166 = 1
[2025-10-20 09:18:25] [INFO] Session quantity updated: SCMIT0020166 = 1
[2025-10-20 09:18:29] [INFO] === PAGE ACCESS ===
[2025-10-20 09:18:29] [INFO] Request method: POST
[2025-10-20 09:18:29] [INFO] Search term: ''
[2025-10-20 09:18:29] [INFO] Current session ID: ei0h2qtbvalsdm8if6tdbu1pl8
[2025-10-20 09:18:29] [INFO] Session quantities updated from POST: 1 items
[2025-10-20 09:18:29] [INFO] Getting next bill number for CompID: 1
[2025-10-20 09:18:29] [INFO] Next bill number for CompID 1: 1
[2025-10-20 09:18:29] [INFO] Daily stock updated successfully for item SCMIT0020166 on 2025-10-17 in table tbldailystock_1: Sales=1, Closing=199
[2025-10-20 09:18:29] [INFO] Starting optimized cash memo generation for 1 bills
[2025-10-20 09:18:29] [INFO] Cash memo generated for bill: BL0001
[2025-10-20 09:18:29] [INFO] Cash memo generation completed: 1 successful, 0 failed
[2025-10-20 09:18:29] [INFO] Session quantities cleared
[2025-10-20 09:43:13] [INFO] === PAGE ACCESS ===
[2025-10-20 09:43:13] [INFO] Request method: GET
[2025-10-20 09:43:13] [INFO] Search term: ''
[2025-10-20 09:43:13] [INFO] Current session ID: ei0h2qtbvalsdm8if6tdbu1pl8
[2025-10-20 09:43:13] [INFO] Final session quantities count: 0
[2025-10-20 09:43:13] [INFO] Items in current view: 50
[2025-10-20 09:43:13] [INFO] Sales Page Load Debug Info:
Array
(
    [total_items] => 3607
    [current_page] => 1
    [total_pages] => 73
    [session_quantities_count] => 0
    [post_quantities_count] => 0
    [date_range] => 2025-10-20 to 2025-10-20
    [days_count] => 1
    [user_id] => 1
    [comp_id] => 1
    [license_type] => FL-II
    [allowed_classes] => Array
        (
            [0] => W
            [1] => V
            [2] => G
            [3] => F
            [4] => D
            [5] => K
            [6] => R
            [7] => O
            [8] => L
            [9] => O
            [10] => O
            [11] => O
            [12] => O
            [13] => M
        )

)

[2025-10-20 09:43:16] [INFO] === PAGE ACCESS ===
[2025-10-20 09:43:16] [INFO] Request method: GET
[2025-10-20 09:43:16] [INFO] Search term: 'SCMIT0020165'
[2025-10-20 09:43:16] [INFO] Current session ID: ei0h2qtbvalsdm8if6tdbu1pl8
[2025-10-20 09:43:16] [INFO] Final session quantities count: 0
[2025-10-20 09:43:16] [INFO] Items in current view: 1
[2025-10-20 09:43:16] [INFO] Sales Page Load Debug Info:
Array
(
    [total_items] => 1
    [current_page] => 1
    [total_pages] => 1
    [session_quantities_count] => 0
    [post_quantities_count] => 0
    [date_range] => 2025-10-20 to 2025-10-20
    [days_count] => 1
    [user_id] => 1
    [comp_id] => 1
    [license_type] => FL-II
    [allowed_classes] => Array
        (
            [0] => W
            [1] => V
            [2] => G
            [3] => F
            [4] => D
            [5] => K
            [6] => R
            [7] => O
            [8] => L
            [9] => O
            [10] => O
            [11] => O
            [12] => O
            [13] => M
        )

)

[2025-10-20 09:43:18] [INFO] Session quantity updated: SCMIT0020165 = 0
[2025-10-20 09:43:18] [INFO] Session quantity updated: SCMIT0020165 = 0
[2025-10-20 09:43:19] [INFO] Session quantity updated: SCMIT0020165 = 1
[2025-10-20 09:43:19] [INFO] Session quantity updated: SCMIT0020165 = 1
[2025-10-20 09:43:19] [INFO] Session quantity updated: SCMIT0020165 = 10
[2025-10-20 09:43:20] [INFO] Session quantity updated: SCMIT0020165 = 10
[2025-10-20 09:43:22] [INFO] Session quantity updated: SCMIT0020165 = 10
[2025-10-20 09:43:24] [INFO] === PAGE ACCESS ===
[2025-10-20 09:43:24] [INFO] Request method: POST
[2025-10-20 09:43:24] [INFO] Search term: 'SCMIT0020165'
[2025-10-20 09:43:24] [INFO] Current session ID: ei0h2qtbvalsdm8if6tdbu1pl8
[2025-10-20 09:43:24] [INFO] Session quantities updated from POST: 1 items
[2025-10-20 09:43:24] [INFO] Getting next bill number for CompID: 1
[2025-10-20 09:43:24] [INFO] Next bill number for CompID 1: 1
[2025-10-20 09:43:24] [INFO] Daily stock updated successfully for item SCMIT0020165 on 2025-10-20 in table tbldailystock_1: Sales=5, Closing=195
[2025-10-20 09:43:24] [INFO] Daily stock updated successfully for item SCMIT0020165 on 2025-10-20 in table tbldailystock_1: Sales=10, Closing=190
[2025-10-20 09:43:24] [INFO] Starting optimized cash memo generation for 2 bills
[2025-10-20 09:43:24] [WARNING] Failed to generate cash memo for bill: BL0001
[2025-10-20 09:43:24] [INFO] Cash memo generated for bill: BL0002
[2025-10-20 09:43:24] [INFO] Cash memo generation completed: 1 successful, 1 failed
[2025-10-20 09:43:24] [INFO] Session quantities cleared
[2025-10-20 09:44:51] [INFO] === PAGE ACCESS ===
[2025-10-20 09:44:51] [INFO] Request method: GET
[2025-10-20 09:44:51] [INFO] Search term: ''
[2025-10-20 09:44:51] [INFO] Current session ID: ei0h2qtbvalsdm8if6tdbu1pl8
[2025-10-20 09:44:51] [INFO] Final session quantities count: 0
[2025-10-20 09:44:51] [INFO] Items in current view: 50
[2025-10-20 09:44:51] [INFO] Sales Page Load Debug Info:
Array
(
    [total_items] => 3607
    [current_page] => 1
    [total_pages] => 73
    [session_quantities_count] => 0
    [post_quantities_count] => 0
    [date_range] => 2025-10-20 to 2025-10-20
    [days_count] => 1
    [user_id] => 1
    [comp_id] => 1
    [license_type] => FL-II
    [allowed_classes] => Array
        (
            [0] => W
            [1] => V
            [2] => G
            [3] => F
            [4] => D
            [5] => K
            [6] => R
            [7] => O
            [8] => L
            [9] => O
            [10] => O
            [11] => O
            [12] => O
            [13] => M
        )

)

[2025-10-20 09:45:14] [INFO] === PAGE ACCESS ===
[2025-10-20 09:45:14] [INFO] Request method: GET
[2025-10-20 09:45:14] [INFO] Search term: 'SCMIT0020165'
[2025-10-20 09:45:14] [INFO] Current session ID: ei0h2qtbvalsdm8if6tdbu1pl8
[2025-10-20 09:45:14] [INFO] Final session quantities count: 0
[2025-10-20 09:45:14] [INFO] Items in current view: 1
[2025-10-20 09:45:14] [INFO] Sales Page Load Debug Info:
Array
(
    [total_items] => 1
    [current_page] => 1
    [total_pages] => 1
    [session_quantities_count] => 0
    [post_quantities_count] => 0
    [date_range] => 2025-10-20 to 2025-10-20
    [days_count] => 1
    [user_id] => 1
    [comp_id] => 1
    [license_type] => FL-II
    [allowed_classes] => Array
        (
            [0] => W
            [1] => V
            [2] => G
            [3] => F
            [4] => D
            [5] => K
            [6] => R
            [7] => O
            [8] => L
            [9] => O
            [10] => O
            [11] => O
            [12] => O
            [13] => M
        )

)

[2025-10-20 09:45:17] [INFO] Session quantity updated: SCMIT0020165 = 0
[2025-10-20 09:45:17] [INFO] Session quantity updated: SCMIT0020165 = 0
[2025-10-20 09:45:17] [INFO] Session quantity updated: SCMIT0020165 = 1
[2025-10-20 09:45:18] [INFO] Session quantity updated: SCMIT0020165 = 10
[2025-10-20 09:45:18] [INFO] Session quantity updated: SCMIT0020165 = 10
[2025-10-20 09:45:19] [INFO] Session quantity updated: SCMIT0020165 = 10
[2025-10-20 09:45:28] [INFO] === PAGE ACCESS ===
[2025-10-20 09:45:28] [INFO] Request method: GET
[2025-10-20 09:45:28] [INFO] Search term: 'SCMIT0020165'
[2025-10-20 09:45:28] [INFO] Current session ID: ei0h2qtbvalsdm8if6tdbu1pl8
[2025-10-20 09:45:28] [INFO] Final session quantities count: 1
[2025-10-20 09:45:28] [INFO] Items in current view: 1
[2025-10-20 09:45:28] [INFO] Sales Page Load Debug Info:
Array
(
    [total_items] => 1
    [current_page] => 1
    [total_pages] => 1
    [session_quantities_count] => 1
    [post_quantities_count] => 0
    [date_range] => 2025-10-17 to 2025-10-17
    [days_count] => 1
    [user_id] => 1
    [comp_id] => 1
    [license_type] => FL-II
    [allowed_classes] => Array
        (
            [0] => W
            [1] => V
            [2] => G
            [3] => F
            [4] => D
            [5] => K
            [6] => R
            [7] => O
            [8] => L
            [9] => O
            [10] => O
            [11] => O
            [12] => O
            [13] => M
        )

)

[2025-10-20 09:45:32] [INFO] === PAGE ACCESS ===
[2025-10-20 09:45:32] [INFO] Request method: POST
[2025-10-20 09:45:32] [INFO] Search term: 'SCMIT0020165'
[2025-10-20 09:45:32] [INFO] Current session ID: ei0h2qtbvalsdm8if6tdbu1pl8
[2025-10-20 09:45:32] [INFO] Session quantities updated from POST: 1 items
[2025-10-20 09:45:32] [INFO] Getting next bill number for CompID: 1
[2025-10-20 09:45:32] [INFO] Next bill number for CompID 1: 3
[2025-10-20 09:45:32] [INFO] Daily stock updated successfully for item SCMIT0020165 on 2025-10-17 in table tbldailystock_1: Sales=5, Closing=219
[2025-10-20 09:45:32] [INFO] Daily stock updated successfully for item SCMIT0020165 on 2025-10-17 in table tbldailystock_1: Sales=10, Closing=214
[2025-10-20 09:45:32] [INFO] Starting optimized cash memo generation for 2 bills
[2025-10-20 09:45:32] [INFO] Cash memo generated for bill: BL0003
[2025-10-20 09:45:32] [INFO] Cash memo generated for bill: BL0004
[2025-10-20 09:45:32] [INFO] Cash memo generation completed: 2 successful, 0 failed
[2025-10-20 09:45:32] [INFO] Session quantities cleared
[2025-10-20 09:50:55] [INFO] === PAGE ACCESS ===
[2025-10-20 09:50:55] [INFO] Request method: GET
[2025-10-20 09:50:55] [INFO] Search term: ''
[2025-10-20 09:50:55] [INFO] Current session ID: ei0h2qtbvalsdm8if6tdbu1pl8
[2025-10-20 09:50:55] [INFO] Final session quantities count: 0
[2025-10-20 09:50:55] [INFO] Items in current view: 50
[2025-10-20 09:50:55] [INFO] Sales Page Load Debug Info:
Array
(
    [total_items] => 3607
    [current_page] => 1
    [total_pages] => 73
    [session_quantities_count] => 0
    [post_quantities_count] => 0
    [date_range] => 2025-10-20 to 2025-10-20
    [days_count] => 1
    [user_id] => 1
    [comp_id] => 1
    [license_type] => FL-II
    [allowed_classes] => Array
        (
            [0] => W
            [1] => V
            [2] => G
            [3] => F
            [4] => D
            [5] => K
            [6] => R
            [7] => O
            [8] => L
            [9] => O
            [10] => O
            [11] => O
            [12] => O
            [13] => M
        )

)

[2025-10-20 09:54:11] [INFO] === PAGE ACCESS ===
[2025-10-20 09:54:11] [INFO] Request method: GET
[2025-10-20 09:54:11] [INFO] Search term: ''
[2025-10-20 09:54:11] [INFO] Current session ID: ei0h2qtbvalsdm8if6tdbu1pl8
[2025-10-20 09:54:11] [INFO] Final session quantities count: 0
[2025-10-20 09:54:11] [INFO] Items in current view: 50
[2025-10-20 09:54:11] [INFO] Sales Page Load Debug Info:
Array
(
    [total_items] => 3607
    [current_page] => 1
    [total_pages] => 73
    [session_quantities_count] => 0
    [post_quantities_count] => 0
    [date_range] => 2025-10-20 to 2025-10-20
    [days_count] => 1
    [user_id] => 1
    [comp_id] => 1
    [license_type] => FL-II
    [allowed_classes] => Array
        (
            [0] => W
            [1] => V
            [2] => G
            [3] => F
            [4] => D
            [5] => K
            [6] => R
            [7] => O
            [8] => L
            [9] => O
            [10] => O
            [11] => O
            [12] => O
            [13] => M
        )

)

[2025-10-20 09:54:26] [INFO] === PAGE ACCESS ===
[2025-10-20 09:54:26] [INFO] Request method: GET
[2025-10-20 09:54:26] [INFO] Search term: 'SCMLS0030593	'
[2025-10-20 09:54:26] [INFO] Current session ID: ei0h2qtbvalsdm8if6tdbu1pl8
[2025-10-20 09:54:26] [INFO] Final session quantities count: 0
[2025-10-20 09:54:26] [INFO] Items in current view: 1
[2025-10-20 09:54:26] [INFO] Sales Page Load Debug Info:
Array
(
    [total_items] => 1
    [current_page] => 1
    [total_pages] => 1
    [session_quantities_count] => 0
    [post_quantities_count] => 0
    [date_range] => 2025-10-20 to 2025-10-20
    [days_count] => 1
    [user_id] => 1
    [comp_id] => 1
    [license_type] => FL-II
    [allowed_classes] => Array
        (
            [0] => W
            [1] => V
            [2] => G
            [3] => F
            [4] => D
            [5] => K
            [6] => R
            [7] => O
            [8] => L
            [9] => O
            [10] => O
            [11] => O
            [12] => O
            [13] => M
        )

)

[2025-10-20 10:06:24] [INFO] === PAGE ACCESS ===
[2025-10-20 10:06:24] [INFO] Request method: GET
[2025-10-20 10:06:24] [INFO] Search term: 'SCMLS0030593'
[2025-10-20 10:06:24] [INFO] Current session ID: ei0h2qtbvalsdm8if6tdbu1pl8
[2025-10-20 10:06:24] [INFO] Final session quantities count: 0
[2025-10-20 10:06:24] [INFO] Items in current view: 1
[2025-10-20 10:06:24] [INFO] Sales Page Load Debug Info:
Array
(
    [total_items] => 1
    [current_page] => 1
    [total_pages] => 1
    [session_quantities_count] => 0
    [post_quantities_count] => 0
    [date_range] => 2025-10-17 to 2025-10-17
    [days_count] => 1
    [user_id] => 1
    [comp_id] => 1
    [license_type] => FL-II
    [allowed_classes] => Array
        (
            [0] => W
            [1] => V
            [2] => G
            [3] => F
            [4] => D
            [5] => K
            [6] => R
            [7] => O
            [8] => L
            [9] => O
            [10] => O
            [11] => O
            [12] => O
            [13] => M
        )

)

[2025-10-20 10:06:28] [INFO] Session quantity updated: SCMLS0030593 = 0
[2025-10-20 10:06:28] [INFO] Session quantity updated: SCMLS0030593 = 1
[2025-10-20 10:06:29] [INFO] Session quantity updated: SCMLS0030593 = 10
[2025-10-20 10:06:29] [INFO] Session quantity updated: SCMLS0030593 = 10
[2025-10-20 10:06:30] [INFO] Session quantity updated: SCMLS0030593 = 10
[2025-10-20 10:06:47] [INFO] === PAGE ACCESS ===
[2025-10-20 10:06:47] [INFO] Request method: POST
[2025-10-20 10:06:47] [INFO] Search term: 'SCMLS0030593'
[2025-10-20 10:06:47] [INFO] Current session ID: ei0h2qtbvalsdm8if6tdbu1pl8
[2025-10-20 10:06:47] [INFO] Session quantities updated from POST: 1 items
[2025-10-20 10:06:47] [INFO] Getting next bill number for CompID: 1
[2025-10-20 10:06:47] [INFO] Next bill number for CompID 1: 5
[2025-10-20 10:06:47] [INFO] Daily stock updated successfully for item SCMLS0030593 on 2025-10-17 in table tbldailystock_1: Sales=5, Closing=219
[2025-10-20 10:06:47] [INFO] Daily stock updated successfully for item SCMLS0030593 on 2025-10-17 in table tbldailystock_1: Sales=10, Closing=214
[2025-10-20 10:06:47] [INFO] Starting optimized cash memo generation for 2 bills
[2025-10-20 10:06:47] [INFO] Cash memo generated for bill: BL0005
[2025-10-20 10:06:47] [INFO] Cash memo generated for bill: BL0006
[2025-10-20 10:06:47] [INFO] Cash memo generation completed: 2 successful, 0 failed
[2025-10-20 10:06:47] [INFO] Session quantities cleared
[2025-10-20 13:49:50] [INFO] === PAGE ACCESS ===
[2025-10-20 13:49:50] [INFO] Request method: GET
[2025-10-20 13:49:50] [INFO] Search term: ''
[2025-10-20 13:49:50] [INFO] Current session ID: 2e9qhi5b1j5n2e30gsjbq2csq5
[2025-10-20 13:49:50] [INFO] Final session quantities count: 0
[2025-10-20 13:49:50] [INFO] Items in current view: 50
[2025-10-20 13:49:50] [INFO] Sales Page Load Debug Info:
Array
(
    [total_items] => 3607
    [current_page] => 1
    [total_pages] => 73
    [session_quantities_count] => 0
    [post_quantities_count] => 0
    [date_range] => 2025-10-20 to 2025-10-20
    [days_count] => 1
    [user_id] => 1
    [comp_id] => 1
    [license_type] => FL-II
    [allowed_classes] => Array
        (
            [0] => W
            [1] => V
            [2] => G
            [3] => F
            [4] => D
            [5] => K
            [6] => R
            [7] => O
            [8] => L
            [9] => O
            [10] => O
            [11] => O
            [12] => O
            [13] => M
        )

)

[2025-10-20 13:49:55] [INFO] Session quantity updated: SCMPL0019029 = 0
[2025-10-20 13:49:56] [INFO] Session quantity updated: SCMPL0019029 = 0
[2025-10-20 13:49:56] [INFO] Session quantity updated: SCMPL0019029 = 2
[2025-10-20 13:49:56] [INFO] Session quantity updated: SCMPL0019029 = 2
[2025-10-20 13:49:57] [INFO] Session quantity updated: SCMPL0019029 = 2
[2025-10-20 13:50:02] [INFO] Saving pending sales for user 1, company 1
[2025-10-20 13:50:02] [INFO] Items to save:
Array
(
    [SCMPL0019029] => 2
)

[2025-10-20 13:50:02] [INFO] Date range spans 1 days: 2025-10-20
[2025-10-20 13:50:02] [INFO] Distributing 2 units across 1 days
[2025-10-20 13:50:02] [INFO] Distribution for 2 units: 2
[2025-10-20 13:50:02] [INFO] Item SCMPL0019029 distribution: 2
[2025-10-20 13:50:02] [INFO] Starting bill generation with volume limits
[2025-10-20 13:50:02] [INFO] Getting category limits for company 1
[2025-10-20 13:50:02] [INFO] Category limits: {"IMFL":"1000.00","BEER":"4000.00","CL":"2000.00"}
[2025-10-20 13:50:02] [INFO] Category Limits - IMFL: 1000.00, BEER: 4000.00, CL: 2000.00
[2025-10-20 13:50:02] [INFO] Getting next bill number
[2025-10-20 13:50:02] [INFO] Next bill number: 1
[2025-10-20 13:50:02] [INFO] Processing date: 2025-10-20 (index: 0)
[2025-10-20 13:50:02] [INFO] Determining category for item SCMPL0019029, mode: F
[2025-10-20 13:50:02] [INFO] Item SCMPL0019029 - DETAILS2: 180 ML
[2025-10-20 13:50:02] [INFO] Item SCMPL0019029 categorized as IMFL (Foreign Liquor with ML size)
[2025-10-20 13:50:02] [INFO] Getting size for item SCMPL0019029, mode: F
[2025-10-20 13:50:02] [INFO] Item SCMPL0019029 - Size from DETAILS2: 180ml
[2025-10-20 13:50:02] [INFO] Date 2025-10-20 - Item SCMPL0019029: Qty=2, Size=180ml, Volume=360ml, Category=IMFL
[2025-10-20 13:50:02] [INFO] Date 2025-10-20 - Categories with items: IMFL
[2025-10-20 13:50:02] [INFO] Processing category: IMFL with limit: 1000.00ml
[2025-10-20 13:50:02] [INFO] Items in category: 1
[2025-10-20 13:50:02] [INFO] Sorted items by volume (descending) for category IMFL:
[2025-10-20 13:50:02] [INFO]   - SCMPL0019029: 360ml
[2025-10-20 13:50:02] [INFO] Added SCMPL0019029 (360ml) to bill. Current volume: 360ml
[2025-10-20 13:50:02] [INFO] Category IMFL - Final bill 1: Volume=360ml, Items=1
[2025-10-20 13:50:02] [INFO] Created 1 bills for category IMFL
[2025-10-20 13:50:02] [INFO] Created bill BL1 for date 2025-10-20 with 1 items, total amount: 260
[2025-10-20 13:50:02] [INFO] Total bills created: 1
[2025-10-20 13:50:02] [INFO] Generated 1 bills with volume limits
[2025-10-20 13:50:02] [INFO] Saved 1 bills for later posting. Date range: 2025-10-20 to 2025-10-20. Total Amount: ₹260.00
[2025-10-20 13:50:04] [INFO] === PAGE ACCESS ===
[2025-10-20 13:50:04] [INFO] Request method: GET
[2025-10-20 13:50:04] [INFO] Search term: ''
[2025-10-20 13:50:04] [INFO] Current session ID: 2e9qhi5b1j5n2e30gsjbq2csq5
[2025-10-20 13:50:04] [INFO] Final session quantities count: 0
[2025-10-20 13:50:04] [INFO] Items in current view: 50
[2025-10-20 13:50:04] [INFO] Sales Page Load Debug Info:
Array
(
    [total_items] => 3607
    [current_page] => 1
    [total_pages] => 73
    [session_quantities_count] => 0
    [post_quantities_count] => 0
    [date_range] => 2025-10-20 to 2025-10-20
    [days_count] => 1
    [user_id] => 1
    [comp_id] => 1
    [license_type] => FL-II
    [allowed_classes] => Array
        (
            [0] => W
            [1] => V
            [2] => G
            [3] => F
            [4] => D
            [5] => K
            [6] => R
            [7] => O
            [8] => L
            [9] => O
            [10] => O
            [11] => O
            [12] => O
            [13] => M
        )

)

[2025-10-20 13:50:06] [INFO] Session quantity updated: SCMPL0019029 = 2
[2025-10-20 13:50:07] [INFO] Session quantity updated: SCMPL0019029 = 2
[2025-10-20 13:50:08] [INFO] Session quantity updated: SCMPL0019029 = 2
[2025-10-20 13:50:18] [INFO] === PAGE ACCESS ===
[2025-10-20 13:50:18] [INFO] Request method: GET
[2025-10-20 13:50:18] [INFO] Search term: ''
[2025-10-20 13:50:18] [INFO] Current session ID: 2e9qhi5b1j5n2e30gsjbq2csq5
[2025-10-20 13:50:19] [INFO] Final session quantities count: 1
[2025-10-20 13:50:19] [INFO] Items in current view: 50
[2025-10-20 13:50:19] [INFO] Sales Page Load Debug Info:
Array
(
    [total_items] => 3607
    [current_page] => 1
    [total_pages] => 73
    [session_quantities_count] => 1
    [post_quantities_count] => 0
    [date_range] => 2025-10-17 to 2025-10-17
    [days_count] => 1
    [user_id] => 1
    [comp_id] => 1
    [license_type] => FL-II
    [allowed_classes] => Array
        (
            [0] => W
            [1] => V
            [2] => G
            [3] => F
            [4] => D
            [5] => K
            [6] => R
            [7] => O
            [8] => L
            [9] => O
            [10] => O
            [11] => O
            [12] => O
            [13] => M
        )

)

[2025-10-20 13:50:26] [INFO] === PAGE ACCESS ===
[2025-10-20 13:50:26] [INFO] Request method: POST
[2025-10-20 13:50:26] [INFO] Search term: ''
[2025-10-20 13:50:26] [INFO] Current session ID: 2e9qhi5b1j5n2e30gsjbq2csq5
[2025-10-20 13:50:26] [INFO] Session quantities updated from POST: 1 items
[2025-10-20 13:50:26] [INFO] Getting next bill number for CompID: 1
[2025-10-20 13:50:26] [INFO] Next bill number for CompID 1: 1
[2025-10-20 13:50:26] [INFO] Starting optimized cash memo generation for 1 bills
[2025-10-20 13:50:26] [INFO] Cash memo generated for bill: BL0001
[2025-10-20 13:50:26] [INFO] Cash memo generation completed: 1 successful, 0 failed
[2025-10-20 13:50:26] [INFO] Session quantities cleared
[2025-10-20 13:50:59] [INFO] === PAGE ACCESS ===
[2025-10-20 13:50:59] [INFO] Request method: GET
[2025-10-20 13:50:59] [INFO] Search term: ''
[2025-10-20 13:50:59] [INFO] Current session ID: 2e9qhi5b1j5n2e30gsjbq2csq5
[2025-10-20 13:50:59] [INFO] Final session quantities count: 0
[2025-10-20 13:50:59] [INFO] Items in current view: 50
[2025-10-20 13:50:59] [INFO] Sales Page Load Debug Info:
Array
(
    [total_items] => 3607
    [current_page] => 1
    [total_pages] => 73
    [session_quantities_count] => 0
    [post_quantities_count] => 0
    [date_range] => 2025-10-20 to 2025-10-20
    [days_count] => 1
    [user_id] => 1
    [comp_id] => 1
    [license_type] => FL-II
    [allowed_classes] => Array
        (
            [0] => W
            [1] => V
            [2] => G
            [3] => F
            [4] => D
            [5] => K
            [6] => R
            [7] => O
            [8] => L
            [9] => O
            [10] => O
            [11] => O
            [12] => O
            [13] => M
        )

)

[2025-10-20 13:51:04] [INFO] Session quantity updated: SCMPL0019029 = 201
[2025-10-20 13:51:05] [INFO] Session quantity updated: SCMPL0019029 = 3
[2025-10-20 13:51:05] [INFO] Session quantity updated: SCMPL0019029 = 3
[2025-10-20 13:51:06] [INFO] Session quantity updated: SCMPL0019029 = 3
[2025-10-20 13:51:08] [INFO] Session quantity updated: SCMPL0019029 = 183
[2025-10-20 13:51:08] [INFO] Session quantity updated: SCMPL0019029 = 2
[2025-10-20 13:51:09] [INFO] Session quantity updated: SCMPL0019029 = 2
[2025-10-20 13:51:10] [INFO] Session quantity updated: SCMPL0019029 = 2
[2025-10-20 13:51:13] [INFO] === PAGE ACCESS ===
[2025-10-20 13:51:13] [INFO] Request method: POST
[2025-10-20 13:51:13] [INFO] Search term: ''
[2025-10-20 13:51:13] [INFO] Current session ID: 2e9qhi5b1j5n2e30gsjbq2csq5
[2025-10-20 13:51:13] [INFO] Session quantities updated from POST: 1 items
[2025-10-20 13:51:13] [INFO] Processing item 1/1: SCMPL0019029, Qty: 2
[2025-10-20 13:51:13] [INFO] Getting next bill number for CompID: 1
[2025-10-20 13:51:13] [INFO] Next bill number for CompID 1: 2
[2025-10-20 13:51:13] [INFO] Session quantities cleared
[2025-10-20 13:52:21] [INFO] === PAGE ACCESS ===
[2025-10-20 13:52:21] [INFO] Request method: GET
[2025-10-20 13:52:21] [INFO] Search term: ''
[2025-10-20 13:52:21] [INFO] Current session ID: 2e9qhi5b1j5n2e30gsjbq2csq5
[2025-10-20 13:52:21] [INFO] Final session quantities count: 0
[2025-10-20 13:52:21] [INFO] Items in current view: 50
[2025-10-20 13:52:21] [INFO] Sales Page Load Debug Info:
Array
(
    [total_items] => 3607
    [current_page] => 1
    [total_pages] => 73
    [session_quantities_count] => 0
    [post_quantities_count] => 0
    [date_range] => 2025-10-20 to 2025-10-20
    [days_count] => 1
    [user_id] => 1
    [comp_id] => 1
    [license_type] => FL-II
    [allowed_classes] => Array
        (
            [0] => W
            [1] => V
            [2] => G
            [3] => F
            [4] => D
            [5] => K
            [6] => R
            [7] => O
            [8] => L
            [9] => O
            [10] => O
            [11] => O
            [12] => O
            [13] => M
        )

)

[2025-10-20 13:52:26] [INFO] Session quantity updated: SCMPL0019031 = 199
[2025-10-20 13:52:26] [INFO] Session quantity updated: SCMPL0019031 = 199
[2025-10-20 13:52:27] [INFO] Session quantity updated: SCMPL0019031 = 2
[2025-10-20 13:52:27] [INFO] Session quantity updated: SCMPL0019031 = 2
[2025-10-20 13:52:28] [INFO] Session quantity updated: SCMPL0019031 = 2
[2025-10-20 13:52:33] [INFO] === PAGE ACCESS ===
[2025-10-20 13:52:33] [INFO] Request method: POST
[2025-10-20 13:52:33] [INFO] Search term: ''
[2025-10-20 13:52:33] [INFO] Current session ID: 2e9qhi5b1j5n2e30gsjbq2csq5
[2025-10-20 13:52:33] [INFO] Session quantities updated from POST: 1 items
[2025-10-20 13:52:33] [INFO] Processing item 1/1: SCMPL0019031, Qty: 2
[2025-10-20 13:52:33] [INFO] Getting next bill number for CompID: 1
[2025-10-20 13:52:33] [INFO] Next bill number for CompID 1: 3
[2025-10-20 13:52:34] [INFO] Session quantities cleared
[2025-10-20 14:13:58] [INFO] === PAGE ACCESS ===
[2025-10-20 14:13:58] [INFO] Request method: GET
[2025-10-20 14:13:58] [INFO] Search term: ''
[2025-10-20 14:13:58] [INFO] Current session ID: 2e9qhi5b1j5n2e30gsjbq2csq5
[2025-10-20 14:13:58] [INFO] Final session quantities count: 0
[2025-10-20 14:13:58] [INFO] Items in current view: 50
[2025-10-20 14:13:58] [INFO] Sales Page Load Debug Info:
Array
(
    [total_items] => 3607
    [current_page] => 1
    [total_pages] => 73
    [session_quantities_count] => 0
    [post_quantities_count] => 0
    [date_range] => 2025-10-20 to 2025-10-20
    [days_count] => 1
    [user_id] => 1
    [comp_id] => 1
    [license_type] => FL-II
    [allowed_classes] => Array
        (
            [0] => W
            [1] => V
            [2] => G
            [3] => F
            [4] => D
            [5] => K
            [6] => R
            [7] => O
            [8] => L
            [9] => O
            [10] => O
            [11] => O
            [12] => O
            [13] => M
        )

)

[2025-10-20 14:14:00] [INFO] === PAGE ACCESS ===
[2025-10-20 14:14:00] [INFO] Request method: GET
[2025-10-20 14:14:00] [INFO] Search term: ''
[2025-10-20 14:14:00] [INFO] Current session ID: 2e9qhi5b1j5n2e30gsjbq2csq5
[2025-10-20 14:14:01] [INFO] Final session quantities count: 0
[2025-10-20 14:14:01] [INFO] Items in current view: 50
[2025-10-20 14:14:01] [INFO] Sales Page Load Debug Info:
Array
(
    [total_items] => 3607
    [current_page] => 1
    [total_pages] => 73
    [session_quantities_count] => 0
    [post_quantities_count] => 0
    [date_range] => 2025-10-20 to 2025-10-20
    [days_count] => 1
    [user_id] => 1
    [comp_id] => 1
    [license_type] => FL-II
    [allowed_classes] => Array
        (
            [0] => W
            [1] => V
            [2] => G
            [3] => F
            [4] => D
            [5] => K
            [6] => R
            [7] => O
            [8] => L
            [9] => O
            [10] => O
            [11] => O
            [12] => O
            [13] => M
        )

)

[2025-10-20 14:14:04] [INFO] Session quantity updated: SCMPL0019029 = 0
[2025-10-20 14:14:05] [INFO] Session quantity updated: SCMPL0019029 = 0
[2025-10-20 14:14:05] [INFO] Session quantity updated: SCMPL0019029 = 2
[2025-10-20 14:14:06] [INFO] Session quantity updated: SCMPL0019029 = 2
[2025-10-20 14:14:07] [INFO] Session quantity updated: SCMPL0019029 = 2
[2025-10-20 14:14:14] [INFO] === PAGE ACCESS ===
[2025-10-20 14:14:14] [INFO] Request method: GET
[2025-10-20 14:14:14] [INFO] Search term: ''
[2025-10-20 14:14:14] [INFO] Current session ID: 2e9qhi5b1j5n2e30gsjbq2csq5
[2025-10-20 14:14:14] [INFO] Final session quantities count: 1
[2025-10-20 14:14:14] [INFO] Items in current view: 50
[2025-10-20 14:14:14] [INFO] Sales Page Load Debug Info:
Array
(
    [total_items] => 3607
    [current_page] => 1
    [total_pages] => 73
    [session_quantities_count] => 1
    [post_quantities_count] => 0
    [date_range] => 2025-10-17 to 2025-10-17
    [days_count] => 1
    [user_id] => 1
    [comp_id] => 1
    [license_type] => FL-II
    [allowed_classes] => Array
        (
            [0] => W
            [1] => V
            [2] => G
            [3] => F
            [4] => D
            [5] => K
            [6] => R
            [7] => O
            [8] => L
            [9] => O
            [10] => O
            [11] => O
            [12] => O
            [13] => M
        )

)

[2025-10-20 14:14:18] [INFO] === PAGE ACCESS ===
[2025-10-20 14:14:18] [INFO] Request method: POST
[2025-10-20 14:14:18] [INFO] Search term: ''
[2025-10-20 14:14:18] [INFO] Current session ID: 2e9qhi5b1j5n2e30gsjbq2csq5
[2025-10-20 14:14:18] [INFO] Session quantities updated from POST: 1 items
[2025-10-20 14:14:18] [INFO] Getting next bill number for CompID: 1
[2025-10-20 14:14:19] [INFO] Next bill number for CompID 1: 1
[2025-10-20 14:14:19] [INFO] Starting optimized cash memo generation for 1 bills
[2025-10-20 14:14:19] [WARNING] Failed to generate cash memo for bill: BL0001
[2025-10-20 14:14:19] [INFO] Cash memo generation completed: 0 successful, 1 failed
[2025-10-20 14:14:19] [INFO] Session quantities cleared
[2025-10-20 14:17:24] [INFO] === PAGE ACCESS ===
[2025-10-20 14:17:24] [INFO] Request method: GET
[2025-10-20 14:17:24] [INFO] Search term: ''
[2025-10-20 14:17:24] [INFO] Current session ID: 2e9qhi5b1j5n2e30gsjbq2csq5
[2025-10-20 14:17:25] [INFO] Final session quantities count: 0
[2025-10-20 14:17:25] [INFO] Items in current view: 50
[2025-10-20 14:17:25] [INFO] Sales Page Load Debug Info:
Array
(
    [total_items] => 3607
    [current_page] => 1
    [total_pages] => 73
    [session_quantities_count] => 0
    [post_quantities_count] => 0
    [date_range] => 2025-10-20 to 2025-10-20
    [days_count] => 1
    [user_id] => 1
    [comp_id] => 1
    [license_type] => FL-II
    [allowed_classes] => Array
        (
            [0] => W
            [1] => V
            [2] => G
            [3] => F
            [4] => D
            [5] => K
            [6] => R
            [7] => O
            [8] => L
            [9] => O
            [10] => O
            [11] => O
            [12] => O
            [13] => M
        )

)

[2025-10-20 14:17:29] [INFO] Session quantity updated: SCMPL0019029 = 203
[2025-10-20 14:17:29] [INFO] Session quantity updated: SCMPL0019029 = 185
[2025-10-20 14:17:29] [INFO] Session quantity updated: SCMPL0019029 = 1
[2025-10-20 14:17:29] [INFO] Session quantity updated: SCMPL0019029 = 1
[2025-10-20 14:17:30] [INFO] Session quantity updated: SCMPL0019029 = 2
[2025-10-20 14:17:30] [INFO] Session quantity updated: SCMPL0019029 = 2
[2025-10-20 14:17:31] [INFO] Session quantity updated: SCMPL0019029 = 2
[2025-10-20 14:17:36] [INFO] === PAGE ACCESS ===
[2025-10-20 14:17:36] [INFO] Request method: POST
[2025-10-20 14:17:36] [INFO] Search term: ''
[2025-10-20 14:17:36] [INFO] Current session ID: 2e9qhi5b1j5n2e30gsjbq2csq5
[2025-10-20 14:17:36] [INFO] Session quantities updated from POST: 1 items
[2025-10-20 14:17:36] [INFO] Processing item 1/1: SCMPL0019029, Qty: 2
[2025-10-20 14:17:36] [INFO] Getting next bill number for CompID: 1
[2025-10-20 14:17:36] [INFO] Next bill number for CompID 1: 1
[2025-10-20 14:17:36] [INFO] Session quantities cleared
[2025-10-20 14:35:04] [INFO] === PAGE ACCESS ===
[2025-10-20 14:35:04] [INFO] Request method: GET
[2025-10-20 14:35:04] [INFO] Search term: ''
[2025-10-20 14:35:04] [INFO] Current session ID: 2e9qhi5b1j5n2e30gsjbq2csq5
[2025-10-20 14:35:04] [INFO] Final session quantities count: 0
[2025-10-20 14:35:04] [INFO] Items in current view: 50
[2025-10-20 14:35:04] [INFO] Sales Page Load Debug Info:
Array
(
    [total_items] => 3607
    [current_page] => 1
    [total_pages] => 73
    [session_quantities_count] => 0
    [post_quantities_count] => 0
    [date_range] => 2025-10-20 to 2025-10-20
    [days_count] => 1
    [user_id] => 1
    [comp_id] => 1
    [license_type] => FL-II
    [allowed_classes] => Array
        (
            [0] => W
            [1] => V
            [2] => G
            [3] => F
            [4] => D
            [5] => K
            [6] => R
            [7] => O
            [8] => L
            [9] => O
            [10] => O
            [11] => O
            [12] => O
            [13] => M
        )

)

[2025-10-20 14:35:15] [INFO] === PAGE ACCESS ===
[2025-10-20 14:35:15] [INFO] Request method: GET
[2025-10-20 14:35:15] [INFO] Search term: ''
[2025-10-20 14:35:15] [INFO] Current session ID: 2e9qhi5b1j5n2e30gsjbq2csq5
[2025-10-20 14:35:15] [INFO] Final session quantities count: 0
[2025-10-20 14:35:15] [INFO] Items in current view: 50
[2025-10-20 14:35:15] [INFO] Sales Page Load Debug Info:
Array
(
    [total_items] => 3607
    [current_page] => 1
    [total_pages] => 73
    [session_quantities_count] => 0
    [post_quantities_count] => 0
    [date_range] => 2025-10-20 to 2025-10-20
    [days_count] => 1
    [user_id] => 1
    [comp_id] => 1
    [license_type] => FL-II
    [allowed_classes] => Array
        (
            [0] => W
            [1] => V
            [2] => G
            [3] => F
            [4] => D
            [5] => K
            [6] => R
            [7] => O
            [8] => L
            [9] => O
            [10] => O
            [11] => O
            [12] => O
            [13] => M
        )

)

[2025-10-20 14:35:19] [INFO] Session quantity updated: SCMPL0019028 = 3
[2025-10-20 14:35:19] [INFO] Session quantity updated: SCMPL0019028 = 3
[2025-10-20 14:35:20] [INFO] Session quantity updated: SCMPL0019028 = 3
[2025-10-20 14:35:23] [INFO] === PAGE ACCESS ===
[2025-10-20 14:35:23] [INFO] Request method: POST
[2025-10-20 14:35:23] [INFO] Search term: ''
[2025-10-20 14:35:23] [INFO] Current session ID: 2e9qhi5b1j5n2e30gsjbq2csq5
[2025-10-20 14:35:23] [INFO] Session quantities updated from POST: 1 items
[2025-10-20 14:35:23] [INFO] Getting next bill number for CompID: 1
[2025-10-20 14:35:23] [INFO] Next bill number for CompID 1: 2
[2025-10-20 14:35:23] [INFO] Starting optimized cash memo generation for 1 bills
[2025-10-20 14:35:23] [INFO] Cash memo generated for bill: BL0002
[2025-10-20 14:35:23] [INFO] Cash memo generation completed: 1 successful, 0 failed
[2025-10-20 14:35:23] [INFO] Session quantities cleared
[2025-10-20 14:35:45] [INFO] === PAGE ACCESS ===
[2025-10-20 14:35:45] [INFO] Request method: GET
[2025-10-20 14:35:45] [INFO] Search term: ''
[2025-10-20 14:35:45] [INFO] Current session ID: 2e9qhi5b1j5n2e30gsjbq2csq5
[2025-10-20 14:35:46] [INFO] Final session quantities count: 0
[2025-10-20 14:35:46] [INFO] Items in current view: 50
[2025-10-20 14:35:46] [INFO] Sales Page Load Debug Info:
Array
(
    [total_items] => 3607
    [current_page] => 1
    [total_pages] => 73
    [session_quantities_count] => 0
    [post_quantities_count] => 0
    [date_range] => 2025-10-20 to 2025-10-20
    [days_count] => 1
    [user_id] => 1
    [comp_id] => 1
    [license_type] => FL-II
    [allowed_classes] => Array
        (
            [0] => W
            [1] => V
            [2] => G
            [3] => F
            [4] => D
            [5] => K
            [6] => R
            [7] => O
            [8] => L
            [9] => O
            [10] => O
            [11] => O
            [12] => O
            [13] => M
        )

)

[2025-10-20 14:35:49] [INFO] Session quantity updated: SCMPL0019029 = 2
[2025-10-20 14:35:50] [INFO] Session quantity updated: SCMPL0019029 = 2
[2025-10-20 14:35:53] [INFO] === PAGE ACCESS ===
[2025-10-20 14:35:53] [INFO] Request method: GET
[2025-10-20 14:35:53] [INFO] Search term: ''
[2025-10-20 14:35:53] [INFO] Current session ID: 2e9qhi5b1j5n2e30gsjbq2csq5
[2025-10-20 14:35:54] [INFO] Final session quantities count: 1
[2025-10-20 14:35:54] [INFO] Items in current view: 50
[2025-10-20 14:35:54] [INFO] Sales Page Load Debug Info:
Array
(
    [total_items] => 3607
    [current_page] => 1
    [total_pages] => 73
    [session_quantities_count] => 1
    [post_quantities_count] => 0
    [date_range] => 2025-10-20 to 2025-10-20
    [days_count] => 1
    [user_id] => 1
    [comp_id] => 1
    [license_type] => FL-II
    [allowed_classes] => Array
        (
            [0] => W
            [1] => V
            [2] => G
            [3] => F
            [4] => D
            [5] => K
            [6] => R
            [7] => O
            [8] => L
            [9] => O
            [10] => O
            [11] => O
            [12] => O
            [13] => M
        )

)

[2025-10-20 14:36:50] [INFO] === PAGE ACCESS ===
[2025-10-20 14:36:50] [INFO] Request method: GET
[2025-10-20 14:36:50] [INFO] Search term: ''
[2025-10-20 14:36:50] [INFO] Current session ID: 2e9qhi5b1j5n2e30gsjbq2csq5
[2025-10-20 14:36:50] [INFO] Final session quantities count: 1
[2025-10-20 14:36:50] [INFO] Items in current view: 50
[2025-10-20 14:36:50] [INFO] Sales Page Load Debug Info:
Array
(
    [total_items] => 3607
    [current_page] => 1
    [total_pages] => 73
    [session_quantities_count] => 1
    [post_quantities_count] => 0
    [date_range] => 2025-10-20 to 2025-10-20
    [days_count] => 1
    [user_id] => 1
    [comp_id] => 1
    [license_type] => FL-II
    [allowed_classes] => Array
        (
            [0] => W
            [1] => V
            [2] => G
            [3] => F
            [4] => D
            [5] => K
            [6] => R
            [7] => O
            [8] => L
            [9] => O
            [10] => O
            [11] => O
            [12] => O
            [13] => M
        )

)

[2025-10-20 14:36:54] [INFO] === PAGE ACCESS ===
[2025-10-20 14:36:54] [INFO] Request method: GET
[2025-10-20 14:36:54] [INFO] Search term: ''
[2025-10-20 14:36:54] [INFO] Current session ID: 2e9qhi5b1j5n2e30gsjbq2csq5
[2025-10-20 14:36:54] [INFO] Final session quantities count: 1
[2025-10-20 14:36:54] [INFO] Items in current view: 50
[2025-10-20 14:36:54] [INFO] Sales Page Load Debug Info:
Array
(
    [total_items] => 3607
    [current_page] => 1
    [total_pages] => 73
    [session_quantities_count] => 1
    [post_quantities_count] => 0
    [date_range] => 2025-10-20 to 2025-10-20
    [days_count] => 1
    [user_id] => 1
    [comp_id] => 1
    [license_type] => FL-II
    [allowed_classes] => Array
        (
            [0] => W
            [1] => V
            [2] => G
            [3] => F
            [4] => D
            [5] => K
            [6] => R
            [7] => O
            [8] => L
            [9] => O
            [10] => O
            [11] => O
            [12] => O
            [13] => M
        )

)

[2025-10-20 14:37:17] [INFO] === PAGE ACCESS ===
[2025-10-20 14:37:17] [INFO] Request method: GET
[2025-10-20 14:37:17] [INFO] Search term: ''
[2025-10-20 14:37:17] [INFO] Current session ID: 2e9qhi5b1j5n2e30gsjbq2csq5
[2025-10-20 14:37:17] [INFO] Final session quantities count: 1
[2025-10-20 14:37:17] [INFO] Items in current view: 50
[2025-10-20 14:37:17] [INFO] Sales Page Load Debug Info:
Array
(
    [total_items] => 3607
    [current_page] => 1
    [total_pages] => 73
    [session_quantities_count] => 1
    [post_quantities_count] => 0
    [date_range] => 2025-10-20 to 2025-10-20
    [days_count] => 1
    [user_id] => 1
    [comp_id] => 1
    [license_type] => FL-II
    [allowed_classes] => Array
        (
            [0] => W
            [1] => V
            [2] => G
            [3] => F
            [4] => D
            [5] => K
            [6] => R
            [7] => O
            [8] => L
            [9] => O
            [10] => O
            [11] => O
            [12] => O
            [13] => M
        )

)

[2025-10-20 14:37:21] [INFO] === PAGE ACCESS ===
[2025-10-20 14:37:21] [INFO] Request method: POST
[2025-10-20 14:37:21] [INFO] Search term: ''
[2025-10-20 14:37:21] [INFO] Current session ID: 2e9qhi5b1j5n2e30gsjbq2csq5
[2025-10-20 14:37:21] [INFO] Session quantities updated from POST: 1 items
[2025-10-20 14:37:21] [INFO] Getting next bill number for CompID: 1
[2025-10-20 14:37:21] [INFO] Next bill number for CompID 1: 1
[2025-10-20 14:37:21] [INFO] Starting optimized cash memo generation for 1 bills
[2025-10-20 14:37:22] [WARNING] Failed to generate cash memo for bill: BL0001
[2025-10-20 14:37:22] [INFO] Cash memo generation completed: 0 successful, 1 failed
[2025-10-20 14:37:22] [INFO] Session quantities cleared
[2025-10-20 14:38:22] [INFO] === PAGE ACCESS ===
[2025-10-20 14:38:22] [INFO] Request method: GET
[2025-10-20 14:38:22] [INFO] Search term: ''
[2025-10-20 14:38:22] [INFO] Current session ID: 2e9qhi5b1j5n2e30gsjbq2csq5
[2025-10-20 14:38:23] [INFO] Final session quantities count: 0
[2025-10-20 14:38:23] [INFO] Items in current view: 50
[2025-10-20 14:38:23] [INFO] Sales Page Load Debug Info:
Array
(
    [total_items] => 3607
    [current_page] => 1
    [total_pages] => 73
    [session_quantities_count] => 0
    [post_quantities_count] => 0
    [date_range] => 2025-10-20 to 2025-10-20
    [days_count] => 1
    [user_id] => 1
    [comp_id] => 1
    [license_type] => FL-II
    [allowed_classes] => Array
        (
            [0] => W
            [1] => V
            [2] => G
            [3] => F
            [4] => D
            [5] => K
            [6] => R
            [7] => O
            [8] => L
            [9] => O
            [10] => O
            [11] => O
            [12] => O
            [13] => M
        )

)

[2025-10-20 14:38:30] [INFO] Session quantity updated: SCMPL0019029 = 200
[2025-10-20 14:38:30] [INFO] Session quantity updated: SCMPL0019029 = 200
[2025-10-20 14:38:31] [INFO] Session quantity updated: SCMPL0019029 = 199
[2025-10-20 14:38:31] [INFO] Session quantity updated: SCMPL0019029 = 199
[2025-10-20 14:38:31] [INFO] Session quantity updated: SCMPL0019029 = 2
[2025-10-20 14:38:32] [INFO] Session quantity updated: SCMPL0019029 = 2
[2025-10-20 14:38:32] [INFO] Session quantity updated: SCMPL0019029 = 2
[2025-10-20 14:38:43] [INFO] === PAGE ACCESS ===
[2025-10-20 14:38:43] [INFO] Request method: POST
[2025-10-20 14:38:43] [INFO] Search term: ''
[2025-10-20 14:38:43] [INFO] Current session ID: 2e9qhi5b1j5n2e30gsjbq2csq5
[2025-10-20 14:38:43] [INFO] Session quantities updated from POST: 1 items
[2025-10-20 14:38:43] [INFO] Processing item 1/1: SCMPL0019029, Qty: 2
[2025-10-20 14:38:43] [INFO] Getting next bill number for CompID: 1
[2025-10-20 14:38:43] [INFO] Next bill number for CompID 1: 1
[2025-10-20 14:38:43] [INFO] Session quantities cleared
[2025-10-20 14:39:49] [INFO] === PAGE ACCESS ===
[2025-10-20 14:39:49] [INFO] Request method: GET
[2025-10-20 14:39:49] [INFO] Search term: ''
[2025-10-20 14:39:49] [INFO] Current session ID: 2e9qhi5b1j5n2e30gsjbq2csq5
[2025-10-20 14:39:49] [INFO] Final session quantities count: 0
[2025-10-20 14:39:49] [INFO] Items in current view: 50
[2025-10-20 14:39:49] [INFO] Sales Page Load Debug Info:
Array
(
    [total_items] => 3607
    [current_page] => 1
    [total_pages] => 73
    [session_quantities_count] => 0
    [post_quantities_count] => 0
    [date_range] => 2025-10-20 to 2025-10-20
    [days_count] => 1
    [user_id] => 1
    [comp_id] => 1
    [license_type] => FL-II
    [allowed_classes] => Array
        (
            [0] => W
            [1] => V
            [2] => G
            [3] => F
            [4] => D
            [5] => K
            [6] => R
            [7] => O
            [8] => L
            [9] => O
            [10] => O
            [11] => O
            [12] => O
            [13] => M
        )

)

[2025-10-20 14:39:53] [INFO] Session quantity updated: SCMPL0019028 = 2
[2025-10-20 14:39:54] [INFO] Session quantity updated: SCMPL0019028 = 2
[2025-10-20 14:39:55] [INFO] Session quantity updated: SCMPL0019028 = 2
[2025-10-20 14:39:57] [INFO] === PAGE ACCESS ===
[2025-10-20 14:39:57] [INFO] Request method: POST
[2025-10-20 14:39:57] [INFO] Search term: ''
[2025-10-20 14:39:57] [INFO] Current session ID: 2e9qhi5b1j5n2e30gsjbq2csq5
[2025-10-20 14:39:57] [INFO] Session quantities updated from POST: 1 items
[2025-10-20 14:39:58] [INFO] Getting next bill number for CompID: 1
[2025-10-20 14:39:58] [INFO] Next bill number for CompID 1: 1
[2025-10-20 14:39:58] [INFO] Starting optimized cash memo generation for 1 bills
[2025-10-20 14:39:58] [WARNING] Failed to generate cash memo for bill: BL0001
[2025-10-20 14:39:58] [INFO] Cash memo generation completed: 0 successful, 1 failed
[2025-10-20 14:39:58] [INFO] Session quantities cleared
[2025-10-20 14:40:17] [INFO] === PAGE ACCESS ===
[2025-10-20 14:40:17] [INFO] Request method: GET
[2025-10-20 14:40:17] [INFO] Search term: ''
[2025-10-20 14:40:17] [INFO] Current session ID: 2e9qhi5b1j5n2e30gsjbq2csq5
[2025-10-20 14:40:17] [INFO] Final session quantities count: 0
[2025-10-20 14:40:17] [INFO] Items in current view: 50
[2025-10-20 14:40:17] [INFO] Sales Page Load Debug Info:
Array
(
    [total_items] => 3607
    [current_page] => 1
    [total_pages] => 73
    [session_quantities_count] => 0
    [post_quantities_count] => 0
    [date_range] => 2025-10-20 to 2025-10-20
    [days_count] => 1
    [user_id] => 1
    [comp_id] => 1
    [license_type] => FL-II
    [allowed_classes] => Array
        (
            [0] => W
            [1] => V
            [2] => G
            [3] => F
            [4] => D
            [5] => K
            [6] => R
            [7] => O
            [8] => L
            [9] => O
            [10] => O
            [11] => O
            [12] => O
            [13] => M
        )

)

[2025-10-20 14:40:20] [INFO] Session quantity updated: SCMPL0019029 = 0
[2025-10-20 14:40:20] [INFO] Session quantity updated: SCMPL0019029 = 2
[2025-10-20 14:40:21] [INFO] Session quantity updated: SCMPL0019029 = 2
[2025-10-20 14:40:21] [INFO] Session quantity updated: SCMPL0019029 = 2
[2025-10-20 14:40:24] [INFO] === PAGE ACCESS ===
[2025-10-20 14:40:24] [INFO] Request method: POST
[2025-10-20 14:40:24] [INFO] Search term: ''
[2025-10-20 14:40:24] [INFO] Current session ID: 2e9qhi5b1j5n2e30gsjbq2csq5
[2025-10-20 14:40:24] [INFO] Session quantities updated from POST: 1 items
[2025-10-20 14:40:24] [INFO] Getting next bill number for CompID: 1
[2025-10-20 14:40:24] [INFO] Next bill number for CompID 1: 2
[2025-10-20 14:40:24] [INFO] Starting optimized cash memo generation for 1 bills
[2025-10-20 14:40:24] [WARNING] Failed to generate cash memo for bill: BL0002
[2025-10-20 14:40:24] [INFO] Cash memo generation completed: 0 successful, 1 failed
[2025-10-20 14:40:24] [INFO] Session quantities cleared
[2025-10-20 14:44:31] [INFO] === PAGE ACCESS ===
[2025-10-20 14:44:31] [INFO] Request method: GET
[2025-10-20 14:44:31] [INFO] Search term: ''
[2025-10-20 14:44:31] [INFO] Current session ID: 2e9qhi5b1j5n2e30gsjbq2csq5
[2025-10-20 14:44:31] [INFO] Final session quantities count: 0
[2025-10-20 14:44:31] [INFO] Items in current view: 50
[2025-10-20 14:44:31] [INFO] Sales Page Load Debug Info:
Array
(
    [total_items] => 3607
    [current_page] => 1
    [total_pages] => 73
    [session_quantities_count] => 0
    [post_quantities_count] => 0
    [date_range] => 2025-10-20 to 2025-10-20
    [days_count] => 1
    [user_id] => 1
    [comp_id] => 1
    [license_type] => FL-II
    [allowed_classes] => Array
        (
            [0] => W
            [1] => V
            [2] => G
            [3] => F
            [4] => D
            [5] => K
            [6] => R
            [7] => O
            [8] => L
            [9] => O
            [10] => O
            [11] => O
            [12] => O
            [13] => M
        )

)

[2025-10-20 14:44:50] [INFO] Session quantity updated: SCMPL0019030 = 4
[2025-10-20 14:44:50] [INFO] Session quantity updated: SCMPL0019030 = 4
[2025-10-20 14:44:51] [INFO] Session quantity updated: SCMPL0019030 = 0
[2025-10-20 14:44:51] [INFO] Session quantity updated: SCMPL0019030 = 0
[2025-10-20 14:44:52] [INFO] Session quantity updated: SCMPL0019030 = 2
[2025-10-20 14:44:52] [INFO] Session quantity updated: SCMPL0019030 = 2
[2025-10-20 14:44:53] [INFO] Session quantity updated: SCMPL0019030 = 0
[2025-10-20 14:44:53] [INFO] Session quantity updated: SCMPL0019030 = 0
[2025-10-20 14:44:54] [INFO] Session quantity updated: SCMPL0019030 = 0
[2025-10-20 14:44:57] [INFO] Session quantity updated: SCMPL0019028 = 0
[2025-10-20 14:44:58] [INFO] Session quantity updated: SCMPL0019028 = 0
[2025-10-20 14:44:58] [INFO] Session quantity updated: SCMPL0019028 = 2
[2025-10-20 14:44:58] [INFO] Session quantity updated: SCMPL0019028 = 2
[2025-10-20 14:44:59] [INFO] Session quantity updated: SCMPL0019028 = 2
[2025-10-20 14:45:07] [INFO] === PAGE ACCESS ===
[2025-10-20 14:45:07] [INFO] Request method: GET
[2025-10-20 14:45:07] [INFO] Search term: ''
[2025-10-20 14:45:07] [INFO] Current session ID: 2e9qhi5b1j5n2e30gsjbq2csq5
[2025-10-20 14:45:07] [INFO] Final session quantities count: 2
[2025-10-20 14:45:07] [INFO] Items in current view: 50
[2025-10-20 14:45:07] [INFO] Sales Page Load Debug Info:
Array
(
    [total_items] => 3607
    [current_page] => 1
    [total_pages] => 73
    [session_quantities_count] => 2
    [post_quantities_count] => 0
    [date_range] => 2025-10-20 to 2025-10-20
    [days_count] => 1
    [user_id] => 1
    [comp_id] => 1
    [license_type] => FL-II
    [allowed_classes] => Array
        (
            [0] => W
            [1] => V
            [2] => G
            [3] => F
            [4] => D
            [5] => K
            [6] => R
            [7] => O
            [8] => L
            [9] => O
            [10] => O
            [11] => O
            [12] => O
            [13] => M
        )

)

[2025-10-20 14:45:11] [INFO] === PAGE ACCESS ===
[2025-10-20 14:45:11] [INFO] Request method: POST
[2025-10-20 14:45:11] [INFO] Search term: ''
[2025-10-20 14:45:11] [INFO] Current session ID: 2e9qhi5b1j5n2e30gsjbq2csq5
[2025-10-20 14:45:12] [INFO] Session quantities updated from POST: 1 items
[2025-10-20 14:45:12] [INFO] Getting next bill number for CompID: 1
[2025-10-20 14:45:12] [INFO] Next bill number for CompID 1: 1
[2025-10-20 14:45:12] [INFO] Starting optimized cash memo generation for 1 bills
[2025-10-20 14:45:12] [INFO] Cash memo generated for bill: BL0001
[2025-10-20 14:45:12] [INFO] Cash memo generation completed: 1 successful, 0 failed
[2025-10-20 14:45:12] [INFO] Session quantities cleared
