[2025-10-08 15:20:10] [INFO] === PAGE ACCESS ===
[2025-10-08 15:20:10] [INFO] Request method: GET
[2025-10-08 15:20:10] [INFO] Search term: ''
[2025-10-08 15:20:10] [INFO] Current session ID: usaad692lfg4p4taikfd25d52b
[2025-10-08 15:20:10] [INFO] Final session quantities count: 0
[2025-10-08 15:20:10] [INFO] Items in current view: 50
[2025-10-08 15:20:10] [INFO] Sales Page Load Debug Info:
Array
(
    [total_items] => 3607
    [current_page] => 1
    [total_pages] => 73
    [session_quantities_count] => 0
    [post_quantities_count] => 0
    [date_range] => 2025-10-08 to 2025-10-08
    [days_count] => 1
    [user_id] => 1
    [comp_id] => 1
)

[2025-10-08 15:20:13] [INFO] === PAGE ACCESS ===
[2025-10-08 15:20:13] [INFO] Request method: GET
[2025-10-08 15:20:13] [INFO] Search term: ''
[2025-10-08 15:20:13] [INFO] Current session ID: usaad692lfg4p4taikfd25d52b
[2025-10-08 15:20:13] [INFO] License Type: FL-II
[2025-10-08 15:20:13] [INFO] Available Classes:
Array
(
    [0] => Array
        (
            [SRNO] => 1
            [SGROUP] => W
            [DESC] => WHISKY
            [LIQ_FLAG] => F
        )

    [1] => Array
        (
            [SRNO] => 2
            [SGROUP] => V
            [DESC] => WINES
            [LIQ_FLAG] => F
        )

    [2] => Array
        (
            [SRNO] => 3
            [SGROUP] => G
            [DESC] => GIN
            [LIQ_FLAG] => F
        )

    [3] => Array
        (
            [SRNO] => 4
            [SGROUP] => F
            [DESC] => FERMENTED BEER
            [LIQ_FLAG] => F
        )

    [4] => Array
        (
            [SRNO] => 5
            [SGROUP] => D
            [DESC] => BRANDY
            [LIQ_FLAG] => F
        )

    [5] => Array
        (
            [SRNO] => 6
            [SGROUP] => K
            [DESC] => VODKA
            [LIQ_FLAG] => F
        )

    [6] => Array
        (
            [SRNO] => 7
            [SGROUP] => R
            [DESC] => RUM
            [LIQ_FLAG] => F
        )

    [7] => Array
        (
            [SRNO] => 8
            [SGROUP] => O
            [DESC] => OTHERS/GENERAL
            [LIQ_FLAG] => F
        )

    [8] => Array
        (
            [SRNO] => 9
            [SGROUP] => L
            [DESC] => LIQUORS
            [LIQ_FLAG] => C
        )

    [9] => Array
        (
            [SRNO] => 10
            [SGROUP] => O
            [DESC] => OTHERS/GENERAL
            [LIQ_FLAG] => C
        )

    [10] => Array
        (
            [SRNO] => 11
            [SGROUP] => O
            [DESC] => COLD DRINKS
            [LIQ_FLAG] => O
        )

    [11] => Array
        (
            [SRNO] => 12
            [SGROUP] => O
            [DESC] => SODA
            [LIQ_FLAG] => O
        )

    [12] => Array
        (
            [SRNO] => 13
            [SGROUP] => O
            [DESC] => EXTRA CLASS
            [LIQ_FLAG] => O
        )

    [13] => Array
        (
            [SRNO] => 14
            [SGROUP] => M
            [DESC] => Mild Beer
            [LIQ_FLAG] => F
        )

)

[2025-10-08 15:20:13] [INFO] Filtering by class IDs: 1,2,3,4,5,6,7,8,9,10,11,12,13,14
[2025-10-08 15:41:53] [INFO] === PAGE ACCESS ===
[2025-10-08 15:41:53] [INFO] Request method: GET
[2025-10-08 15:41:53] [INFO] Search term: ''
[2025-10-08 15:41:53] [INFO] Current session ID: usaad692lfg4p4taikfd25d52b
[2025-10-08 15:41:53] [INFO] License Type: FL-II
[2025-10-08 15:41:53] [INFO] Available Classes:
Array
(
    [0] => Array
        (
            [SRNO] => 1
            [SGROUP] => W
            [DESC] => WHISKY
            [LIQ_FLAG] => F
        )

    [1] => Array
        (
            [SRNO] => 2
            [SGROUP] => V
            [DESC] => WINES
            [LIQ_FLAG] => F
        )

    [2] => Array
        (
            [SRNO] => 3
            [SGROUP] => G
            [DESC] => GIN
            [LIQ_FLAG] => F
        )

    [3] => Array
        (
            [SRNO] => 4
            [SGROUP] => F
            [DESC] => FERMENTED BEER
            [LIQ_FLAG] => F
        )

    [4] => Array
        (
            [SRNO] => 5
            [SGROUP] => D
            [DESC] => BRANDY
            [LIQ_FLAG] => F
        )

    [5] => Array
        (
            [SRNO] => 6
            [SGROUP] => K
            [DESC] => VODKA
            [LIQ_FLAG] => F
        )

    [6] => Array
        (
            [SRNO] => 7
            [SGROUP] => R
            [DESC] => RUM
            [LIQ_FLAG] => F
        )

    [7] => Array
        (
            [SRNO] => 8
            [SGROUP] => O
            [DESC] => OTHERS/GENERAL
            [LIQ_FLAG] => F
        )

    [8] => Array
        (
            [SRNO] => 9
            [SGROUP] => L
            [DESC] => LIQUORS
            [LIQ_FLAG] => C
        )

    [9] => Array
        (
            [SRNO] => 10
            [SGROUP] => O
            [DESC] => OTHERS/GENERAL
            [LIQ_FLAG] => C
        )

    [10] => Array
        (
            [SRNO] => 11
            [SGROUP] => O
            [DESC] => COLD DRINKS
            [LIQ_FLAG] => O
        )

    [11] => Array
        (
            [SRNO] => 12
            [SGROUP] => O
            [DESC] => SODA
            [LIQ_FLAG] => O
        )

    [12] => Array
        (
            [SRNO] => 13
            [SGROUP] => O
            [DESC] => EXTRA CLASS
            [LIQ_FLAG] => O
        )

    [13] => Array
        (
            [SRNO] => 14
            [SGROUP] => M
            [DESC] => Mild Beer
            [LIQ_FLAG] => F
        )

)

[2025-10-08 15:41:53] [INFO] Filtering by class IDs: 1,2,3,4,5,6,7,8,9,10,11,12,13,14
[2025-10-08 15:41:55] [INFO] === PAGE ACCESS ===
[2025-10-08 15:41:55] [INFO] Request method: GET
[2025-10-08 15:41:55] [INFO] Search term: ''
[2025-10-08 15:41:55] [INFO] Current session ID: usaad692lfg4p4taikfd25d52b
[2025-10-08 15:41:55] [INFO] Final session quantities count: 0
[2025-10-08 15:41:55] [INFO] Items in current view: 50
[2025-10-08 15:41:55] [INFO] Sales Page Load Debug Info:
Array
(
    [total_items] => 3607
    [current_page] => 1
    [total_pages] => 73
    [session_quantities_count] => 0
    [post_quantities_count] => 0
    [date_range] => 2025-10-08 to 2025-10-08
    [days_count] => 1
    [user_id] => 1
    [comp_id] => 1
)

[2025-10-08 15:47:18] [INFO] === PAGE ACCESS ===
[2025-10-08 15:47:18] [INFO] Request method: GET
[2025-10-08 15:47:18] [INFO] Search term: ''
[2025-10-08 15:47:18] [INFO] Current session ID: 3qv37t1teqmu9ko6p83e8hkm4m
[2025-10-08 15:47:18] [INFO] License Type: FLBR-II
[2025-10-08 15:47:18] [INFO] Available Classes:
Array
(
    [0] => Array
        (
            [SRNO] => 2
            [SGROUP] => V
            [DESC] => WINES
            [LIQ_FLAG] => F
        )

    [1] => Array
        (
            [SRNO] => 4
            [SGROUP] => F
            [DESC] => FERMENTED BEER
            [LIQ_FLAG] => F
        )

    [2] => Array
        (
            [SRNO] => 11
            [SGROUP] => O
            [DESC] => COLD DRINKS
            [LIQ_FLAG] => O
        )

    [3] => Array
        (
            [SRNO] => 12
            [SGROUP] => O
            [DESC] => SODA
            [LIQ_FLAG] => O
        )

    [4] => Array
        (
            [SRNO] => 13
            [SGROUP] => O
            [DESC] => EXTRA CLASS
            [LIQ_FLAG] => O
        )

    [5] => Array
        (
            [SRNO] => 14
            [SGROUP] => M
            [DESC] => Mild Beer
            [LIQ_FLAG] => F
        )

)

[2025-10-08 15:47:18] [INFO] Filtering by class IDs: 2,4,11,12,13,14
[2025-10-08 15:47:18] [INFO] Final session quantities count: 0
[2025-10-08 15:47:18] [INFO] Items in current view: 0
[2025-10-08 15:47:18] [INFO] Sales Page Load Debug Info:
Array
(
    [total_items] => 0
    [current_page] => 1
    [total_pages] => 0
    [session_quantities_count] => 0
    [post_quantities_count] => 0
    [date_range] => 2025-10-08 to 2025-10-08
    [days_count] => 1
    [user_id] => 2
    [comp_id] => 2
    [license_type] => FLBR-II
    [allowed_class_ids] => Array
        (
            [0] => 2
            [1] => 4
            [2] => 11
            [3] => 12
            [4] => 13
            [5] => 14
        )

)

[2025-10-08 15:47:25] [INFO] === PAGE ACCESS ===
[2025-10-08 15:47:25] [INFO] Request method: GET
[2025-10-08 15:47:25] [INFO] Search term: ''
[2025-10-08 15:47:25] [INFO] Current session ID: 3qv37t1teqmu9ko6p83e8hkm4m
[2025-10-08 15:47:26] [INFO] License Type: FLBR-II
[2025-10-08 15:47:26] [INFO] Available Classes:
Array
(
    [0] => Array
        (
            [SRNO] => 2
            [SGROUP] => V
            [DESC] => WINES
            [LIQ_FLAG] => F
        )

    [1] => Array
        (
            [SRNO] => 4
            [SGROUP] => F
            [DESC] => FERMENTED BEER
            [LIQ_FLAG] => F
        )

    [2] => Array
        (
            [SRNO] => 11
            [SGROUP] => O
            [DESC] => COLD DRINKS
            [LIQ_FLAG] => O
        )

    [3] => Array
        (
            [SRNO] => 12
            [SGROUP] => O
            [DESC] => SODA
            [LIQ_FLAG] => O
        )

    [4] => Array
        (
            [SRNO] => 13
            [SGROUP] => O
            [DESC] => EXTRA CLASS
            [LIQ_FLAG] => O
        )

    [5] => Array
        (
            [SRNO] => 14
            [SGROUP] => M
            [DESC] => Mild Beer
            [LIQ_FLAG] => F
        )

)

[2025-10-08 15:47:26] [INFO] Filtering by class IDs: 2,4,11,12,13,14
[2025-10-08 15:47:26] [INFO] Final session quantities count: 0
[2025-10-08 15:47:26] [INFO] Items in current view: 0
[2025-10-08 15:47:26] [INFO] Sales Page Load Debug Info:
Array
(
    [total_items] => 0
    [current_page] => 1
    [total_pages] => 0
    [session_quantities_count] => 0
    [post_quantities_count] => 0
    [date_range] => 2025-10-08 to 2025-10-08
    [days_count] => 1
    [user_id] => 2
    [comp_id] => 2
    [license_type] => FLBR-II
    [allowed_class_ids] => Array
        (
            [0] => 2
            [1] => 4
            [2] => 11
            [3] => 12
            [4] => 13
            [5] => 14
        )

)

[2025-10-08 15:47:26] [INFO] === PAGE ACCESS ===
[2025-10-08 15:47:26] [INFO] Request method: GET
[2025-10-08 15:47:26] [INFO] Search term: ''
[2025-10-08 15:47:26] [INFO] Current session ID: 3qv37t1teqmu9ko6p83e8hkm4m
[2025-10-08 15:47:26] [INFO] License Type: FLBR-II
[2025-10-08 15:47:26] [INFO] Available Classes:
Array
(
    [0] => Array
        (
            [SRNO] => 2
            [SGROUP] => V
            [DESC] => WINES
            [LIQ_FLAG] => F
        )

    [1] => Array
        (
            [SRNO] => 4
            [SGROUP] => F
            [DESC] => FERMENTED BEER
            [LIQ_FLAG] => F
        )

    [2] => Array
        (
            [SRNO] => 11
            [SGROUP] => O
            [DESC] => COLD DRINKS
            [LIQ_FLAG] => O
        )

    [3] => Array
        (
            [SRNO] => 12
            [SGROUP] => O
            [DESC] => SODA
            [LIQ_FLAG] => O
        )

    [4] => Array
        (
            [SRNO] => 13
            [SGROUP] => O
            [DESC] => EXTRA CLASS
            [LIQ_FLAG] => O
        )

    [5] => Array
        (
            [SRNO] => 14
            [SGROUP] => M
            [DESC] => Mild Beer
            [LIQ_FLAG] => F
        )

)

[2025-10-08 15:47:26] [INFO] Filtering by class IDs: 2,4,11,12,13,14
[2025-10-08 15:47:26] [INFO] Final session quantities count: 0
[2025-10-08 15:47:26] [INFO] Items in current view: 0
[2025-10-08 15:47:26] [INFO] Sales Page Load Debug Info:
Array
(
    [total_items] => 0
    [current_page] => 1
    [total_pages] => 0
    [session_quantities_count] => 0
    [post_quantities_count] => 0
    [date_range] => 2025-10-08 to 2025-10-08
    [days_count] => 1
    [user_id] => 2
    [comp_id] => 2
    [license_type] => FLBR-II
    [allowed_class_ids] => Array
        (
            [0] => 2
            [1] => 4
            [2] => 11
            [3] => 12
            [4] => 13
            [5] => 14
        )

)

[2025-10-08 15:47:26] [INFO] === PAGE ACCESS ===
[2025-10-08 15:47:26] [INFO] Request method: GET
[2025-10-08 15:47:26] [INFO] Search term: ''
[2025-10-08 15:47:26] [INFO] Current session ID: 3qv37t1teqmu9ko6p83e8hkm4m
[2025-10-08 15:47:26] [INFO] License Type: FLBR-II
[2025-10-08 15:47:26] [INFO] Available Classes:
Array
(
    [0] => Array
        (
            [SRNO] => 2
            [SGROUP] => V
            [DESC] => WINES
            [LIQ_FLAG] => F
        )

    [1] => Array
        (
            [SRNO] => 4
            [SGROUP] => F
            [DESC] => FERMENTED BEER
            [LIQ_FLAG] => F
        )

    [2] => Array
        (
            [SRNO] => 11
            [SGROUP] => O
            [DESC] => COLD DRINKS
            [LIQ_FLAG] => O
        )

    [3] => Array
        (
            [SRNO] => 12
            [SGROUP] => O
            [DESC] => SODA
            [LIQ_FLAG] => O
        )

    [4] => Array
        (
            [SRNO] => 13
            [SGROUP] => O
            [DESC] => EXTRA CLASS
            [LIQ_FLAG] => O
        )

    [5] => Array
        (
            [SRNO] => 14
            [SGROUP] => M
            [DESC] => Mild Beer
            [LIQ_FLAG] => F
        )

)

[2025-10-08 15:47:26] [INFO] Filtering by class IDs: 2,4,11,12,13,14
[2025-10-08 15:47:27] [INFO] Final session quantities count: 0
[2025-10-08 15:47:27] [INFO] Items in current view: 0
[2025-10-08 15:47:27] [INFO] Sales Page Load Debug Info:
Array
(
    [total_items] => 0
    [current_page] => 1
    [total_pages] => 0
    [session_quantities_count] => 0
    [post_quantities_count] => 0
    [date_range] => 2025-10-08 to 2025-10-08
    [days_count] => 1
    [user_id] => 2
    [comp_id] => 2
    [license_type] => FLBR-II
    [allowed_class_ids] => Array
        (
            [0] => 2
            [1] => 4
            [2] => 11
            [3] => 12
            [4] => 13
            [5] => 14
        )

)

[2025-10-08 15:47:28] [INFO] === PAGE ACCESS ===
[2025-10-08 15:47:28] [INFO] Request method: GET
[2025-10-08 15:47:28] [INFO] Search term: ''
[2025-10-08 15:47:28] [INFO] Current session ID: 3qv37t1teqmu9ko6p83e8hkm4m
[2025-10-08 15:47:28] [INFO] License Type: FLBR-II
[2025-10-08 15:47:28] [INFO] Available Classes:
Array
(
    [0] => Array
        (
            [SRNO] => 2
            [SGROUP] => V
            [DESC] => WINES
            [LIQ_FLAG] => F
        )

    [1] => Array
        (
            [SRNO] => 4
            [SGROUP] => F
            [DESC] => FERMENTED BEER
            [LIQ_FLAG] => F
        )

    [2] => Array
        (
            [SRNO] => 11
            [SGROUP] => O
            [DESC] => COLD DRINKS
            [LIQ_FLAG] => O
        )

    [3] => Array
        (
            [SRNO] => 12
            [SGROUP] => O
            [DESC] => SODA
            [LIQ_FLAG] => O
        )

    [4] => Array
        (
            [SRNO] => 13
            [SGROUP] => O
            [DESC] => EXTRA CLASS
            [LIQ_FLAG] => O
        )

    [5] => Array
        (
            [SRNO] => 14
            [SGROUP] => M
            [DESC] => Mild Beer
            [LIQ_FLAG] => F
        )

)

[2025-10-08 15:47:28] [INFO] Filtering by class IDs: 2,4,11,12,13,14
[2025-10-08 15:47:28] [INFO] Final session quantities count: 0
[2025-10-08 15:47:28] [INFO] Items in current view: 0
[2025-10-08 15:47:28] [INFO] Sales Page Load Debug Info:
Array
(
    [total_items] => 0
    [current_page] => 1
    [total_pages] => 0
    [session_quantities_count] => 0
    [post_quantities_count] => 0
    [date_range] => 2025-10-08 to 2025-10-08
    [days_count] => 1
    [user_id] => 2
    [comp_id] => 2
    [license_type] => FLBR-II
    [allowed_class_ids] => Array
        (
            [0] => 2
            [1] => 4
            [2] => 11
            [3] => 12
            [4] => 13
            [5] => 14
        )

)

[2025-10-08 15:47:29] [INFO] === PAGE ACCESS ===
[2025-10-08 15:47:29] [INFO] Request method: GET
[2025-10-08 15:47:29] [INFO] Search term: ''
[2025-10-08 15:47:29] [INFO] Current session ID: 3qv37t1teqmu9ko6p83e8hkm4m
[2025-10-08 15:47:29] [INFO] License Type: FLBR-II
[2025-10-08 15:47:29] [INFO] Available Classes:
Array
(
    [0] => Array
        (
            [SRNO] => 2
            [SGROUP] => V
            [DESC] => WINES
            [LIQ_FLAG] => F
        )

    [1] => Array
        (
            [SRNO] => 4
            [SGROUP] => F
            [DESC] => FERMENTED BEER
            [LIQ_FLAG] => F
        )

    [2] => Array
        (
            [SRNO] => 11
            [SGROUP] => O
            [DESC] => COLD DRINKS
            [LIQ_FLAG] => O
        )

    [3] => Array
        (
            [SRNO] => 12
            [SGROUP] => O
            [DESC] => SODA
            [LIQ_FLAG] => O
        )

    [4] => Array
        (
            [SRNO] => 13
            [SGROUP] => O
            [DESC] => EXTRA CLASS
            [LIQ_FLAG] => O
        )

    [5] => Array
        (
            [SRNO] => 14
            [SGROUP] => M
            [DESC] => Mild Beer
            [LIQ_FLAG] => F
        )

)

[2025-10-08 15:47:29] [INFO] Filtering by class IDs: 2,4,11,12,13,14
[2025-10-08 15:47:29] [INFO] Final session quantities count: 0
[2025-10-08 15:47:29] [INFO] Items in current view: 0
[2025-10-08 15:47:29] [INFO] Sales Page Load Debug Info:
Array
(
    [total_items] => 0
    [current_page] => 1
    [total_pages] => 0
    [session_quantities_count] => 0
    [post_quantities_count] => 0
    [date_range] => 2025-10-08 to 2025-10-08
    [days_count] => 1
    [user_id] => 2
    [comp_id] => 2
    [license_type] => FLBR-II
    [allowed_class_ids] => Array
        (
            [0] => 2
            [1] => 4
            [2] => 11
            [3] => 12
            [4] => 13
            [5] => 14
        )

)

[2025-10-08 15:47:40] [INFO] === PAGE ACCESS ===
[2025-10-08 15:47:40] [INFO] Request method: GET
[2025-10-08 15:47:40] [INFO] Search term: ''
[2025-10-08 15:47:40] [INFO] Current session ID: 3qv37t1teqmu9ko6p83e8hkm4m
[2025-10-08 15:47:40] [INFO] License Type: FLBR-II
[2025-10-08 15:47:40] [INFO] Available Classes:
Array
(
    [0] => Array
        (
            [SRNO] => 2
            [SGROUP] => V
            [DESC] => WINES
            [LIQ_FLAG] => F
        )

    [1] => Array
        (
            [SRNO] => 4
            [SGROUP] => F
            [DESC] => FERMENTED BEER
            [LIQ_FLAG] => F
        )

    [2] => Array
        (
            [SRNO] => 11
            [SGROUP] => O
            [DESC] => COLD DRINKS
            [LIQ_FLAG] => O
        )

    [3] => Array
        (
            [SRNO] => 12
            [SGROUP] => O
            [DESC] => SODA
            [LIQ_FLAG] => O
        )

    [4] => Array
        (
            [SRNO] => 13
            [SGROUP] => O
            [DESC] => EXTRA CLASS
            [LIQ_FLAG] => O
        )

    [5] => Array
        (
            [SRNO] => 14
            [SGROUP] => M
            [DESC] => Mild Beer
            [LIQ_FLAG] => F
        )

)

[2025-10-08 15:47:40] [INFO] Filtering by class IDs: 2,4,11,12,13,14
[2025-10-08 15:47:58] [INFO] === PAGE ACCESS ===
[2025-10-08 15:47:58] [INFO] Request method: GET
[2025-10-08 15:47:58] [INFO] Search term: ''
[2025-10-08 15:47:58] [INFO] Current session ID: 3qv37t1teqmu9ko6p83e8hkm4m
[2025-10-08 15:47:58] [INFO] Final session quantities count: 0
[2025-10-08 15:47:58] [INFO] Items in current view: 50
[2025-10-08 15:47:58] [INFO] Sales Page Load Debug Info:
Array
(
    [total_items] => 3607
    [current_page] => 1
    [total_pages] => 73
    [session_quantities_count] => 0
    [post_quantities_count] => 0
    [date_range] => 2025-10-08 to 2025-10-08
    [days_count] => 1
    [user_id] => 2
    [comp_id] => 2
)

[2025-10-08 16:27:46] [INFO] === PAGE ACCESS ===
[2025-10-08 16:27:46] [INFO] Request method: GET
[2025-10-08 16:27:46] [INFO] Search term: ''
[2025-10-08 16:27:46] [INFO] Current session ID: 3qv37t1teqmu9ko6p83e8hkm4m
[2025-10-08 16:27:46] [INFO] Final session quantities count: 0
[2025-10-08 16:27:46] [INFO] Items in current view: 50
[2025-10-08 16:27:46] [INFO] Sales Page Load Debug Info:
Array
(
    [total_items] => 916
    [current_page] => 1
    [total_pages] => 19
    [session_quantities_count] => 0
    [post_quantities_count] => 0
    [date_range] => 2025-10-08 to 2025-10-08
    [days_count] => 1
    [user_id] => 2
    [comp_id] => 2
    [license_type] => FLBR-II
    [allowed_classes] => Array
        (
            [0] => V
            [1] => F
            [2] => O
            [3] => O
            [4] => O
            [5] => M
        )

)

[2025-10-08 16:28:34] [INFO] === PAGE ACCESS ===
[2025-10-08 16:28:34] [INFO] Request method: GET
[2025-10-08 16:28:34] [INFO] Search term: ''
[2025-10-08 16:28:34] [INFO] Current session ID: usaad692lfg4p4taikfd25d52b
[2025-10-08 16:28:34] [INFO] Final session quantities count: 0
[2025-10-08 16:28:34] [INFO] Items in current view: 50
[2025-10-08 16:28:34] [INFO] Sales Page Load Debug Info:
Array
(
    [total_items] => 3607
    [current_page] => 1
    [total_pages] => 73
    [session_quantities_count] => 0
    [post_quantities_count] => 0
    [date_range] => 2025-10-08 to 2025-10-08
    [days_count] => 1
    [user_id] => 1
    [comp_id] => 1
    [license_type] => FL-II
    [allowed_classes] => Array
        (
            [0] => W
            [1] => V
            [2] => G
            [3] => F
            [4] => D
            [5] => K
            [6] => R
            [7] => O
            [8] => L
            [9] => O
            [10] => O
            [11] => O
            [12] => O
            [13] => M
        )

)

[2025-10-08 16:28:34] [INFO] === PAGE ACCESS ===
[2025-10-08 16:28:34] [INFO] Request method: GET
[2025-10-08 16:28:34] [INFO] Search term: ''
[2025-10-08 16:28:34] [INFO] Current session ID: usaad692lfg4p4taikfd25d52b
[2025-10-08 16:28:34] [INFO] Final session quantities count: 0
[2025-10-08 16:28:34] [INFO] Items in current view: 50
[2025-10-08 16:28:34] [INFO] Sales Page Load Debug Info:
Array
(
    [total_items] => 3607
    [current_page] => 1
    [total_pages] => 73
    [session_quantities_count] => 0
    [post_quantities_count] => 0
    [date_range] => 2025-10-08 to 2025-10-08
    [days_count] => 1
    [user_id] => 1
    [comp_id] => 1
    [license_type] => FL-II
    [allowed_classes] => Array
        (
            [0] => W
            [1] => V
            [2] => G
            [3] => F
            [4] => D
            [5] => K
            [6] => R
            [7] => O
            [8] => L
            [9] => O
            [10] => O
            [11] => O
            [12] => O
            [13] => M
        )

)

[2025-10-08 16:28:37] [INFO] === PAGE ACCESS ===
[2025-10-08 16:28:37] [INFO] Request method: GET
[2025-10-08 16:28:37] [INFO] Search term: ''
[2025-10-08 16:28:37] [INFO] Current session ID: usaad692lfg4p4taikfd25d52b
[2025-10-08 16:28:37] [INFO] Final session quantities count: 0
[2025-10-08 16:28:37] [INFO] Items in current view: 50
[2025-10-08 16:28:37] [INFO] Sales Page Load Debug Info:
Array
(
    [total_items] => 3607
    [current_page] => 1
    [total_pages] => 73
    [session_quantities_count] => 0
    [post_quantities_count] => 0
    [date_range] => 2025-10-08 to 2025-10-08
    [days_count] => 1
    [user_id] => 1
    [comp_id] => 1
)

[2025-10-08 16:28:43] [INFO] === PAGE ACCESS ===
[2025-10-08 16:28:43] [INFO] Request method: GET
[2025-10-08 16:28:43] [INFO] Search term: ''
[2025-10-08 16:28:43] [INFO] Current session ID: 3qv37t1teqmu9ko6p83e8hkm4m
[2025-10-08 16:28:44] [INFO] Final session quantities count: 0
[2025-10-08 16:28:44] [INFO] Items in current view: 50
[2025-10-08 16:28:44] [INFO] Sales Page Load Debug Info:
Array
(
    [total_items] => 3607
    [current_page] => 1
    [total_pages] => 73
    [session_quantities_count] => 0
    [post_quantities_count] => 0
    [date_range] => 2025-10-08 to 2025-10-08
    [days_count] => 1
    [user_id] => 2
    [comp_id] => 2
)

[2025-10-08 16:28:53] [INFO] === PAGE ACCESS ===
[2025-10-08 16:28:53] [INFO] Request method: GET
[2025-10-08 16:28:53] [INFO] Search term: ''
[2025-10-08 16:28:53] [INFO] Current session ID: 3qv37t1teqmu9ko6p83e8hkm4m
[2025-10-08 16:28:53] [INFO] Final session quantities count: 0
[2025-10-08 16:28:53] [INFO] Items in current view: 50
[2025-10-08 16:28:53] [INFO] Sales Page Load Debug Info:
Array
(
    [total_items] => 916
    [current_page] => 1
    [total_pages] => 19
    [session_quantities_count] => 0
    [post_quantities_count] => 0
    [date_range] => 2025-10-08 to 2025-10-08
    [days_count] => 1
    [user_id] => 2
    [comp_id] => 2
    [license_type] => FLBR-II
    [allowed_classes] => Array
        (
            [0] => V
            [1] => F
            [2] => O
            [3] => O
            [4] => O
            [5] => M
        )

)

[2025-10-08 18:15:08] [INFO] === PAGE ACCESS ===
[2025-10-08 18:15:08] [INFO] Request method: GET
[2025-10-08 18:15:08] [INFO] Search term: ''
[2025-10-08 18:15:08] [INFO] Current session ID: usaad692lfg4p4taikfd25d52b
[2025-10-08 18:15:08] [INFO] Final session quantities count: 0
[2025-10-08 18:15:08] [INFO] Items in current view: 50
[2025-10-08 18:15:08] [INFO] Sales Page Load Debug Info:
Array
(
    [total_items] => 3607
    [current_page] => 1
    [total_pages] => 73
    [session_quantities_count] => 0
    [post_quantities_count] => 0
    [date_range] => 2025-10-08 to 2025-10-08
    [days_count] => 1
    [user_id] => 1
    [comp_id] => 1
    [license_type] => FL-II
    [allowed_classes] => Array
        (
            [0] => W
            [1] => V
            [2] => G
            [3] => F
            [4] => D
            [5] => K
            [6] => R
            [7] => O
            [8] => L
            [9] => O
            [10] => O
            [11] => O
            [12] => O
            [13] => M
        )

)

[2025-10-08 18:15:57] [INFO] === PAGE ACCESS ===
[2025-10-08 18:15:57] [INFO] Request method: GET
[2025-10-08 18:15:57] [INFO] Search term: ''
[2025-10-08 18:15:57] [INFO] Current session ID: 542q2tlaimqr51jk26cpd7ohkp
[2025-10-08 18:15:57] [INFO] Final session quantities count: 0
[2025-10-08 18:15:57] [INFO] Items in current view: 50
[2025-10-08 18:15:57] [INFO] Sales Page Load Debug Info:
Array
(
    [total_items] => 916
    [current_page] => 1
    [total_pages] => 19
    [session_quantities_count] => 0
    [post_quantities_count] => 0
    [date_range] => 2025-10-08 to 2025-10-08
    [days_count] => 1
    [user_id] => 2
    [comp_id] => 2
    [license_type] => FLBR-II
    [allowed_classes] => Array
        (
            [0] => V
            [1] => F
            [2] => O
            [3] => O
            [4] => O
            [5] => M
        )

)

[2025-10-08 18:16:01] [INFO] === PAGE ACCESS ===
[2025-10-08 18:16:01] [INFO] Request method: GET
[2025-10-08 18:16:01] [INFO] Search term: ''
[2025-10-08 18:16:01] [INFO] Current session ID: 542q2tlaimqr51jk26cpd7ohkp
[2025-10-08 18:16:01] [INFO] Final session quantities count: 0
[2025-10-08 18:16:01] [INFO] Items in current view: 50
[2025-10-08 18:16:01] [INFO] Sales Page Load Debug Info:
Array
(
    [total_items] => 916
    [current_page] => 1
    [total_pages] => 19
    [session_quantities_count] => 0
    [post_quantities_count] => 0
    [date_range] => 2025-10-08 to 2025-10-08
    [days_count] => 1
    [user_id] => 2
    [comp_id] => 2
    [license_type] => FLBR-II
    [allowed_classes] => Array
        (
            [0] => V
            [1] => F
            [2] => O
            [3] => O
            [4] => O
            [5] => M
        )

)

[2025-10-08 18:16:03] [INFO] === PAGE ACCESS ===
[2025-10-08 18:16:03] [INFO] Request method: GET
[2025-10-08 18:16:03] [INFO] Search term: ''
[2025-10-08 18:16:03] [INFO] Current session ID: 542q2tlaimqr51jk26cpd7ohkp
[2025-10-08 18:16:04] [INFO] Final session quantities count: 0
[2025-10-08 18:16:04] [INFO] Items in current view: 50
[2025-10-08 18:16:04] [INFO] Sales Page Load Debug Info:
Array
(
    [total_items] => 916
    [current_page] => 1
    [total_pages] => 19
    [session_quantities_count] => 0
    [post_quantities_count] => 0
    [date_range] => 2025-10-08 to 2025-10-08
    [days_count] => 1
    [user_id] => 2
    [comp_id] => 2
    [license_type] => FLBR-II
    [allowed_classes] => Array
        (
            [0] => V
            [1] => F
            [2] => O
            [3] => O
            [4] => O
            [5] => M
        )

)

[2025-10-08 18:16:08] [INFO] === PAGE ACCESS ===
[2025-10-08 18:16:08] [INFO] Request method: GET
[2025-10-08 18:16:08] [INFO] Search term: ''
[2025-10-08 18:16:08] [INFO] Current session ID: 542q2tlaimqr51jk26cpd7ohkp
[2025-10-08 18:16:08] [INFO] Final session quantities count: 0
[2025-10-08 18:16:08] [INFO] Items in current view: 50
[2025-10-08 18:16:08] [INFO] Sales Page Load Debug Info:
Array
(
    [total_items] => 916
    [current_page] => 1
    [total_pages] => 19
    [session_quantities_count] => 0
    [post_quantities_count] => 0
    [date_range] => 2025-10-08 to 2025-10-08
    [days_count] => 1
    [user_id] => 2
    [comp_id] => 2
    [license_type] => FLBR-II
    [allowed_classes] => Array
        (
            [0] => V
            [1] => F
            [2] => O
            [3] => O
            [4] => O
            [5] => M
        )

)

[2025-10-08 18:16:13] [INFO] === PAGE ACCESS ===
[2025-10-08 18:16:13] [INFO] Request method: GET
[2025-10-08 18:16:13] [INFO] Search term: ''
[2025-10-08 18:16:13] [INFO] Current session ID: 542q2tlaimqr51jk26cpd7ohkp
[2025-10-08 18:16:13] [INFO] Final session quantities count: 0
[2025-10-08 18:16:13] [INFO] Items in current view: 50
[2025-10-08 18:16:13] [INFO] Sales Page Load Debug Info:
Array
(
    [total_items] => 916
    [current_page] => 1
    [total_pages] => 19
    [session_quantities_count] => 0
    [post_quantities_count] => 0
    [date_range] => 2025-10-08 to 2025-10-08
    [days_count] => 1
    [user_id] => 2
    [comp_id] => 2
    [license_type] => FLBR-II
    [allowed_classes] => Array
        (
            [0] => V
            [1] => F
            [2] => O
            [3] => O
            [4] => O
            [5] => M
        )

)

