[2026-02-11 13:38:17] [INFO] === PAGE ACCESS ===
[2026-02-11 13:38:17] [INFO] Request method: GET
[2026-02-11 13:38:17] [INFO] Search term: ''
[2026-02-11 13:38:17] [INFO] Current session ID: oi6eq7lt2gq5rpa16393g2k3ek
[2026-02-11 13:38:18] [INFO] Final session quantities count: 0
[2026-02-11 13:38:18] [INFO] Items in current view: 1
[2026-02-11 13:38:18] [INFO] Sales Page Load Debug Info:
Array
(
    [total_items] => 1
    [current_page] => 1
    [total_pages] => 1
    [session_quantities_count] => 0
    [post_quantities_count] => 0
    [date_range] => 2026-02-11 to 2026-02-11
    [days_count] => 1
    [user_id] => 1
    [comp_id] => 1
    [license_type] => FL-II
    [allowed_sgroups] => Array
        (
            [0] => W
            [1] => V
            [2] => M
            [3] => F
            [4] => D
            [5] => K
            [6] => G
            [7] => R
            [8] => O
        )

    [end_date_day] => 11
    [closing_column] => DAY_11_CLOSING
    [end_date_month] => 2026-02
    [stock_filter] => > 0
    [daily_stock_table] => tbldailystock_1
    [table_suffix] => 
    [current_month] => 2026-02
)

[2026-02-11 15:06:45] [INFO] === PAGE ACCESS ===
[2026-02-11 15:06:45] [INFO] Request method: GET
[2026-02-11 15:06:45] [INFO] Search term: ''
[2026-02-11 15:06:45] [INFO] Current session ID: oi6eq7lt2gq5rpa16393g2k3ek
[2026-02-11 15:06:46] [INFO] Final session quantities count: 0
[2026-02-11 15:06:46] [INFO] Items in current view: 50
[2026-02-11 15:06:46] [INFO] Sales Page Load Debug Info:
Array
(
    [total_items] => 108
    [current_page] => 1
    [total_pages] => 3
    [session_quantities_count] => 0
    [post_quantities_count] => 0
    [date_range] => 2026-02-11 to 2026-02-11
    [days_count] => 1
    [user_id] => 1
    [comp_id] => 1
    [license_type] => FL-II
    [allowed_sgroups] => Array
        (
            [0] => W
            [1] => V
            [2] => M
            [3] => F
            [4] => D
            [5] => K
            [6] => G
            [7] => R
            [8] => O
        )

    [end_date_day] => 11
    [closing_column] => DAY_11_CLOSING
    [end_date_month] => 2026-02
    [stock_filter] => > 0
    [daily_stock_table] => tbldailystock_1
    [table_suffix] => 
    [current_month] => 2026-02
)

[2026-02-11 15:06:46] [INFO] === PAGE ACCESS ===
[2026-02-11 15:06:46] [INFO] Request method: GET
[2026-02-11 15:06:46] [INFO] Search term: ''
[2026-02-11 15:06:46] [INFO] Current session ID: oi6eq7lt2gq5rpa16393g2k3ek
[2026-02-11 15:06:46] [INFO] Final session quantities count: 0
[2026-02-11 15:06:46] [INFO] Items in current view: 50
[2026-02-11 15:06:46] [INFO] Sales Page Load Debug Info:
Array
(
    [total_items] => 108
    [current_page] => 1
    [total_pages] => 3
    [session_quantities_count] => 0
    [post_quantities_count] => 0
    [date_range] => 2026-02-11 to 2026-02-11
    [days_count] => 1
    [user_id] => 1
    [comp_id] => 1
    [license_type] => FL-II
    [allowed_sgroups] => Array
        (
            [0] => W
            [1] => V
            [2] => M
            [3] => F
            [4] => D
            [5] => K
            [6] => G
            [7] => R
            [8] => O
        )

    [end_date_day] => 11
    [closing_column] => DAY_11_CLOSING
    [end_date_month] => 2026-02
    [stock_filter] => > 0
    [daily_stock_table] => tbldailystock_1
    [table_suffix] => 
    [current_month] => 2026-02
)

[2026-02-11 15:06:57] [INFO] === PAGE ACCESS ===
[2026-02-11 15:06:57] [INFO] Request method: GET
[2026-02-11 15:06:57] [INFO] Search term: ''
[2026-02-11 15:06:57] [INFO] Current session ID: oi6eq7lt2gq5rpa16393g2k3ek
[2026-02-11 15:06:57] [INFO] Final session quantities count: 0
[2026-02-11 15:06:57] [INFO] Items in current view: 8
[2026-02-11 15:06:57] [INFO] Sales Page Load Debug Info:
Array
(
    [total_items] => 108
    [current_page] => 3
    [total_pages] => 3
    [session_quantities_count] => 0
    [post_quantities_count] => 0
    [date_range] => 2026-02-11 to 2026-02-11
    [days_count] => 1
    [user_id] => 1
    [comp_id] => 1
    [license_type] => FL-II
    [allowed_sgroups] => Array
        (
            [0] => W
            [1] => V
            [2] => M
            [3] => F
            [4] => D
            [5] => K
            [6] => G
            [7] => R
            [8] => O
        )

    [end_date_day] => 11
    [closing_column] => DAY_11_CLOSING
    [end_date_month] => 2026-02
    [stock_filter] => > 0
    [daily_stock_table] => tbldailystock_1
    [table_suffix] => 
    [current_month] => 2026-02
)

[2026-02-11 15:07:00] [INFO] === PAGE ACCESS ===
[2026-02-11 15:07:00] [INFO] Request method: GET
[2026-02-11 15:07:00] [INFO] Search term: ''
[2026-02-11 15:07:00] [INFO] Current session ID: oi6eq7lt2gq5rpa16393g2k3ek
[2026-02-11 15:07:01] [INFO] Final session quantities count: 0
[2026-02-11 15:07:01] [INFO] Items in current view: 50
[2026-02-11 15:07:01] [INFO] Sales Page Load Debug Info:
Array
(
    [total_items] => 108
    [current_page] => 1
    [total_pages] => 3
    [session_quantities_count] => 0
    [post_quantities_count] => 0
    [date_range] => 2026-02-11 to 2026-02-11
    [days_count] => 1
    [user_id] => 1
    [comp_id] => 1
    [license_type] => FL-II
    [allowed_sgroups] => Array
        (
            [0] => W
            [1] => V
            [2] => M
            [3] => F
            [4] => D
            [5] => K
            [6] => G
            [7] => R
            [8] => O
        )

    [end_date_day] => 11
    [closing_column] => DAY_11_CLOSING
    [end_date_month] => 2026-02
    [stock_filter] => > 0
    [daily_stock_table] => tbldailystock_1
    [table_suffix] => 
    [current_month] => 2026-02
)

