[2025-10-12 08:05:37] [INFO] === PAGE ACCESS ===
[2025-10-12 08:05:37] [INFO] Request method: GET
[2025-10-12 08:05:37] [INFO] Search term: ''
[2025-10-12 08:05:37] [INFO] Current session ID: m7ahfbnlsnruqn88hc9vdsfuu4
[2025-10-12 08:05:37] [INFO] Final session quantities count: 0
[2025-10-12 08:05:37] [INFO] Items in current view: 50
[2025-10-12 08:05:37] [INFO] Sales Page Load Debug Info:
Array
(
    [total_items] => 3607
    [current_page] => 1
    [total_pages] => 73
    [session_quantities_count] => 0
    [post_quantities_count] => 0
    [date_range] => 2025-10-12 to 2025-10-12
    [days_count] => 1
    [user_id] => 1
    [comp_id] => 1
    [license_type] => FL-II
    [allowed_classes] => Array
        (
            [0] => W
            [1] => V
            [2] => G
            [3] => F
            [4] => D
            [5] => K
            [6] => R
            [7] => O
            [8] => L
            [9] => O
            [10] => O
            [11] => O
            [12] => O
            [13] => M
        )

)

[2025-10-12 08:05:59] [INFO] === PAGE ACCESS ===
[2025-10-12 08:05:59] [INFO] Request method: GET
[2025-10-12 08:05:59] [INFO] Search term: ''
[2025-10-12 08:05:59] [INFO] Current session ID: m7ahfbnlsnruqn88hc9vdsfuu4
[2025-10-12 08:05:59] [INFO] Final session quantities count: 0
[2025-10-12 08:05:59] [INFO] Items in current view: 50
[2025-10-12 08:05:59] [INFO] Sales Page Load Debug Info:
Array
(
    [total_items] => 3607
    [current_page] => 1
    [total_pages] => 73
    [session_quantities_count] => 0
    [post_quantities_count] => 0
    [date_range] => 2025-10-12 to 2025-10-12
    [days_count] => 1
    [user_id] => 1
    [comp_id] => 1
    [license_type] => FL-II
    [allowed_classes] => Array
        (
            [0] => W
            [1] => V
            [2] => G
            [3] => F
            [4] => D
            [5] => K
            [6] => R
            [7] => O
            [8] => L
            [9] => O
            [10] => O
            [11] => O
            [12] => O
            [13] => M
        )

)

[2025-10-12 08:06:02] [INFO] Session quantity updated: SCMPL0019028 = 0
[2025-10-12 08:06:03] [INFO] Session quantity updated: SCMPL0019028 = 1
[2025-10-12 08:06:03] [INFO] Session quantity updated: SCMPL0019028 = 1
[2025-10-12 08:06:04] [INFO] Session quantity updated: SCMPL0019028 = 1
[2025-10-12 08:06:06] [INFO] === PAGE ACCESS ===
[2025-10-12 08:06:06] [INFO] Request method: POST
[2025-10-12 08:06:06] [INFO] Search term: ''
[2025-10-12 08:06:06] [INFO] Current session ID: m7ahfbnlsnruqn88hc9vdsfuu4
[2025-10-12 08:06:06] [INFO] Session quantities updated from POST: 1 items
[2025-10-12 08:06:06] [INFO] Getting next bill number
[2025-10-12 08:06:06] [INFO] Next bill number: 1
[2025-10-12 08:06:06] [INFO] Daily stock updated successfully for item SCMPL0019028 on 2025-10-12 in table tbldailystock_1: Sales=1, Closing=199
[2025-10-12 08:06:06] [INFO] Session quantities cleared
