[2025-11-16 15:20:11] [INFO] === PAGE ACCESS ===
[2025-11-16 15:20:11] [INFO] Request method: GET
[2025-11-16 15:20:11] [INFO] Search term: ''
[2025-11-16 15:20:11] [INFO] Current session ID: 7chrtn56447u6r8johlir48t0t
[2025-11-16 15:20:11] [INFO] Final session quantities count: 0
[2025-11-16 15:20:11] [INFO] Items in current view: 50
[2025-11-16 15:20:11] [INFO] Sales Page Load Debug Info:
Array
(
    [total_items] => 3607
    [current_page] => 1
    [total_pages] => 73
    [session_quantities_count] => 0
    [post_quantities_count] => 0
    [date_range] => 2025-11-16 to 2025-11-16
    [days_count] => 1
    [user_id] => 1
    [comp_id] => 1
    [license_type] => FL-II
    [allowed_classes] => Array
        (
            [0] => W
            [1] => V
            [2] => G
            [3] => F
            [4] => D
            [5] => K
            [6] => R
            [7] => O
            [8] => L
            [9] => O
            [10] => O
            [11] => O
            [12] => O
            [13] => M
            [14] => I
            [15] => Q
        )

)

[2025-11-16 15:20:34] [INFO] Session quantity updated: SCMPL0019028 = 0
[2025-11-16 15:20:34] [INFO] Session quantity updated: SCMPL0019028 = 0
[2025-11-16 15:20:35] [INFO] Session quantity updated: SCMPL0019028 = 1
[2025-11-16 15:20:35] [INFO] Session quantity updated: SCMPL0019028 = 1
[2025-11-16 15:20:36] [INFO] Session quantity updated: SCMPL0019028 = 1
[2025-11-16 15:20:38] [INFO] === PAGE ACCESS ===
[2025-11-16 15:20:38] [INFO] Request method: POST
[2025-11-16 15:20:38] [INFO] Search term: ''
[2025-11-16 15:20:38] [INFO] Current session ID: 7chrtn56447u6r8johlir48t0t
[2025-11-16 15:20:38] [INFO] Session quantities updated from POST: 1 items
[2025-11-16 15:20:38] [INFO] Getting next bill number for CompID: 1
[2025-11-16 15:20:38] [INFO] Next bill number for CompID 1: 264
[2025-11-16 15:20:38] [INFO] Starting optimized cash memo generation for 1 bills
[2025-11-16 15:20:38] [INFO] Cash memo generated for bill: BL0264
[2025-11-16 15:20:38] [INFO] Cash memo generation completed: 1 successful, 0 failed
[2025-11-16 15:20:38] [INFO] Session quantities cleared
[2025-11-16 15:28:35] [INFO] === PAGE ACCESS ===
[2025-11-16 15:28:35] [INFO] Request method: GET
[2025-11-16 15:28:35] [INFO] Search term: ''
[2025-11-16 15:28:35] [INFO] Current session ID: 7chrtn56447u6r8johlir48t0t
[2025-11-16 15:28:35] [INFO] Final session quantities count: 0
[2025-11-16 15:28:35] [INFO] Items in current view: 50
[2025-11-16 15:28:35] [INFO] Sales Page Load Debug Info:
Array
(
    [total_items] => 3607
    [current_page] => 1
    [total_pages] => 73
    [session_quantities_count] => 0
    [post_quantities_count] => 0
    [date_range] => 2025-11-16 to 2025-11-16
    [days_count] => 1
    [user_id] => 1
    [comp_id] => 1
    [license_type] => FL-II
    [allowed_classes] => Array
        (
            [0] => W
            [1] => V
            [2] => G
            [3] => F
            [4] => D
            [5] => K
            [6] => R
            [7] => O
            [8] => L
            [9] => O
            [10] => O
            [11] => O
            [12] => O
            [13] => M
            [14] => I
            [15] => Q
        )

)

