[2025-11-10 04:22:16] [INFO] === PAGE ACCESS ===
[2025-11-10 04:22:16] [INFO] Request method: GET
[2025-11-10 04:22:16] [INFO] Search term: ''
[2025-11-10 04:22:16] [INFO] Current session ID: 24mubumcecfc2clloubt761o58
[2025-11-10 04:22:16] [INFO] Final session quantities count: 0
[2025-11-10 04:22:16] [INFO] Items in current view: 50
[2025-11-10 04:22:16] [INFO] Sales Page Load Debug Info:
Array
(
    [total_items] => 3607
    [current_page] => 1
    [total_pages] => 73
    [session_quantities_count] => 0
    [post_quantities_count] => 0
    [date_range] => 2025-11-10 to 2025-11-10
    [days_count] => 1
    [user_id] => 1
    [comp_id] => 1
    [license_type] => FL-II
    [allowed_classes] => Array
        (
            [0] => W
            [1] => V
            [2] => G
            [3] => F
            [4] => D
            [5] => K
            [6] => R
            [7] => O
            [8] => L
            [9] => O
            [10] => O
            [11] => O
            [12] => O
            [13] => M
        )

)

[2025-11-10 04:22:32] [INFO] Session quantity updated: SCMPL0019028 = 0
[2025-11-10 04:22:32] [INFO] Session quantity updated: SCMPL0019028 = 0
[2025-11-10 04:22:40] [INFO] Session quantity updated: SCMPL0019028 = 45
[2025-11-10 04:22:40] [INFO] Session quantity updated: SCMPL0019028 = 45
[2025-11-10 04:22:41] [INFO] Session quantity updated: SCMPL0019028 = 45
[2025-11-10 04:22:42] [INFO] Session quantity updated: SCMPL0019029 = 23
[2025-11-10 04:22:42] [INFO] Session quantity updated: SCMPL0019030 = 190
[2025-11-10 04:22:43] [INFO] Session quantity updated: SCMPL0019030 = 190
[2025-11-10 04:22:45] [INFO] Session quantity updated: SCMPL0019030 = 0
[2025-11-10 04:22:45] [INFO] Session quantity updated: SCMPL0019030 = 3
[2025-11-10 04:22:46] [INFO] Session quantity updated: SCMPL0019030 = 3
[2025-11-10 04:22:46] [INFO] Session quantity updated: SCMPL0019030 = 0
[2025-11-10 04:22:46] [INFO] Session quantity updated: SCMPL0019030 = 0
[2025-11-10 04:22:48] [INFO] Session quantity updated: SCMPL0019030 = 2
[2025-11-10 04:22:48] [INFO] Session quantity updated: SCMPL0019030 = 190
[2025-11-10 04:22:48] [INFO] Session quantity updated: SCMPL0019030 = 190
[2025-11-10 04:22:52] [INFO] Session quantity updated: SCMPL0019030 = 0
[2025-11-10 04:22:52] [INFO] Session quantity updated: SCMPL0019030 = 0
[2025-11-10 04:22:53] [INFO] Session quantity updated: SCMPL0019030 = 0
[2025-11-10 04:22:54] [INFO] Session quantity updated: SCMPL0019031 = 34
[2025-11-10 04:22:54] [INFO] Session quantity updated: SCMPL0019031 = 34
[2025-11-10 04:22:54] [INFO] Session quantity updated: SCMPL0019031 = 190
[2025-11-10 04:22:55] [INFO] Session quantity updated: SCMPL0019031 = 190
[2025-11-10 04:22:55] [INFO] Session quantity updated: SCMPL0026915 = 34
[2025-11-10 04:22:56] [INFO] Session quantity updated: SCMPL0026915 = 34
[2025-11-10 04:22:56] [INFO] Session quantity updated: SCMPL0026915 = 34
[2025-11-10 04:22:57] [INFO] Session quantity updated: SCMPL0026916 = 34
[2025-11-10 04:22:57] [INFO] Session quantity updated: SCMPL0026916 = 34
[2025-11-10 04:22:59] [INFO] Session quantity updated: SCMPL0026916 = 34
[2025-11-10 04:23:25] [INFO] === PAGE ACCESS ===
[2025-11-10 04:23:25] [INFO] Request method: GET
[2025-11-10 04:23:25] [INFO] Search term: 'directors special'
[2025-11-10 04:23:25] [INFO] Current session ID: 24mubumcecfc2clloubt761o58
[2025-11-10 04:23:26] [INFO] Final session quantities count: 6
[2025-11-10 04:23:26] [INFO] Items in current view: 13
[2025-11-10 04:23:26] [INFO] Sales Page Load Debug Info:
Array
(
    [total_items] => 13
    [current_page] => 1
    [total_pages] => 1
    [session_quantities_count] => 6
    [post_quantities_count] => 0
    [date_range] => 2025-11-10 to 2025-11-10
    [days_count] => 1
    [user_id] => 1
    [comp_id] => 1
    [license_type] => FL-II
    [allowed_classes] => Array
        (
            [0] => W
            [1] => V
            [2] => G
            [3] => F
            [4] => D
            [5] => K
            [6] => R
            [7] => O
            [8] => L
            [9] => O
            [10] => O
            [11] => O
            [12] => O
            [13] => M
        )

)

[2025-11-10 04:23:30] [INFO] Session quantity updated: SCMPL0010445 = 0
[2025-11-10 04:23:30] [INFO] Session quantity updated: SCMPL0010445 = 5
[2025-11-10 04:23:30] [INFO] Session quantity updated: SCMPL0010445 = 5
[2025-11-10 04:23:31] [INFO] Session quantity updated: SCMPL0010445 = 56
[2025-11-10 04:23:31] [INFO] Session quantity updated: SCMPL0010445 = 56
[2025-11-10 04:23:34] [INFO] Session quantity updated: SCMPL0010445 = 56
[2025-11-10 04:23:42] [INFO] === PAGE ACCESS ===
[2025-11-10 04:23:42] [INFO] Request method: GET
[2025-11-10 04:23:42] [INFO] Search term: 'directors special'
[2025-11-10 04:23:42] [INFO] Current session ID: 24mubumcecfc2clloubt761o58
[2025-11-10 04:23:42] [INFO] Final session quantities count: 7
[2025-11-10 04:23:42] [INFO] Items in current view: 13
[2025-11-10 04:23:42] [INFO] Sales Page Load Debug Info:
Array
(
    [total_items] => 13
    [current_page] => 1
    [total_pages] => 1
    [session_quantities_count] => 7
    [post_quantities_count] => 0
    [date_range] => 2025-11-10 to 2025-11-10
    [days_count] => 1
    [user_id] => 1
    [comp_id] => 1
    [license_type] => FL-II
    [allowed_classes] => Array
        (
            [0] => W
            [1] => V
            [2] => G
            [3] => F
            [4] => D
            [5] => K
            [6] => R
            [7] => O
            [8] => L
            [9] => O
            [10] => O
            [11] => O
            [12] => O
            [13] => M
        )

)

[2025-11-10 04:23:45] [INFO] === PAGE ACCESS ===
[2025-11-10 04:23:45] [INFO] Request method: GET
[2025-11-10 04:23:45] [INFO] Search term: 'directors special'
[2025-11-10 04:23:45] [INFO] Current session ID: 24mubumcecfc2clloubt761o58
[2025-11-10 04:23:45] [INFO] Final session quantities count: 7
[2025-11-10 04:23:45] [INFO] Items in current view: 13
[2025-11-10 04:23:45] [INFO] Sales Page Load Debug Info:
Array
(
    [total_items] => 13
    [current_page] => 1
    [total_pages] => 1
    [session_quantities_count] => 7
    [post_quantities_count] => 0
    [date_range] => 2025-11-10 to 2025-11-10
    [days_count] => 1
    [user_id] => 1
    [comp_id] => 1
    [license_type] => FL-II
    [allowed_classes] => Array
        (
            [0] => W
            [1] => V
            [2] => G
            [3] => F
            [4] => D
            [5] => K
            [6] => R
            [7] => O
            [8] => L
            [9] => O
            [10] => O
            [11] => O
            [12] => O
            [13] => M
        )

)

[2025-11-10 04:23:51] [INFO] === PAGE ACCESS ===
[2025-11-10 04:23:51] [INFO] Request method: GET
[2025-11-10 04:23:51] [INFO] Search term: 'directors special'
[2025-11-10 04:23:51] [INFO] Current session ID: 24mubumcecfc2clloubt761o58
[2025-11-10 04:23:51] [INFO] Final session quantities count: 7
[2025-11-10 04:23:51] [INFO] Items in current view: 0
[2025-11-10 04:23:51] [INFO] Sales Page Load Debug Info:
Array
(
    [total_items] => 0
    [current_page] => 1
    [total_pages] => 0
    [session_quantities_count] => 7
    [post_quantities_count] => 0
    [date_range] => 2025-11-10 to 2025-11-10
    [days_count] => 1
    [user_id] => 1
    [comp_id] => 1
    [license_type] => FL-II
    [allowed_classes] => Array
        (
            [0] => W
            [1] => V
            [2] => G
            [3] => F
            [4] => D
            [5] => K
            [6] => R
            [7] => O
            [8] => L
            [9] => O
            [10] => O
            [11] => O
            [12] => O
            [13] => M
        )

)

[2025-11-10 04:23:54] [INFO] === PAGE ACCESS ===
[2025-11-10 04:23:54] [INFO] Request method: GET
[2025-11-10 04:23:54] [INFO] Search term: 'directors special'
[2025-11-10 04:23:54] [INFO] Current session ID: 24mubumcecfc2clloubt761o58
[2025-11-10 04:23:54] [INFO] Final session quantities count: 7
[2025-11-10 04:23:54] [INFO] Items in current view: 13
[2025-11-10 04:23:54] [INFO] Sales Page Load Debug Info:
Array
(
    [total_items] => 13
    [current_page] => 1
    [total_pages] => 1
    [session_quantities_count] => 7
    [post_quantities_count] => 0
    [date_range] => 2025-11-10 to 2025-11-10
    [days_count] => 1
    [user_id] => 1
    [comp_id] => 1
    [license_type] => FL-II
    [allowed_classes] => Array
        (
            [0] => W
            [1] => V
            [2] => G
            [3] => F
            [4] => D
            [5] => K
            [6] => R
            [7] => O
            [8] => L
            [9] => O
            [10] => O
            [11] => O
            [12] => O
            [13] => M
        )

)

[2025-11-10 04:23:59] [INFO] === PAGE ACCESS ===
[2025-11-10 04:23:59] [INFO] Request method: GET
[2025-11-10 04:23:59] [INFO] Search term: 'directors special'
[2025-11-10 04:23:59] [INFO] Current session ID: 24mubumcecfc2clloubt761o58
[2025-11-10 04:23:59] [INFO] Final session quantities count: 7
[2025-11-10 04:23:59] [INFO] Items in current view: 13
[2025-11-10 04:23:59] [INFO] Sales Page Load Debug Info:
Array
(
    [total_items] => 13
    [current_page] => 1
    [total_pages] => 1
    [session_quantities_count] => 7
    [post_quantities_count] => 0
    [date_range] => 2025-11-10 to 2025-11-10
    [days_count] => 1
    [user_id] => 1
    [comp_id] => 1
    [license_type] => FL-II
    [allowed_classes] => Array
        (
            [0] => W
            [1] => V
            [2] => G
            [3] => F
            [4] => D
            [5] => K
            [6] => R
            [7] => O
            [8] => L
            [9] => O
            [10] => O
            [11] => O
            [12] => O
            [13] => M
        )

)

[2025-11-10 04:24:01] [INFO] === PAGE ACCESS ===
[2025-11-10 04:24:01] [INFO] Request method: GET
[2025-11-10 04:24:01] [INFO] Search term: ''
[2025-11-10 04:24:01] [INFO] Current session ID: 24mubumcecfc2clloubt761o58
[2025-11-10 04:24:01] [INFO] Final session quantities count: 7
[2025-11-10 04:24:01] [INFO] Items in current view: 50
[2025-11-10 04:24:01] [INFO] Sales Page Load Debug Info:
Array
(
    [total_items] => 3607
    [current_page] => 1
    [total_pages] => 73
    [session_quantities_count] => 7
    [post_quantities_count] => 0
    [date_range] => 2025-11-10 to 2025-11-10
    [days_count] => 1
    [user_id] => 1
    [comp_id] => 1
    [license_type] => FL-II
    [allowed_classes] => Array
        (
            [0] => W
            [1] => V
            [2] => G
            [3] => F
            [4] => D
            [5] => K
            [6] => R
            [7] => O
            [8] => L
            [9] => O
            [10] => O
            [11] => O
            [12] => O
            [13] => M
        )

)

[2025-11-10 04:24:24] [INFO] === PAGE ACCESS ===
[2025-11-10 04:24:24] [INFO] Request method: POST
[2025-11-10 04:24:24] [INFO] Search term: ''
[2025-11-10 04:24:24] [INFO] Current session ID: 24mubumcecfc2clloubt761o58
[2025-11-10 04:24:25] [INFO] Session quantities updated from POST: 6 items
[2025-11-10 04:24:25] [INFO] Getting next bill number for CompID: 1
[2025-11-10 04:24:25] [INFO] Next bill number for CompID 1: 44
[2025-11-10 04:24:35] [INFO] Starting optimized cash memo generation for 216 bills
[2025-11-10 04:24:35] [INFO] Cash memo generated for bill: BL0044
[2025-11-10 04:24:36] [INFO] Cash memo generated for bill: BL0045
[2025-11-10 04:24:36] [INFO] Cash memo generated for bill: BL0046
[2025-11-10 04:24:36] [INFO] Cash memo generated for bill: BL0047
[2025-11-10 04:24:36] [INFO] Cash memo generated for bill: BL0048
[2025-11-10 04:24:36] [INFO] Cash memo generated for bill: BL0049
[2025-11-10 04:24:36] [INFO] Cash memo generated for bill: BL0050
[2025-11-10 04:24:36] [INFO] Cash memo generated for bill: BL0051
[2025-11-10 04:24:36] [INFO] Cash memo generated for bill: BL0052
[2025-11-10 04:24:36] [INFO] Cash memo generated for bill: BL0053
[2025-11-10 04:24:36] [INFO] Cash memo generated for bill: BL0054
[2025-11-10 04:24:36] [INFO] Cash memo generated for bill: BL0055
[2025-11-10 04:24:36] [INFO] Cash memo generated for bill: BL0056
[2025-11-10 04:24:36] [INFO] Cash memo generated for bill: BL0057
[2025-11-10 04:24:36] [INFO] Cash memo generated for bill: BL0058
[2025-11-10 04:24:36] [INFO] Cash memo generated for bill: BL0059
[2025-11-10 04:24:36] [INFO] Cash memo generated for bill: BL0060
[2025-11-10 04:24:36] [INFO] Cash memo generated for bill: BL0061
[2025-11-10 04:24:36] [INFO] Cash memo generated for bill: BL0062
[2025-11-10 04:24:36] [INFO] Cash memo generated for bill: BL0063
[2025-11-10 04:24:36] [INFO] Cash memo generated for bill: BL0064
[2025-11-10 04:24:36] [INFO] Cash memo generated for bill: BL0065
[2025-11-10 04:24:36] [INFO] Cash memo generated for bill: BL0066
[2025-11-10 04:24:37] [INFO] Cash memo generated for bill: BL0067
[2025-11-10 04:24:37] [INFO] Cash memo generated for bill: BL0068
[2025-11-10 04:24:37] [INFO] Cash memo generated for bill: BL0069
[2025-11-10 04:24:37] [INFO] Cash memo generated for bill: BL0070
[2025-11-10 04:24:37] [INFO] Cash memo generated for bill: BL0071
[2025-11-10 04:24:37] [INFO] Cash memo generated for bill: BL0072
[2025-11-10 04:24:37] [INFO] Cash memo generated for bill: BL0073
[2025-11-10 04:24:37] [INFO] Cash memo generated for bill: BL0074
[2025-11-10 04:24:37] [INFO] Cash memo generated for bill: BL0075
[2025-11-10 04:24:37] [INFO] Cash memo generated for bill: BL0076
[2025-11-10 04:24:37] [INFO] Cash memo generated for bill: BL0077
[2025-11-10 04:24:37] [INFO] Cash memo generated for bill: BL0078
[2025-11-10 04:24:37] [INFO] Cash memo generated for bill: BL0079
[2025-11-10 04:24:37] [INFO] Cash memo generated for bill: BL0080
[2025-11-10 04:24:37] [INFO] Cash memo generated for bill: BL0081
[2025-11-10 04:24:37] [INFO] Cash memo generated for bill: BL0082
[2025-11-10 04:24:37] [INFO] Cash memo generated for bill: BL0083
[2025-11-10 04:24:37] [INFO] Cash memo generated for bill: BL0084
[2025-11-10 04:24:37] [INFO] Cash memo generated for bill: BL0085
[2025-11-10 04:24:37] [INFO] Cash memo generated for bill: BL0086
[2025-11-10 04:24:37] [INFO] Cash memo generated for bill: BL0087
[2025-11-10 04:24:37] [INFO] Cash memo generated for bill: BL0088
[2025-11-10 04:24:37] [INFO] Cash memo generated for bill: BL0089
[2025-11-10 04:24:37] [INFO] Cash memo generated for bill: BL0090
[2025-11-10 04:24:37] [INFO] Cash memo generated for bill: BL0091
[2025-11-10 04:24:38] [INFO] Cash memo generated for bill: BL0092
[2025-11-10 04:24:38] [INFO] Cash memo generated for bill: BL0093
[2025-11-10 04:24:38] [INFO] Cash memo generated for bill: BL0094
[2025-11-10 04:24:38] [INFO] Cash memo generated for bill: BL0095
[2025-11-10 04:24:38] [INFO] Cash memo generated for bill: BL0096
[2025-11-10 04:24:38] [INFO] Cash memo generated for bill: BL0097
[2025-11-10 04:24:38] [INFO] Cash memo generated for bill: BL0098
[2025-11-10 04:24:38] [INFO] Cash memo generated for bill: BL0099
[2025-11-10 04:24:38] [INFO] Cash memo generated for bill: BL0100
[2025-11-10 04:24:38] [INFO] Cash memo generated for bill: BL0101
[2025-11-10 04:24:38] [INFO] Cash memo generated for bill: BL0102
[2025-11-10 04:24:38] [INFO] Cash memo generated for bill: BL0103
[2025-11-10 04:24:38] [INFO] Cash memo generated for bill: BL0104
[2025-11-10 04:24:38] [INFO] Cash memo generated for bill: BL0105
[2025-11-10 04:24:38] [INFO] Cash memo generated for bill: BL0106
[2025-11-10 04:24:38] [INFO] Cash memo generated for bill: BL0107
[2025-11-10 04:24:38] [INFO] Cash memo generated for bill: BL0108
[2025-11-10 04:24:38] [INFO] Cash memo generated for bill: BL0109
[2025-11-10 04:24:38] [INFO] Cash memo generated for bill: BL0110
[2025-11-10 04:24:38] [INFO] Cash memo generated for bill: BL0111
[2025-11-10 04:24:38] [INFO] Cash memo generated for bill: BL0112
[2025-11-10 04:24:38] [INFO] Cash memo generated for bill: BL0113
[2025-11-10 04:24:39] [INFO] Cash memo generated for bill: BL0114
[2025-11-10 04:24:39] [INFO] Cash memo generated for bill: BL0115
[2025-11-10 04:24:39] [INFO] Cash memo generated for bill: BL0116
[2025-11-10 04:24:39] [INFO] Cash memo generated for bill: BL0117
[2025-11-10 04:24:39] [INFO] Cash memo generated for bill: BL0118
[2025-11-10 04:24:39] [INFO] Cash memo generated for bill: BL0119
[2025-11-10 04:24:39] [INFO] Cash memo generated for bill: BL0120
[2025-11-10 04:24:39] [INFO] Cash memo generated for bill: BL0121
[2025-11-10 04:24:39] [INFO] Cash memo generated for bill: BL0122
[2025-11-10 04:24:39] [INFO] Cash memo generated for bill: BL0123
[2025-11-10 04:24:39] [INFO] Cash memo generated for bill: BL0124
[2025-11-10 04:24:39] [INFO] Cash memo generated for bill: BL0125
[2025-11-10 04:24:39] [INFO] Cash memo generated for bill: BL0126
[2025-11-10 04:24:39] [INFO] Cash memo generated for bill: BL0127
[2025-11-10 04:24:39] [INFO] Cash memo generated for bill: BL0128
[2025-11-10 04:24:39] [INFO] Cash memo generated for bill: BL0129
[2025-11-10 04:24:39] [INFO] Cash memo generated for bill: BL0130
[2025-11-10 04:24:39] [INFO] Cash memo generated for bill: BL0131
[2025-11-10 04:24:39] [INFO] Cash memo generated for bill: BL0132
[2025-11-10 04:24:39] [INFO] Cash memo generated for bill: BL0133
[2025-11-10 04:24:39] [INFO] Cash memo generated for bill: BL0134
[2025-11-10 04:24:39] [INFO] Cash memo generated for bill: BL0135
[2025-11-10 04:24:40] [INFO] Cash memo generated for bill: BL0136
[2025-11-10 04:24:40] [INFO] Cash memo generated for bill: BL0137
[2025-11-10 04:24:40] [INFO] Cash memo generated for bill: BL0138
[2025-11-10 04:24:40] [INFO] Cash memo generated for bill: BL0139
[2025-11-10 04:24:40] [INFO] Cash memo generated for bill: BL0140
[2025-11-10 04:24:40] [INFO] Cash memo generated for bill: BL0141
[2025-11-10 04:24:40] [INFO] Cash memo generated for bill: BL0142
[2025-11-10 04:24:40] [INFO] Cash memo generated for bill: BL0143
[2025-11-10 04:24:40] [INFO] Cash memo generated for bill: BL0144
[2025-11-10 04:24:40] [INFO] Cash memo generated for bill: BL0145
[2025-11-10 04:24:40] [INFO] Cash memo generated for bill: BL0146
[2025-11-10 04:24:40] [INFO] Cash memo generated for bill: BL0147
[2025-11-10 04:24:40] [INFO] Cash memo generated for bill: BL0148
[2025-11-10 04:24:40] [INFO] Cash memo generated for bill: BL0149
[2025-11-10 04:24:40] [INFO] Cash memo generated for bill: BL0150
[2025-11-10 04:24:40] [INFO] Cash memo generated for bill: BL0151
[2025-11-10 04:24:40] [INFO] Cash memo generated for bill: BL0152
[2025-11-10 04:24:40] [INFO] Cash memo generated for bill: BL0153
[2025-11-10 04:24:40] [INFO] Cash memo generated for bill: BL0154
[2025-11-10 04:24:40] [INFO] Cash memo generated for bill: BL0155
[2025-11-10 04:24:40] [INFO] Cash memo generated for bill: BL0156
[2025-11-10 04:24:40] [INFO] Cash memo generated for bill: BL0157
[2025-11-10 04:24:40] [INFO] Cash memo generated for bill: BL0158
[2025-11-10 04:24:40] [INFO] Cash memo generated for bill: BL0159
[2025-11-10 04:24:40] [INFO] Cash memo generated for bill: BL0160
[2025-11-10 04:24:41] [INFO] Cash memo generated for bill: BL0161
[2025-11-10 04:24:41] [INFO] Cash memo generated for bill: BL0162
[2025-11-10 04:24:41] [INFO] Cash memo generated for bill: BL0163
[2025-11-10 04:24:41] [INFO] Cash memo generated for bill: BL0164
[2025-11-10 04:24:41] [INFO] Cash memo generated for bill: BL0165
[2025-11-10 04:24:41] [INFO] Cash memo generated for bill: BL0166
[2025-11-10 04:24:41] [INFO] Cash memo generated for bill: BL0167
[2025-11-10 04:24:41] [INFO] Cash memo generated for bill: BL0168
[2025-11-10 04:24:41] [INFO] Cash memo generated for bill: BL0169
[2025-11-10 04:24:41] [INFO] Cash memo generated for bill: BL0170
[2025-11-10 04:24:41] [INFO] Cash memo generated for bill: BL0171
[2025-11-10 04:24:41] [INFO] Cash memo generated for bill: BL0172
[2025-11-10 04:24:41] [INFO] Cash memo generated for bill: BL0173
[2025-11-10 04:24:41] [INFO] Cash memo generated for bill: BL0174
[2025-11-10 04:24:41] [INFO] Cash memo generated for bill: BL0175
[2025-11-10 04:24:41] [INFO] Cash memo generated for bill: BL0176
[2025-11-10 04:24:41] [INFO] Cash memo generated for bill: BL0177
[2025-11-10 04:24:41] [INFO] Cash memo generated for bill: BL0178
[2025-11-10 04:24:41] [INFO] Cash memo generated for bill: BL0179
[2025-11-10 04:24:41] [INFO] Cash memo generated for bill: BL0180
[2025-11-10 04:24:41] [INFO] Cash memo generated for bill: BL0181
[2025-11-10 04:24:41] [INFO] Cash memo generated for bill: BL0182
[2025-11-10 04:24:42] [INFO] Cash memo generated for bill: BL0183
[2025-11-10 04:24:42] [INFO] Cash memo generated for bill: BL0184
[2025-11-10 04:24:42] [INFO] Cash memo generated for bill: BL0185
[2025-11-10 04:24:42] [INFO] Cash memo generated for bill: BL0186
[2025-11-10 04:24:42] [INFO] Cash memo generated for bill: BL0187
[2025-11-10 04:24:42] [INFO] Cash memo generated for bill: BL0188
[2025-11-10 04:24:42] [INFO] Cash memo generated for bill: BL0189
[2025-11-10 04:24:42] [INFO] Cash memo generated for bill: BL0190
[2025-11-10 04:24:42] [INFO] Cash memo generated for bill: BL0191
[2025-11-10 04:24:42] [INFO] Cash memo generated for bill: BL0192
[2025-11-10 04:24:42] [INFO] Cash memo generated for bill: BL0193
[2025-11-10 04:24:42] [INFO] Cash memo generated for bill: BL0194
[2025-11-10 04:24:42] [INFO] Cash memo generated for bill: BL0195
[2025-11-10 04:24:42] [INFO] Cash memo generated for bill: BL0196
[2025-11-10 04:24:42] [INFO] Cash memo generated for bill: BL0197
[2025-11-10 04:24:42] [INFO] Cash memo generated for bill: BL0198
[2025-11-10 04:24:42] [INFO] Cash memo generated for bill: BL0199
[2025-11-10 04:24:42] [INFO] Cash memo generated for bill: BL0200
[2025-11-10 04:24:42] [INFO] Cash memo generated for bill: BL0201
[2025-11-10 04:24:42] [INFO] Cash memo generated for bill: BL0202
[2025-11-10 04:24:42] [INFO] Cash memo generated for bill: BL0203
[2025-11-10 04:24:42] [INFO] Cash memo generated for bill: BL0204
[2025-11-10 04:24:43] [INFO] Cash memo generated for bill: BL0205
[2025-11-10 04:24:43] [INFO] Cash memo generated for bill: BL0206
[2025-11-10 04:24:43] [INFO] Cash memo generated for bill: BL0207
[2025-11-10 04:24:43] [INFO] Cash memo generated for bill: BL0208
[2025-11-10 04:24:43] [INFO] Cash memo generated for bill: BL0209
[2025-11-10 04:24:43] [INFO] Cash memo generated for bill: BL0210
[2025-11-10 04:24:43] [INFO] Cash memo generated for bill: BL0211
[2025-11-10 04:24:43] [INFO] Cash memo generated for bill: BL0212
[2025-11-10 04:24:43] [INFO] Cash memo generated for bill: BL0213
[2025-11-10 04:24:43] [INFO] Cash memo generated for bill: BL0214
[2025-11-10 04:24:43] [INFO] Cash memo generated for bill: BL0215
[2025-11-10 04:24:43] [INFO] Cash memo generated for bill: BL0216
[2025-11-10 04:24:43] [INFO] Cash memo generated for bill: BL0217
[2025-11-10 04:24:43] [INFO] Cash memo generated for bill: BL0218
[2025-11-10 04:24:43] [INFO] Cash memo generated for bill: BL0219
[2025-11-10 04:24:43] [INFO] Cash memo generated for bill: BL0220
[2025-11-10 04:24:43] [INFO] Cash memo generated for bill: BL0221
[2025-11-10 04:24:43] [INFO] Cash memo generated for bill: BL0222
[2025-11-10 04:24:43] [INFO] Cash memo generated for bill: BL0223
[2025-11-10 04:24:43] [INFO] Cash memo generated for bill: BL0224
[2025-11-10 04:24:43] [INFO] Cash memo generated for bill: BL0225
[2025-11-10 04:24:43] [INFO] Cash memo generated for bill: BL0226
[2025-11-10 04:24:43] [INFO] Cash memo generated for bill: BL0227
[2025-11-10 04:24:43] [INFO] Cash memo generated for bill: BL0228
[2025-11-10 04:24:43] [INFO] Cash memo generated for bill: BL0229
[2025-11-10 04:24:44] [INFO] Cash memo generated for bill: BL0230
[2025-11-10 04:24:44] [INFO] Cash memo generated for bill: BL0231
[2025-11-10 04:24:44] [INFO] Cash memo generated for bill: BL0232
[2025-11-10 04:24:44] [INFO] Cash memo generated for bill: BL0233
[2025-11-10 04:24:44] [INFO] Cash memo generated for bill: BL0234
[2025-11-10 04:24:44] [INFO] Cash memo generated for bill: BL0235
[2025-11-10 04:24:44] [INFO] Cash memo generated for bill: BL0236
[2025-11-10 04:24:44] [INFO] Cash memo generated for bill: BL0237
[2025-11-10 04:24:44] [INFO] Cash memo generated for bill: BL0238
[2025-11-10 04:24:44] [INFO] Cash memo generated for bill: BL0239
[2025-11-10 04:24:44] [INFO] Cash memo generated for bill: BL0240
[2025-11-10 04:24:44] [INFO] Cash memo generated for bill: BL0241
[2025-11-10 04:24:44] [INFO] Cash memo generated for bill: BL0242
[2025-11-10 04:24:44] [INFO] Cash memo generated for bill: BL0243
[2025-11-10 04:24:44] [INFO] Cash memo generated for bill: BL0244
[2025-11-10 04:24:44] [INFO] Cash memo generated for bill: BL0245
[2025-11-10 04:24:44] [INFO] Cash memo generated for bill: BL0246
[2025-11-10 04:24:44] [INFO] Cash memo generated for bill: BL0247
[2025-11-10 04:24:44] [INFO] Cash memo generated for bill: BL0248
[2025-11-10 04:24:44] [INFO] Cash memo generated for bill: BL0249
[2025-11-10 04:24:44] [INFO] Cash memo generated for bill: BL0250
[2025-11-10 04:24:44] [INFO] Cash memo generated for bill: BL0251
[2025-11-10 04:24:45] [INFO] Cash memo generated for bill: BL0252
[2025-11-10 04:24:45] [INFO] Cash memo generated for bill: BL0253
[2025-11-10 04:24:45] [INFO] Cash memo generated for bill: BL0254
[2025-11-10 04:24:45] [INFO] Cash memo generated for bill: BL0255
[2025-11-10 04:24:45] [INFO] Cash memo generated for bill: BL0256
[2025-11-10 04:24:45] [INFO] Cash memo generated for bill: BL0257
[2025-11-10 04:24:45] [INFO] Cash memo generated for bill: BL0258
[2025-11-10 04:24:45] [INFO] Cash memo generated for bill: BL0259
[2025-11-10 04:24:45] [INFO] Cash memo generation completed: 216 successful, 0 failed
[2025-11-10 04:24:45] [INFO] Session quantities cleared
