[2025-12-26 05:45:48] [INFO] === PAGE ACCESS ===
[2025-12-26 05:45:48] [INFO] Request method: GET
[2025-12-26 05:45:48] [INFO] Search term: ''
[2025-12-26 05:45:48] [INFO] Current session ID: 76pc97ge9udh76mgfilp588819
[2025-12-26 05:45:48] [INFO] Final session quantities count: 0
[2025-12-26 05:45:48] [INFO] Items in current view: 50
[2025-12-26 05:45:48] [INFO] Sales Page Load Debug Info:
Array
(
    [total_items] => 121
    [current_page] => 1
    [total_pages] => 3
    [session_quantities_count] => 0
    [post_quantities_count] => 0
    [date_range] => 2025-12-26 to 2025-12-26
    [days_count] => 1
    [user_id] => 1
    [comp_id] => 1
    [license_type] => FL-II
    [allowed_classes] => Array
        (
            [0] => W
            [1] => V
            [2] => G
            [3] => F
            [4] => D
            [5] => K
            [6] => R
            [7] => L
            [8] => M
            [9] => I
            [10] => Q
        )

    [end_day_column] => DAY_26_CLOSING
    [daily_stock_table] => tbldailystock_1
    [table_exists] => 1
)

[2025-12-26 05:46:03] [INFO] Session quantity updated: SCMPL0010694 = 0
[2025-12-26 05:46:03] [INFO] Session quantity updated: SCMPL0010694 = 0
[2025-12-26 05:46:03] [INFO] Session quantity updated: SCMPL0010694 = 3
[2025-12-26 05:46:03] [INFO] Session quantity updated: SCMPL0010694 = 3
[2025-12-26 05:46:04] [INFO] Session quantity updated: SCMPL0010694 = 23
[2025-12-26 05:46:04] [INFO] Session quantity updated: SCMPL0010694 = 23
[2025-12-26 05:46:04] [INFO] Session quantity updated: SCMPL0010694 = 0
[2025-12-26 05:46:05] [INFO] Session quantity updated: SCMPL0010694 = 0
[2025-12-26 05:46:05] [INFO] Session quantity updated: SCMPL0010694 = 2
[2025-12-26 05:46:06] [INFO] Session quantity updated: SCMPL0010694 = 2
[2025-12-26 05:46:06] [INFO] Session quantity updated: SCMPL0010694 = 2
[2025-12-26 05:46:06] [INFO] Session quantity updated: SCMPL0010694 = 2
[2025-12-26 05:46:06] [INFO] Session quantity updated: SCMPL0010694 = 2
[2025-12-26 05:46:07] [INFO] Session quantity updated: SCMPL0010694 = 2
[2025-12-26 05:46:08] [INFO] Session quantity updated: SCMPL0010694 = 2
[2025-12-26 05:46:08] [INFO] Session quantity updated: SCMPL0010694 = 2
[2025-12-26 05:46:08] [INFO] Session quantity updated: SCMPL0010694 = 2
[2025-12-26 05:46:08] [INFO] Session quantity updated: SCMPL0010694 = 2
[2025-12-26 05:46:09] [INFO] Session quantity updated: SCMPL0010694 = 0
[2025-12-26 05:46:09] [INFO] Session quantity updated: SCMPL0010694 = 0
[2025-12-26 05:46:10] [INFO] Session quantity updated: SCMPL0010694 = 2
[2025-12-26 05:46:10] [INFO] Session quantity updated: SCMPL0010694 = 2
[2025-12-26 05:46:10] [INFO] Session quantity updated: SCMPL0010694 = 2
[2025-12-26 05:46:11] [INFO] Session quantity updated: SCMPL0010694 = 2
[2025-12-26 05:46:11] [INFO] Session quantity updated: SCMPL0010694 = 2
[2025-12-26 05:46:12] [INFO] Session quantity updated: SCMPL0010694 = 2
[2025-12-26 05:46:12] [INFO] Session quantity updated: SCMPL0010694 = 2
[2025-12-26 05:46:12] [INFO] Session quantity updated: SCMPL0010694 = 2
[2025-12-26 05:46:14] [INFO] Session quantity updated: SCMPL0010694 = 0
[2025-12-26 05:46:14] [INFO] Session quantity updated: SCMPL0010694 = 0
[2025-12-26 05:46:14] [INFO] Session quantity updated: SCMPL0010694 = 0
[2025-12-26 05:46:17] [INFO] === PAGE ACCESS ===
[2025-12-26 05:46:17] [INFO] Request method: GET
[2025-12-26 05:46:17] [INFO] Search term: ''
[2025-12-26 05:46:17] [INFO] Current session ID: 76pc97ge9udh76mgfilp588819
[2025-12-26 05:46:17] [INFO] Final session quantities count: 1
[2025-12-26 05:46:17] [INFO] Items in current view: 50
[2025-12-26 05:46:17] [INFO] Sales Page Load Debug Info:
Array
(
    [total_items] => 121
    [current_page] => 1
    [total_pages] => 3
    [session_quantities_count] => 1
    [post_quantities_count] => 0
    [date_range] => 2025-12-26 to 2025-12-26
    [days_count] => 1
    [user_id] => 1
    [comp_id] => 1
    [license_type] => FL-II
    [allowed_classes] => Array
        (
            [0] => W
            [1] => V
            [2] => G
            [3] => F
            [4] => D
            [5] => K
            [6] => R
            [7] => L
            [8] => M
            [9] => I
            [10] => Q
        )

    [end_day_column] => DAY_26_CLOSING
    [daily_stock_table] => tbldailystock_1
    [table_exists] => 1
)

[2025-12-26 05:46:25] [INFO] Session quantity updated: SCMPL0010696 = 1
[2025-12-26 05:46:26] [INFO] Session quantity updated: SCMPL0010696 = 1
[2025-12-26 05:46:27] [INFO] Session quantity updated: SCMPL0010696 = 1
[2025-12-26 05:46:29] [INFO] === PAGE ACCESS ===
[2025-12-26 05:46:29] [INFO] Request method: POST
[2025-12-26 05:46:29] [INFO] Search term: ''
[2025-12-26 05:46:29] [INFO] Current session ID: 76pc97ge9udh76mgfilp588819
[2025-12-26 05:46:29] [INFO] Session quantities updated from POST: 1 items
[2025-12-26 05:46:29] [INFO] Getting next bill number for CompID: 1
[2025-12-26 05:46:30] [INFO] Next bill number for CompID 1: 1
[2025-12-26 05:46:30] [INFO] Starting optimized cash memo generation for 1 bills
[2025-12-26 05:46:30] [INFO] Cash memo generated for bill: BL0001
[2025-12-26 05:46:30] [INFO] Cash memo generation completed: 1 successful, 0 failed
[2025-12-26 05:46:30] [INFO] Session quantities cleared
[2025-12-26 05:46:34] [INFO] === PAGE ACCESS ===
[2025-12-26 05:46:34] [INFO] Request method: GET
[2025-12-26 05:46:34] [INFO] Search term: ''
[2025-12-26 05:46:34] [INFO] Current session ID: 76pc97ge9udh76mgfilp588819
[2025-12-26 05:46:34] [INFO] Final session quantities count: 0
[2025-12-26 05:46:34] [INFO] Items in current view: 50
[2025-12-26 05:46:34] [INFO] Sales Page Load Debug Info:
Array
(
    [total_items] => 120
    [current_page] => 1
    [total_pages] => 3
    [session_quantities_count] => 0
    [post_quantities_count] => 0
    [date_range] => 2025-12-26 to 2025-12-26
    [days_count] => 1
    [user_id] => 1
    [comp_id] => 1
    [license_type] => FL-II
    [allowed_classes] => Array
        (
            [0] => W
            [1] => V
            [2] => G
            [3] => F
            [4] => D
            [5] => K
            [6] => R
            [7] => L
            [8] => M
            [9] => I
            [10] => Q
        )

    [end_day_column] => DAY_26_CLOSING
    [daily_stock_table] => tbldailystock_1
    [table_exists] => 1
)

[2025-12-26 05:46:38] [INFO] Session quantity updated: SCMPL0009678 = 23
[2025-12-26 05:46:38] [INFO] Session quantity updated: SCMPL0009678 = 23
[2025-12-26 05:46:41] [INFO] Session quantity updated: SCMPL0009678 = 23
[2025-12-26 05:46:50] [INFO] === PAGE ACCESS ===
[2025-12-26 05:46:50] [INFO] Request method: GET
[2025-12-26 05:46:50] [INFO] Search term: ''
[2025-12-26 05:46:50] [INFO] Current session ID: 76pc97ge9udh76mgfilp588819
[2025-12-26 05:46:51] [INFO] Final session quantities count: 1
[2025-12-26 05:46:51] [INFO] Items in current view: 50
[2025-12-26 05:46:51] [INFO] Sales Page Load Debug Info:
Array
(
    [total_items] => 108
    [current_page] => 1
    [total_pages] => 3
    [session_quantities_count] => 1
    [post_quantities_count] => 0
    [date_range] => 2025-11-01 to 2025-11-01
    [days_count] => 1
    [user_id] => 1
    [comp_id] => 1
    [license_type] => FL-II
    [allowed_classes] => Array
        (
            [0] => W
            [1] => V
            [2] => G
            [3] => F
            [4] => D
            [5] => K
            [6] => R
            [7] => L
            [8] => M
            [9] => I
            [10] => Q
        )

    [end_day_column] => DAY_01_CLOSING
    [daily_stock_table] => tbldailystock_1_11_25
    [table_exists] => 1
)

[2025-12-26 05:46:58] [INFO] Session quantity updated: SCMPL0009678 = 0
[2025-12-26 05:46:59] [INFO] Session quantity updated: SCMPL0009678 = 0
[2025-12-26 05:47:01] [INFO] Session quantity updated: SCMPL0009678 = 0
[2025-12-26 05:47:01] [INFO] Session quantity updated: SCMPL0010696 = 1
[2025-12-26 05:47:02] [INFO] Session quantity updated: SCMPL0010696 = 1
[2025-12-26 05:47:04] [INFO] Session quantity updated: SCMPL0010696 = 1
[2025-12-26 05:47:46] [INFO] === PAGE ACCESS ===
[2025-12-26 05:47:46] [INFO] Request method: GET
[2025-12-26 05:47:46] [INFO] Search term: ''
[2025-12-26 05:47:46] [INFO] Current session ID: 76pc97ge9udh76mgfilp588819
[2025-12-26 05:47:47] [INFO] Final session quantities count: 2
[2025-12-26 05:47:47] [INFO] Items in current view: 50
[2025-12-26 05:47:47] [INFO] Sales Page Load Debug Info:
Array
(
    [total_items] => 121
    [current_page] => 1
    [total_pages] => 3
    [session_quantities_count] => 2
    [post_quantities_count] => 0
    [date_range] => 2025-12-01 to 2025-12-01
    [days_count] => 1
    [user_id] => 1
    [comp_id] => 1
    [license_type] => FL-II
    [allowed_classes] => Array
        (
            [0] => W
            [1] => V
            [2] => G
            [3] => F
            [4] => D
            [5] => K
            [6] => R
            [7] => L
            [8] => M
            [9] => I
            [10] => Q
        )

    [end_day_column] => DAY_01_CLOSING
    [daily_stock_table] => tbldailystock_1
    [table_exists] => 1
)

[2025-12-26 05:48:14] [INFO] === PAGE ACCESS ===
[2025-12-26 05:48:14] [INFO] Request method: GET
[2025-12-26 05:48:14] [INFO] Search term: ''
[2025-12-26 05:48:14] [INFO] Current session ID: 76pc97ge9udh76mgfilp588819
[2025-12-26 05:48:14] [INFO] Final session quantities count: 2
[2025-12-26 05:48:14] [INFO] Items in current view: 50
[2025-12-26 05:48:14] [INFO] Sales Page Load Debug Info:
Array
(
    [total_items] => 121
    [current_page] => 1
    [total_pages] => 3
    [session_quantities_count] => 2
    [post_quantities_count] => 0
    [date_range] => 2025-12-01 to 2025-12-01
    [days_count] => 1
    [user_id] => 1
    [comp_id] => 1
    [license_type] => FL-II
    [allowed_classes] => Array
        (
            [0] => W
            [1] => V
            [2] => G
            [3] => F
            [4] => D
            [5] => K
            [6] => R
            [7] => L
            [8] => M
            [9] => I
            [10] => Q
        )

    [end_day_column] => DAY_01_CLOSING
    [daily_stock_table] => tbldailystock_1
    [table_exists] => 1
)

[2025-12-26 05:50:26] [INFO] Sales by Closing Balance Page Load Debug Info:
Array
(
    [total_items] => 120
    [current_page] => 1
    [total_pages] => 3
    [session_quantities_count] => 2
    [post_quantities_count] => 0
    [date_range] => 2025-12-26 to 2025-12-26
    [days_count] => 1
    [user_id] => 1
    [comp_id] => 1
    [license_type] => FL-II
    [allowed_classes] => Array
        (
            [0] => W
            [1] => V
            [2] => G
            [3] => F
            [4] => D
            [5] => K
            [6] => R
            [7] => L
            [8] => M
            [9] => I
            [10] => Q
        )

    [end_day_column] => DAY_26_CLOSING
    [daily_stock_table] => tbldailystock_1
    [table_exists] => 1
)

[2025-12-26 05:50:32] [INFO] Session quantity updated: SCMPL0010694 = 21
[2025-12-26 05:50:33] [INFO] Session quantity updated: SCMPL0010694 = 21
[2025-12-26 05:50:33] [INFO] Session quantity updated: SCMPL0010694 = 23
[2025-12-26 05:50:34] [INFO] Session quantity updated: SCMPL0010694 = 23
[2025-12-26 05:50:35] [INFO] Session quantity updated: SCMPL0010694 = 11
[2025-12-26 05:50:35] [INFO] Session quantity updated: SCMPL0010694 = 11
[2025-12-26 05:50:36] [INFO] Session quantity updated: SCMPL0010694 = 11
[2025-12-26 05:50:39] [INFO] Sales by Closing Balance Page Load Debug Info:
Array
(
    [total_items] => 120
    [current_page] => 1
    [total_pages] => 3
    [session_quantities_count] => 3
    [post_quantities_count] => 0
    [date_range] => 2025-12-26 to 2025-12-26
    [days_count] => 1
    [user_id] => 1
    [comp_id] => 1
    [license_type] => FL-II
    [allowed_classes] => Array
        (
            [0] => W
            [1] => V
            [2] => G
            [3] => F
            [4] => D
            [5] => K
            [6] => R
            [7] => L
            [8] => M
            [9] => I
            [10] => Q
        )

    [end_day_column] => DAY_26_CLOSING
    [daily_stock_table] => tbldailystock_1
    [table_exists] => 1
)

[2025-12-26 05:50:42] [INFO] Sales by Closing Balance Page Load Debug Info:
Array
(
    [total_items] => 120
    [current_page] => 1
    [total_pages] => 3
    [session_quantities_count] => 0
    [post_quantities_count] => 0
    [date_range] => 2025-12-26 to 2025-12-26
    [days_count] => 1
    [user_id] => 1
    [comp_id] => 1
    [license_type] => FL-II
    [allowed_classes] => Array
        (
            [0] => W
            [1] => V
            [2] => G
            [3] => F
            [4] => D
            [5] => K
            [6] => R
            [7] => L
            [8] => M
            [9] => I
            [10] => Q
        )

    [end_day_column] => DAY_26_CLOSING
    [daily_stock_table] => tbldailystock_1
    [table_exists] => 1
)

[2025-12-26 05:50:47] [INFO] Sales by Closing Balance Page Load Debug Info:
Array
(
    [total_items] => 120
    [current_page] => 1
    [total_pages] => 3
    [session_quantities_count] => 0
    [post_quantities_count] => 0
    [date_range] => 2025-12-26 to 2025-12-26
    [days_count] => 1
    [user_id] => 1
    [comp_id] => 1
    [license_type] => FL-II
    [allowed_classes] => Array
        (
            [0] => W
            [1] => V
            [2] => G
            [3] => F
            [4] => D
            [5] => K
            [6] => R
            [7] => L
            [8] => M
            [9] => I
            [10] => Q
        )

    [end_day_column] => DAY_26_CLOSING
    [daily_stock_table] => tbldailystock_1
    [table_exists] => 1
)

[2025-12-26 06:49:29] [INFO] Sales by Closing Balance Page Load Debug Info:
Array
(
    [total_items] => 108
    [current_page] => 1
    [total_pages] => 3
    [session_quantities_count] => 0
    [post_quantities_count] => 0
    [date_range] => 2025-11-01 to 2025-11-01
    [days_count] => 1
    [user_id] => 1
    [comp_id] => 1
    [license_type] => FL-II
    [allowed_classes] => Array
        (
            [0] => W
            [1] => V
            [2] => G
            [3] => F
            [4] => D
            [5] => K
            [6] => R
            [7] => L
            [8] => M
            [9] => I
            [10] => Q
        )

    [end_day_column] => DAY_01_CLOSING
    [daily_stock_table] => tbldailystock_1_11_25
    [table_exists] => 1
)

[2025-12-26 06:49:31] [INFO] Session quantity updated: SCMPL0010696 = 1
[2025-12-26 06:49:32] [INFO] Session quantity updated: SCMPL0010696 = 1
[2025-12-26 06:49:33] [INFO] Session quantity updated: SCMPL0010696 = 0
[2025-12-26 06:49:33] [INFO] Session quantity updated: SCMPL0010696 = 0
[2025-12-26 06:49:37] [INFO] Session quantity updated: SCMPL0010696 = 1
[2025-12-26 06:49:37] [INFO] Session quantity updated: SCMPL0010696 = 1
[2025-12-26 06:49:38] [INFO] Session quantity updated: SCMPL0010696 = 1
[2025-12-26 06:49:38] [INFO] Session quantity updated: SCMPL0010696 = 1
[2025-12-26 06:49:38] [INFO] Session quantity updated: SCMPL0010696 = 1
[2025-12-26 06:49:41] [INFO] Getting next bill number for CompID: 1
[2025-12-26 06:49:41] [INFO] Next bill number for CompID 1: 2
[2025-12-26 06:49:42] [INFO] Session quantities cleared
[2025-12-26 06:49:51] [INFO] Sales by Closing Balance Page Load Debug Info:
Array
(
    [total_items] => 120
    [current_page] => 1
    [total_pages] => 3
    [session_quantities_count] => 0
    [post_quantities_count] => 0
    [date_range] => 2025-12-26 to 2025-12-26
    [days_count] => 1
    [user_id] => 1
    [comp_id] => 1
    [license_type] => FL-II
    [allowed_classes] => Array
        (
            [0] => W
            [1] => V
            [2] => G
            [3] => F
            [4] => D
            [5] => K
            [6] => R
            [7] => L
            [8] => M
            [9] => I
            [10] => Q
        )

    [end_day_column] => DAY_26_CLOSING
    [daily_stock_table] => tbldailystock_1
    [table_exists] => 1
)

[2025-12-26 06:50:13] [INFO] Session quantity updated: SCMPL0031945 = 3
[2025-12-26 06:50:13] [INFO] Session quantity updated: SCMPL0031945 = 3
[2025-12-26 06:50:14] [INFO] Session quantity updated: SCMPL0031945 = 1
[2025-12-26 06:50:14] [INFO] Session quantity updated: SCMPL0031945 = 1
[2025-12-26 06:50:15] [INFO] Session quantity updated: SCMPL0031945 = 1
[2025-12-26 06:50:27] [INFO] Sales by Closing Balance Page Load Debug Info:
Array
(
    [total_items] => 117
    [current_page] => 1
    [total_pages] => 3
    [session_quantities_count] => 1
    [post_quantities_count] => 0
    [date_range] => 2025-11-26 to 2025-11-26
    [days_count] => 1
    [user_id] => 1
    [comp_id] => 1
    [license_type] => FL-II
    [allowed_classes] => Array
        (
            [0] => W
            [1] => V
            [2] => G
            [3] => F
            [4] => D
            [5] => K
            [6] => R
            [7] => L
            [8] => M
            [9] => I
            [10] => Q
        )

    [end_day_column] => DAY_26_CLOSING
    [daily_stock_table] => tbldailystock_1_11_25
    [table_exists] => 1
)

[2025-12-26 06:50:32] [INFO] Getting next bill number for CompID: 1
[2025-12-26 06:50:32] [INFO] Next bill number for CompID 1: 3
[2025-12-26 06:50:32] [INFO] Session quantities cleared
[2025-12-26 06:50:38] [INFO] Sales by Closing Balance Page Load Debug Info:
Array
(
    [total_items] => 120
    [current_page] => 1
    [total_pages] => 3
    [session_quantities_count] => 0
    [post_quantities_count] => 0
    [date_range] => 2025-12-26 to 2025-12-26
    [days_count] => 1
    [user_id] => 1
    [comp_id] => 1
    [license_type] => FL-II
    [allowed_classes] => Array
        (
            [0] => W
            [1] => V
            [2] => G
            [3] => F
            [4] => D
            [5] => K
            [6] => R
            [7] => L
            [8] => M
            [9] => I
            [10] => Q
        )

    [end_day_column] => DAY_26_CLOSING
    [daily_stock_table] => tbldailystock_1
    [table_exists] => 1
)

[2025-12-26 06:50:51] [INFO] === PAGE ACCESS ===
[2025-12-26 06:50:51] [INFO] Request method: GET
[2025-12-26 06:50:51] [INFO] Search term: ''
[2025-12-26 06:50:51] [INFO] Current session ID: 76pc97ge9udh76mgfilp588819
[2025-12-26 06:50:51] [INFO] Final session quantities count: 0
[2025-12-26 06:50:51] [INFO] Items in current view: 50
[2025-12-26 06:50:51] [INFO] Sales Page Load Debug Info:
Array
(
    [total_items] => 120
    [current_page] => 1
    [total_pages] => 3
    [session_quantities_count] => 0
    [post_quantities_count] => 0
    [date_range] => 2025-12-26 to 2025-12-26
    [days_count] => 1
    [user_id] => 1
    [comp_id] => 1
    [license_type] => FL-II
    [allowed_classes] => Array
        (
            [0] => W
            [1] => V
            [2] => G
            [3] => F
            [4] => D
            [5] => K
            [6] => R
            [7] => L
            [8] => M
            [9] => I
            [10] => Q
        )

    [end_day_column] => DAY_26_CLOSING
    [daily_stock_table] => tbldailystock_1
    [table_exists] => 1
)

[2025-12-26 06:51:09] [INFO] === PAGE ACCESS ===
[2025-12-26 06:51:09] [INFO] Request method: GET
[2025-12-26 06:51:09] [INFO] Search term: ''
[2025-12-26 06:51:09] [INFO] Current session ID: 76pc97ge9udh76mgfilp588819
[2025-12-26 06:51:09] [INFO] Final session quantities count: 0
[2025-12-26 06:51:09] [INFO] Items in current view: 50
[2025-12-26 06:51:09] [INFO] Sales Page Load Debug Info:
Array
(
    [total_items] => 117
    [current_page] => 1
    [total_pages] => 3
    [session_quantities_count] => 0
    [post_quantities_count] => 0
    [date_range] => 2025-11-27 to 2025-11-27
    [days_count] => 1
    [user_id] => 1
    [comp_id] => 1
    [license_type] => FL-II
    [allowed_classes] => Array
        (
            [0] => W
            [1] => V
            [2] => G
            [3] => F
            [4] => D
            [5] => K
            [6] => R
            [7] => L
            [8] => M
            [9] => I
            [10] => Q
        )

    [end_day_column] => DAY_27_CLOSING
    [daily_stock_table] => tbldailystock_1_11_25
    [table_exists] => 1
)

[2025-12-26 06:51:13] [INFO] Session quantity updated: SCMPL0031945 = 0
[2025-12-26 06:51:13] [INFO] Session quantity updated: SCMPL0031945 = 0
[2025-12-26 06:51:14] [INFO] Session quantity updated: SCMPL0031945 = 3
[2025-12-26 06:51:14] [INFO] Session quantity updated: SCMPL0031945 = 3
[2025-12-26 06:51:16] [INFO] Session quantity updated: SCMPL0031945 = 3
[2025-12-26 06:51:20] [INFO] === PAGE ACCESS ===
[2025-12-26 06:51:20] [INFO] Request method: POST
[2025-12-26 06:51:20] [INFO] Search term: ''
[2025-12-26 06:51:20] [INFO] Current session ID: 76pc97ge9udh76mgfilp588819
[2025-12-26 06:51:20] [INFO] Session quantities updated from POST: 1 items
[2025-12-26 06:51:20] [INFO] Getting next bill number for CompID: 1
[2025-12-26 06:51:20] [INFO] Next bill number for CompID 1: 4
[2025-12-26 06:51:20] [INFO] Starting optimized cash memo generation for 1 bills
[2025-12-26 06:51:20] [INFO] Cash memo generated for bill: BL0004
[2025-12-26 06:51:20] [INFO] Cash memo generation completed: 1 successful, 0 failed
[2025-12-26 06:51:20] [INFO] Session quantities cleared
[2025-12-26 06:51:36] [INFO] Sales by Closing Balance Page Load Debug Info:
Array
(
    [total_items] => 120
    [current_page] => 1
    [total_pages] => 3
    [session_quantities_count] => 0
    [post_quantities_count] => 0
    [date_range] => 2025-12-26 to 2025-12-26
    [days_count] => 1
    [user_id] => 1
    [comp_id] => 1
    [license_type] => FL-II
    [allowed_classes] => Array
        (
            [0] => W
            [1] => V
            [2] => G
            [3] => F
            [4] => D
            [5] => K
            [6] => R
            [7] => L
            [8] => M
            [9] => I
            [10] => Q
        )

    [end_day_column] => DAY_26_CLOSING
    [daily_stock_table] => tbldailystock_1
    [table_exists] => 1
)

[2025-12-26 06:51:49] [INFO] Session quantity updated: SCMPL0031945 = 3
[2025-12-26 06:51:49] [INFO] Session quantity updated: SCMPL0031945 = 3
[2025-12-26 06:51:51] [INFO] Session quantity updated: SCMPL0031945 = 3
[2025-12-26 06:51:51] [INFO] Session quantity updated: SCMPL0031945 = 3
[2025-12-26 06:51:52] [INFO] Session quantity updated: SCMPL0031945 = 3
[2025-12-26 06:51:52] [INFO] Session quantity updated: SCMPL0031945 = 3
[2025-12-26 06:51:53] [INFO] Sales by Closing Balance Page Load Debug Info:
Array
(
    [total_items] => 120
    [current_page] => 1
    [total_pages] => 3
    [session_quantities_count] => 1
    [post_quantities_count] => 0
    [date_range] => 2025-12-26 to 2025-12-26
    [days_count] => 1
    [user_id] => 1
    [comp_id] => 1
    [license_type] => FL-II
    [allowed_classes] => Array
        (
            [0] => W
            [1] => V
            [2] => G
            [3] => F
            [4] => D
            [5] => K
            [6] => R
            [7] => L
            [8] => M
            [9] => I
            [10] => Q
        )

    [end_day_column] => DAY_26_CLOSING
    [daily_stock_table] => tbldailystock_1
    [table_exists] => 1
)

