[2025-12-28 06:05:52] [INFO] Sales by Closing Balance Page Load Debug Info:
Array
(
    [total_items] => 120
    [current_page] => 1
    [total_pages] => 3
    [session_quantities_count] => 0
    [post_quantities_count] => 0
    [date_range] => 2025-12-28 to 2025-12-28
    [days_count] => 1
    [user_id] => 1
    [comp_id] => 1
    [license_type] => FL-II
    [allowed_classes] => Array
        (
            [0] => W
            [1] => V
            [2] => G
            [3] => F
            [4] => D
            [5] => K
            [6] => R
            [7] => L
            [8] => M
            [9] => I
            [10] => Q
        )

    [end_day_column] => DAY_28_CLOSING
    [daily_stock_table] => tbldailystock_1
    [table_exists] => 1
)

[2025-12-28 06:05:56] [INFO] === PAGE ACCESS ===
[2025-12-28 06:05:56] [INFO] Request method: GET
[2025-12-28 06:05:56] [INFO] Search term: ''
[2025-12-28 06:05:56] [INFO] Current session ID: rbjr72dsnjvihg8jpt33ug5h0d
[2025-12-28 06:05:57] [INFO] Final session quantities count: 0
[2025-12-28 06:05:57] [INFO] Items in current view: 50
[2025-12-28 06:05:57] [INFO] Sales Page Load Debug Info:
Array
(
    [total_items] => 120
    [current_page] => 1
    [total_pages] => 3
    [session_quantities_count] => 0
    [post_quantities_count] => 0
    [date_range] => 2025-12-28 to 2025-12-28
    [days_count] => 1
    [user_id] => 1
    [comp_id] => 1
    [license_type] => FL-II
    [allowed_classes] => Array
        (
            [0] => W
            [1] => V
            [2] => G
            [3] => F
            [4] => D
            [5] => K
            [6] => R
            [7] => L
            [8] => M
            [9] => I
            [10] => Q
        )

    [end_day_column] => DAY_28_CLOSING
    [daily_stock_table] => tbldailystock_1
    [table_exists] => 1
)

[2025-12-28 06:06:28] [INFO] === PAGE ACCESS ===
[2025-12-28 06:06:28] [INFO] Request method: GET
[2025-12-28 06:06:28] [INFO] Search term: ''
[2025-12-28 06:06:28] [INFO] Current session ID: rbjr72dsnjvihg8jpt33ug5h0d
[2025-12-28 06:06:28] [INFO] Final session quantities count: 0
[2025-12-28 06:06:28] [INFO] Items in current view: 50
[2025-12-28 06:06:28] [INFO] Sales Page Load Debug Info:
Array
(
    [total_items] => 120
    [current_page] => 2
    [total_pages] => 3
    [session_quantities_count] => 0
    [post_quantities_count] => 0
    [date_range] => 2025-12-28 to 2025-12-28
    [days_count] => 1
    [user_id] => 1
    [comp_id] => 1
    [license_type] => FL-II
    [allowed_classes] => Array
        (
            [0] => W
            [1] => V
            [2] => G
            [3] => F
            [4] => D
            [5] => K
            [6] => R
            [7] => L
            [8] => M
            [9] => I
            [10] => Q
        )

    [end_day_column] => DAY_28_CLOSING
    [daily_stock_table] => tbldailystock_1
    [table_exists] => 1
)

[2025-12-28 06:06:32] [INFO] === PAGE ACCESS ===
[2025-12-28 06:06:32] [INFO] Request method: GET
[2025-12-28 06:06:32] [INFO] Search term: ''
[2025-12-28 06:06:32] [INFO] Current session ID: rbjr72dsnjvihg8jpt33ug5h0d
[2025-12-28 06:06:32] [INFO] Final session quantities count: 0
[2025-12-28 06:06:32] [INFO] Items in current view: 20
[2025-12-28 06:06:32] [INFO] Sales Page Load Debug Info:
Array
(
    [total_items] => 120
    [current_page] => 3
    [total_pages] => 3
    [session_quantities_count] => 0
    [post_quantities_count] => 0
    [date_range] => 2025-12-28 to 2025-12-28
    [days_count] => 1
    [user_id] => 1
    [comp_id] => 1
    [license_type] => FL-II
    [allowed_classes] => Array
        (
            [0] => W
            [1] => V
            [2] => G
            [3] => F
            [4] => D
            [5] => K
            [6] => R
            [7] => L
            [8] => M
            [9] => I
            [10] => Q
        )

    [end_day_column] => DAY_28_CLOSING
    [daily_stock_table] => tbldailystock_1
    [table_exists] => 1
)

[2025-12-28 06:06:43] [INFO] === PAGE ACCESS ===
[2025-12-28 06:06:43] [INFO] Request method: GET
[2025-12-28 06:06:43] [INFO] Search term: ''
[2025-12-28 06:06:43] [INFO] Current session ID: rbjr72dsnjvihg8jpt33ug5h0d
[2025-12-28 06:06:43] [INFO] Final session quantities count: 0
[2025-12-28 06:06:43] [INFO] Items in current view: 50
[2025-12-28 06:06:43] [INFO] Sales Page Load Debug Info:
Array
(
    [total_items] => 120
    [current_page] => 1
    [total_pages] => 3
    [session_quantities_count] => 0
    [post_quantities_count] => 0
    [date_range] => 2025-12-28 to 2025-12-28
    [days_count] => 1
    [user_id] => 1
    [comp_id] => 1
    [license_type] => FL-II
    [allowed_classes] => Array
        (
            [0] => W
            [1] => V
            [2] => G
            [3] => F
            [4] => D
            [5] => K
            [6] => R
            [7] => L
            [8] => M
            [9] => I
            [10] => Q
        )

    [end_day_column] => DAY_28_CLOSING
    [daily_stock_table] => tbldailystock_1
    [table_exists] => 1
)

[2025-12-28 06:07:05] [INFO] Session quantity updated: SCMPL0010694 = 0
[2025-12-28 06:07:05] [INFO] Session quantity updated: SCMPL0010694 = 0
[2025-12-28 06:07:12] [INFO] === PAGE ACCESS ===
[2025-12-28 06:07:12] [INFO] Request method: GET
[2025-12-28 06:07:12] [INFO] Search term: ''
[2025-12-28 06:07:12] [INFO] Current session ID: rbjr72dsnjvihg8jpt33ug5h0d
[2025-12-28 06:07:12] [INFO] Final session quantities count: 1
[2025-12-28 06:07:12] [INFO] Items in current view: 50
[2025-12-28 06:07:12] [INFO] Sales Page Load Debug Info:
Array
(
    [total_items] => 120
    [current_page] => 2
    [total_pages] => 3
    [session_quantities_count] => 1
    [post_quantities_count] => 0
    [date_range] => 2025-12-28 to 2025-12-28
    [days_count] => 1
    [user_id] => 1
    [comp_id] => 1
    [license_type] => FL-II
    [allowed_classes] => Array
        (
            [0] => W
            [1] => V
            [2] => G
            [3] => F
            [4] => D
            [5] => K
            [6] => R
            [7] => L
            [8] => M
            [9] => I
            [10] => Q
        )

    [end_day_column] => DAY_28_CLOSING
    [daily_stock_table] => tbldailystock_1
    [table_exists] => 1
)

[2025-12-28 06:07:16] [INFO] === PAGE ACCESS ===
[2025-12-28 06:07:16] [INFO] Request method: GET
[2025-12-28 06:07:16] [INFO] Search term: ''
[2025-12-28 06:07:16] [INFO] Current session ID: rbjr72dsnjvihg8jpt33ug5h0d
[2025-12-28 06:07:16] [INFO] Final session quantities count: 1
[2025-12-28 06:07:16] [INFO] Items in current view: 20
[2025-12-28 06:07:16] [INFO] Sales Page Load Debug Info:
Array
(
    [total_items] => 120
    [current_page] => 3
    [total_pages] => 3
    [session_quantities_count] => 1
    [post_quantities_count] => 0
    [date_range] => 2025-12-28 to 2025-12-28
    [days_count] => 1
    [user_id] => 1
    [comp_id] => 1
    [license_type] => FL-II
    [allowed_classes] => Array
        (
            [0] => W
            [1] => V
            [2] => G
            [3] => F
            [4] => D
            [5] => K
            [6] => R
            [7] => L
            [8] => M
            [9] => I
            [10] => Q
        )

    [end_day_column] => DAY_28_CLOSING
    [daily_stock_table] => tbldailystock_1
    [table_exists] => 1
)

[2025-12-28 06:07:20] [INFO] === PAGE ACCESS ===
[2025-12-28 06:07:20] [INFO] Request method: GET
[2025-12-28 06:07:20] [INFO] Search term: ''
[2025-12-28 06:07:20] [INFO] Current session ID: rbjr72dsnjvihg8jpt33ug5h0d
[2025-12-28 06:07:20] [INFO] Final session quantities count: 1
[2025-12-28 06:07:20] [INFO] Items in current view: 50
[2025-12-28 06:07:20] [INFO] Sales Page Load Debug Info:
Array
(
    [total_items] => 120
    [current_page] => 1
    [total_pages] => 3
    [session_quantities_count] => 1
    [post_quantities_count] => 0
    [date_range] => 2025-12-28 to 2025-12-28
    [days_count] => 1
    [user_id] => 1
    [comp_id] => 1
    [license_type] => FL-II
    [allowed_classes] => Array
        (
            [0] => W
            [1] => V
            [2] => G
            [3] => F
            [4] => D
            [5] => K
            [6] => R
            [7] => L
            [8] => M
            [9] => I
            [10] => Q
        )

    [end_day_column] => DAY_28_CLOSING
    [daily_stock_table] => tbldailystock_1
    [table_exists] => 1
)

[2025-12-28 06:22:19] [INFO] === PAGE ACCESS ===
[2025-12-28 06:22:19] [INFO] Request method: GET
[2025-12-28 06:22:19] [INFO] Search term: ''
[2025-12-28 06:22:19] [INFO] Current session ID: rbjr72dsnjvihg8jpt33ug5h0d
[2025-12-28 06:22:20] [INFO] Final session quantities count: 1
[2025-12-28 06:22:20] [INFO] Items in current view: 50
[2025-12-28 06:22:20] [INFO] Sales Page Load Debug Info:
Array
(
    [total_items] => 120
    [current_page] => 2
    [total_pages] => 3
    [session_quantities_count] => 1
    [post_quantities_count] => 0
    [date_range] => 2025-12-28 to 2025-12-28
    [days_count] => 1
    [user_id] => 1
    [comp_id] => 1
    [license_type] => FL-II
    [allowed_classes] => Array
        (
            [0] => W
            [1] => V
            [2] => G
            [3] => F
            [4] => D
            [5] => K
            [6] => R
            [7] => L
            [8] => M
            [9] => I
            [10] => Q
        )

    [end_day_column] => DAY_28_CLOSING
    [daily_stock_table] => tbldailystock_1
    [table_exists] => 1
)

[2025-12-28 06:22:20] [INFO] === PAGE ACCESS ===
[2025-12-28 06:22:20] [INFO] Request method: GET
[2025-12-28 06:22:20] [INFO] Search term: ''
[2025-12-28 06:22:20] [INFO] Current session ID: rbjr72dsnjvihg8jpt33ug5h0d
[2025-12-28 06:22:20] [INFO] Final session quantities count: 1
[2025-12-28 06:22:20] [INFO] Items in current view: 50
[2025-12-28 06:22:20] [INFO] Sales Page Load Debug Info:
Array
(
    [total_items] => 120
    [current_page] => 2
    [total_pages] => 3
    [session_quantities_count] => 1
    [post_quantities_count] => 0
    [date_range] => 2025-12-28 to 2025-12-28
    [days_count] => 1
    [user_id] => 1
    [comp_id] => 1
    [license_type] => FL-II
    [allowed_classes] => Array
        (
            [0] => W
            [1] => V
            [2] => G
            [3] => F
            [4] => D
            [5] => K
            [6] => R
            [7] => L
            [8] => M
            [9] => I
            [10] => Q
        )

    [end_day_column] => DAY_28_CLOSING
    [daily_stock_table] => tbldailystock_1
    [table_exists] => 1
)

[2025-12-28 06:22:24] [INFO] === PAGE ACCESS ===
[2025-12-28 06:22:24] [INFO] Request method: GET
[2025-12-28 06:22:24] [INFO] Search term: ''
[2025-12-28 06:22:24] [INFO] Current session ID: rbjr72dsnjvihg8jpt33ug5h0d
[2025-12-28 06:22:24] [INFO] Final session quantities count: 1
[2025-12-28 06:22:24] [INFO] Items in current view: 20
[2025-12-28 06:22:24] [INFO] Sales Page Load Debug Info:
Array
(
    [total_items] => 120
    [current_page] => 3
    [total_pages] => 3
    [session_quantities_count] => 1
    [post_quantities_count] => 0
    [date_range] => 2025-12-28 to 2025-12-28
    [days_count] => 1
    [user_id] => 1
    [comp_id] => 1
    [license_type] => FL-II
    [allowed_classes] => Array
        (
            [0] => W
            [1] => V
            [2] => G
            [3] => F
            [4] => D
            [5] => K
            [6] => R
            [7] => L
            [8] => M
            [9] => I
            [10] => Q
        )

    [end_day_column] => DAY_28_CLOSING
    [daily_stock_table] => tbldailystock_1
    [table_exists] => 1
)

[2025-12-28 06:22:32] [INFO] === PAGE ACCESS ===
[2025-12-28 06:22:32] [INFO] Request method: GET
[2025-12-28 06:22:32] [INFO] Search term: ''
[2025-12-28 06:22:32] [INFO] Current session ID: rbjr72dsnjvihg8jpt33ug5h0d
[2025-12-28 06:22:32] [INFO] Final session quantities count: 1
[2025-12-28 06:22:32] [INFO] Items in current view: 50
[2025-12-28 06:22:32] [INFO] Sales Page Load Debug Info:
Array
(
    [total_items] => 120
    [current_page] => 1
    [total_pages] => 3
    [session_quantities_count] => 1
    [post_quantities_count] => 0
    [date_range] => 2025-12-28 to 2025-12-28
    [days_count] => 1
    [user_id] => 1
    [comp_id] => 1
    [license_type] => FL-II
    [allowed_classes] => Array
        (
            [0] => W
            [1] => V
            [2] => G
            [3] => F
            [4] => D
            [5] => K
            [6] => R
            [7] => L
            [8] => M
            [9] => I
            [10] => Q
        )

    [end_day_column] => DAY_28_CLOSING
    [daily_stock_table] => tbldailystock_1
    [table_exists] => 1
)

[2025-12-28 06:22:44] [INFO] === PAGE ACCESS ===
[2025-12-28 06:22:44] [INFO] Request method: GET
[2025-12-28 06:22:44] [INFO] Search term: ''
[2025-12-28 06:22:44] [INFO] Current session ID: rbjr72dsnjvihg8jpt33ug5h0d
[2025-12-28 06:22:45] [INFO] Final session quantities count: 1
[2025-12-28 06:22:45] [INFO] Items in current view: 50
[2025-12-28 06:22:45] [INFO] Sales Page Load Debug Info:
Array
(
    [total_items] => 108
    [current_page] => 1
    [total_pages] => 3
    [session_quantities_count] => 1
    [post_quantities_count] => 0
    [date_range] => 2025-11-01 to 2025-11-01
    [days_count] => 1
    [user_id] => 1
    [comp_id] => 1
    [license_type] => FL-II
    [allowed_classes] => Array
        (
            [0] => W
            [1] => V
            [2] => G
            [3] => F
            [4] => D
            [5] => K
            [6] => R
            [7] => L
            [8] => M
            [9] => I
            [10] => Q
        )

    [end_day_column] => DAY_01_CLOSING
    [daily_stock_table] => tbldailystock_1_11_25
    [table_exists] => 1
)

[2025-12-28 06:23:00] [INFO] === PAGE ACCESS ===
[2025-12-28 06:23:00] [INFO] Request method: GET
[2025-12-28 06:23:00] [INFO] Search term: ''
[2025-12-28 06:23:00] [INFO] Current session ID: rbjr72dsnjvihg8jpt33ug5h0d
[2025-12-28 06:23:00] [INFO] Final session quantities count: 1
[2025-12-28 06:23:00] [INFO] Items in current view: 50
[2025-12-28 06:23:00] [INFO] Sales Page Load Debug Info:
Array
(
    [total_items] => 109
    [current_page] => 1
    [total_pages] => 3
    [session_quantities_count] => 1
    [post_quantities_count] => 0
    [date_range] => 2025-11-01 to 2025-11-08
    [days_count] => 8
    [user_id] => 1
    [comp_id] => 1
    [license_type] => FL-II
    [allowed_classes] => Array
        (
            [0] => W
            [1] => V
            [2] => G
            [3] => F
            [4] => D
            [5] => K
            [6] => R
            [7] => L
            [8] => M
            [9] => I
            [10] => Q
        )

    [end_day_column] => DAY_08_CLOSING
    [daily_stock_table] => tbldailystock_1_11_25
    [table_exists] => 1
)

[2025-12-28 06:23:20] [INFO] Session quantity updated: SCMPL0010696 = 0
[2025-12-28 06:23:21] [INFO] Session quantity updated: SCMPL0010696 = 0
[2025-12-28 06:23:31] [INFO] Session quantity updated: SCMPL0010694 = 0
[2025-12-28 06:23:31] [INFO] Session quantity updated: SCMPL0010694 = 0
[2025-12-28 06:28:13] [INFO] Session quantity updated: SCMPL0010694 = 0
[2025-12-28 06:28:14] [INFO] Session quantity updated: SCMPL0010694 = 0
[2025-12-28 06:28:16] [INFO] Session quantity updated: SCMPL0010694 = 0
[2025-12-28 06:46:33] [INFO] Sales by Closing Balance Page Load Debug Info:
Array
(
    [total_items] => 120
    [current_page] => 1
    [total_pages] => 3
    [session_quantities_count] => 2
    [post_quantities_count] => 0
    [date_range] => 2025-12-28 to 2025-12-28
    [days_count] => 1
    [user_id] => 1
    [comp_id] => 1
    [license_type] => FL-II
    [allowed_classes] => Array
        (
            [0] => W
            [1] => V
            [2] => G
            [3] => F
            [4] => D
            [5] => K
            [6] => R
            [7] => L
            [8] => M
            [9] => I
            [10] => Q
        )

    [end_day_column] => DAY_28_CLOSING
    [daily_stock_table] => tbldailystock_1
    [table_exists] => 1
    [availability_stats] => Array
        (
            [fully_available] => 50
            [partially_available] => 0
            [not_available] => 0
        )

)

[2025-12-28 06:46:51] [INFO] Sales by Closing Balance Page Load Debug Info:
Array
(
    [total_items] => 120
    [current_page] => 1
    [total_pages] => 3
    [session_quantities_count] => 2
    [post_quantities_count] => 0
    [date_range] => 2025-12-26 to 2025-12-28
    [days_count] => 3
    [user_id] => 1
    [comp_id] => 1
    [license_type] => FL-II
    [allowed_classes] => Array
        (
            [0] => W
            [1] => V
            [2] => G
            [3] => F
            [4] => D
            [5] => K
            [6] => R
            [7] => L
            [8] => M
            [9] => I
            [10] => Q
        )

    [end_day_column] => DAY_28_CLOSING
    [daily_stock_table] => tbldailystock_1
    [table_exists] => 1
    [availability_stats] => Array
        (
            [fully_available] => 50
            [partially_available] => 0
            [not_available] => 0
        )

)

[2025-12-28 06:52:49] [INFO] Sales by Closing Balance Page Load Debug Info:
Array
(
    [total_items] => 120
    [current_page] => 1
    [total_pages] => 3
    [session_quantities_count] => 2
    [post_quantities_count] => 0
    [date_range] => 2025-12-26 to 2025-12-28
    [days_count] => 3
    [user_id] => 1
    [comp_id] => 1
    [license_type] => FL-II
    [allowed_classes] => Array
        (
            [0] => W
            [1] => V
            [2] => G
            [3] => F
            [4] => D
            [5] => K
            [6] => R
            [7] => L
            [8] => M
            [9] => I
            [10] => Q
        )

    [end_day_column] => DAY_28_CLOSING
    [daily_stock_table] => tbldailystock_1
    [table_exists] => 1
    [availability_stats] => Array
        (
            [fully_available] => 50
            [partially_available] => 0
            [not_available] => 0
        )

)

[2025-12-28 06:52:57] [INFO] === PAGE ACCESS ===
[2025-12-28 06:52:57] [INFO] Request method: GET
[2025-12-28 06:52:57] [INFO] Search term: ''
[2025-12-28 06:52:57] [INFO] Current session ID: rbjr72dsnjvihg8jpt33ug5h0d
[2025-12-28 06:52:57] [INFO] Final session quantities count: 2
[2025-12-28 06:52:57] [INFO] Items in current view: 50
[2025-12-28 06:52:57] [INFO] Sales Page Load Debug Info:
Array
(
    [total_items] => 120
    [current_page] => 1
    [total_pages] => 3
    [session_quantities_count] => 2
    [post_quantities_count] => 0
    [date_range] => 2025-12-28 to 2025-12-28
    [days_count] => 1
    [user_id] => 1
    [comp_id] => 1
    [license_type] => FL-II
    [allowed_classes] => Array
        (
            [0] => W
            [1] => V
            [2] => G
            [3] => F
            [4] => D
            [5] => K
            [6] => R
            [7] => L
            [8] => M
            [9] => I
            [10] => Q
        )

    [end_day_column] => DAY_28_CLOSING
    [daily_stock_table] => tbldailystock_1
    [table_exists] => 1
)

[2025-12-28 06:53:06] [INFO] === PAGE ACCESS ===
[2025-12-28 06:53:06] [INFO] Request method: GET
[2025-12-28 06:53:06] [INFO] Search term: ''
[2025-12-28 06:53:06] [INFO] Current session ID: rbjr72dsnjvihg8jpt33ug5h0d
[2025-12-28 06:53:06] [INFO] Final session quantities count: 2
[2025-12-28 06:53:06] [INFO] Items in current view: 50
[2025-12-28 06:53:06] [INFO] Sales Page Load Debug Info:
Array
(
    [total_items] => 120
    [current_page] => 1
    [total_pages] => 3
    [session_quantities_count] => 2
    [post_quantities_count] => 0
    [date_range] => 2025-12-27 to 2025-12-28
    [days_count] => 2
    [user_id] => 1
    [comp_id] => 1
    [license_type] => FL-II
    [allowed_classes] => Array
        (
            [0] => W
            [1] => V
            [2] => G
            [3] => F
            [4] => D
            [5] => K
            [6] => R
            [7] => L
            [8] => M
            [9] => I
            [10] => Q
        )

    [end_day_column] => DAY_28_CLOSING
    [daily_stock_table] => tbldailystock_1
    [table_exists] => 1
)

[2025-12-28 06:53:10] [INFO] Session quantity updated: SCMPL0010694 = 0
[2025-12-28 06:53:13] [INFO] === PAGE ACCESS ===
[2025-12-28 06:53:13] [INFO] Request method: GET
[2025-12-28 06:53:13] [INFO] Search term: ''
[2025-12-28 06:53:13] [INFO] Current session ID: rbjr72dsnjvihg8jpt33ug5h0d
[2025-12-28 06:53:13] [INFO] Final session quantities count: 2
[2025-12-28 06:53:13] [INFO] Items in current view: 50
[2025-12-28 06:53:13] [INFO] Sales Page Load Debug Info:
Array
(
    [total_items] => 120
    [current_page] => 1
    [total_pages] => 3
    [session_quantities_count] => 2
    [post_quantities_count] => 0
    [date_range] => 2025-12-27 to 2025-12-28
    [days_count] => 2
    [user_id] => 1
    [comp_id] => 1
    [license_type] => FL-II
    [allowed_classes] => Array
        (
            [0] => W
            [1] => V
            [2] => G
            [3] => F
            [4] => D
            [5] => K
            [6] => R
            [7] => L
            [8] => M
            [9] => I
            [10] => Q
        )

    [end_day_column] => DAY_28_CLOSING
    [daily_stock_table] => tbldailystock_1
    [table_exists] => 1
)

[2025-12-28 06:55:48] [INFO] Session quantity updated: SCMPL0010694 = 0
[2025-12-28 08:30:55] [INFO] Sales by Closing Balance Page Load Debug Info:
Array
(
    [total_items] => 120
    [current_page] => 1
    [total_pages] => 3
    [session_quantities_count] => 2
    [post_quantities_count] => 0
    [date_range] => 2025-12-27 to 2025-12-28
    [days_count] => 2
    [user_id] => 1
    [comp_id] => 1
    [license_type] => FL-II
    [allowed_classes] => Array
        (
            [0] => W
            [1] => V
            [2] => G
            [3] => F
            [4] => D
            [5] => K
            [6] => R
            [7] => L
            [8] => M
            [9] => I
            [10] => Q
        )

    [end_day_column] => DAY_28_CLOSING
    [daily_stock_table] => tbldailystock_1
    [table_exists] => 1
    [availability_stats] => Array
        (
            [fully_available] => 50
            [partially_available] => 0
            [not_available] => 0
        )

)

[2025-12-28 08:31:21] [INFO] === PAGE ACCESS ===
[2025-12-28 08:31:21] [INFO] Request method: GET
[2025-12-28 08:31:21] [INFO] Search term: ''
[2025-12-28 08:31:21] [INFO] Current session ID: rbjr72dsnjvihg8jpt33ug5h0d
[2025-12-28 08:31:21] [INFO] Final session quantities count: 2
[2025-12-28 08:31:21] [INFO] Items in current view: 50
[2025-12-28 08:31:21] [INFO] Sales Page Load Debug Info:
Array
(
    [total_items] => 120
    [current_page] => 1
    [total_pages] => 3
    [session_quantities_count] => 2
    [post_quantities_count] => 0
    [date_range] => 2025-12-27 to 2025-12-28
    [days_count] => 2
    [user_id] => 1
    [comp_id] => 1
    [license_type] => FL-II
    [allowed_classes] => Array
        (
            [0] => W
            [1] => V
            [2] => G
            [3] => F
            [4] => D
            [5] => K
            [6] => R
            [7] => L
            [8] => M
            [9] => I
            [10] => Q
        )

    [end_day_column] => DAY_28_CLOSING
    [daily_stock_table] => tbldailystock_1
    [table_exists] => 1
)

[2025-12-28 08:31:29] [INFO] Session quantity updated: SCMPL0010694 = 0
[2025-12-28 08:31:59] [INFO] === PAGE ACCESS ===
[2025-12-28 08:31:59] [INFO] Request method: GET
[2025-12-28 08:31:59] [INFO] Search term: ''
[2025-12-28 08:31:59] [INFO] Current session ID: rbjr72dsnjvihg8jpt33ug5h0d
[2025-12-28 08:31:59] [INFO] Final session quantities count: 2
[2025-12-28 08:31:59] [INFO] Items in current view: 50
[2025-12-28 08:31:59] [INFO] Sales Page Load Debug Info:
Array
(
    [total_items] => 120
    [current_page] => 1
    [total_pages] => 3
    [session_quantities_count] => 2
    [post_quantities_count] => 0
    [date_range] => 2025-12-27 to 2025-12-28
    [days_count] => 2
    [user_id] => 1
    [comp_id] => 1
    [license_type] => FL-II
    [allowed_classes] => Array
        (
            [0] => W
            [1] => V
            [2] => G
            [3] => F
            [4] => D
            [5] => K
            [6] => R
            [7] => L
            [8] => M
            [9] => I
            [10] => Q
        )

    [end_day_column] => DAY_28_CLOSING
    [daily_stock_table] => tbldailystock_1
    [table_exists] => 1
)

[2025-12-28 08:32:04] [INFO] === PAGE ACCESS ===
[2025-12-28 08:32:04] [INFO] Request method: GET
[2025-12-28 08:32:04] [INFO] Search term: ''
[2025-12-28 08:32:04] [INFO] Current session ID: rbjr72dsnjvihg8jpt33ug5h0d
[2025-12-28 08:32:04] [INFO] Final session quantities count: 2
[2025-12-28 08:32:04] [INFO] Items in current view: 50
[2025-12-28 08:32:04] [INFO] Sales Page Load Debug Info:
Array
(
    [total_items] => 120
    [current_page] => 1
    [total_pages] => 3
    [session_quantities_count] => 2
    [post_quantities_count] => 0
    [date_range] => 2025-12-27 to 2025-12-28
    [days_count] => 2
    [user_id] => 1
    [comp_id] => 1
    [license_type] => FL-II
    [allowed_classes] => Array
        (
            [0] => W
            [1] => V
            [2] => G
            [3] => F
            [4] => D
            [5] => K
            [6] => R
            [7] => L
            [8] => M
            [9] => I
            [10] => Q
        )

    [end_day_column] => DAY_28_CLOSING
    [daily_stock_table] => tbldailystock_1
    [table_exists] => 1
)

[2025-12-28 15:33:09] [INFO] === PAGE ACCESS ===
[2025-12-28 15:33:09] [INFO] Request method: GET
[2025-12-28 15:33:09] [INFO] Search term: ''
[2025-12-28 15:33:09] [INFO] Current session ID: 03tovbp5ma0sg0e7h0pkms6gih
[2025-12-28 15:33:56] [INFO] Sales by Closing Balance Page Load Debug Info:
Array
(
    [total_items] => 120
    [current_page] => 1
    [total_pages] => 3
    [session_quantities_count] => 0
    [post_quantities_count] => 0
    [date_range] => 2025-12-28 to 2025-12-28
    [days_count] => 1
    [user_id] => 1
    [comp_id] => 1
    [license_type] => FL-II
    [allowed_classes] => Array
        (
            [0] => W
            [1] => V
            [2] => G
            [3] => F
            [4] => D
            [5] => K
            [6] => R
            [7] => L
            [8] => M
            [9] => I
            [10] => Q
        )

    [end_day_column] => DAY_28_CLOSING
    [daily_stock_table] => tbldailystock_1
    [table_exists] => 1
    [availability_stats] => Array
        (
            [fully_available] => 50
            [partially_available] => 0
            [not_available] => 0
        )

)

[2025-12-28 15:34:11] [INFO] Sales by Closing Balance Page Load Debug Info:
Array
(
    [total_items] => 120
    [current_page] => 1
    [total_pages] => 3
    [session_quantities_count] => 0
    [post_quantities_count] => 0
    [date_range] => 2025-12-28 to 2025-12-28
    [days_count] => 1
    [user_id] => 1
    [comp_id] => 1
    [license_type] => FL-II
    [allowed_classes] => Array
        (
            [0] => W
            [1] => V
            [2] => G
            [3] => F
            [4] => D
            [5] => K
            [6] => R
            [7] => L
            [8] => M
            [9] => I
            [10] => Q
        )

    [end_day_column] => DAY_28_CLOSING
    [daily_stock_table] => tbldailystock_1
    [table_exists] => 1
    [availability_stats] => Array
        (
            [fully_available] => 50
            [partially_available] => 0
            [not_available] => 0
        )

)

[2025-12-28 15:34:15] [INFO] Session quantity updated: SCMPL0010694 = 0
[2025-12-28 15:34:15] [INFO] Session quantity updated: SCMPL0010694 = 0
