[2025-10-09 12:43:00] [INFO] === PAGE ACCESS ===
[2025-10-09 12:43:00] [INFO] Request method: GET
[2025-10-09 12:43:00] [INFO] Search term: ''
[2025-10-09 12:43:00] [INFO] Current session ID: 68i9pa2s7i1t8t9krvt02jg8t2
[2025-10-09 12:43:01] [INFO] Final session quantities count: 0
[2025-10-09 12:43:01] [INFO] Items in current view: 50
[2025-10-09 12:43:01] [INFO] Sales Page Load Debug Info:
Array
(
    [total_items] => 821
    [current_page] => 1
    [total_pages] => 17
    [session_quantities_count] => 0
    [post_quantities_count] => 0
    [date_range] => 2025-10-09 to 2025-10-09
    [days_count] => 1
    [user_id] => 2
    [comp_id] => 2
    [license_type] => FLBR-II
    [allowed_classes] => Array
        (
            [0] => V
            [1] => F
            [2] => O
            [3] => O
            [4] => O
            [5] => M
        )

)

[2025-10-09 12:43:05] [INFO] Session quantity updated: SCMWN0020397 = 199
[2025-10-09 12:43:05] [INFO] Session quantity updated: SCMWN0020397 = 199
[2025-10-09 12:43:06] [INFO] Session quantity updated: SCMWN0020397 = 185
[2025-10-09 12:43:06] [INFO] Session quantity updated: SCMWN0020397 = 185
[2025-10-09 12:43:07] [INFO] Session quantity updated: SCMWN0020397 = 200
[2025-10-09 12:43:07] [INFO] Session quantity updated: SCMWN0020397 = 200
[2025-10-09 12:43:09] [INFO] Session quantity updated: SCMWN0020397 = 180
[2025-10-09 12:43:09] [INFO] Session quantity updated: SCMWN0020397 = 180
[2025-10-09 12:43:10] [INFO] Session quantity updated: SCMWN0020397 = 200
[2025-10-09 12:43:10] [INFO] Session quantity updated: SCMWN0020397 = 200
[2025-10-09 12:43:11] [INFO] Session quantity updated: SCMWN0020397 = 199
[2025-10-09 12:43:11] [INFO] Session quantity updated: SCMWN0020397 = 199
[2025-10-09 12:43:12] [INFO] Session quantity updated: SCMWN0020397 = 20
[2025-10-09 12:43:12] [INFO] Session quantity updated: SCMWN0020397 = 20
[2025-10-09 12:43:13] [INFO] Session quantity updated: SCMWN0020397 = 20
[2025-10-09 12:43:18] [INFO] === PAGE ACCESS ===
[2025-10-09 12:43:18] [INFO] Request method: POST
[2025-10-09 12:43:18] [INFO] Search term: ''
[2025-10-09 12:43:18] [INFO] Current session ID: 68i9pa2s7i1t8t9krvt02jg8t2
[2025-10-09 12:43:18] [WARNING] Date-wise stock validation failed for item SCMWN0020397 on 2025-10-09: Available: 0, Requested: 20
[2025-10-09 12:43:18] [ERROR] Transaction rolled back: Date-wise stock validation failed:
Item SCMWN0020397: Insufficient stock on 2025-10-09 (Requested: 20)
[2025-10-09 12:43:18] [INFO] Final session quantities count: 1
[2025-10-09 12:43:18] [INFO] Items in current view: 50
[2025-10-09 12:43:18] [INFO] Sales Page Load Debug Info:
Array
(
    [total_items] => 821
    [current_page] => 1
    [total_pages] => 17
    [session_quantities_count] => 1
    [post_quantities_count] => 0
    [date_range] => 2025-10-09 to 2025-10-09
    [days_count] => 1
    [user_id] => 2
    [comp_id] => 2
    [license_type] => FLBR-II
    [allowed_classes] => Array
        (
            [0] => V
            [1] => F
            [2] => O
            [3] => O
            [4] => O
            [5] => M
        )

)

[2025-10-09 12:44:08] [INFO] === PAGE ACCESS ===
[2025-10-09 12:44:08] [INFO] Request method: GET
[2025-10-09 12:44:08] [INFO] Search term: ''
[2025-10-09 12:44:08] [INFO] Current session ID: 68i9pa2s7i1t8t9krvt02jg8t2
[2025-10-09 12:44:08] [INFO] Final session quantities count: 1
[2025-10-09 12:44:08] [INFO] Items in current view: 50
[2025-10-09 12:44:08] [INFO] Sales Page Load Debug Info:
Array
(
    [total_items] => 821
    [current_page] => 1
    [total_pages] => 17
    [session_quantities_count] => 1
    [post_quantities_count] => 0
    [date_range] => 2025-10-09 to 2025-10-09
    [days_count] => 1
    [user_id] => 2
    [comp_id] => 2
    [license_type] => FLBR-II
    [allowed_classes] => Array
        (
            [0] => V
            [1] => F
            [2] => O
            [3] => O
            [4] => O
            [5] => M
        )

)

[2025-10-09 12:57:27] [INFO] === PAGE ACCESS ===
[2025-10-09 12:57:27] [INFO] Request method: GET
[2025-10-09 12:57:27] [INFO] Search term: ''
[2025-10-09 12:57:27] [INFO] Current session ID: 92koh6g45mkone8rrij91r3b0p
[2025-10-09 12:57:27] [INFO] Final session quantities count: 0
[2025-10-09 12:57:27] [INFO] Items in current view: 50
[2025-10-09 12:57:27] [INFO] Sales Page Load Debug Info:
Array
(
    [total_items] => 916
    [current_page] => 1
    [total_pages] => 19
    [session_quantities_count] => 0
    [post_quantities_count] => 0
    [date_range] => 2025-10-09 to 2025-10-09
    [days_count] => 1
    [user_id] => 3
    [comp_id] => 3
    [license_type] => FLBR-II
    [allowed_classes] => Array
        (
            [0] => V
            [1] => F
            [2] => O
            [3] => O
            [4] => O
            [5] => M
        )

)

[2025-10-09 12:57:27] [INFO] === PAGE ACCESS ===
[2025-10-09 12:57:27] [INFO] Request method: GET
[2025-10-09 12:57:27] [INFO] Search term: ''
[2025-10-09 12:57:27] [INFO] Current session ID: 92koh6g45mkone8rrij91r3b0p
[2025-10-09 12:57:27] [INFO] Final session quantities count: 0
[2025-10-09 12:57:27] [INFO] Items in current view: 50
[2025-10-09 12:57:27] [INFO] Sales Page Load Debug Info:
Array
(
    [total_items] => 916
    [current_page] => 1
    [total_pages] => 19
    [session_quantities_count] => 0
    [post_quantities_count] => 0
    [date_range] => 2025-10-09 to 2025-10-09
    [days_count] => 1
    [user_id] => 3
    [comp_id] => 3
    [license_type] => FLBR-II
    [allowed_classes] => Array
        (
            [0] => V
            [1] => F
            [2] => O
            [3] => O
            [4] => O
            [5] => M
        )

)

[2025-10-09 13:00:24] [INFO] === PAGE ACCESS ===
[2025-10-09 13:00:24] [INFO] Request method: GET
[2025-10-09 13:00:24] [INFO] Search term: ''
[2025-10-09 13:00:24] [INFO] Current session ID: 92koh6g45mkone8rrij91r3b0p
[2025-10-09 13:00:24] [INFO] Final session quantities count: 0
[2025-10-09 13:00:24] [INFO] Items in current view: 50
[2025-10-09 13:00:24] [INFO] Sales Page Load Debug Info:
Array
(
    [total_items] => 916
    [current_page] => 1
    [total_pages] => 19
    [session_quantities_count] => 0
    [post_quantities_count] => 0
    [date_range] => 2025-10-09 to 2025-10-09
    [days_count] => 1
    [user_id] => 3
    [comp_id] => 3
    [license_type] => FLBR-II
    [allowed_classes] => Array
        (
            [0] => V
            [1] => F
            [2] => O
            [3] => O
            [4] => O
            [5] => M
        )

)

[2025-10-09 13:00:29] [INFO] Session quantity updated: SCMWN0020397 = 0
[2025-10-09 13:00:29] [INFO] Session quantity updated: SCMWN0020397 = 0
[2025-10-09 13:00:30] [INFO] Session quantity updated: SCMWN0020397 = 0
[2025-10-09 13:08:59] [INFO] === PAGE ACCESS ===
[2025-10-09 13:08:59] [INFO] Request method: GET
[2025-10-09 13:08:59] [INFO] Search term: ''
[2025-10-09 13:08:59] [INFO] Current session ID: 92koh6g45mkone8rrij91r3b0p
[2025-10-09 13:08:59] [INFO] Final session quantities count: 1
[2025-10-09 13:08:59] [INFO] Items in current view: 50
[2025-10-09 13:08:59] [INFO] Sales Page Load Debug Info:
Array
(
    [total_items] => 916
    [current_page] => 1
    [total_pages] => 19
    [session_quantities_count] => 1
    [post_quantities_count] => 0
    [date_range] => 2025-10-09 to 2025-10-09
    [days_count] => 1
    [user_id] => 3
    [comp_id] => 3
    [license_type] => FLBR-II
    [allowed_classes] => Array
        (
            [0] => V
            [1] => F
            [2] => O
            [3] => O
            [4] => O
            [5] => M
        )

)

[2025-10-09 13:09:02] [INFO] === PAGE ACCESS ===
[2025-10-09 13:09:02] [INFO] Request method: GET
[2025-10-09 13:09:02] [INFO] Search term: ''
[2025-10-09 13:09:02] [INFO] Current session ID: 92koh6g45mkone8rrij91r3b0p
[2025-10-09 13:09:02] [INFO] Final session quantities count: 1
[2025-10-09 13:09:02] [INFO] Items in current view: 50
[2025-10-09 13:09:02] [INFO] Sales Page Load Debug Info:
Array
(
    [total_items] => 916
    [current_page] => 1
    [total_pages] => 19
    [session_quantities_count] => 1
    [post_quantities_count] => 0
    [date_range] => 2025-10-09 to 2025-10-09
    [days_count] => 1
    [user_id] => 3
    [comp_id] => 3
    [license_type] => FLBR-II
    [allowed_classes] => Array
        (
            [0] => V
            [1] => F
            [2] => O
            [3] => O
            [4] => O
            [5] => M
        )

)

[2025-10-09 13:09:06] [INFO] Session quantity updated: SCMWN0020397 = 0
[2025-10-09 13:09:06] [INFO] Session quantity updated: SCMWN0020397 = 0
[2025-10-09 13:09:07] [INFO] Session quantity updated: SCMWN0020397 = 20
[2025-10-09 13:09:07] [INFO] Session quantity updated: SCMWN0020397 = 20
[2025-10-09 13:09:09] [INFO] Session quantity updated: SCMWN0020397 = 20
[2025-10-09 13:09:14] [INFO] === PAGE ACCESS ===
[2025-10-09 13:09:14] [INFO] Request method: POST
[2025-10-09 13:09:14] [INFO] Search term: ''
[2025-10-09 13:09:14] [INFO] Current session ID: 92koh6g45mkone8rrij91r3b0p
[2025-10-09 13:09:14] [INFO] Session quantities updated from POST: 1 items
[2025-10-09 13:09:14] [INFO] Getting next bill number
[2025-10-09 13:09:14] [INFO] Next bill number: 1
[2025-10-09 13:09:14] [INFO] Daily stock updated successfully for item SCMWN0020397 on 2025-10-09 in table tbldailystock_3: Sales=2, Closing=198
[2025-10-09 13:09:14] [INFO] Daily stock updated successfully for item SCMWN0020397 on 2025-10-09 in table tbldailystock_3: Sales=4, Closing=196
[2025-10-09 13:09:14] [INFO] Daily stock updated successfully for item SCMWN0020397 on 2025-10-09 in table tbldailystock_3: Sales=6, Closing=194
[2025-10-09 13:09:14] [INFO] Daily stock updated successfully for item SCMWN0020397 on 2025-10-09 in table tbldailystock_3: Sales=8, Closing=192
[2025-10-09 13:09:14] [INFO] Daily stock updated successfully for item SCMWN0020397 on 2025-10-09 in table tbldailystock_3: Sales=10, Closing=190
[2025-10-09 13:09:14] [INFO] Daily stock updated successfully for item SCMWN0020397 on 2025-10-09 in table tbldailystock_3: Sales=12, Closing=188
[2025-10-09 13:09:14] [INFO] Daily stock updated successfully for item SCMWN0020397 on 2025-10-09 in table tbldailystock_3: Sales=14, Closing=186
[2025-10-09 13:09:14] [INFO] Daily stock updated successfully for item SCMWN0020397 on 2025-10-09 in table tbldailystock_3: Sales=16, Closing=184
[2025-10-09 13:09:14] [INFO] Daily stock updated successfully for item SCMWN0020397 on 2025-10-09 in table tbldailystock_3: Sales=18, Closing=182
[2025-10-09 13:09:14] [INFO] Daily stock updated successfully for item SCMWN0020397 on 2025-10-09 in table tbldailystock_3: Sales=20, Closing=180
[2025-10-09 13:09:14] [INFO] Session quantities cleared
[2025-10-09 13:51:40] [INFO] === PAGE ACCESS ===
[2025-10-09 13:51:40] [INFO] Request method: GET
[2025-10-09 13:51:40] [INFO] Search term: ''
[2025-10-09 13:51:40] [INFO] Current session ID: otq33e12c0nogl315b2vmf50cn
[2025-10-09 13:51:41] [INFO] Final session quantities count: 0
[2025-10-09 13:51:41] [INFO] Items in current view: 50
[2025-10-09 13:51:41] [INFO] Sales Page Load Debug Info:
Array
(
    [total_items] => 3607
    [current_page] => 1
    [total_pages] => 73
    [session_quantities_count] => 0
    [post_quantities_count] => 0
    [date_range] => 2025-10-09 to 2025-10-09
    [days_count] => 1
    [user_id] => 4
    [comp_id] => 4
    [license_type] => FL-III
    [allowed_classes] => Array
        (
            [0] => W
            [1] => V
            [2] => G
            [3] => F
            [4] => D
            [5] => K
            [6] => R
            [7] => O
            [8] => O
            [9] => O
            [10] => O
            [11] => M
        )

)

[2025-10-09 13:51:44] [INFO] Session quantity updated: SCMPL0019028 = 0
[2025-10-09 13:51:44] [INFO] Session quantity updated: SCMPL0019028 = 20
[2025-10-09 13:51:44] [INFO] Session quantity updated: SCMPL0019028 = 20
[2025-10-09 13:51:45] [INFO] Session quantity updated: SCMPL0019028 = 20
[2025-10-09 13:51:47] [INFO] === PAGE ACCESS ===
[2025-10-09 13:51:47] [INFO] Request method: POST
[2025-10-09 13:51:47] [INFO] Search term: ''
[2025-10-09 13:51:47] [INFO] Current session ID: otq33e12c0nogl315b2vmf50cn
[2025-10-09 13:51:48] [INFO] Session quantities updated from POST: 1 items
[2025-10-09 13:51:48] [INFO] Getting next bill number
[2025-10-09 13:51:48] [INFO] Next bill number: 11
[2025-10-09 13:51:48] [INFO] Daily stock updated successfully for item SCMPL0019028 on 2025-10-09 in table tbldailystock_4: Sales=11, Closing=189
[2025-10-09 13:51:48] [INFO] Daily stock updated successfully for item SCMPL0019028 on 2025-10-09 in table tbldailystock_4: Sales=20, Closing=180
[2025-10-09 13:51:48] [INFO] Session quantities cleared
[2025-10-09 13:53:20] [INFO] === PAGE ACCESS ===
[2025-10-09 13:53:20] [INFO] Request method: GET
[2025-10-09 13:53:20] [INFO] Search term: ''
[2025-10-09 13:53:20] [INFO] Current session ID: otq33e12c0nogl315b2vmf50cn
[2025-10-09 13:53:20] [INFO] Final session quantities count: 0
[2025-10-09 13:53:20] [INFO] Items in current view: 50
[2025-10-09 13:53:20] [INFO] Sales Page Load Debug Info:
Array
(
    [total_items] => 3607
    [current_page] => 1
    [total_pages] => 73
    [session_quantities_count] => 0
    [post_quantities_count] => 0
    [date_range] => 2025-10-09 to 2025-10-09
    [days_count] => 1
    [user_id] => 4
    [comp_id] => 4
    [license_type] => FL-III
    [allowed_classes] => Array
        (
            [0] => W
            [1] => V
            [2] => G
            [3] => F
            [4] => D
            [5] => K
            [6] => R
            [7] => O
            [8] => O
            [9] => O
            [10] => O
            [11] => M
        )

)

[2025-10-09 13:53:24] [INFO] Session quantity updated: SCMPL0019029 = 200
[2025-10-09 13:53:25] [INFO] Session quantity updated: SCMPL0019029 = 200
[2025-10-09 13:53:25] [INFO] Session quantity updated: SCMPL0019029 = 20
[2025-10-09 13:53:25] [INFO] Session quantity updated: SCMPL0019029 = 20
[2025-10-09 13:53:26] [INFO] Session quantity updated: SCMPL0019029 = 20
[2025-10-09 13:53:28] [INFO] === PAGE ACCESS ===
[2025-10-09 13:53:28] [INFO] Request method: POST
[2025-10-09 13:53:28] [INFO] Search term: ''
[2025-10-09 13:53:28] [INFO] Current session ID: otq33e12c0nogl315b2vmf50cn
[2025-10-09 13:53:29] [INFO] Getting next bill number
[2025-10-09 13:53:29] [INFO] Next bill number: 13
[2025-10-09 13:53:29] [INFO] Daily stock updated successfully for item SCMPL0019029 on 2025-10-09 in table tbldailystock_4: Sales=5, Closing=195
[2025-10-09 13:53:29] [INFO] Daily stock updated successfully for item SCMPL0019029 on 2025-10-09 in table tbldailystock_4: Sales=10, Closing=190
[2025-10-09 13:53:29] [INFO] Daily stock updated successfully for item SCMPL0019029 on 2025-10-09 in table tbldailystock_4: Sales=15, Closing=185
[2025-10-09 13:53:29] [INFO] Daily stock updated successfully for item SCMPL0019029 on 2025-10-09 in table tbldailystock_4: Sales=20, Closing=180
[2025-10-09 13:53:29] [INFO] Session quantities cleared
