[2025-10-10 10:21:33] [INFO] === PAGE ACCESS ===
[2025-10-10 10:21:33] [INFO] Request method: GET
[2025-10-10 10:21:33] [INFO] Search term: ''
[2025-10-10 10:21:33] [INFO] Current session ID: 0vkb1gvursiqvn9a19kkf44arj
[2025-10-10 10:21:33] [INFO] Final session quantities count: 0
[2025-10-10 10:21:33] [INFO] Items in current view: 50
[2025-10-10 10:21:33] [INFO] Sales Page Load Debug Info:
Array
(
    [total_items] => 821
    [current_page] => 1
    [total_pages] => 17
    [session_quantities_count] => 0
    [post_quantities_count] => 0
    [date_range] => 2025-10-10 to 2025-10-10
    [days_count] => 1
    [user_id] => 3
    [comp_id] => 3
    [license_type] => FLBR-II
    [allowed_classes] => Array
        (
            [0] => V
            [1] => F
            [2] => O
            [3] => O
            [4] => O
            [5] => M
        )

)

[2025-10-10 10:21:53] [INFO] === PAGE ACCESS ===
[2025-10-10 10:21:53] [INFO] Request method: GET
[2025-10-10 10:21:53] [INFO] Search term: ''
[2025-10-10 10:21:53] [INFO] Current session ID: 0vkb1gvursiqvn9a19kkf44arj
[2025-10-10 10:21:53] [INFO] Final session quantities count: 0
[2025-10-10 10:21:53] [INFO] Items in current view: 50
[2025-10-10 10:21:53] [INFO] Sales Page Load Debug Info:
Array
(
    [total_items] => 821
    [current_page] => 1
    [total_pages] => 17
    [session_quantities_count] => 0
    [post_quantities_count] => 0
    [date_range] => 2025-10-10 to 2025-10-10
    [days_count] => 1
    [user_id] => 3
    [comp_id] => 3
    [license_type] => FLBR-II
    [allowed_classes] => Array
        (
            [0] => V
            [1] => F
            [2] => O
            [3] => O
            [4] => O
            [5] => M
        )

)

[2025-10-10 10:47:14] [INFO] === PAGE ACCESS ===
[2025-10-10 10:47:14] [INFO] Request method: GET
[2025-10-10 10:47:14] [INFO] Search term: ''
[2025-10-10 10:47:14] [INFO] Current session ID: 0vkb1gvursiqvn9a19kkf44arj
[2025-10-10 10:47:14] [INFO] Final session quantities count: 0
[2025-10-10 10:47:14] [INFO] Items in current view: 50
[2025-10-10 10:47:14] [INFO] Sales Page Load Debug Info:
Array
(
    [total_items] => 821
    [current_page] => 1
    [total_pages] => 17
    [session_quantities_count] => 0
    [post_quantities_count] => 0
    [date_range] => 2025-10-10 to 2025-10-10
    [days_count] => 1
    [user_id] => 3
    [comp_id] => 3
    [license_type] => FLBR-II
    [allowed_classes] => Array
        (
            [0] => V
            [1] => F
            [2] => O
            [3] => O
            [4] => O
            [5] => M
        )

)

[2025-10-10 10:47:19] [INFO] === PAGE ACCESS ===
[2025-10-10 10:47:19] [INFO] Request method: GET
[2025-10-10 10:47:19] [INFO] Search term: 'SCMBR0018160	'
[2025-10-10 10:47:19] [INFO] Current session ID: 0vkb1gvursiqvn9a19kkf44arj
[2025-10-10 10:47:19] [INFO] Final session quantities count: 0
[2025-10-10 10:47:19] [INFO] Items in current view: 3
[2025-10-10 10:47:19] [INFO] Sales Page Load Debug Info:
Array
(
    [total_items] => 1
    [current_page] => 1
    [total_pages] => 1
    [session_quantities_count] => 0
    [post_quantities_count] => 0
    [date_range] => 2025-10-10 to 2025-10-10
    [days_count] => 1
    [user_id] => 3
    [comp_id] => 3
    [license_type] => FLBR-II
    [allowed_classes] => Array
        (
            [0] => V
            [1] => F
            [2] => O
            [3] => O
            [4] => O
            [5] => M
        )

)

[2025-10-10 10:48:37] [INFO] Session quantity updated: SCMBR0018160 = 0
[2025-10-10 10:48:37] [INFO] Session quantity updated: SCMBR0018160 = 0
[2025-10-10 10:48:39] [INFO] Session quantity updated: SCMBR0018160 = 12
[2025-10-10 10:48:39] [INFO] Session quantity updated: SCMBR0018160 = 12
[2025-10-10 10:48:40] [INFO] Session quantity updated: SCMBR0018160 = 12
[2025-10-10 10:48:43] [INFO] === PAGE ACCESS ===
[2025-10-10 10:48:43] [INFO] Request method: POST
[2025-10-10 10:48:43] [INFO] Search term: 'SCMBR0018160	'
[2025-10-10 10:48:43] [INFO] Current session ID: 0vkb1gvursiqvn9a19kkf44arj
[2025-10-10 10:48:43] [INFO] Session quantities updated from POST: 0 items
[2025-10-10 10:48:43] [INFO] Final session quantities count: 0
[2025-10-10 10:48:43] [INFO] Items in current view: 3
[2025-10-10 10:48:43] [INFO] Sales Page Load Debug Info:
Array
(
    [total_items] => 1
    [current_page] => 1
    [total_pages] => 1
    [session_quantities_count] => 0
    [post_quantities_count] => 1
    [date_range] => 2025-10-10 to 2025-10-10
    [days_count] => 1
    [user_id] => 3
    [comp_id] => 3
    [license_type] => FLBR-II
    [allowed_classes] => Array
        (
            [0] => V
            [1] => F
            [2] => O
            [3] => O
            [4] => O
            [5] => M
        )

)

[2025-10-10 10:48:49] [INFO] Session quantity updated: SCMBR0018160 = 0
[2025-10-10 10:48:49] [INFO] Session quantity updated: SCMBR0018160 = 0
[2025-10-10 10:48:49] [INFO] Session quantity updated: SCMBR0018160 = 1
[2025-10-10 10:48:50] [INFO] Session quantity updated: SCMBR0018160 = 12
[2025-10-10 10:48:50] [INFO] Session quantity updated: SCMBR0018160 = 12
[2025-10-10 10:48:51] [INFO] Session quantity updated: SCMBR0018160 = 12
[2025-10-10 10:48:53] [INFO] === PAGE ACCESS ===
[2025-10-10 10:48:53] [INFO] Request method: POST
[2025-10-10 10:48:53] [INFO] Search term: 'SCMBR0018160	'
[2025-10-10 10:48:53] [INFO] Current session ID: 0vkb1gvursiqvn9a19kkf44arj
[2025-10-10 10:48:53] [INFO] Session quantities updated from POST: 0 items
[2025-10-10 10:48:53] [INFO] Final session quantities count: 0
[2025-10-10 10:48:53] [INFO] Items in current view: 3
[2025-10-10 10:48:53] [INFO] Sales Page Load Debug Info:
Array
(
    [total_items] => 1
    [current_page] => 1
    [total_pages] => 1
    [session_quantities_count] => 0
    [post_quantities_count] => 1
    [date_range] => 2025-10-10 to 2025-10-10
    [days_count] => 1
    [user_id] => 3
    [comp_id] => 3
    [license_type] => FLBR-II
    [allowed_classes] => Array
        (
            [0] => V
            [1] => F
            [2] => O
            [3] => O
            [4] => O
            [5] => M
        )

)

[2025-10-10 10:48:56] [INFO] Session quantity updated: SCMBR0018160 = 0
[2025-10-10 10:48:56] [INFO] Session quantity updated: SCMBR0018160 = 0
[2025-10-10 10:48:59] [INFO] Session quantity updated: SCMBR0018160 = 1
[2025-10-10 10:48:59] [INFO] Session quantity updated: SCMBR0018160 = 12
[2025-10-10 10:48:59] [INFO] Session quantity updated: SCMBR0018160 = 12
[2025-10-10 10:49:01] [INFO] Session quantity updated: SCMBR0018160 = 12
[2025-10-10 10:49:05] [INFO] === PAGE ACCESS ===
[2025-10-10 10:49:05] [INFO] Request method: POST
[2025-10-10 10:49:05] [INFO] Search term: 'SCMBR0018160	'
[2025-10-10 10:49:05] [INFO] Current session ID: 0vkb1gvursiqvn9a19kkf44arj
[2025-10-10 10:49:05] [INFO] Session quantities updated from POST: 0 items
[2025-10-10 10:49:05] [INFO] Final session quantities count: 0
[2025-10-10 10:49:05] [INFO] Items in current view: 3
[2025-10-10 10:49:05] [INFO] Sales Page Load Debug Info:
Array
(
    [total_items] => 1
    [current_page] => 1
    [total_pages] => 1
    [session_quantities_count] => 0
    [post_quantities_count] => 1
    [date_range] => 2025-10-10 to 2025-10-10
    [days_count] => 1
    [user_id] => 3
    [comp_id] => 3
    [license_type] => FLBR-II
    [allowed_classes] => Array
        (
            [0] => V
            [1] => F
            [2] => O
            [3] => O
            [4] => O
            [5] => M
        )

)

[2025-10-10 10:53:13] [INFO] === PAGE ACCESS ===
[2025-10-10 10:53:13] [INFO] Request method: GET
[2025-10-10 10:53:13] [INFO] Search term: ''
[2025-10-10 10:53:13] [INFO] Current session ID: 0f7nlqjkm2abo3on9okksrvtim
[2025-10-10 10:53:14] [INFO] Final session quantities count: 0
[2025-10-10 10:53:14] [INFO] Items in current view: 50
[2025-10-10 10:53:14] [INFO] Sales Page Load Debug Info:
Array
(
    [total_items] => 3607
    [current_page] => 1
    [total_pages] => 73
    [session_quantities_count] => 0
    [post_quantities_count] => 0
    [date_range] => 2025-10-10 to 2025-10-10
    [days_count] => 1
    [user_id] => 4
    [comp_id] => 4
    [license_type] => FL-III
    [allowed_classes] => Array
        (
            [0] => W
            [1] => V
            [2] => G
            [3] => F
            [4] => D
            [5] => K
            [6] => R
            [7] => O
            [8] => O
            [9] => O
            [10] => O
            [11] => M
        )

)

[2025-10-10 10:53:16] [INFO] === PAGE ACCESS ===
[2025-10-10 10:53:16] [INFO] Request method: GET
[2025-10-10 10:53:16] [INFO] Search term: 'SCMPL0010480'
[2025-10-10 10:53:16] [INFO] Current session ID: 0f7nlqjkm2abo3on9okksrvtim
[2025-10-10 10:53:16] [INFO] Final session quantities count: 0
[2025-10-10 10:53:16] [INFO] Items in current view: 5
[2025-10-10 10:53:16] [INFO] Sales Page Load Debug Info:
Array
(
    [total_items] => 1
    [current_page] => 1
    [total_pages] => 1
    [session_quantities_count] => 0
    [post_quantities_count] => 0
    [date_range] => 2025-10-10 to 2025-10-10
    [days_count] => 1
    [user_id] => 4
    [comp_id] => 4
    [license_type] => FL-III
    [allowed_classes] => Array
        (
            [0] => W
            [1] => V
            [2] => G
            [3] => F
            [4] => D
            [5] => K
            [6] => R
            [7] => O
            [8] => O
            [9] => O
            [10] => O
            [11] => M
        )

)

[2025-10-10 10:53:39] [INFO] === PAGE ACCESS ===
[2025-10-10 10:53:39] [INFO] Request method: GET
[2025-10-10 10:53:39] [INFO] Search term: ''
[2025-10-10 10:53:39] [INFO] Current session ID: 0f7nlqjkm2abo3on9okksrvtim
[2025-10-10 10:53:40] [INFO] Final session quantities count: 0
[2025-10-10 10:53:40] [INFO] Items in current view: 50
[2025-10-10 10:53:40] [INFO] Sales Page Load Debug Info:
Array
(
    [total_items] => 3607
    [current_page] => 1
    [total_pages] => 73
    [session_quantities_count] => 0
    [post_quantities_count] => 0
    [date_range] => 2025-10-10 to 2025-10-10
    [days_count] => 1
    [user_id] => 4
    [comp_id] => 4
    [license_type] => FL-III
    [allowed_classes] => Array
        (
            [0] => W
            [1] => V
            [2] => G
            [3] => F
            [4] => D
            [5] => K
            [6] => R
            [7] => O
            [8] => O
            [9] => O
            [10] => O
            [11] => M
        )

)

[2025-10-10 10:53:43] [INFO] === PAGE ACCESS ===
[2025-10-10 10:53:43] [INFO] Request method: GET
[2025-10-10 10:53:43] [INFO] Search term: 'SCMPL0010480'
[2025-10-10 10:53:43] [INFO] Current session ID: 0f7nlqjkm2abo3on9okksrvtim
[2025-10-10 10:53:43] [INFO] Final session quantities count: 0
[2025-10-10 10:53:43] [INFO] Items in current view: 5
[2025-10-10 10:53:43] [INFO] Sales Page Load Debug Info:
Array
(
    [total_items] => 1
    [current_page] => 1
    [total_pages] => 1
    [session_quantities_count] => 0
    [post_quantities_count] => 0
    [date_range] => 2025-10-10 to 2025-10-10
    [days_count] => 1
    [user_id] => 4
    [comp_id] => 4
    [license_type] => FL-III
    [allowed_classes] => Array
        (
            [0] => W
            [1] => V
            [2] => G
            [3] => F
            [4] => D
            [5] => K
            [6] => R
            [7] => O
            [8] => O
            [9] => O
            [10] => O
            [11] => M
        )

)

[2025-10-10 10:55:17] [INFO] === PAGE ACCESS ===
[2025-10-10 10:55:17] [INFO] Request method: GET
[2025-10-10 10:55:17] [INFO] Search term: ''
[2025-10-10 10:55:17] [INFO] Current session ID: 0f7nlqjkm2abo3on9okksrvtim
[2025-10-10 10:55:17] [INFO] Final session quantities count: 0
[2025-10-10 10:55:17] [INFO] Items in current view: 50
[2025-10-10 10:55:17] [INFO] Sales Page Load Debug Info:
Array
(
    [total_items] => 3607
    [current_page] => 1
    [total_pages] => 73
    [session_quantities_count] => 0
    [post_quantities_count] => 0
    [date_range] => 2025-10-10 to 2025-10-10
    [days_count] => 1
    [user_id] => 4
    [comp_id] => 4
    [license_type] => FL-III
    [allowed_classes] => Array
        (
            [0] => W
            [1] => V
            [2] => G
            [3] => F
            [4] => D
            [5] => K
            [6] => R
            [7] => O
            [8] => O
            [9] => O
            [10] => O
            [11] => M
        )

)

[2025-10-10 10:55:20] [INFO] === PAGE ACCESS ===
[2025-10-10 10:55:20] [INFO] Request method: GET
[2025-10-10 10:55:20] [INFO] Search term: 'SCMPL0010480'
[2025-10-10 10:55:20] [INFO] Current session ID: 0f7nlqjkm2abo3on9okksrvtim
[2025-10-10 10:55:20] [INFO] Final session quantities count: 0
[2025-10-10 10:55:20] [INFO] Items in current view: 5
[2025-10-10 10:55:20] [INFO] Sales Page Load Debug Info:
Array
(
    [total_items] => 1
    [current_page] => 1
    [total_pages] => 1
    [session_quantities_count] => 0
    [post_quantities_count] => 0
    [date_range] => 2025-10-10 to 2025-10-10
    [days_count] => 1
    [user_id] => 4
    [comp_id] => 4
    [license_type] => FL-III
    [allowed_classes] => Array
        (
            [0] => W
            [1] => V
            [2] => G
            [3] => F
            [4] => D
            [5] => K
            [6] => R
            [7] => O
            [8] => O
            [9] => O
            [10] => O
            [11] => M
        )

)

[2025-10-10 11:04:38] [INFO] === PAGE ACCESS ===
[2025-10-10 11:04:38] [INFO] Request method: GET
[2025-10-10 11:04:38] [INFO] Search term: 'SCMPL0010480'
[2025-10-10 11:04:38] [INFO] Current session ID: 0f7nlqjkm2abo3on9okksrvtim
[2025-10-10 11:04:38] [INFO] Final session quantities count: 0
[2025-10-10 11:04:38] [INFO] Items in current view: 1
[2025-10-10 11:04:38] [INFO] Sales Page Load Debug Info:
Array
(
    [total_items] => 1
    [current_page] => 1
    [total_pages] => 1
    [session_quantities_count] => 0
    [post_quantities_count] => 0
    [date_range] => 2025-10-10 to 2025-10-10
    [days_count] => 1
    [user_id] => 4
    [comp_id] => 4
    [license_type] => FL-III
    [allowed_classes] => Array
        (
            [0] => W
            [1] => V
            [2] => G
            [3] => F
            [4] => D
            [5] => K
            [6] => R
            [7] => O
            [8] => O
            [9] => O
            [10] => O
            [11] => M
        )

)

[2025-10-10 11:07:41] [INFO] === PAGE ACCESS ===
[2025-10-10 11:07:41] [INFO] Request method: GET
[2025-10-10 11:07:41] [INFO] Search term: 'SCMPL0010480'
[2025-10-10 11:07:41] [INFO] Current session ID: 0f7nlqjkm2abo3on9okksrvtim
[2025-10-10 11:07:42] [INFO] Final session quantities count: 0
[2025-10-10 11:07:42] [INFO] Items in current view: 1
[2025-10-10 11:07:42] [INFO] Sales Page Load Debug Info:
Array
(
    [total_items] => 1
    [current_page] => 1
    [total_pages] => 1
    [session_quantities_count] => 0
    [post_quantities_count] => 0
    [date_range] => 2025-10-10 to 2025-10-10
    [days_count] => 1
    [user_id] => 4
    [comp_id] => 4
    [license_type] => FL-III
    [allowed_classes] => Array
        (
            [0] => W
            [1] => V
            [2] => G
            [3] => F
            [4] => D
            [5] => K
            [6] => R
            [7] => O
            [8] => O
            [9] => O
            [10] => O
            [11] => M
        )

)

[2025-10-10 12:17:05] [INFO] === PAGE ACCESS ===
[2025-10-10 12:17:05] [INFO] Request method: GET
[2025-10-10 12:17:05] [INFO] Search term: ''
[2025-10-10 12:17:05] [INFO] Current session ID: 9ajvpdqq7r7do6ic5rdl3qpg0n
[2025-10-10 12:17:05] [INFO] Final session quantities count: 0
[2025-10-10 12:17:05] [INFO] Items in current view: 50
[2025-10-10 12:17:05] [INFO] Sales Page Load Debug Info:
Array
(
    [total_items] => 3607
    [current_page] => 1
    [total_pages] => 73
    [session_quantities_count] => 0
    [post_quantities_count] => 0
    [date_range] => 2025-10-10 to 2025-10-10
    [days_count] => 1
    [user_id] => 1
    [comp_id] => 1
    [license_type] => FL-II
    [allowed_classes] => Array
        (
            [0] => W
            [1] => V
            [2] => G
            [3] => F
            [4] => D
            [5] => K
            [6] => R
            [7] => O
            [8] => L
            [9] => O
            [10] => O
            [11] => O
            [12] => O
            [13] => M
        )

)

[2025-10-10 12:17:08] [INFO] === PAGE ACCESS ===
[2025-10-10 12:17:08] [INFO] Request method: GET
[2025-10-10 12:17:08] [INFO] Search term: 'SCMPL0038232'
[2025-10-10 12:17:08] [INFO] Current session ID: 9ajvpdqq7r7do6ic5rdl3qpg0n
[2025-10-10 12:17:08] [INFO] Final session quantities count: 0
[2025-10-10 12:17:08] [INFO] Items in current view: 1
[2025-10-10 12:17:08] [INFO] Sales Page Load Debug Info:
Array
(
    [total_items] => 1
    [current_page] => 1
    [total_pages] => 1
    [session_quantities_count] => 0
    [post_quantities_count] => 0
    [date_range] => 2025-10-10 to 2025-10-10
    [days_count] => 1
    [user_id] => 1
    [comp_id] => 1
    [license_type] => FL-II
    [allowed_classes] => Array
        (
            [0] => W
            [1] => V
            [2] => G
            [3] => F
            [4] => D
            [5] => K
            [6] => R
            [7] => O
            [8] => L
            [9] => O
            [10] => O
            [11] => O
            [12] => O
            [13] => M
        )

)

[2025-10-10 12:17:11] [INFO] Session quantity updated: SCMPL0038232 = 0
[2025-10-10 12:17:11] [INFO] Session quantity updated: SCMPL0038232 = 0
[2025-10-10 12:17:12] [INFO] Session quantity updated: SCMPL0038232 = 2
[2025-10-10 12:17:12] [INFO] Session quantity updated: SCMPL0038232 = 20
[2025-10-10 12:17:13] [INFO] Session quantity updated: SCMPL0038232 = 20
[2025-10-10 12:17:15] [INFO] Session quantity updated: SCMPL0038232 = 20
[2025-10-10 12:17:15] [INFO] === PAGE ACCESS ===
[2025-10-10 12:17:15] [INFO] Request method: GET
[2025-10-10 12:17:15] [INFO] Search term: 'SCMPL0038232'
[2025-10-10 12:17:15] [INFO] Current session ID: 9ajvpdqq7r7do6ic5rdl3qpg0n
[2025-10-10 12:17:16] [INFO] Final session quantities count: 1
[2025-10-10 12:17:16] [INFO] Items in current view: 1
[2025-10-10 12:17:16] [INFO] Sales Page Load Debug Info:
Array
(
    [total_items] => 1
    [current_page] => 1
    [total_pages] => 1
    [session_quantities_count] => 1
    [post_quantities_count] => 0
    [date_range] => 2025-10-10 to 2025-10-10
    [days_count] => 1
    [user_id] => 1
    [comp_id] => 1
    [license_type] => FL-II
    [allowed_classes] => Array
        (
            [0] => W
            [1] => V
            [2] => G
            [3] => F
            [4] => D
            [5] => K
            [6] => R
            [7] => O
            [8] => L
            [9] => O
            [10] => O
            [11] => O
            [12] => O
            [13] => M
        )

)

[2025-10-10 12:17:19] [INFO] === PAGE ACCESS ===
[2025-10-10 12:17:19] [INFO] Request method: POST
[2025-10-10 12:17:19] [INFO] Search term: 'SCMPL0038232'
[2025-10-10 12:17:19] [INFO] Current session ID: 9ajvpdqq7r7do6ic5rdl3qpg0n
[2025-10-10 12:17:19] [INFO] Session quantities updated from POST: 1 items
[2025-10-10 12:17:19] [INFO] Getting next bill number
[2025-10-10 12:17:19] [INFO] Next bill number: 1
[2025-10-10 12:17:20] [INFO] Daily stock updated successfully for item SCMPL0038232 on 2025-10-10 in table tbldailystock_1: Sales=5, Closing=291
[2025-10-10 12:17:20] [INFO] Daily stock updated successfully for item SCMPL0038232 on 2025-10-10 in table tbldailystock_1: Sales=10, Closing=286
[2025-10-10 12:17:20] [INFO] Daily stock updated successfully for item SCMPL0038232 on 2025-10-10 in table tbldailystock_1: Sales=15, Closing=281
[2025-10-10 12:17:20] [INFO] Daily stock updated successfully for item SCMPL0038232 on 2025-10-10 in table tbldailystock_1: Sales=20, Closing=276
[2025-10-10 12:17:20] [INFO] Session quantities cleared
[2025-10-10 12:17:53] [INFO] === PAGE ACCESS ===
[2025-10-10 12:17:53] [INFO] Request method: GET
[2025-10-10 12:17:53] [INFO] Search term: ''
[2025-10-10 12:17:53] [INFO] Current session ID: 9ajvpdqq7r7do6ic5rdl3qpg0n
[2025-10-10 12:17:53] [INFO] Final session quantities count: 0
[2025-10-10 12:17:53] [INFO] Items in current view: 50
[2025-10-10 12:17:53] [INFO] Sales Page Load Debug Info:
Array
(
    [total_items] => 3607
    [current_page] => 1
    [total_pages] => 73
    [session_quantities_count] => 0
    [post_quantities_count] => 0
    [date_range] => 2025-10-10 to 2025-10-10
    [days_count] => 1
    [user_id] => 1
    [comp_id] => 1
    [license_type] => FL-II
    [allowed_classes] => Array
        (
            [0] => W
            [1] => V
            [2] => G
            [3] => F
            [4] => D
            [5] => K
            [6] => R
            [7] => O
            [8] => L
            [9] => O
            [10] => O
            [11] => O
            [12] => O
            [13] => M
        )

)

[2025-10-10 12:17:59] [INFO] === PAGE ACCESS ===
[2025-10-10 12:17:59] [INFO] Request method: GET
[2025-10-10 12:17:59] [INFO] Search term: 'SCMPL0038232'
[2025-10-10 12:17:59] [INFO] Current session ID: 9ajvpdqq7r7do6ic5rdl3qpg0n
[2025-10-10 12:17:59] [INFO] Final session quantities count: 0
[2025-10-10 12:17:59] [INFO] Items in current view: 1
[2025-10-10 12:17:59] [INFO] Sales Page Load Debug Info:
Array
(
    [total_items] => 1
    [current_page] => 1
    [total_pages] => 1
    [session_quantities_count] => 0
    [post_quantities_count] => 0
    [date_range] => 2025-10-10 to 2025-10-10
    [days_count] => 1
    [user_id] => 1
    [comp_id] => 1
    [license_type] => FL-II
    [allowed_classes] => Array
        (
            [0] => W
            [1] => V
            [2] => G
            [3] => F
            [4] => D
            [5] => K
            [6] => R
            [7] => O
            [8] => L
            [9] => O
            [10] => O
            [11] => O
            [12] => O
            [13] => M
        )

)

[2025-10-10 12:18:03] [INFO] Session quantity updated: SCMPL0038232 = 276
[2025-10-10 12:18:03] [INFO] Session quantity updated: SCMPL0038232 = 276
[2025-10-10 12:18:08] [INFO] Session quantity updated: SCMPL0038232 = 274
[2025-10-10 12:18:08] [INFO] Session quantity updated: SCMPL0038232 = 274
[2025-10-10 12:18:09] [INFO] Session quantity updated: SCMPL0038232 = 20
[2025-10-10 12:18:09] [INFO] Session quantity updated: SCMPL0038232 = 20
[2025-10-10 12:18:12] [INFO] Session quantity updated: SCMPL0038232 = 20
[2025-10-10 12:18:15] [INFO] === PAGE ACCESS ===
[2025-10-10 12:18:15] [INFO] Request method: POST
[2025-10-10 12:18:15] [INFO] Search term: 'SCMPL0038232'
[2025-10-10 12:18:15] [INFO] Current session ID: 9ajvpdqq7r7do6ic5rdl3qpg0n
[2025-10-10 12:18:15] [INFO] Getting next bill number
[2025-10-10 12:18:15] [INFO] Next bill number: 5
[2025-10-10 12:18:15] [INFO] Daily stock updated successfully for item SCMPL0038232 on 2025-10-10 in table tbldailystock_1: Sales=25, Closing=271
[2025-10-10 12:18:15] [INFO] Daily stock updated successfully for item SCMPL0038232 on 2025-10-10 in table tbldailystock_1: Sales=30, Closing=266
[2025-10-10 12:18:15] [INFO] Daily stock updated successfully for item SCMPL0038232 on 2025-10-10 in table tbldailystock_1: Sales=35, Closing=261
[2025-10-10 12:18:15] [INFO] Daily stock updated successfully for item SCMPL0038232 on 2025-10-10 in table tbldailystock_1: Sales=40, Closing=256
[2025-10-10 12:18:15] [INFO] Session quantities cleared
[2025-10-10 14:11:15] [INFO] === PAGE ACCESS ===
[2025-10-10 14:11:15] [INFO] Request method: GET
[2025-10-10 14:11:15] [INFO] Search term: ''
[2025-10-10 14:11:15] [INFO] Current session ID: ed5kmscrao8hkk2i6eqcvveuhd
[2025-10-10 14:11:15] [INFO] Final session quantities count: 0
[2025-10-10 14:11:15] [INFO] Items in current view: 50
[2025-10-10 14:11:15] [INFO] Sales Page Load Debug Info:
Array
(
    [total_items] => 821
    [current_page] => 1
    [total_pages] => 17
    [session_quantities_count] => 0
    [post_quantities_count] => 0
    [date_range] => 2025-10-10 to 2025-10-10
    [days_count] => 1
    [user_id] => 1
    [comp_id] => 1
    [license_type] => FLBR-II
    [allowed_classes] => Array
        (
            [0] => V
            [1] => F
            [2] => O
            [3] => O
            [4] => O
            [5] => M
        )

)

[2025-10-10 14:11:19] [INFO] === PAGE ACCESS ===
[2025-10-10 14:11:19] [INFO] Request method: GET
[2025-10-10 14:11:19] [INFO] Search term: 'SCMWN0041837'
[2025-10-10 14:11:19] [INFO] Current session ID: ed5kmscrao8hkk2i6eqcvveuhd
[2025-10-10 14:11:19] [INFO] Final session quantities count: 0
[2025-10-10 14:11:19] [INFO] Items in current view: 1
[2025-10-10 14:11:19] [INFO] Sales Page Load Debug Info:
Array
(
    [total_items] => 1
    [current_page] => 1
    [total_pages] => 1
    [session_quantities_count] => 0
    [post_quantities_count] => 0
    [date_range] => 2025-10-10 to 2025-10-10
    [days_count] => 1
    [user_id] => 1
    [comp_id] => 1
    [license_type] => FLBR-II
    [allowed_classes] => Array
        (
            [0] => V
            [1] => F
            [2] => O
            [3] => O
            [4] => O
            [5] => M
        )

)

[2025-10-10 14:11:23] [INFO] Session quantity updated: SCMWN0041837 = 0
[2025-10-10 14:11:23] [INFO] Session quantity updated: SCMWN0041837 = 0
[2025-10-10 14:11:25] [INFO] Session quantity updated: SCMWN0041837 = 20
[2025-10-10 14:11:25] [INFO] Session quantity updated: SCMWN0041837 = 20
[2025-10-10 14:11:25] [INFO] Session quantity updated: SCMWN0041837 = 200
[2025-10-10 14:11:26] [INFO] Session quantity updated: SCMWN0041837 = 200
[2025-10-10 14:11:27] [INFO] Session quantity updated: SCMWN0041837 = 0
[2025-10-10 14:11:27] [INFO] Session quantity updated: SCMWN0041837 = 0
[2025-10-10 14:11:34] [INFO] Session quantity updated: SCMWN0041837 = 6
[2025-10-10 14:11:35] [INFO] Session quantity updated: SCMWN0041837 = 6
[2025-10-10 14:11:36] [INFO] Session quantity updated: SCMWN0041837 = 6
[2025-10-10 14:11:43] [INFO] === PAGE ACCESS ===
[2025-10-10 14:11:43] [INFO] Request method: POST
[2025-10-10 14:11:43] [INFO] Search term: 'SCMWN0041837'
[2025-10-10 14:11:43] [INFO] Current session ID: ed5kmscrao8hkk2i6eqcvveuhd
[2025-10-10 14:11:43] [INFO] Session quantities updated from POST: 1 items
[2025-10-10 14:11:43] [INFO] Getting next bill number
[2025-10-10 14:11:43] [INFO] Next bill number: 1
[2025-10-10 14:11:43] [INFO] Daily stock updated successfully for item SCMWN0041837 on 2025-10-10 in table tbldailystock_1: Sales=1, Closing=205
[2025-10-10 14:11:43] [INFO] Daily stock updated successfully for item SCMWN0041837 on 2025-10-10 in table tbldailystock_1: Sales=2, Closing=204
[2025-10-10 14:11:43] [INFO] Daily stock updated successfully for item SCMWN0041837 on 2025-10-10 in table tbldailystock_1: Sales=3, Closing=203
[2025-10-10 14:11:43] [INFO] Daily stock updated successfully for item SCMWN0041837 on 2025-10-10 in table tbldailystock_1: Sales=4, Closing=202
[2025-10-10 14:11:43] [INFO] Daily stock updated successfully for item SCMWN0041837 on 2025-10-10 in table tbldailystock_1: Sales=5, Closing=201
[2025-10-10 14:11:43] [INFO] Daily stock updated successfully for item SCMWN0041837 on 2025-10-10 in table tbldailystock_1: Sales=6, Closing=200
[2025-10-10 14:11:43] [INFO] Session quantities cleared
[2025-10-10 14:11:47] [INFO] === PAGE ACCESS ===
[2025-10-10 14:11:47] [INFO] Request method: GET
[2025-10-10 14:11:47] [INFO] Search term: ''
[2025-10-10 14:11:47] [INFO] Current session ID: ed5kmscrao8hkk2i6eqcvveuhd
[2025-10-10 14:11:47] [INFO] Final session quantities count: 0
[2025-10-10 14:11:47] [INFO] Items in current view: 50
[2025-10-10 14:11:47] [INFO] Sales Page Load Debug Info:
Array
(
    [total_items] => 821
    [current_page] => 1
    [total_pages] => 17
    [session_quantities_count] => 0
    [post_quantities_count] => 0
    [date_range] => 2025-10-10 to 2025-10-10
    [days_count] => 1
    [user_id] => 1
    [comp_id] => 1
    [license_type] => FLBR-II
    [allowed_classes] => Array
        (
            [0] => V
            [1] => F
            [2] => O
            [3] => O
            [4] => O
            [5] => M
        )

)

[2025-10-10 14:11:56] [INFO] === PAGE ACCESS ===
[2025-10-10 14:11:56] [INFO] Request method: GET
[2025-10-10 14:11:56] [INFO] Search term: 'SCMWN0019742'
[2025-10-10 14:11:56] [INFO] Current session ID: ed5kmscrao8hkk2i6eqcvveuhd
[2025-10-10 14:11:56] [INFO] Final session quantities count: 0
[2025-10-10 14:11:56] [INFO] Items in current view: 1
[2025-10-10 14:11:56] [INFO] Sales Page Load Debug Info:
Array
(
    [total_items] => 1
    [current_page] => 1
    [total_pages] => 1
    [session_quantities_count] => 0
    [post_quantities_count] => 0
    [date_range] => 2025-10-10 to 2025-10-10
    [days_count] => 1
    [user_id] => 1
    [comp_id] => 1
    [license_type] => FLBR-II
    [allowed_classes] => Array
        (
            [0] => V
            [1] => F
            [2] => O
            [3] => O
            [4] => O
            [5] => M
        )

)

[2025-10-10 14:12:02] [INFO] Session quantity updated: SCMWN0019742 = 0
[2025-10-10 14:12:03] [INFO] Session quantity updated: SCMWN0019742 = 0
[2025-10-10 14:12:03] [INFO] Session quantity updated: SCMWN0019742 = 24
[2025-10-10 14:12:04] [INFO] Session quantity updated: SCMWN0019742 = 24
[2025-10-10 14:12:05] [INFO] Session quantity updated: SCMWN0019742 = 24
[2025-10-10 14:12:07] [INFO] Saving pending sales for user 1, company 1
[2025-10-10 14:12:07] [INFO] Items to save:
Array
(
    [SCMWN0019742] => 24
)

[2025-10-10 14:12:07] [INFO] Date range spans 1 days: 2025-10-10
[2025-10-10 14:12:07] [INFO] Distributing 24 units across 1 days
[2025-10-10 14:12:07] [INFO] Distribution for 24 units: 24
[2025-10-10 14:12:07] [INFO] Item SCMWN0019742 distribution: 24
[2025-10-10 14:12:07] [INFO] Starting bill generation with volume limits
[2025-10-10 14:12:07] [INFO] Getting category limits for company 1
[2025-10-10 14:12:07] [INFO] Category limits: {"IMFL":1000,"BEER":0,"CL":0}
[2025-10-10 14:12:07] [INFO] Category Limits - IMFL: 1000, BEER: 0, CL: 0
[2025-10-10 14:12:07] [INFO] Getting next bill number
[2025-10-10 14:12:07] [INFO] Next bill number: 7
[2025-10-10 14:12:07] [INFO] Processing date: 2025-10-10 (index: 0)
[2025-10-10 14:12:07] [INFO] Determining category for item SCMWN0019742, mode: F
[2025-10-10 14:12:07] [INFO] Item SCMWN0019742 - DETAILS2: 375 ML
[2025-10-10 14:12:07] [INFO] Item SCMWN0019742 categorized as IMFL (Foreign Liquor with ML size)
[2025-10-10 14:12:07] [INFO] Getting size for item SCMWN0019742, mode: F
[2025-10-10 14:12:07] [INFO] Item SCMWN0019742 - Size from DETAILS2: 375ml
[2025-10-10 14:12:07] [INFO] Date 2025-10-10 - Item SCMWN0019742: Qty=24, Size=375ml, Volume=9000ml, Category=IMFL
[2025-10-10 14:12:07] [INFO] Date 2025-10-10 - Categories with items: IMFL
[2025-10-10 14:12:07] [INFO] Processing category: IMFL with limit: 1000ml
[2025-10-10 14:12:07] [INFO] Items in category: 1
[2025-10-10 14:12:07] [INFO] Sorted items by volume (descending) for category IMFL:
[2025-10-10 14:12:07] [INFO]   - SCMWN0019742: 9000ml
[2025-10-10 14:12:07] [INFO] Added SCMWN0019742 (9000ml) to bill. Current volume: 9000ml
[2025-10-10 14:12:07] [INFO] Category IMFL - Final bill 1: Volume=9000ml, Items=1
[2025-10-10 14:12:07] [INFO] Created 1 bills for category IMFL
[2025-10-10 14:12:07] [INFO] Created bill BL7 for date 2025-10-10 with 1 items, total amount: 24000
[2025-10-10 14:12:07] [INFO] Total bills created: 1
[2025-10-10 14:12:07] [INFO] Generated 1 bills with volume limits
[2025-10-10 14:12:07] [INFO] Saved 1 bills for later posting. Date range: 2025-10-10 to 2025-10-10. Total Amount: ₹24,000.00
[2025-10-10 14:12:11] [INFO] === PAGE ACCESS ===
[2025-10-10 14:12:11] [INFO] Request method: GET
[2025-10-10 14:12:11] [INFO] Search term: 'SCMWN0019742'
[2025-10-10 14:12:11] [INFO] Current session ID: ed5kmscrao8hkk2i6eqcvveuhd
[2025-10-10 14:12:11] [INFO] Final session quantities count: 0
[2025-10-10 14:12:11] [INFO] Items in current view: 1
[2025-10-10 14:12:11] [INFO] Sales Page Load Debug Info:
Array
(
    [total_items] => 1
    [current_page] => 1
    [total_pages] => 1
    [session_quantities_count] => 0
    [post_quantities_count] => 0
    [date_range] => 2025-10-10 to 2025-10-10
    [days_count] => 1
    [user_id] => 1
    [comp_id] => 1
    [license_type] => FLBR-II
    [allowed_classes] => Array
        (
            [0] => V
            [1] => F
            [2] => O
            [3] => O
            [4] => O
            [5] => M
        )

)

[2025-10-10 14:12:15] [INFO] === PAGE ACCESS ===
[2025-10-10 14:12:15] [INFO] Request method: GET
[2025-10-10 14:12:15] [INFO] Search term: 'SCMWN0019742'
[2025-10-10 14:12:15] [INFO] Current session ID: ed5kmscrao8hkk2i6eqcvveuhd
[2025-10-10 14:12:15] [INFO] Final session quantities count: 0
[2025-10-10 14:12:15] [INFO] Items in current view: 1
[2025-10-10 14:12:15] [INFO] Sales Page Load Debug Info:
Array
(
    [total_items] => 1
    [current_page] => 1
    [total_pages] => 1
    [session_quantities_count] => 0
    [post_quantities_count] => 0
    [date_range] => 2025-10-10 to 2025-10-10
    [days_count] => 1
    [user_id] => 1
    [comp_id] => 1
    [license_type] => FLBR-II
    [allowed_classes] => Array
        (
            [0] => V
            [1] => F
            [2] => O
            [3] => O
            [4] => O
            [5] => M
        )

)

[2025-10-10 14:13:12] [INFO] === PAGE ACCESS ===
[2025-10-10 14:13:12] [INFO] Request method: GET
[2025-10-10 14:13:12] [INFO] Search term: ''
[2025-10-10 14:13:12] [INFO] Current session ID: ed5kmscrao8hkk2i6eqcvveuhd
[2025-10-10 14:13:12] [INFO] Final session quantities count: 0
[2025-10-10 14:13:12] [INFO] Items in current view: 50
[2025-10-10 14:13:12] [INFO] Sales Page Load Debug Info:
Array
(
    [total_items] => 821
    [current_page] => 1
    [total_pages] => 17
    [session_quantities_count] => 0
    [post_quantities_count] => 0
    [date_range] => 2025-10-10 to 2025-10-10
    [days_count] => 1
    [user_id] => 1
    [comp_id] => 1
    [license_type] => FLBR-II
    [allowed_classes] => Array
        (
            [0] => V
            [1] => F
            [2] => O
            [3] => O
            [4] => O
            [5] => M
        )

)

[2025-10-10 14:13:22] [INFO] Session quantity updated: SCMWN0020397 = 200
[2025-10-10 14:13:23] [INFO] Session quantity updated: SCMWN0020397 = 200
[2025-10-10 14:13:23] [INFO] Session quantity updated: SCMWN0020397 = 199
[2025-10-10 14:13:23] [INFO] Session quantity updated: SCMWN0020397 = 199
[2025-10-10 14:13:25] [INFO] Session quantity updated: SCMWN0020397 = 20
[2025-10-10 14:13:25] [INFO] Session quantity updated: SCMWN0020397 = 20
[2025-10-10 14:13:26] [INFO] Session quantity updated: SCMWN0020397 = 20
[2025-10-10 14:13:31] [INFO] === PAGE ACCESS ===
[2025-10-10 14:13:31] [INFO] Request method: POST
[2025-10-10 14:13:32] [INFO] Search term: ''
[2025-10-10 14:13:32] [INFO] Current session ID: ed5kmscrao8hkk2i6eqcvveuhd
[2025-10-10 14:13:32] [INFO] Getting next bill number
[2025-10-10 14:13:32] [INFO] Next bill number: 19
[2025-10-10 14:13:32] [INFO] Daily stock updated successfully for item SCMWN0020397 on 2025-10-10 in table tbldailystock_1: Sales=2, Closing=198
[2025-10-10 14:13:32] [INFO] Daily stock updated successfully for item SCMWN0020397 on 2025-10-10 in table tbldailystock_1: Sales=4, Closing=196
[2025-10-10 14:13:32] [INFO] Daily stock updated successfully for item SCMWN0020397 on 2025-10-10 in table tbldailystock_1: Sales=6, Closing=194
[2025-10-10 14:13:32] [INFO] Daily stock updated successfully for item SCMWN0020397 on 2025-10-10 in table tbldailystock_1: Sales=8, Closing=192
[2025-10-10 14:13:32] [INFO] Daily stock updated successfully for item SCMWN0020397 on 2025-10-10 in table tbldailystock_1: Sales=10, Closing=190
[2025-10-10 14:13:32] [INFO] Daily stock updated successfully for item SCMWN0020397 on 2025-10-10 in table tbldailystock_1: Sales=12, Closing=188
[2025-10-10 14:13:32] [INFO] Daily stock updated successfully for item SCMWN0020397 on 2025-10-10 in table tbldailystock_1: Sales=14, Closing=186
[2025-10-10 14:13:32] [INFO] Daily stock updated successfully for item SCMWN0020397 on 2025-10-10 in table tbldailystock_1: Sales=16, Closing=184
[2025-10-10 14:13:32] [INFO] Daily stock updated successfully for item SCMWN0020397 on 2025-10-10 in table tbldailystock_1: Sales=18, Closing=182
[2025-10-10 14:13:33] [INFO] Daily stock updated successfully for item SCMWN0020397 on 2025-10-10 in table tbldailystock_1: Sales=20, Closing=180
[2025-10-10 14:13:33] [INFO] Session quantities cleared
[2025-10-10 14:13:38] [INFO] === PAGE ACCESS ===
[2025-10-10 14:13:38] [INFO] Request method: GET
[2025-10-10 14:13:38] [INFO] Search term: ''
[2025-10-10 14:13:38] [INFO] Current session ID: ed5kmscrao8hkk2i6eqcvveuhd
[2025-10-10 14:13:38] [INFO] Final session quantities count: 0
[2025-10-10 14:13:38] [INFO] Items in current view: 50
[2025-10-10 14:13:38] [INFO] Sales Page Load Debug Info:
Array
(
    [total_items] => 821
    [current_page] => 1
    [total_pages] => 17
    [session_quantities_count] => 0
    [post_quantities_count] => 0
    [date_range] => 2025-10-10 to 2025-10-10
    [days_count] => 1
    [user_id] => 1
    [comp_id] => 1
    [license_type] => FLBR-II
    [allowed_classes] => Array
        (
            [0] => V
            [1] => F
            [2] => O
            [3] => O
            [4] => O
            [5] => M
        )

)

[2025-10-10 14:13:41] [INFO] Session quantity updated: SCMWN0020397 = 20
[2025-10-10 14:13:41] [INFO] Session quantity updated: SCMWN0020397 = 20
[2025-10-10 14:13:42] [INFO] Session quantity updated: SCMWN0020397 = 20
[2025-10-10 14:13:44] [INFO] Saving pending sales for user 1, company 1
[2025-10-10 14:13:44] [INFO] Items to save:
Array
(
    [SCMWN0020397] => 20
)

[2025-10-10 14:13:44] [INFO] Date range spans 1 days: 2025-10-10
[2025-10-10 14:13:44] [INFO] Distributing 20 units across 1 days
[2025-10-10 14:13:44] [INFO] Distribution for 20 units: 20
[2025-10-10 14:13:44] [INFO] Item SCMWN0020397 distribution: 20
[2025-10-10 14:13:44] [INFO] Starting bill generation with volume limits
[2025-10-10 14:13:44] [INFO] Getting category limits for company 1
[2025-10-10 14:13:44] [INFO] Category limits: {"IMFL":1000,"BEER":0,"CL":0}
[2025-10-10 14:13:44] [INFO] Category Limits - IMFL: 1000, BEER: 0, CL: 0
[2025-10-10 14:13:44] [INFO] Getting next bill number
[2025-10-10 14:13:44] [INFO] Next bill number: 29
[2025-10-10 14:13:44] [INFO] Processing date: 2025-10-10 (index: 0)
[2025-10-10 14:13:44] [INFO] Determining category for item SCMWN0020397, mode: F
[2025-10-10 14:13:44] [INFO] Item SCMWN0020397 - DETAILS2: 375 ML
[2025-10-10 14:13:44] [INFO] Item SCMWN0020397 categorized as IMFL (Foreign Liquor with ML size)
[2025-10-10 14:13:44] [INFO] Getting size for item SCMWN0020397, mode: F
[2025-10-10 14:13:44] [INFO] Item SCMWN0020397 - Size from DETAILS2: 375ml
[2025-10-10 14:13:44] [INFO] Date 2025-10-10 - Item SCMWN0020397: Qty=20, Size=375ml, Volume=7500ml, Category=IMFL
[2025-10-10 14:13:44] [INFO] Date 2025-10-10 - Categories with items: IMFL
[2025-10-10 14:13:44] [INFO] Processing category: IMFL with limit: 1000ml
[2025-10-10 14:13:44] [INFO] Items in category: 1
[2025-10-10 14:13:44] [INFO] Sorted items by volume (descending) for category IMFL:
[2025-10-10 14:13:44] [INFO]   - SCMWN0020397: 7500ml
[2025-10-10 14:13:44] [INFO] Added SCMWN0020397 (7500ml) to bill. Current volume: 7500ml
[2025-10-10 14:13:44] [INFO] Category IMFL - Final bill 1: Volume=7500ml, Items=1
[2025-10-10 14:13:44] [INFO] Created 1 bills for category IMFL
[2025-10-10 14:13:44] [INFO] Created bill BL29 for date 2025-10-10 with 1 items, total amount: 2200
[2025-10-10 14:13:44] [INFO] Total bills created: 1
[2025-10-10 14:13:44] [INFO] Generated 1 bills with volume limits
[2025-10-10 14:13:44] [INFO] Saved 1 bills for later posting. Date range: 2025-10-10 to 2025-10-10. Total Amount: ₹2,200.00
[2025-10-10 14:13:45] [INFO] === PAGE ACCESS ===
[2025-10-10 14:13:45] [INFO] Request method: GET
[2025-10-10 14:13:45] [INFO] Search term: ''
[2025-10-10 14:13:45] [INFO] Current session ID: ed5kmscrao8hkk2i6eqcvveuhd
[2025-10-10 14:13:45] [INFO] Final session quantities count: 0
[2025-10-10 14:13:45] [INFO] Items in current view: 50
[2025-10-10 14:13:45] [INFO] Sales Page Load Debug Info:
Array
(
    [total_items] => 821
    [current_page] => 1
    [total_pages] => 17
    [session_quantities_count] => 0
    [post_quantities_count] => 0
    [date_range] => 2025-10-10 to 2025-10-10
    [days_count] => 1
    [user_id] => 1
    [comp_id] => 1
    [license_type] => FLBR-II
    [allowed_classes] => Array
        (
            [0] => V
            [1] => F
            [2] => O
            [3] => O
            [4] => O
            [5] => M
        )

)

[2025-10-10 14:55:31] [INFO] === PAGE ACCESS ===
[2025-10-10 14:55:31] [INFO] Request method: GET
[2025-10-10 14:55:31] [INFO] Search term: ''
[2025-10-10 14:55:31] [INFO] Current session ID: jtjmr7d26ce4au8ugeu9qrg8tv
[2025-10-10 14:55:31] [INFO] Final session quantities count: 0
[2025-10-10 14:55:31] [INFO] Items in current view: 50
[2025-10-10 14:55:31] [INFO] Sales Page Load Debug Info:
Array
(
    [total_items] => 821
    [current_page] => 1
    [total_pages] => 17
    [session_quantities_count] => 0
    [post_quantities_count] => 0
    [date_range] => 2025-10-10 to 2025-10-10
    [days_count] => 1
    [user_id] => 1
    [comp_id] => 1
    [license_type] => FLBR-II
    [allowed_classes] => Array
        (
            [0] => V
            [1] => F
            [2] => O
            [3] => O
            [4] => O
            [5] => M
        )

)

[2025-10-10 14:55:34] [INFO] Session quantity updated: SCMWN0020397 = 0
[2025-10-10 14:55:34] [INFO] Session quantity updated: SCMWN0020397 = 0
[2025-10-10 14:55:36] [INFO] Session quantity updated: SCMWN0020397 = 1
[2025-10-10 14:55:36] [INFO] Session quantity updated: SCMWN0020397 = 1
[2025-10-10 14:55:39] [INFO] Session quantity updated: SCMWN0020397 = 1
[2025-10-10 14:55:39] [INFO] === PAGE ACCESS ===
[2025-10-10 14:55:39] [INFO] Request method: POST
[2025-10-10 14:55:39] [INFO] Search term: ''
[2025-10-10 14:55:39] [INFO] Current session ID: jtjmr7d26ce4au8ugeu9qrg8tv
[2025-10-10 14:55:39] [INFO] Session quantities updated from POST: 1 items
[2025-10-10 14:55:39] [INFO] Getting next bill number
[2025-10-10 14:55:39] [INFO] Next bill number: 1
[2025-10-10 14:55:39] [INFO] Daily stock updated successfully for item SCMWN0020397 on 2025-10-10 in table tbldailystock_1: Sales=1, Closing=199
[2025-10-10 14:55:39] [INFO] Session quantities cleared
[2025-10-10 14:56:06] [INFO] === PAGE ACCESS ===
[2025-10-10 14:56:06] [INFO] Request method: GET
[2025-10-10 14:56:06] [INFO] Search term: ''
[2025-10-10 14:56:06] [INFO] Current session ID: jtjmr7d26ce4au8ugeu9qrg8tv
[2025-10-10 14:56:06] [INFO] Final session quantities count: 0
[2025-10-10 14:56:06] [INFO] Items in current view: 50
[2025-10-10 14:56:06] [INFO] Sales Page Load Debug Info:
Array
(
    [total_items] => 821
    [current_page] => 1
    [total_pages] => 17
    [session_quantities_count] => 0
    [post_quantities_count] => 0
    [date_range] => 2025-10-10 to 2025-10-10
    [days_count] => 1
    [user_id] => 1
    [comp_id] => 1
    [license_type] => FLBR-II
    [allowed_classes] => Array
        (
            [0] => V
            [1] => F
            [2] => O
            [3] => O
            [4] => O
            [5] => M
        )

)

[2025-10-10 14:56:12] [INFO] Session quantity updated: SCMWN0020397 = 0
[2025-10-10 14:56:12] [INFO] Session quantity updated: SCMWN0020397 = 180
[2025-10-10 14:56:12] [INFO] Session quantity updated: SCMWN0020397 = 180
[2025-10-10 14:56:13] [INFO] Session quantity updated: SCMWN0020397 = 1
[2025-10-10 14:56:13] [INFO] Session quantity updated: SCMWN0020397 = 1
[2025-10-10 14:56:14] [INFO] Session quantity updated: SCMWN0020397 = 1
[2025-10-10 14:56:16] [INFO] === PAGE ACCESS ===
[2025-10-10 14:56:16] [INFO] Request method: POST
[2025-10-10 14:56:16] [INFO] Search term: ''
[2025-10-10 14:56:16] [INFO] Current session ID: jtjmr7d26ce4au8ugeu9qrg8tv
[2025-10-10 14:56:16] [INFO] Getting next bill number
[2025-10-10 14:56:16] [INFO] Next bill number: 2
[2025-10-10 14:56:16] [INFO] Daily stock updated successfully for item SCMWN0020397 on 2025-10-10 in table tbldailystock_1: Sales=2, Closing=198
[2025-10-10 14:56:16] [INFO] Session quantities cleared
[2025-10-10 14:56:40] [INFO] === PAGE ACCESS ===
[2025-10-10 14:56:40] [INFO] Request method: GET
[2025-10-10 14:56:40] [INFO] Search term: ''
[2025-10-10 14:56:40] [INFO] Current session ID: jtjmr7d26ce4au8ugeu9qrg8tv
[2025-10-10 14:56:40] [INFO] Final session quantities count: 0
[2025-10-10 14:56:40] [INFO] Items in current view: 50
[2025-10-10 14:56:40] [INFO] Sales Page Load Debug Info:
Array
(
    [total_items] => 821
    [current_page] => 1
    [total_pages] => 17
    [session_quantities_count] => 0
    [post_quantities_count] => 0
    [date_range] => 2025-10-10 to 2025-10-10
    [days_count] => 1
    [user_id] => 1
    [comp_id] => 1
    [license_type] => FLBR-II
    [allowed_classes] => Array
        (
            [0] => V
            [1] => F
            [2] => O
            [3] => O
            [4] => O
            [5] => M
        )

)

[2025-10-10 14:56:43] [INFO] Session quantity updated: SCMWN0020397 = 0
[2025-10-10 14:56:43] [INFO] Session quantity updated: SCMWN0020397 = 0
[2025-10-10 14:56:43] [INFO] Session quantity updated: SCMWN0020397 = 1
[2025-10-10 14:56:44] [INFO] Session quantity updated: SCMWN0020397 = 1
[2025-10-10 14:56:45] [INFO] Session quantity updated: SCMWN0020397 = 1
[2025-10-10 14:56:46] [INFO] Saving pending sales for user 1, company 1
[2025-10-10 14:56:46] [INFO] Items to save:
Array
(
    [SCMWN0020397] => 1
)

[2025-10-10 14:56:46] [INFO] Date range spans 1 days: 2025-10-10
[2025-10-10 14:56:46] [INFO] Distributing 1 units across 1 days
[2025-10-10 14:56:46] [INFO] Distribution for 1 units: 1
[2025-10-10 14:56:46] [INFO] Item SCMWN0020397 distribution: 1
[2025-10-10 14:56:46] [INFO] Starting bill generation with volume limits
[2025-10-10 14:56:46] [INFO] Getting category limits for company 1
[2025-10-10 14:56:46] [INFO] Category limits: {"IMFL":1000,"BEER":0,"CL":0}
[2025-10-10 14:56:46] [INFO] Category Limits - IMFL: 1000, BEER: 0, CL: 0
[2025-10-10 14:56:46] [INFO] Getting next bill number
[2025-10-10 14:56:46] [INFO] Next bill number: 3
[2025-10-10 14:56:46] [INFO] Processing date: 2025-10-10 (index: 0)
[2025-10-10 14:56:46] [INFO] Determining category for item SCMWN0020397, mode: F
[2025-10-10 14:56:46] [INFO] Item SCMWN0020397 - DETAILS2: 375 ML
[2025-10-10 14:56:46] [INFO] Item SCMWN0020397 categorized as IMFL (Foreign Liquor with ML size)
[2025-10-10 14:56:46] [INFO] Getting size for item SCMWN0020397, mode: F
[2025-10-10 14:56:46] [INFO] Item SCMWN0020397 - Size from DETAILS2: 375ml
[2025-10-10 14:56:46] [INFO] Date 2025-10-10 - Item SCMWN0020397: Qty=1, Size=375ml, Volume=375ml, Category=IMFL
[2025-10-10 14:56:46] [INFO] Date 2025-10-10 - Categories with items: IMFL
[2025-10-10 14:56:46] [INFO] Processing category: IMFL with limit: 1000ml
[2025-10-10 14:56:46] [INFO] Items in category: 1
[2025-10-10 14:56:46] [INFO] Sorted items by volume (descending) for category IMFL:
[2025-10-10 14:56:46] [INFO]   - SCMWN0020397: 375ml
[2025-10-10 14:56:46] [INFO] Added SCMWN0020397 (375ml) to bill. Current volume: 375ml
[2025-10-10 14:56:46] [INFO] Category IMFL - Final bill 1: Volume=375ml, Items=1
[2025-10-10 14:56:46] [INFO] Created 1 bills for category IMFL
[2025-10-10 14:56:46] [INFO] Created bill BL3 for date 2025-10-10 with 1 items, total amount: 110
[2025-10-10 14:56:46] [INFO] Total bills created: 1
[2025-10-10 14:56:46] [INFO] Generated 1 bills with volume limits
[2025-10-10 14:56:46] [INFO] Saved 1 bills for later posting. Date range: 2025-10-10 to 2025-10-10. Total Amount: ₹110.00
[2025-10-10 14:56:48] [INFO] === PAGE ACCESS ===
[2025-10-10 14:56:48] [INFO] Request method: GET
[2025-10-10 14:56:48] [INFO] Search term: ''
[2025-10-10 14:56:48] [INFO] Current session ID: jtjmr7d26ce4au8ugeu9qrg8tv
[2025-10-10 14:56:48] [INFO] Final session quantities count: 0
[2025-10-10 14:56:48] [INFO] Items in current view: 50
[2025-10-10 14:56:48] [INFO] Sales Page Load Debug Info:
Array
(
    [total_items] => 821
    [current_page] => 1
    [total_pages] => 17
    [session_quantities_count] => 0
    [post_quantities_count] => 0
    [date_range] => 2025-10-10 to 2025-10-10
    [days_count] => 1
    [user_id] => 1
    [comp_id] => 1
    [license_type] => FLBR-II
    [allowed_classes] => Array
        (
            [0] => V
            [1] => F
            [2] => O
            [3] => O
            [4] => O
            [5] => M
        )

)

