[2026-02-12 12:39:34] [INFO] === PAGE ACCESS ===
[2026-02-12 12:39:34] [INFO] Request method: GET
[2026-02-12 12:39:34] [INFO] Search term: ''
[2026-02-12 12:39:34] [INFO] Current session ID: 1aido1m5d03p3mtedlq7k2cnq9
[2026-02-12 12:39:34] [INFO] Final session quantities count: 0
[2026-02-12 12:39:34] [INFO] Items in current view: 50
[2026-02-12 12:39:34] [INFO] Sales Page Load Debug Info:
Array
(
    [total_items] => 108
    [current_page] => 1
    [total_pages] => 3
    [session_quantities_count] => 0
    [post_quantities_count] => 0
    [date_range] => 2026-02-12 to 2026-02-12
    [days_count] => 1
    [user_id] => 1
    [comp_id] => 1
    [license_type] => FL-II
    [allowed_classes] => Array
        (
            [0] => W
            [1] => V
            [2] => M
            [3] => F
            [4] => D
            [5] => K
            [6] => G
            [7] => R
            [8] => O
        )

    [end_date_day] => 12
    [closing_column] => DAY_12_CLOSING
    [end_date_month] => 2026-02
    [stock_filter] => > 0
    [daily_stock_table] => tbldailystock_1
    [table_suffix] => 
    [current_month] => 2026-02
)

